DefaultSource	Warning	1	2017/06/16 14:21:43.662	スタートプロセス起動
DefaultSource	Critical	3	2017/06/16 14:21:52.008	'1' の InvalidArgument=Value は 'index' に対して有効ではありません。
パラメータ名: index	   場所 System.Windows.Forms.ListView.ListViewItemCollection.get_Item(Int32 index)
   場所 StartProc2.MainForm.StartProc()
DefaultSource	Warning	1	2017/06/16 14:21:54.145	スタートプロセス終了
DefaultSource	Warning	1	2017/06/16 14:23:05.147	スタートプロセス起動
DefaultSource	Warning	1	2017/06/16 14:23:29.171	プロセス監視 異常発生: ProcessID=[34] Process=[ModComProc] Param=[] DataYMD=[] StatusFlg=[0]
DefaultSource	Warning	1	2017/06/16 14:23:29.187	プロセス監視 異常復旧: ProcessID=[40] Process=[PCSCntlSchedule] Param=[] DataYMD=[2017/06/16 14:23:17] StatusFlg=[0]
DefaultSource	Warning	1	2017/06/16 14:23:29.187	プロセス監視 異常復旧: ProcessID=[41] Process=[PcsPowCtrl] Param=[] DataYMD=[2017/06/16 14:23:22] StatusFlg=[0]
DefaultSource	Warning	1	2017/06/16 14:24:20.730	スタートプロセス終了
DefaultSource	Warning	1	2017/06/16 14:27:23.257	スタートプロセス起動
DefaultSource	Warning	1	2017/06/16 14:27:47.374	プロセス監視 異常発生: ProcessID=[33] Process=[ModComProc] Param=[] DataYMD=[] StatusFlg=[0]
DefaultSource	Warning	1	2017/06/16 14:27:47.390	プロセス監視 異常復旧: ProcessID=[34] Process=[ModTimeManager] Param=[] DataYMD=[2017/06/16 14:27:30] StatusFlg=[0]
DefaultSource	Warning	1	2017/06/16 14:29:22.503	プロセス強制終了: Process=[ModComProc] Param=[] DataYMD=[] StatusFlg=[0]
DefaultSource	Warning	1	2017/06/16 14:30:47.835	プロセス監視 異常復旧: ProcessID=[33] Process=[ModComProc] Param=[] DataYMD=[2017/06/16 14:29:50] StatusFlg=[0]
DefaultSource	Warning	1	2017/06/16 14:31:21.079	プロセス強制終了: Process=[ModComProc] Param=[] DataYMD=[2017/06/16 14:29:50] StatusFlg=[0]
DefaultSource	Warning	1	2017/06/16 14:32:04.010	スタートプロセス終了
DefaultSource	Warning	1	2017/06/16 14:32:12.512	スタートプロセス起動
DefaultSource	Critical	3	2017/06/16 14:32:20.857	'1' の InvalidArgument=Value は 'index' に対して有効ではありません。
パラメータ名: index	   場所 System.Windows.Forms.ListView.ListViewItemCollection.get_Item(Int32 index)
   場所 StartProc2.MainForm.StartProc()
DefaultSource	Warning	1	2017/06/16 14:32:22.916	スタートプロセス終了
DefaultSource	Warning	1	2017/06/16 14:32:40.310	スタートプロセス起動
DefaultSource	Warning	1	2017/06/16 14:35:56.746	スタートプロセス終了
