DefaultSource	Warning	1	2017/06/22 00:10:11.907	プロセス監視 異常発生: ProcessID=[28] Process=[ModComProc] Param=[] DataYMD=[2017/06/21 23:55:09] StatusFlg=[0]
DefaultSource	Warning	1	2017/06/22 00:12:12.277	プロセス監視 異常復旧: ProcessID=[28] Process=[ModComProc] Param=[] DataYMD=[2017/06/22 0:11:34] StatusFlg=[0]
DefaultSource	Warning	1	2017/06/22 00:32:12.543	プロセス監視 異常発生: ProcessID=[28] Process=[ModComProc] Param=[] DataYMD=[2017/06/22 0:17:10] StatusFlg=[0]
DefaultSource	Warning	1	2017/06/22 00:34:13.428	プロセス監視 異常復旧: ProcessID=[28] Process=[ModComProc] Param=[] DataYMD=[2017/06/22 0:33:35] StatusFlg=[0]
DefaultSource	Warning	1	2017/06/22 00:54:13.709	プロセス監視 異常発生: ProcessID=[28] Process=[ModComProc] Param=[] DataYMD=[2017/06/22 0:39:11] StatusFlg=[0]
DefaultSource	Warning	1	2017/06/22 00:56:14.594	プロセス監視 異常復旧: ProcessID=[28] Process=[ModComProc] Param=[] DataYMD=[2017/06/22 0:55:36] StatusFlg=[0]
DefaultSource	Warning	1	2017/06/22 01:16:14.860	プロセス監視 異常発生: ProcessID=[28] Process=[ModComProc] Param=[] DataYMD=[2017/06/22 1:01:12] StatusFlg=[0]
DefaultSource	Warning	1	2017/06/22 01:18:15.745	プロセス監視 異常復旧: ProcessID=[28] Process=[ModComProc] Param=[] DataYMD=[2017/06/22 1:17:37] StatusFlg=[0]
DefaultSource	Warning	1	2017/06/22 01:38:16.011	プロセス監視 異常発生: ProcessID=[28] Process=[ModComProc] Param=[] DataYMD=[2017/06/22 1:23:12] StatusFlg=[0]
DefaultSource	Warning	1	2017/06/22 01:40:16.895	プロセス監視 異常復旧: ProcessID=[28] Process=[ModComProc] Param=[] DataYMD=[2017/06/22 1:39:37] StatusFlg=[0]
DefaultSource	Warning	1	2017/06/22 02:00:17.177	プロセス監視 異常発生: ProcessID=[28] Process=[ModComProc] Param=[] DataYMD=[2017/06/22 1:45:13] StatusFlg=[0]
DefaultSource	Warning	1	2017/06/22 02:02:18.062	プロセス監視 異常復旧: ProcessID=[28] Process=[ModComProc] Param=[] DataYMD=[2017/06/22 2:02:18] StatusFlg=[0]
DefaultSource	Warning	1	2017/06/22 02:22:18.328	プロセス監視 異常発生: ProcessID=[28] Process=[ModComProc] Param=[] DataYMD=[2017/06/22 2:07:13] StatusFlg=[0]
DefaultSource	Warning	1	2017/06/22 02:23:18.794	プロセス監視 異常復旧: ProcessID=[28] Process=[ModComProc] Param=[] DataYMD=[2017/06/22 2:23:18] StatusFlg=[0]
DefaultSource	Warning	1	2017/06/22 02:43:19.075	プロセス監視 異常発生: ProcessID=[28] Process=[ModComProc] Param=[] DataYMD=[2017/06/22 2:28:15] StatusFlg=[0]
DefaultSource	Warning	1	2017/06/22 02:44:19.323	プロセス監視 異常復旧: ProcessID=[28] Process=[ModComProc] Param=[] DataYMD=[2017/06/22 2:44:19] StatusFlg=[0]
DefaultSource	Warning	1	2017/06/22 03:04:19.573	プロセス監視 異常発生: ProcessID=[28] Process=[ModComProc] Param=[] DataYMD=[2017/06/22 2:49:15] StatusFlg=[0]
DefaultSource	Warning	1	2017/06/22 03:05:19.961	プロセス監視 異常復旧: ProcessID=[28] Process=[ModComProc] Param=[] DataYMD=[2017/06/22 3:05:19] StatusFlg=[0]
DefaultSource	Warning	1	2017/06/22 03:25:20.243	プロセス監視 異常発生: ProcessID=[28] Process=[ModComProc] Param=[] DataYMD=[2017/06/22 3:10:16] StatusFlg=[0]
DefaultSource	Warning	1	2017/06/22 03:26:20.521	プロセス監視 異常復旧: ProcessID=[28] Process=[ModComProc] Param=[] DataYMD=[2017/06/22 3:26:20] StatusFlg=[0]
DefaultSource	Warning	1	2017/06/22 03:46:20.803	プロセス監視 異常発生: ProcessID=[28] Process=[ModComProc] Param=[] DataYMD=[2017/06/22 3:31:16] StatusFlg=[0]
DefaultSource	Warning	1	2017/06/22 03:47:21.190	プロセス監視 異常復旧: ProcessID=[28] Process=[ModComProc] Param=[] DataYMD=[2017/06/22 3:47:21] StatusFlg=[0]
DefaultSource	Warning	1	2017/06/22 04:07:21.503	プロセス監視 異常発生: ProcessID=[28] Process=[ModComProc] Param=[] DataYMD=[2017/06/22 3:52:17] StatusFlg=[0]
DefaultSource	Warning	1	2017/06/22 04:08:21.875	プロセス監視 異常復旧: ProcessID=[28] Process=[ModComProc] Param=[] DataYMD=[2017/06/22 4:08:21] StatusFlg=[0]
DefaultSource	Warning	1	2017/06/22 04:28:22.142	プロセス監視 異常発生: ProcessID=[28] Process=[ModComProc] Param=[] DataYMD=[2017/06/22 4:13:18] StatusFlg=[0]
DefaultSource	Warning	1	2017/06/22 04:29:22.404	プロセス監視 異常復旧: ProcessID=[28] Process=[ModComProc] Param=[] DataYMD=[2017/06/22 4:29:22] StatusFlg=[0]
DefaultSource	Warning	1	2017/06/22 04:49:22.733	プロセス監視 異常発生: ProcessID=[28] Process=[ModComProc] Param=[] DataYMD=[2017/06/22 4:34:18] StatusFlg=[0]
DefaultSource	Warning	1	2017/06/22 04:50:23.027	プロセス監視 異常復旧: ProcessID=[28] Process=[ModComProc] Param=[] DataYMD=[2017/06/22 4:50:23] StatusFlg=[0]
DefaultSource	Warning	1	2017/06/22 05:10:23.293	プロセス監視 異常発生: ProcessID=[28] Process=[ModComProc] Param=[] DataYMD=[2017/06/22 4:55:19] StatusFlg=[0]
DefaultSource	Warning	1	2017/06/22 05:11:23.634	プロセス監視 異常復旧: ProcessID=[28] Process=[ModComProc] Param=[] DataYMD=[2017/06/22 5:11:23] StatusFlg=[0]
DefaultSource	Warning	1	2017/06/22 05:31:23.916	プロセス監視 異常発生: ProcessID=[28] Process=[ModComProc] Param=[] DataYMD=[2017/06/22 5:16:20] StatusFlg=[0]
DefaultSource	Warning	1	2017/06/22 05:32:24.257	プロセス監視 異常復旧: ProcessID=[28] Process=[ModComProc] Param=[] DataYMD=[2017/06/22 5:32:24] StatusFlg=[0]
DefaultSource	Warning	1	2017/06/22 05:52:24.523	プロセス監視 異常発生: ProcessID=[28] Process=[ModComProc] Param=[] DataYMD=[2017/06/22 5:37:20] StatusFlg=[0]
DefaultSource	Warning	1	2017/06/22 05:53:24.801	プロセス監視 異常復旧: ProcessID=[28] Process=[ModComProc] Param=[] DataYMD=[2017/06/22 5:53:24] StatusFlg=[0]
DefaultSource	Warning	1	2017/06/22 06:13:25.067	プロセス監視 異常発生: ProcessID=[28] Process=[ModComProc] Param=[] DataYMD=[2017/06/22 5:58:21] StatusFlg=[0]
DefaultSource	Warning	1	2017/06/22 06:14:25.440	プロセス監視 異常復旧: ProcessID=[28] Process=[ModComProc] Param=[] DataYMD=[2017/06/22 6:14:25] StatusFlg=[0]
DefaultSource	Warning	1	2017/06/22 06:34:25.706	プロセス監視 異常発生: ProcessID=[28] Process=[ModComProc] Param=[] DataYMD=[2017/06/22 6:19:21] StatusFlg=[0]
DefaultSource	Warning	1	2017/06/22 06:35:26.047	プロセス監視 異常復旧: ProcessID=[28] Process=[ModComProc] Param=[] DataYMD=[2017/06/22 6:35:26] StatusFlg=[0]
DefaultSource	Warning	1	2017/06/22 06:55:26.313	プロセス監視 異常発生: ProcessID=[28] Process=[ModComProc] Param=[] DataYMD=[2017/06/22 6:40:22] StatusFlg=[0]
DefaultSource	Warning	1	2017/06/22 06:56:26.654	プロセス監視 異常復旧: ProcessID=[28] Process=[ModComProc] Param=[] DataYMD=[2017/06/22 6:56:26] StatusFlg=[0]
DefaultSource	Warning	1	2017/06/22 07:16:26.966	プロセス監視 異常発生: ProcessID=[28] Process=[ModComProc] Param=[] DataYMD=[2017/06/22 7:01:23] StatusFlg=[0]
DefaultSource	Warning	1	2017/06/22 07:17:27.261	プロセス監視 異常復旧: ProcessID=[28] Process=[ModComProc] Param=[] DataYMD=[2017/06/22 7:17:27] StatusFlg=[0]
DefaultSource	Warning	1	2017/06/22 07:37:27.542	プロセス監視 異常発生: ProcessID=[28] Process=[ModComProc] Param=[] DataYMD=[2017/06/22 7:22:23] StatusFlg=[0]
DefaultSource	Warning	1	2017/06/22 07:38:27.992	プロセス監視 異常復旧: ProcessID=[28] Process=[ModComProc] Param=[] DataYMD=[2017/06/22 7:38:27] StatusFlg=[0]
DefaultSource	Warning	1	2017/06/22 07:58:28.259	プロセス監視 異常発生: ProcessID=[28] Process=[ModComProc] Param=[] DataYMD=[2017/06/22 7:43:24] StatusFlg=[0]
DefaultSource	Warning	1	2017/06/22 07:59:28.553	プロセス監視 異常復旧: ProcessID=[28] Process=[ModComProc] Param=[] DataYMD=[2017/06/22 7:59:28] StatusFlg=[0]
DefaultSource	Warning	1	2017/06/22 08:19:28.834	プロセス監視 異常発生: ProcessID=[28] Process=[ModComProc] Param=[] DataYMD=[2017/06/22 8:04:25] StatusFlg=[0]
DefaultSource	Warning	1	2017/06/22 08:20:29.160	プロセス監視 異常復旧: ProcessID=[28] Process=[ModComProc] Param=[] DataYMD=[2017/06/22 8:20:29] StatusFlg=[0]
DefaultSource	Warning	1	2017/06/22 08:40:29.426	プロセス監視 異常発生: ProcessID=[28] Process=[ModComProc] Param=[] DataYMD=[2017/06/22 8:25:25] StatusFlg=[0]
DefaultSource	Warning	1	2017/06/22 08:41:29.782	プロセス監視 異常復旧: ProcessID=[28] Process=[ModComProc] Param=[] DataYMD=[2017/06/22 8:41:29] StatusFlg=[0]
DefaultSource	Warning	1	2017/06/22 09:01:30.048	プロセス監視 異常発生: ProcessID=[28] Process=[ModComProc] Param=[] DataYMD=[2017/06/22 8:46:26] StatusFlg=[0]
DefaultSource	Warning	1	2017/06/22 09:03:30.493	プロセス監視 異常復旧: ProcessID=[28] Process=[ModComProc] Param=[] DataYMD=[2017/06/22 9:03:30] StatusFlg=[0]
DefaultSource	Warning	1	2017/06/22 09:17:52.168	スタートプロセス終了
DefaultSource	Warning	1	2017/06/22 09:19:20.950	スタートプロセス起動
DefaultSource	Warning	1	2017/06/22 09:33:38.687	プロセス監視 異常発生: ProcessID=[11] Process=[PCSComProc] Param=[1] DataYMD=[2017/06/22 9:17:45] StatusFlg=[0]
DefaultSource	Warning	1	2017/06/22 09:34:29.605	スタートプロセス終了
DefaultSource	Warning	1	2017/06/22 09:34:40.431	スタートプロセス起動
DefaultSource	Warning	1	2017/06/22 09:39:14.009	プロセス監視 異常復旧: ProcessID=[11] Process=[PCSComProc] Param=[1] DataYMD=[2017/06/22 9:38:16] StatusFlg=[0]
DefaultSource	Warning	1	2017/06/22 09:50:39.318	スタートプロセス終了
DefaultSource	Warning	1	2017/06/22 10:00:19.089	スタートプロセス起動
DefaultSource	Warning	1	2017/06/22 10:02:36.837	プロセス監視 異常発生: ProcessID=[11] Process=[PCSComProc] Param=[1] DataYMD=[2017/06/22 9:39:16] StatusFlg=[0]
DefaultSource	Warning	1	2017/06/22 10:04:06.617	スタートプロセス終了
DefaultSource	Warning	1	2017/06/22 10:24:11.055	スタートプロセス起動
DefaultSource	Critical	3	2017/06/22 10:26:08.741	'22' の InvalidArgument=Value は 'index' に対して有効ではありません。
パラメータ名: index	   場所 System.Windows.Forms.ListView.ListViewItemCollection.get_Item(Int32 index)
   場所 StartProc2.MainForm.StartProc()
DefaultSource	Warning	1	2017/06/22 10:26:10.793	スタートプロセス終了
DefaultSource	Warning	1	2017/06/22 10:33:55.791	スタートプロセス起動
DefaultSource	Warning	1	2017/06/22 10:36:08.246	プロセス監視 異常発生: ProcessID=[28] Process=[ModComProc] Param=[] DataYMD=[2017/06/22 10:04:04] StatusFlg=[0]
DefaultSource	Warning	1	2017/06/22 10:36:08.277	プロセス監視 異常発生: ProcessID=[35] Process=[PcsPowCtrl] Param=[] DataYMD=[2017/06/22 10:04:04] StatusFlg=[0]
DefaultSource	Warning	1	2017/06/22 10:36:08.293	プロセス監視 異常発生: ProcessID=[37] Process=[SGVComProc] Param=[] DataYMD=[2017/06/22 10:04:03] StatusFlg=[0]
DefaultSource	Warning	1	2017/06/22 10:37:43.492	プロセス強制終了: Process=[ModComProc] Param=[] DataYMD=[2017/06/22 10:04:04] StatusFlg=[0]
DefaultSource	Critical	3	2017/06/22 10:39:17.556	'20' の InvalidArgument=Value は 'index' に対して有効ではありません。
パラメータ名: index	   場所 System.Windows.Forms.ListView.ListViewItemCollection.get_Item(Int32 index)
   場所 StartProc2.MainForm.RestartProc()
   場所 StartProc2.MainForm._Lambda$__5()
DefaultSource	Warning	1	2017/06/22 10:39:17.556	スタートプロセス終了
DefaultSource	Warning	1	2017/06/22 10:40:05.455	スタートプロセス起動
DefaultSource	Warning	1	2017/06/22 10:42:18.477	プロセス監視 異常復旧: ProcessID=[28] Process=[ModComProc] Param=[] DataYMD=[2017/06/22 10:42:15] StatusFlg=[0]
DefaultSource	Warning	1	2017/06/22 10:42:18.508	プロセス監視 異常復旧: ProcessID=[35] Process=[PcsPowCtrl] Param=[] DataYMD=[2017/06/22 10:41:45] StatusFlg=[0]
DefaultSource	Warning	1	2017/06/22 10:42:18.523	プロセス監視 異常復旧: ProcessID=[37] Process=[SGVComProc] Param=[] DataYMD=[2017/06/22 10:42:14] StatusFlg=[0]
DefaultSource	Warning	1	2017/06/22 10:43:29.067	スタートプロセス終了
DefaultSource	Warning	1	2017/06/22 10:52:08.134	スタートプロセス起動
DefaultSource	Warning	1	2017/06/22 11:13:21.849	プロセス監視 異常発生: ProcessID=[28] Process=[ModComProc] Param=[] DataYMD=[2017/06/22 10:58:12] StatusFlg=[0]
DefaultSource	Warning	1	2017/06/22 11:15:21.938	プロセス監視 異常復旧: ProcessID=[28] Process=[ModComProc] Param=[] DataYMD=[2017/06/22 11:14:44] StatusFlg=[0]
DefaultSource	Warning	1	2017/06/22 11:33:02.936	スタートプロセス終了
DefaultSource	Warning	1	2017/06/22 11:33:17.221	スタートプロセス起動
DefaultSource	Warning	1	2017/06/22 11:36:48.399	スタートプロセス終了
DefaultSource	Warning	1	2017/06/22 11:39:38.892	スタートプロセス起動
DefaultSource	Warning	1	2017/06/22 11:44:26.555	スタートプロセス終了
DefaultSource	Warning	1	2017/06/22 13:06:02.656	スタートプロセス起動
DefaultSource	Warning	1	2017/06/22 13:08:30.622	プロセス監視 異常復旧: ProcessID=[11] Process=[PCSComProc] Param=[1] DataYMD=[2017/06/22 13:08:27] StatusFlg=[0]
DefaultSource	Warning	1	2017/06/22 13:08:30.637	プロセス監視 異常発生: ProcessID=[32] Process=[SubPlantDataProc] Param=[] DataYMD=[2017/06/22 11:44:03] StatusFlg=[0]
DefaultSource	Warning	1	2017/06/22 13:09:30.886	プロセス監視 異常復旧: ProcessID=[32] Process=[SubPlantDataProc] Param=[] DataYMD=[2017/06/22 13:08:32] StatusFlg=[0]
DefaultSource	Warning	1	2017/06/22 13:26:36.462	スタートプロセス終了
DefaultSource	Warning	1	2017/06/22 13:26:55.645	スタートプロセス起動
DefaultSource	Warning	1	2017/06/22 13:48:16.448	プロセス監視 異常発生: ProcessID=[28] Process=[ModComProc] Param=[] DataYMD=[2017/06/22 13:33:07] StatusFlg=[0]
DefaultSource	Warning	1	2017/06/22 13:50:16.584	プロセス監視 異常復旧: ProcessID=[28] Process=[ModComProc] Param=[] DataYMD=[2017/06/22 13:49:39] StatusFlg=[0]
DefaultSource	Warning	1	2017/06/22 14:10:16.858	プロセス監視 異常発生: ProcessID=[28] Process=[ModComProc] Param=[] DataYMD=[2017/06/22 13:55:15] StatusFlg=[0]
DefaultSource	Warning	1	2017/06/22 14:12:17.227	プロセス監視 異常復旧: ProcessID=[28] Process=[ModComProc] Param=[] DataYMD=[2017/06/22 14:11:39] StatusFlg=[0]
DefaultSource	Warning	1	2017/06/22 14:32:17.500	プロセス監視 異常発生: ProcessID=[28] Process=[ModComProc] Param=[] DataYMD=[2017/06/22 14:17:16] StatusFlg=[0]
DefaultSource	Warning	1	2017/06/22 14:34:17.870	プロセス監視 異常復旧: ProcessID=[28] Process=[ModComProc] Param=[] DataYMD=[2017/06/22 14:33:40] StatusFlg=[0]
DefaultSource	Warning	1	2017/06/22 14:54:18.136	プロセス監視 異常発生: ProcessID=[28] Process=[ModComProc] Param=[] DataYMD=[2017/06/22 14:39:16] StatusFlg=[0]
DefaultSource	Warning	1	2017/06/22 14:56:18.506	プロセス監視 異常復旧: ProcessID=[28] Process=[ModComProc] Param=[] DataYMD=[2017/06/22 14:55:41] StatusFlg=[0]
DefaultSource	Warning	1	2017/06/22 15:16:18.788	プロセス監視 異常発生: ProcessID=[28] Process=[ModComProc] Param=[] DataYMD=[2017/06/22 15:01:17] StatusFlg=[0]
DefaultSource	Warning	1	2017/06/22 15:18:19.158	プロセス監視 異常復旧: ProcessID=[28] Process=[ModComProc] Param=[] DataYMD=[2017/06/22 15:17:41] StatusFlg=[0]
DefaultSource	Warning	1	2017/06/22 15:38:19.424	プロセス監視 異常発生: ProcessID=[28] Process=[ModComProc] Param=[] DataYMD=[2017/06/22 15:23:17] StatusFlg=[0]
DefaultSource	Warning	1	2017/06/22 15:40:19.793	プロセス監視 異常復旧: ProcessID=[28] Process=[ModComProc] Param=[] DataYMD=[2017/06/22 15:39:42] StatusFlg=[0]
DefaultSource	Warning	1	2017/06/22 16:00:20.075	プロセス監視 異常発生: ProcessID=[28] Process=[ModComProc] Param=[] DataYMD=[2017/06/22 15:45:18] StatusFlg=[0]
DefaultSource	Warning	1	2017/06/22 16:02:20.445	プロセス監視 異常復旧: ProcessID=[28] Process=[ModComProc] Param=[] DataYMD=[2017/06/22 16:01:42] StatusFlg=[0]
DefaultSource	Warning	1	2017/06/22 16:22:20.711	プロセス監視 異常発生: ProcessID=[28] Process=[ModComProc] Param=[] DataYMD=[2017/06/22 16:07:19] StatusFlg=[0]
DefaultSource	Warning	1	2017/06/22 16:24:21.081	プロセス監視 異常復旧: ProcessID=[28] Process=[ModComProc] Param=[] DataYMD=[2017/06/22 16:23:43] StatusFlg=[0]
DefaultSource	Warning	1	2017/06/22 16:44:21.347	プロセス監視 異常発生: ProcessID=[28] Process=[ModComProc] Param=[] DataYMD=[2017/06/22 16:29:19] StatusFlg=[0]
DefaultSource	Warning	1	2017/06/22 16:46:21.717	プロセス監視 異常復旧: ProcessID=[28] Process=[ModComProc] Param=[] DataYMD=[2017/06/22 16:45:44] StatusFlg=[0]
DefaultSource	Warning	1	2017/06/22 17:06:21.999	プロセス監視 異常発生: ProcessID=[28] Process=[ModComProc] Param=[] DataYMD=[2017/06/22 16:51:20] StatusFlg=[0]
DefaultSource	Warning	1	2017/06/22 17:08:22.368	プロセス監視 異常復旧: ProcessID=[28] Process=[ModComProc] Param=[] DataYMD=[2017/06/22 17:07:44] StatusFlg=[0]
DefaultSource	Warning	1	2017/06/22 17:28:22.634	プロセス監視 異常発生: ProcessID=[28] Process=[ModComProc] Param=[] DataYMD=[2017/06/22 17:13:21] StatusFlg=[0]
DefaultSource	Warning	1	2017/06/22 17:30:23.004	プロセス監視 異常復旧: ProcessID=[28] Process=[ModComProc] Param=[] DataYMD=[2017/06/22 17:29:45] StatusFlg=[0]
DefaultSource	Warning	1	2017/06/22 17:50:23.270	プロセス監視 異常発生: ProcessID=[28] Process=[ModComProc] Param=[] DataYMD=[2017/06/22 17:35:21] StatusFlg=[0]
DefaultSource	Warning	1	2017/06/22 17:52:23.656	プロセス監視 異常復旧: ProcessID=[28] Process=[ModComProc] Param=[] DataYMD=[2017/06/22 17:51:46] StatusFlg=[0]
DefaultSource	Warning	1	2017/06/22 18:12:23.922	プロセス監視 異常発生: ProcessID=[28] Process=[ModComProc] Param=[] DataYMD=[2017/06/22 17:57:22] StatusFlg=[0]
DefaultSource	Warning	1	2017/06/22 18:14:24.292	プロセス監視 異常復旧: ProcessID=[28] Process=[ModComProc] Param=[] DataYMD=[2017/06/22 18:13:46] StatusFlg=[0]
DefaultSource	Warning	1	2017/06/22 18:34:24.558	プロセス監視 異常発生: ProcessID=[28] Process=[ModComProc] Param=[] DataYMD=[2017/06/22 18:19:23] StatusFlg=[0]
DefaultSource	Warning	1	2017/06/22 18:36:24.928	プロセス監視 異常復旧: ProcessID=[28] Process=[ModComProc] Param=[] DataYMD=[2017/06/22 18:35:47] StatusFlg=[0]
DefaultSource	Warning	1	2017/06/22 18:56:25.209	プロセス監視 異常発生: ProcessID=[28] Process=[ModComProc] Param=[] DataYMD=[2017/06/22 18:41:23] StatusFlg=[0]
DefaultSource	Warning	1	2017/06/22 18:58:25.579	プロセス監視 異常復旧: ProcessID=[28] Process=[ModComProc] Param=[] DataYMD=[2017/06/22 18:57:48] StatusFlg=[0]
DefaultSource	Warning	1	2017/06/22 19:18:25.845	プロセス監視 異常発生: ProcessID=[28] Process=[ModComProc] Param=[] DataYMD=[2017/06/22 19:03:24] StatusFlg=[0]
DefaultSource	Warning	1	2017/06/22 19:20:26.215	プロセス監視 異常復旧: ProcessID=[28] Process=[ModComProc] Param=[] DataYMD=[2017/06/22 19:19:48] StatusFlg=[0]
DefaultSource	Warning	1	2017/06/22 19:40:26.481	プロセス監視 異常発生: ProcessID=[28] Process=[ModComProc] Param=[] DataYMD=[2017/06/22 19:25:25] StatusFlg=[0]
DefaultSource	Warning	1	2017/06/22 19:42:26.867	プロセス監視 異常復旧: ProcessID=[28] Process=[ModComProc] Param=[] DataYMD=[2017/06/22 19:41:49] StatusFlg=[0]
DefaultSource	Warning	1	2017/06/22 20:02:27.133	プロセス監視 異常発生: ProcessID=[28] Process=[ModComProc] Param=[] DataYMD=[2017/06/22 19:47:25] StatusFlg=[0]
DefaultSource	Warning	1	2017/06/22 20:04:27.502	プロセス監視 異常復旧: ProcessID=[28] Process=[ModComProc] Param=[] DataYMD=[2017/06/22 20:03:50] StatusFlg=[0]
DefaultSource	Warning	1	2017/06/22 20:24:27.769	プロセス監視 異常発生: ProcessID=[28] Process=[ModComProc] Param=[] DataYMD=[2017/06/22 20:09:26] StatusFlg=[0]
DefaultSource	Warning	1	2017/06/22 20:26:28.138	プロセス監視 異常復旧: ProcessID=[28] Process=[ModComProc] Param=[] DataYMD=[2017/06/22 20:25:50] StatusFlg=[0]
DefaultSource	Warning	1	2017/06/22 20:46:28.420	プロセス監視 異常発生: ProcessID=[28] Process=[ModComProc] Param=[] DataYMD=[2017/06/22 20:31:26] StatusFlg=[0]
DefaultSource	Warning	1	2017/06/22 20:48:28.790	プロセス監視 異常復旧: ProcessID=[28] Process=[ModComProc] Param=[] DataYMD=[2017/06/22 20:47:51] StatusFlg=[0]
DefaultSource	Warning	1	2017/06/22 21:08:29.056	プロセス監視 異常発生: ProcessID=[28] Process=[ModComProc] Param=[] DataYMD=[2017/06/22 20:53:27] StatusFlg=[0]
DefaultSource	Warning	1	2017/06/22 21:10:29.426	プロセス監視 異常復旧: ProcessID=[28] Process=[ModComProc] Param=[] DataYMD=[2017/06/22 21:09:51] StatusFlg=[0]
DefaultSource	Warning	1	2017/06/22 21:30:29.692	プロセス監視 異常発生: ProcessID=[28] Process=[ModComProc] Param=[] DataYMD=[2017/06/22 21:15:28] StatusFlg=[0]
DefaultSource	Warning	1	2017/06/22 21:32:30.062	プロセス監視 異常復旧: ProcessID=[28] Process=[ModComProc] Param=[] DataYMD=[2017/06/22 21:31:52] StatusFlg=[0]
DefaultSource	Warning	1	2017/06/22 21:52:30.343	プロセス監視 異常発生: ProcessID=[28] Process=[ModComProc] Param=[] DataYMD=[2017/06/22 21:37:28] StatusFlg=[0]
DefaultSource	Warning	1	2017/06/22 21:54:30.713	プロセス監視 異常復旧: ProcessID=[28] Process=[ModComProc] Param=[] DataYMD=[2017/06/22 21:53:53] StatusFlg=[0]
DefaultSource	Warning	1	2017/06/22 22:14:30.979	プロセス監視 異常発生: ProcessID=[28] Process=[ModComProc] Param=[] DataYMD=[2017/06/22 21:59:29] StatusFlg=[0]
DefaultSource	Warning	1	2017/06/22 22:16:31.349	プロセス監視 異常復旧: ProcessID=[28] Process=[ModComProc] Param=[] DataYMD=[2017/06/22 22:15:53] StatusFlg=[0]
DefaultSource	Warning	1	2017/06/22 22:36:31.631	プロセス監視 異常発生: ProcessID=[28] Process=[ModComProc] Param=[] DataYMD=[2017/06/22 22:21:30] StatusFlg=[0]
DefaultSource	Warning	1	2017/06/22 22:38:32.001	プロセス監視 異常復旧: ProcessID=[28] Process=[ModComProc] Param=[] DataYMD=[2017/06/22 22:37:54] StatusFlg=[0]
DefaultSource	Warning	1	2017/06/22 22:58:32.267	プロセス監視 異常発生: ProcessID=[28] Process=[ModComProc] Param=[] DataYMD=[2017/06/22 22:43:30] StatusFlg=[0]
DefaultSource	Warning	1	2017/06/22 23:00:32.637	プロセス監視 異常復旧: ProcessID=[28] Process=[ModComProc] Param=[] DataYMD=[2017/06/22 22:59:55] StatusFlg=[0]
DefaultSource	Warning	1	2017/06/22 23:20:32.903	プロセス監視 異常発生: ProcessID=[28] Process=[ModComProc] Param=[] DataYMD=[2017/06/22 23:05:31] StatusFlg=[0]
DefaultSource	Warning	1	2017/06/22 23:22:33.273	プロセス監視 異常復旧: ProcessID=[28] Process=[ModComProc] Param=[] DataYMD=[2017/06/22 23:21:55] StatusFlg=[0]
DefaultSource	Warning	1	2017/06/22 23:42:33.554	プロセス監視 異常発生: ProcessID=[28] Process=[ModComProc] Param=[] DataYMD=[2017/06/22 23:27:32] StatusFlg=[0]
DefaultSource	Warning	1	2017/06/22 23:44:33.924	プロセス監視 異常復旧: ProcessID=[28] Process=[ModComProc] Param=[] DataYMD=[2017/06/22 23:43:56] StatusFlg=[0]
