DefaultSource	Warning	1	2017/06/20 00:12:52.523	プロセス監視 異常発生: ProcessID=[33] Process=[ModComProc] Param=[] DataYMD=[2017/06/19 23:56:53] StatusFlg=[0]
DefaultSource	Warning	1	2017/06/20 00:14:24.829	プロセス強制終了: Process=[ModComProc] Param=[] DataYMD=[2017/06/19 23:56:53] StatusFlg=[0]
DefaultSource	Warning	1	2017/06/20 00:15:52.953	プロセス監視 異常復旧: ProcessID=[33] Process=[ModComProc] Param=[] DataYMD=[2017/06/20 0:14:54] StatusFlg=[0]
DefaultSource	Warning	1	2017/06/20 00:16:25.058	プロセス強制終了: Process=[ModComProc] Param=[] DataYMD=[2017/06/20 0:14:54] StatusFlg=[0]
DefaultSource	Warning	1	2017/06/20 00:32:53.289	プロセス監視 異常発生: ProcessID=[33] Process=[ModComProc] Param=[] DataYMD=[2017/06/20 0:16:54] StatusFlg=[0]
DefaultSource	Warning	1	2017/06/20 00:34:25.703	プロセス強制終了: Process=[ModComProc] Param=[] DataYMD=[2017/06/20 0:16:54] StatusFlg=[0]
DefaultSource	Warning	1	2017/06/20 00:35:53.812	プロセス監視 異常復旧: ProcessID=[33] Process=[ModComProc] Param=[] DataYMD=[2017/06/20 0:34:55] StatusFlg=[0]
DefaultSource	Warning	1	2017/06/20 00:36:25.824	プロセス強制終了: Process=[ModComProc] Param=[] DataYMD=[2017/06/20 0:34:55] StatusFlg=[0]
DefaultSource	Warning	1	2017/06/20 00:52:54.085	プロセス監視 異常発生: ProcessID=[33] Process=[ModComProc] Param=[] DataYMD=[2017/06/20 0:36:55] StatusFlg=[0]
DefaultSource	Warning	1	2017/06/20 00:54:26.437	プロセス強制終了: Process=[ModComProc] Param=[] DataYMD=[2017/06/20 0:36:55] StatusFlg=[0]
DefaultSource	Warning	1	2017/06/20 00:55:54.546	プロセス監視 異常復旧: ProcessID=[33] Process=[ModComProc] Param=[] DataYMD=[2017/06/20 0:54:56] StatusFlg=[0]
DefaultSource	Warning	1	2017/06/20 00:56:26.636	プロセス強制終了: Process=[ModComProc] Param=[] DataYMD=[2017/06/20 0:54:56] StatusFlg=[0]
DefaultSource	Warning	1	2017/06/20 01:12:54.882	プロセス監視 異常発生: ProcessID=[33] Process=[ModComProc] Param=[] DataYMD=[2017/06/20 0:56:56] StatusFlg=[0]
DefaultSource	Warning	1	2017/06/20 01:14:27.187	プロセス強制終了: Process=[ModComProc] Param=[] DataYMD=[2017/06/20 0:56:56] StatusFlg=[0]
DefaultSource	Warning	1	2017/06/20 01:15:55.296	プロセス監視 異常復旧: ProcessID=[33] Process=[ModComProc] Param=[] DataYMD=[2017/06/20 1:14:56] StatusFlg=[0]
DefaultSource	Warning	1	2017/06/20 01:16:27.370	プロセス強制終了: Process=[ModComProc] Param=[] DataYMD=[2017/06/20 1:14:56] StatusFlg=[0]
DefaultSource	Warning	1	2017/06/20 01:32:55.616	プロセス監視 異常発生: ProcessID=[33] Process=[ModComProc] Param=[] DataYMD=[2017/06/20 1:16:56] StatusFlg=[0]
DefaultSource	Warning	1	2017/06/20 01:34:28.093	プロセス強制終了: Process=[ModComProc] Param=[] DataYMD=[2017/06/20 1:16:56] StatusFlg=[0]
DefaultSource	Warning	1	2017/06/20 01:35:56.093	プロセス監視 異常復旧: ProcessID=[33] Process=[ModComProc] Param=[] DataYMD=[2017/06/20 1:34:57] StatusFlg=[0]
DefaultSource	Warning	1	2017/06/20 01:36:28.135	プロセス強制終了: Process=[ModComProc] Param=[] DataYMD=[2017/06/20 1:34:57] StatusFlg=[0]
DefaultSource	Warning	1	2017/06/20 01:52:56.381	プロセス監視 異常発生: ProcessID=[33] Process=[ModComProc] Param=[] DataYMD=[2017/06/20 1:36:57] StatusFlg=[0]
DefaultSource	Warning	1	2017/06/20 01:54:28.733	プロセス強制終了: Process=[ModComProc] Param=[] DataYMD=[2017/06/20 1:36:57] StatusFlg=[0]
DefaultSource	Warning	1	2017/06/20 01:55:56.858	プロセス監視 異常復旧: ProcessID=[33] Process=[ModComProc] Param=[] DataYMD=[2017/06/20 1:54:58] StatusFlg=[0]
DefaultSource	Warning	1	2017/06/20 01:56:28.916	プロセス強制終了: Process=[ModComProc] Param=[] DataYMD=[2017/06/20 1:54:58] StatusFlg=[0]
DefaultSource	Warning	1	2017/06/20 02:12:57.162	プロセス監視 異常発生: ProcessID=[33] Process=[ModComProc] Param=[] DataYMD=[2017/06/20 1:56:58] StatusFlg=[0]
DefaultSource	Warning	1	2017/06/20 02:14:29.530	プロセス強制終了: Process=[ModComProc] Param=[] DataYMD=[2017/06/20 1:56:58] StatusFlg=[0]
DefaultSource	Warning	1	2017/06/20 02:15:57.670	プロセス監視 異常復旧: ProcessID=[33] Process=[ModComProc] Param=[] DataYMD=[2017/06/20 2:14:59] StatusFlg=[0]
DefaultSource	Warning	1	2017/06/20 02:16:29.728	プロセス強制終了: Process=[ModComProc] Param=[] DataYMD=[2017/06/20 2:14:59] StatusFlg=[0]
DefaultSource	Warning	1	2017/06/20 02:32:57.990	プロセス監視 異常発生: ProcessID=[33] Process=[ModComProc] Param=[] DataYMD=[2017/06/20 2:16:59] StatusFlg=[0]
DefaultSource	Warning	1	2017/06/20 02:34:30.373	プロセス強制終了: Process=[ModComProc] Param=[] DataYMD=[2017/06/20 2:16:59] StatusFlg=[0]
DefaultSource	Warning	1	2017/06/20 02:35:58.513	プロセス監視 異常復旧: ProcessID=[33] Process=[ModComProc] Param=[] DataYMD=[2017/06/20 2:34:59] StatusFlg=[0]
DefaultSource	Warning	1	2017/06/20 02:36:30.571	プロセス強制終了: Process=[ModComProc] Param=[] DataYMD=[2017/06/20 2:34:59] StatusFlg=[0]
DefaultSource	Warning	1	2017/06/20 02:52:58.833	プロセス監視 異常発生: ProcessID=[33] Process=[ModComProc] Param=[] DataYMD=[2017/06/20 2:37:00] StatusFlg=[0]
DefaultSource	Warning	1	2017/06/20 02:54:31.201	プロセス強制終了: Process=[ModComProc] Param=[] DataYMD=[2017/06/20 2:37:00] StatusFlg=[0]
DefaultSource	Warning	1	2017/06/20 02:55:59.325	プロセス監視 異常復旧: ProcessID=[33] Process=[ModComProc] Param=[] DataYMD=[2017/06/20 2:55:00] StatusFlg=[0]
DefaultSource	Warning	1	2017/06/20 02:56:31.368	プロセス強制終了: Process=[ModComProc] Param=[] DataYMD=[2017/06/20 2:55:00] StatusFlg=[0]
DefaultSource	Warning	1	2017/06/20 03:12:59.614	プロセス監視 異常発生: ProcessID=[33] Process=[ModComProc] Param=[] DataYMD=[2017/06/20 2:57:00] StatusFlg=[0]
DefaultSource	Warning	1	2017/06/20 03:14:31.997	プロセス強制終了: Process=[ModComProc] Param=[] DataYMD=[2017/06/20 2:57:00] StatusFlg=[0]
DefaultSource	Warning	1	2017/06/20 03:16:00.138	プロセス監視 異常復旧: ProcessID=[33] Process=[ModComProc] Param=[] DataYMD=[2017/06/20 3:15:01] StatusFlg=[0]
DefaultSource	Warning	1	2017/06/20 03:16:32.196	プロセス強制終了: Process=[ModComProc] Param=[] DataYMD=[2017/06/20 3:15:01] StatusFlg=[0]
DefaultSource	Warning	1	2017/06/20 03:33:00.457	プロセス監視 異常発生: ProcessID=[33] Process=[ModComProc] Param=[] DataYMD=[2017/06/20 3:17:01] StatusFlg=[0]
DefaultSource	Warning	1	2017/06/20 03:34:32.919	プロセス強制終了: Process=[ModComProc] Param=[] DataYMD=[2017/06/20 3:17:01] StatusFlg=[0]
DefaultSource	Warning	1	2017/06/20 03:36:00.934	プロセス監視 異常復旧: ProcessID=[33] Process=[ModComProc] Param=[] DataYMD=[2017/06/20 3:35:02] StatusFlg=[0]
DefaultSource	Warning	1	2017/06/20 03:36:32.961	プロセス強制終了: Process=[ModComProc] Param=[] DataYMD=[2017/06/20 3:35:02] StatusFlg=[0]
DefaultSource	Warning	1	2017/06/20 03:53:01.223	プロセス監視 異常発生: ProcessID=[33] Process=[ModComProc] Param=[] DataYMD=[2017/06/20 3:37:02] StatusFlg=[0]
DefaultSource	Warning	1	2017/06/20 03:54:33.559	プロセス強制終了: Process=[ModComProc] Param=[] DataYMD=[2017/06/20 3:37:02] StatusFlg=[0]
DefaultSource	Warning	1	2017/06/20 03:56:01.715	プロセス監視 異常復旧: ProcessID=[33] Process=[ModComProc] Param=[] DataYMD=[2017/06/20 3:55:03] StatusFlg=[0]
DefaultSource	Warning	1	2017/06/20 03:56:33.726	プロセス強制終了: Process=[ModComProc] Param=[] DataYMD=[2017/06/20 3:55:03] StatusFlg=[0]
DefaultSource	Warning	1	2017/06/20 04:13:01.988	プロセス監視 異常発生: ProcessID=[33] Process=[ModComProc] Param=[] DataYMD=[2017/06/20 3:57:03] StatusFlg=[0]
DefaultSource	Warning	1	2017/06/20 04:14:34.340	プロセス強制終了: Process=[ModComProc] Param=[] DataYMD=[2017/06/20 3:57:03] StatusFlg=[0]
DefaultSource	Warning	1	2017/06/20 04:16:02.496	プロセス監視 異常復旧: ProcessID=[33] Process=[ModComProc] Param=[] DataYMD=[2017/06/20 4:15:03] StatusFlg=[0]
DefaultSource	Warning	1	2017/06/20 04:16:34.538	プロセス強制終了: Process=[ModComProc] Param=[] DataYMD=[2017/06/20 4:15:03] StatusFlg=[0]
DefaultSource	Warning	1	2017/06/20 04:33:02.784	プロセス監視 異常発生: ProcessID=[33] Process=[ModComProc] Param=[] DataYMD=[2017/06/20 4:17:04] StatusFlg=[0]
DefaultSource	Warning	1	2017/06/20 04:34:35.215	プロセス強制終了: Process=[ModComProc] Param=[] DataYMD=[2017/06/20 4:17:04] StatusFlg=[0]
DefaultSource	Warning	1	2017/06/20 04:36:03.214	プロセス監視 異常復旧: ProcessID=[33] Process=[ModComProc] Param=[] DataYMD=[2017/06/20 4:35:04] StatusFlg=[0]
DefaultSource	Warning	1	2017/06/20 04:36:35.241	プロセス強制終了: Process=[ModComProc] Param=[] DataYMD=[2017/06/20 4:35:04] StatusFlg=[0]
DefaultSource	Warning	1	2017/06/20 04:53:03.503	プロセス監視 異常発生: ProcessID=[33] Process=[ModComProc] Param=[] DataYMD=[2017/06/20 4:37:04] StatusFlg=[0]
DefaultSource	Warning	1	2017/06/20 04:54:35.855	プロセス強制終了: Process=[ModComProc] Param=[] DataYMD=[2017/06/20 4:37:04] StatusFlg=[0]
DefaultSource	Warning	1	2017/06/20 04:56:03.964	プロセス監視 異常復旧: ProcessID=[33] Process=[ModComProc] Param=[] DataYMD=[2017/06/20 4:55:05] StatusFlg=[0]
DefaultSource	Warning	1	2017/06/20 04:56:36.022	プロセス強制終了: Process=[ModComProc] Param=[] DataYMD=[2017/06/20 4:55:05] StatusFlg=[0]
DefaultSource	Warning	1	2017/06/20 05:13:04.284	プロセス監視 異常発生: ProcessID=[33] Process=[ModComProc] Param=[] DataYMD=[2017/06/20 4:57:05] StatusFlg=[0]
DefaultSource	Warning	1	2017/06/20 05:14:36.620	プロセス強制終了: Process=[ModComProc] Param=[] DataYMD=[2017/06/20 4:57:05] StatusFlg=[0]
DefaultSource	Warning	1	2017/06/20 05:16:04.698	プロセス監視 異常復旧: ProcessID=[33] Process=[ModComProc] Param=[] DataYMD=[2017/06/20 5:15:06] StatusFlg=[0]
DefaultSource	Warning	1	2017/06/20 05:16:36.725	プロセス強制終了: Process=[ModComProc] Param=[] DataYMD=[2017/06/20 5:15:06] StatusFlg=[0]
DefaultSource	Warning	1	2017/06/20 05:33:04.987	プロセス監視 異常発生: ProcessID=[33] Process=[ModComProc] Param=[] DataYMD=[2017/06/20 5:17:06] StatusFlg=[0]
DefaultSource	Warning	1	2017/06/20 05:34:37.433	プロセス強制終了: Process=[ModComProc] Param=[] DataYMD=[2017/06/20 5:17:06] StatusFlg=[0]
DefaultSource	Warning	1	2017/06/20 05:36:05.448	プロセス監視 異常復旧: ProcessID=[33] Process=[ModComProc] Param=[] DataYMD=[2017/06/20 5:35:06] StatusFlg=[0]
DefaultSource	Warning	1	2017/06/20 05:36:37.537	プロセス強制終了: Process=[ModComProc] Param=[] DataYMD=[2017/06/20 5:35:06] StatusFlg=[0]
DefaultSource	Warning	1	2017/06/20 05:53:05.783	プロセス監視 異常発生: ProcessID=[33] Process=[ModComProc] Param=[] DataYMD=[2017/06/20 5:37:07] StatusFlg=[0]
DefaultSource	Warning	1	2017/06/20 05:54:38.104	プロセス強制終了: Process=[ModComProc] Param=[] DataYMD=[2017/06/20 5:37:07] StatusFlg=[0]
DefaultSource	Warning	1	2017/06/20 05:56:06.229	プロセス監視 異常復旧: ProcessID=[33] Process=[ModComProc] Param=[] DataYMD=[2017/06/20 5:55:07] StatusFlg=[0]
DefaultSource	Warning	1	2017/06/20 05:56:38.302	プロセス強制終了: Process=[ModComProc] Param=[] DataYMD=[2017/06/20 5:55:07] StatusFlg=[0]
DefaultSource	Warning	1	2017/06/20 06:13:06.564	プロセス監視 異常発生: ProcessID=[33] Process=[ModComProc] Param=[] DataYMD=[2017/06/20 5:57:07] StatusFlg=[0]
DefaultSource	Warning	1	2017/06/20 06:14:38.948	プロセス強制終了: Process=[ModComProc] Param=[] DataYMD=[2017/06/20 5:57:07] StatusFlg=[0]
DefaultSource	Warning	1	2017/06/20 06:16:07.072	プロセス監視 異常復旧: ProcessID=[33] Process=[ModComProc] Param=[] DataYMD=[2017/06/20 6:15:08] StatusFlg=[0]
DefaultSource	Warning	1	2017/06/20 06:16:39.115	プロセス強制終了: Process=[ModComProc] Param=[] DataYMD=[2017/06/20 6:15:08] StatusFlg=[0]
DefaultSource	Warning	1	2017/06/20 06:33:07.376	プロセス監視 異常発生: ProcessID=[33] Process=[ModComProc] Param=[] DataYMD=[2017/06/20 6:17:08] StatusFlg=[0]
DefaultSource	Warning	1	2017/06/20 06:34:39.900	プロセス強制終了: Process=[ModComProc] Param=[] DataYMD=[2017/06/20 6:17:08] StatusFlg=[0]
DefaultSource	Warning	1	2017/06/20 06:36:07.884	プロセス監視 異常復旧: ProcessID=[33] Process=[ModComProc] Param=[] DataYMD=[2017/06/20 6:35:09] StatusFlg=[0]
DefaultSource	Warning	1	2017/06/20 06:36:39.895	プロセス強制終了: Process=[ModComProc] Param=[] DataYMD=[2017/06/20 6:35:09] StatusFlg=[0]
DefaultSource	Warning	1	2017/06/20 06:53:08.157	プロセス監視 異常発生: ProcessID=[33] Process=[ModComProc] Param=[] DataYMD=[2017/06/20 6:37:09] StatusFlg=[0]
DefaultSource	Warning	1	2017/06/20 06:54:40.478	プロセス強制終了: Process=[ModComProc] Param=[] DataYMD=[2017/06/20 6:37:09] StatusFlg=[0]
DefaultSource	Warning	1	2017/06/20 06:56:08.618	プロセス監視 異常復旧: ProcessID=[33] Process=[ModComProc] Param=[] DataYMD=[2017/06/20 6:55:10] StatusFlg=[0]
DefaultSource	Warning	1	2017/06/20 06:56:40.661	プロセス強制終了: Process=[ModComProc] Param=[] DataYMD=[2017/06/20 6:55:10] StatusFlg=[0]
DefaultSource	Warning	1	2017/06/20 07:13:08.907	プロセス監視 異常発生: ProcessID=[33] Process=[ModComProc] Param=[] DataYMD=[2017/06/20 6:57:10] StatusFlg=[0]
DefaultSource	Warning	1	2017/06/20 07:14:41.290	プロセス強制終了: Process=[ModComProc] Param=[] DataYMD=[2017/06/20 6:57:10] StatusFlg=[0]
DefaultSource	Warning	1	2017/06/20 07:16:09.430	プロセス監視 異常復旧: ProcessID=[33] Process=[ModComProc] Param=[] DataYMD=[2017/06/20 7:15:10] StatusFlg=[0]
DefaultSource	Warning	1	2017/06/20 07:16:41.473	プロセス強制終了: Process=[ModComProc] Param=[] DataYMD=[2017/06/20 7:15:10] StatusFlg=[0]
DefaultSource	Warning	1	2017/06/20 07:33:09.719	プロセス監視 異常発生: ProcessID=[33] Process=[ModComProc] Param=[] DataYMD=[2017/06/20 7:17:11] StatusFlg=[0]
DefaultSource	Warning	1	2017/06/20 07:34:42.102	プロセス強制終了: Process=[ModComProc] Param=[] DataYMD=[2017/06/20 7:17:11] StatusFlg=[0]
DefaultSource	Warning	1	2017/06/20 07:36:10.243	プロセス監視 異常復旧: ProcessID=[33] Process=[ModComProc] Param=[] DataYMD=[2017/06/20 7:35:11] StatusFlg=[0]
DefaultSource	Warning	1	2017/06/20 07:36:42.269	プロセス強制終了: Process=[ModComProc] Param=[] DataYMD=[2017/06/20 7:35:11] StatusFlg=[0]
DefaultSource	Warning	1	2017/06/20 07:53:10.531	プロセス監視 異常発生: ProcessID=[33] Process=[ModComProc] Param=[] DataYMD=[2017/06/20 7:37:11] StatusFlg=[0]
DefaultSource	Warning	1	2017/06/20 07:54:42.852	プロセス強制終了: Process=[ModComProc] Param=[] DataYMD=[2017/06/20 7:37:11] StatusFlg=[0]
DefaultSource	Warning	1	2017/06/20 07:56:11.008	プロセス監視 異常復旧: ProcessID=[33] Process=[ModComProc] Param=[] DataYMD=[2017/06/20 7:55:12] StatusFlg=[0]
DefaultSource	Warning	1	2017/06/20 07:56:43.050	プロセス強制終了: Process=[ModComProc] Param=[] DataYMD=[2017/06/20 7:55:12] StatusFlg=[0]
DefaultSource	Warning	1	2017/06/20 08:13:11.312	プロセス監視 異常発生: ProcessID=[33] Process=[ModComProc] Param=[] DataYMD=[2017/06/20 7:57:12] StatusFlg=[0]
DefaultSource	Warning	1	2017/06/20 08:14:43.695	プロセス強制終了: Process=[ModComProc] Param=[] DataYMD=[2017/06/20 7:57:12] StatusFlg=[0]
DefaultSource	Warning	1	2017/06/20 08:16:11.804	プロセス監視 異常復旧: ProcessID=[33] Process=[ModComProc] Param=[] DataYMD=[2017/06/20 8:15:13] StatusFlg=[0]
DefaultSource	Warning	1	2017/06/20 08:16:43.862	プロセス強制終了: Process=[ModComProc] Param=[] DataYMD=[2017/06/20 8:15:13] StatusFlg=[0]
DefaultSource	Warning	1	2017/06/20 08:33:12.124	プロセス監視 異常発生: ProcessID=[33] Process=[ModComProc] Param=[] DataYMD=[2017/06/20 8:17:13] StatusFlg=[0]
DefaultSource	Warning	1	2017/06/20 08:34:44.601	プロセス強制終了: Process=[ModComProc] Param=[] DataYMD=[2017/06/20 8:17:13] StatusFlg=[0]
DefaultSource	Warning	1	2017/06/20 08:36:12.585	プロセス監視 異常復旧: ProcessID=[33] Process=[ModComProc] Param=[] DataYMD=[2017/06/20 8:35:14] StatusFlg=[0]
DefaultSource	Warning	1	2017/06/20 08:36:44.628	プロセス強制終了: Process=[ModComProc] Param=[] DataYMD=[2017/06/20 8:35:14] StatusFlg=[0]
DefaultSource	Warning	1	2017/06/20 08:53:12.889	プロセス監視 異常発生: ProcessID=[33] Process=[ModComProc] Param=[] DataYMD=[2017/06/20 8:37:14] StatusFlg=[0]
DefaultSource	Warning	1	2017/06/20 08:54:45.226	プロセス強制終了: Process=[ModComProc] Param=[] DataYMD=[2017/06/20 8:37:14] StatusFlg=[0]
DefaultSource	Warning	1	2017/06/20 08:56:13.351	プロセス監視 異常復旧: ProcessID=[33] Process=[ModComProc] Param=[] DataYMD=[2017/06/20 8:55:14] StatusFlg=[0]
DefaultSource	Warning	1	2017/06/20 08:56:45.409	プロセス強制終了: Process=[ModComProc] Param=[] DataYMD=[2017/06/20 8:55:14] StatusFlg=[0]
DefaultSource	Warning	1	2017/06/20 09:13:13.639	プロセス監視 異常発生: ProcessID=[33] Process=[ModComProc] Param=[] DataYMD=[2017/06/20 8:57:14] StatusFlg=[0]
DefaultSource	Warning	1	2017/06/20 09:14:46.007	プロセス強制終了: Process=[ModComProc] Param=[] DataYMD=[2017/06/20 8:57:14] StatusFlg=[0]
DefaultSource	Warning	1	2017/06/20 09:16:14.147	プロセス監視 異常復旧: ProcessID=[33] Process=[ModComProc] Param=[] DataYMD=[2017/06/20 9:15:15] StatusFlg=[0]
DefaultSource	Warning	1	2017/06/20 09:16:46.221	プロセス強制終了: Process=[ModComProc] Param=[] DataYMD=[2017/06/20 9:15:15] StatusFlg=[0]
DefaultSource	Warning	1	2017/06/20 09:33:14.467	プロセス監視 異常発生: ProcessID=[33] Process=[ModComProc] Param=[] DataYMD=[2017/06/20 9:17:15] StatusFlg=[0]
DefaultSource	Warning	1	2017/06/20 09:34:46.944	プロセス強制終了: Process=[ModComProc] Param=[] DataYMD=[2017/06/20 9:17:15] StatusFlg=[0]
DefaultSource	Warning	1	2017/06/20 09:36:14.975	プロセス監視 異常復旧: ProcessID=[33] Process=[ModComProc] Param=[] DataYMD=[2017/06/20 9:35:16] StatusFlg=[0]
DefaultSource	Warning	1	2017/06/20 09:36:47.033	プロセス強制終了: Process=[ModComProc] Param=[] DataYMD=[2017/06/20 9:35:16] StatusFlg=[0]
DefaultSource	Warning	1	2017/06/20 09:43:49.033	スタートプロセス終了
DefaultSource	Warning	1	2017/06/20 09:51:09.374	スタートプロセス起動
DefaultSource	Warning	1	2017/06/20 09:51:43.756	プロセス監視 異常復旧: ProcessID=[44] Process=[SGVTimeManager] Param=[] DataYMD=[2017/06/20 9:51:17] StatusFlg=[0]
DefaultSource	Warning	1	2017/06/20 09:51:43.772	プロセス監視 異常復旧: ProcessID=[39] Process=[PCSCntlSchedule] Param=[] DataYMD=[2017/06/20 9:51:31] StatusFlg=[0]
DefaultSource	Warning	1	2017/06/20 09:52:43.707	プロセス監視 異常発生: ProcessID=[33] Process=[ModComProc] Param=[] DataYMD=[2017/06/20 9:37:16] StatusFlg=[0]
DefaultSource	Warning	1	2017/06/20 09:53:29.253	スタートプロセス終了
DefaultSource	Warning	1	2017/06/20 09:53:44.324	スタートプロセス起動
DefaultSource	Warning	1	2017/06/20 09:55:21.169	スタートプロセス終了
DefaultSource	Warning	1	2017/06/20 09:55:36.956	スタートプロセス起動
DefaultSource	Warning	1	2017/06/20 09:56:11.307	プロセス監視 異常復旧: ProcessID=[33] Process=[ModComProc] Param=[] DataYMD=[2017/06/20 9:56:06] StatusFlg=[0]
DefaultSource	Warning	1	2017/06/20 10:09:53.632	スタートプロセス終了
DefaultSource	Warning	1	2017/06/20 10:10:09.700	スタートプロセス起動
DefaultSource	Warning	1	2017/06/20 10:24:03.677	スタートプロセス終了
DefaultSource	Warning	1	2017/06/20 10:43:29.753	スタートプロセス起動
DefaultSource	Warning	1	2017/06/20 10:55:27.884	スタートプロセス終了
DefaultSource	Warning	1	2017/06/20 11:56:29.221	スタートプロセス起動
DefaultSource	Warning	1	2017/06/20 11:56:48.112	プロセス監視 異常復旧: ProcessID=[42] Process=[SGVComProc] Param=[] DataYMD=[2017/06/20 11:56:42] StatusFlg=[0]
DefaultSource	Warning	1	2017/06/20 13:11:36.287	スタートプロセス終了
DefaultSource	Warning	1	2017/06/20 13:11:53.650	スタートプロセス起動
DefaultSource	Warning	1	2017/06/20 13:52:28.680	スタートプロセス終了
DefaultSource	Critical	3	2017/06/20 13:52:33.470	型 'DBNull' から型 'Integer' への変換は無効です。	   場所 Microsoft.VisualBasic.CompilerServices.Conversions.ToInteger(Object Value)
   場所 StartProc2.ClsDbIo.GetProcessInfo(stProcessInfo[]& objProInf)
DefaultSource	Critical	3	2017/06/20 13:52:34.000	型 'DBNull' から型 'Integer' への変換は無効です。	   場所 Microsoft.VisualBasic.CompilerServices.Conversions.ToInteger(Object Value)
   場所 StartProc2.ClsDbIo.GetProcessInfo(stProcessInfo[]& objProInf)
DefaultSource	Critical	3	2017/06/20 13:52:34.515	型 'DBNull' から型 'Integer' への変換は無効です。	   場所 Microsoft.VisualBasic.CompilerServices.Conversions.ToInteger(Object Value)
   場所 StartProc2.ClsDbIo.GetProcessInfo(stProcessInfo[]& objProInf)
DefaultSource	Critical	3	2017/06/20 13:52:35.030	型 'DBNull' から型 'Integer' への変換は無効です。	   場所 Microsoft.VisualBasic.CompilerServices.Conversions.ToInteger(Object Value)
   場所 StartProc2.ClsDbIo.GetProcessInfo(stProcessInfo[]& objProInf)
DefaultSource	Critical	3	2017/06/20 13:52:35.544	型 'DBNull' から型 'Integer' への変換は無効です。	   場所 Microsoft.VisualBasic.CompilerServices.Conversions.ToInteger(Object Value)
   場所 StartProc2.ClsDbIo.GetProcessInfo(stProcessInfo[]& objProInf)
DefaultSource	Critical	3	2017/06/20 13:52:36.059	型 'DBNull' から型 'Integer' への変換は無効です。	   場所 Microsoft.VisualBasic.CompilerServices.Conversions.ToInteger(Object Value)
   場所 StartProc2.ClsDbIo.GetProcessInfo(stProcessInfo[]& objProInf)
DefaultSource	Critical	3	2017/06/20 13:52:36.574	型 'DBNull' から型 'Integer' への変換は無効です。	   場所 Microsoft.VisualBasic.CompilerServices.Conversions.ToInteger(Object Value)
   場所 StartProc2.ClsDbIo.GetProcessInfo(stProcessInfo[]& objProInf)
DefaultSource	Critical	3	2017/06/20 13:52:37.089	型 'DBNull' から型 'Integer' への変換は無効です。	   場所 Microsoft.VisualBasic.CompilerServices.Conversions.ToInteger(Object Value)
   場所 StartProc2.ClsDbIo.GetProcessInfo(stProcessInfo[]& objProInf)
DefaultSource	Critical	3	2017/06/20 13:52:37.604	型 'DBNull' から型 'Integer' への変換は無効です。	   場所 Microsoft.VisualBasic.CompilerServices.Conversions.ToInteger(Object Value)
   場所 StartProc2.ClsDbIo.GetProcessInfo(stProcessInfo[]& objProInf)
DefaultSource	Critical	3	2017/06/20 13:52:38.118	型 'DBNull' から型 'Integer' への変換は無効です。	   場所 Microsoft.VisualBasic.CompilerServices.Conversions.ToInteger(Object Value)
   場所 StartProc2.ClsDbIo.GetProcessInfo(stProcessInfo[]& objProInf)
DefaultSource	Critical	3	2017/06/20 13:52:38.633	型 'DBNull' から型 'Integer' への変換は無効です。	   場所 Microsoft.VisualBasic.CompilerServices.Conversions.ToInteger(Object Value)
   場所 StartProc2.ClsDbIo.GetProcessInfo(stProcessInfo[]& objProInf)
DefaultSource	Critical	3	2017/06/20 13:52:39.148	型 'DBNull' から型 'Integer' への変換は無効です。	   場所 Microsoft.VisualBasic.CompilerServices.Conversions.ToInteger(Object Value)
   場所 StartProc2.ClsDbIo.GetProcessInfo(stProcessInfo[]& objProInf)
DefaultSource	Critical	3	2017/06/20 13:52:39.663	型 'DBNull' から型 'Integer' への変換は無効です。	   場所 Microsoft.VisualBasic.CompilerServices.Conversions.ToInteger(Object Value)
   場所 StartProc2.ClsDbIo.GetProcessInfo(stProcessInfo[]& objProInf)
DefaultSource	Critical	3	2017/06/20 13:52:40.178	型 'DBNull' から型 'Integer' への変換は無効です。	   場所 Microsoft.VisualBasic.CompilerServices.Conversions.ToInteger(Object Value)
   場所 StartProc2.ClsDbIo.GetProcessInfo(stProcessInfo[]& objProInf)
DefaultSource	Critical	3	2017/06/20 13:52:40.692	型 'DBNull' から型 'Integer' への変換は無効です。	   場所 Microsoft.VisualBasic.CompilerServices.Conversions.ToInteger(Object Value)
   場所 StartProc2.ClsDbIo.GetProcessInfo(stProcessInfo[]& objProInf)
DefaultSource	Critical	3	2017/06/20 13:52:41.207	型 'DBNull' から型 'Integer' への変換は無効です。	   場所 Microsoft.VisualBasic.CompilerServices.Conversions.ToInteger(Object Value)
   場所 StartProc2.ClsDbIo.GetProcessInfo(stProcessInfo[]& objProInf)
DefaultSource	Critical	3	2017/06/20 13:52:41.722	型 'DBNull' から型 'Integer' への変換は無効です。	   場所 Microsoft.VisualBasic.CompilerServices.Conversions.ToInteger(Object Value)
   場所 StartProc2.ClsDbIo.GetProcessInfo(stProcessInfo[]& objProInf)
DefaultSource	Critical	3	2017/06/20 13:52:42.237	型 'DBNull' から型 'Integer' への変換は無効です。	   場所 Microsoft.VisualBasic.CompilerServices.Conversions.ToInteger(Object Value)
   場所 StartProc2.ClsDbIo.GetProcessInfo(stProcessInfo[]& objProInf)
DefaultSource	Critical	3	2017/06/20 13:52:42.752	型 'DBNull' から型 'Integer' への変換は無効です。	   場所 Microsoft.VisualBasic.CompilerServices.Conversions.ToInteger(Object Value)
   場所 StartProc2.ClsDbIo.GetProcessInfo(stProcessInfo[]& objProInf)
DefaultSource	Critical	3	2017/06/20 13:52:43.266	型 'DBNull' から型 'Integer' への変換は無効です。	   場所 Microsoft.VisualBasic.CompilerServices.Conversions.ToInteger(Object Value)
   場所 StartProc2.ClsDbIo.GetProcessInfo(stProcessInfo[]& objProInf)
DefaultSource	Critical	3	2017/06/20 13:52:43.781	型 'DBNull' から型 'Integer' への変換は無効です。	   場所 Microsoft.VisualBasic.CompilerServices.Conversions.ToInteger(Object Value)
   場所 StartProc2.ClsDbIo.GetProcessInfo(stProcessInfo[]& objProInf)
DefaultSource	Critical	3	2017/06/20 13:52:44.296	型 'DBNull' から型 'Integer' への変換は無効です。	   場所 Microsoft.VisualBasic.CompilerServices.Conversions.ToInteger(Object Value)
   場所 StartProc2.ClsDbIo.GetProcessInfo(stProcessInfo[]& objProInf)
DefaultSource	Critical	3	2017/06/20 13:52:44.811	型 'DBNull' から型 'Integer' への変換は無効です。	   場所 Microsoft.VisualBasic.CompilerServices.Conversions.ToInteger(Object Value)
   場所 StartProc2.ClsDbIo.GetProcessInfo(stProcessInfo[]& objProInf)
DefaultSource	Critical	3	2017/06/20 13:52:45.326	型 'DBNull' から型 'Integer' への変換は無効です。	   場所 Microsoft.VisualBasic.CompilerServices.Conversions.ToInteger(Object Value)
   場所 StartProc2.ClsDbIo.GetProcessInfo(stProcessInfo[]& objProInf)
DefaultSource	Critical	3	2017/06/20 13:52:45.840	型 'DBNull' から型 'Integer' への変換は無効です。	   場所 Microsoft.VisualBasic.CompilerServices.Conversions.ToInteger(Object Value)
   場所 StartProc2.ClsDbIo.GetProcessInfo(stProcessInfo[]& objProInf)
DefaultSource	Critical	3	2017/06/20 13:52:46.355	型 'DBNull' から型 'Integer' への変換は無効です。	   場所 Microsoft.VisualBasic.CompilerServices.Conversions.ToInteger(Object Value)
   場所 StartProc2.ClsDbIo.GetProcessInfo(stProcessInfo[]& objProInf)
DefaultSource	Critical	3	2017/06/20 13:52:46.870	型 'DBNull' から型 'Integer' への変換は無効です。	   場所 Microsoft.VisualBasic.CompilerServices.Conversions.ToInteger(Object Value)
   場所 StartProc2.ClsDbIo.GetProcessInfo(stProcessInfo[]& objProInf)
DefaultSource	Critical	3	2017/06/20 13:52:47.385	型 'DBNull' から型 'Integer' への変換は無効です。	   場所 Microsoft.VisualBasic.CompilerServices.Conversions.ToInteger(Object Value)
   場所 StartProc2.ClsDbIo.GetProcessInfo(stProcessInfo[]& objProInf)
DefaultSource	Critical	3	2017/06/20 13:52:47.900	型 'DBNull' から型 'Integer' への変換は無効です。	   場所 Microsoft.VisualBasic.CompilerServices.Conversions.ToInteger(Object Value)
   場所 StartProc2.ClsDbIo.GetProcessInfo(stProcessInfo[]& objProInf)
DefaultSource	Critical	3	2017/06/20 13:52:48.414	型 'DBNull' から型 'Integer' への変換は無効です。	   場所 Microsoft.VisualBasic.CompilerServices.Conversions.ToInteger(Object Value)
   場所 StartProc2.ClsDbIo.GetProcessInfo(stProcessInfo[]& objProInf)
DefaultSource	Critical	3	2017/06/20 13:52:48.929	型 'DBNull' から型 'Integer' への変換は無効です。	   場所 Microsoft.VisualBasic.CompilerServices.Conversions.ToInteger(Object Value)
   場所 StartProc2.ClsDbIo.GetProcessInfo(stProcessInfo[]& objProInf)
DefaultSource	Critical	3	2017/06/20 13:52:49.444	型 'DBNull' から型 'Integer' への変換は無効です。	   場所 Microsoft.VisualBasic.CompilerServices.Conversions.ToInteger(Object Value)
   場所 StartProc2.ClsDbIo.GetProcessInfo(stProcessInfo[]& objProInf)
DefaultSource	Critical	3	2017/06/20 13:52:49.959	型 'DBNull' から型 'Integer' への変換は無効です。	   場所 Microsoft.VisualBasic.CompilerServices.Conversions.ToInteger(Object Value)
   場所 StartProc2.ClsDbIo.GetProcessInfo(stProcessInfo[]& objProInf)
DefaultSource	Critical	3	2017/06/20 13:52:50.474	型 'DBNull' から型 'Integer' への変換は無効です。	   場所 Microsoft.VisualBasic.CompilerServices.Conversions.ToInteger(Object Value)
   場所 StartProc2.ClsDbIo.GetProcessInfo(stProcessInfo[]& objProInf)
DefaultSource	Critical	3	2017/06/20 13:52:50.988	型 'DBNull' から型 'Integer' への変換は無効です。	   場所 Microsoft.VisualBasic.CompilerServices.Conversions.ToInteger(Object Value)
   場所 StartProc2.ClsDbIo.GetProcessInfo(stProcessInfo[]& objProInf)
DefaultSource	Critical	3	2017/06/20 13:52:51.503	型 'DBNull' から型 'Integer' への変換は無効です。	   場所 Microsoft.VisualBasic.CompilerServices.Conversions.ToInteger(Object Value)
   場所 StartProc2.ClsDbIo.GetProcessInfo(stProcessInfo[]& objProInf)
DefaultSource	Critical	3	2017/06/20 13:52:52.018	型 'DBNull' から型 'Integer' への変換は無効です。	   場所 Microsoft.VisualBasic.CompilerServices.Conversions.ToInteger(Object Value)
   場所 StartProc2.ClsDbIo.GetProcessInfo(stProcessInfo[]& objProInf)
DefaultSource	Critical	3	2017/06/20 13:52:52.533	型 'DBNull' から型 'Integer' への変換は無効です。	   場所 Microsoft.VisualBasic.CompilerServices.Conversions.ToInteger(Object Value)
   場所 StartProc2.ClsDbIo.GetProcessInfo(stProcessInfo[]& objProInf)
DefaultSource	Critical	3	2017/06/20 13:52:53.048	型 'DBNull' から型 'Integer' への変換は無効です。	   場所 Microsoft.VisualBasic.CompilerServices.Conversions.ToInteger(Object Value)
   場所 StartProc2.ClsDbIo.GetProcessInfo(stProcessInfo[]& objProInf)
DefaultSource	Critical	3	2017/06/20 13:52:53.562	型 'DBNull' から型 'Integer' への変換は無効です。	   場所 Microsoft.VisualBasic.CompilerServices.Conversions.ToInteger(Object Value)
   場所 StartProc2.ClsDbIo.GetProcessInfo(stProcessInfo[]& objProInf)
DefaultSource	Critical	3	2017/06/20 13:52:54.077	型 'DBNull' から型 'Integer' への変換は無効です。	   場所 Microsoft.VisualBasic.CompilerServices.Conversions.ToInteger(Object Value)
   場所 StartProc2.ClsDbIo.GetProcessInfo(stProcessInfo[]& objProInf)
DefaultSource	Critical	3	2017/06/20 13:52:54.592	型 'DBNull' から型 'Integer' への変換は無効です。	   場所 Microsoft.VisualBasic.CompilerServices.Conversions.ToInteger(Object Value)
   場所 StartProc2.ClsDbIo.GetProcessInfo(stProcessInfo[]& objProInf)
DefaultSource	Critical	3	2017/06/20 13:52:55.107	型 'DBNull' から型 'Integer' への変換は無効です。	   場所 Microsoft.VisualBasic.CompilerServices.Conversions.ToInteger(Object Value)
   場所 StartProc2.ClsDbIo.GetProcessInfo(stProcessInfo[]& objProInf)
DefaultSource	Critical	3	2017/06/20 13:52:55.622	型 'DBNull' から型 'Integer' への変換は無効です。	   場所 Microsoft.VisualBasic.CompilerServices.Conversions.ToInteger(Object Value)
   場所 StartProc2.ClsDbIo.GetProcessInfo(stProcessInfo[]& objProInf)
DefaultSource	Critical	3	2017/06/20 13:52:56.136	型 'DBNull' から型 'Integer' への変換は無効です。	   場所 Microsoft.VisualBasic.CompilerServices.Conversions.ToInteger(Object Value)
   場所 StartProc2.ClsDbIo.GetProcessInfo(stProcessInfo[]& objProInf)
DefaultSource	Critical	3	2017/06/20 13:52:56.651	型 'DBNull' から型 'Integer' への変換は無効です。	   場所 Microsoft.VisualBasic.CompilerServices.Conversions.ToInteger(Object Value)
   場所 StartProc2.ClsDbIo.GetProcessInfo(stProcessInfo[]& objProInf)
DefaultSource	Critical	3	2017/06/20 13:52:57.166	型 'DBNull' から型 'Integer' への変換は無効です。	   場所 Microsoft.VisualBasic.CompilerServices.Conversions.ToInteger(Object Value)
   場所 StartProc2.ClsDbIo.GetProcessInfo(stProcessInfo[]& objProInf)
DefaultSource	Critical	3	2017/06/20 13:52:57.681	型 'DBNull' から型 'Integer' への変換は無効です。	   場所 Microsoft.VisualBasic.CompilerServices.Conversions.ToInteger(Object Value)
   場所 StartProc2.ClsDbIo.GetProcessInfo(stProcessInfo[]& objProInf)
DefaultSource	Critical	3	2017/06/20 13:52:58.196	型 'DBNull' から型 'Integer' への変換は無効です。	   場所 Microsoft.VisualBasic.CompilerServices.Conversions.ToInteger(Object Value)
   場所 StartProc2.ClsDbIo.GetProcessInfo(stProcessInfo[]& objProInf)
DefaultSource	Critical	3	2017/06/20 13:52:58.710	型 'DBNull' から型 'Integer' への変換は無効です。	   場所 Microsoft.VisualBasic.CompilerServices.Conversions.ToInteger(Object Value)
   場所 StartProc2.ClsDbIo.GetProcessInfo(stProcessInfo[]& objProInf)
DefaultSource	Critical	3	2017/06/20 13:52:59.225	型 'DBNull' から型 'Integer' への変換は無効です。	   場所 Microsoft.VisualBasic.CompilerServices.Conversions.ToInteger(Object Value)
   場所 StartProc2.ClsDbIo.GetProcessInfo(stProcessInfo[]& objProInf)
DefaultSource	Critical	3	2017/06/20 13:52:59.740	型 'DBNull' から型 'Integer' への変換は無効です。	   場所 Microsoft.VisualBasic.CompilerServices.Conversions.ToInteger(Object Value)
   場所 StartProc2.ClsDbIo.GetProcessInfo(stProcessInfo[]& objProInf)
DefaultSource	Critical	3	2017/06/20 13:53:00.255	型 'DBNull' から型 'Integer' への変換は無効です。	   場所 Microsoft.VisualBasic.CompilerServices.Conversions.ToInteger(Object Value)
   場所 StartProc2.ClsDbIo.GetProcessInfo(stProcessInfo[]& objProInf)
DefaultSource	Critical	3	2017/06/20 13:53:00.770	型 'DBNull' から型 'Integer' への変換は無効です。	   場所 Microsoft.VisualBasic.CompilerServices.Conversions.ToInteger(Object Value)
   場所 StartProc2.ClsDbIo.GetProcessInfo(stProcessInfo[]& objProInf)
DefaultSource	Critical	3	2017/06/20 13:53:01.284	型 'DBNull' から型 'Integer' への変換は無効です。	   場所 Microsoft.VisualBasic.CompilerServices.Conversions.ToInteger(Object Value)
   場所 StartProc2.ClsDbIo.GetProcessInfo(stProcessInfo[]& objProInf)
DefaultSource	Critical	3	2017/06/20 13:53:01.799	型 'DBNull' から型 'Integer' への変換は無効です。	   場所 Microsoft.VisualBasic.CompilerServices.Conversions.ToInteger(Object Value)
   場所 StartProc2.ClsDbIo.GetProcessInfo(stProcessInfo[]& objProInf)
DefaultSource	Critical	3	2017/06/20 13:53:02.314	型 'DBNull' から型 'Integer' への変換は無効です。	   場所 Microsoft.VisualBasic.CompilerServices.Conversions.ToInteger(Object Value)
   場所 StartProc2.ClsDbIo.GetProcessInfo(stProcessInfo[]& objProInf)
DefaultSource	Critical	3	2017/06/20 13:53:02.829	型 'DBNull' から型 'Integer' への変換は無効です。	   場所 Microsoft.VisualBasic.CompilerServices.Conversions.ToInteger(Object Value)
   場所 StartProc2.ClsDbIo.GetProcessInfo(stProcessInfo[]& objProInf)
DefaultSource	Critical	3	2017/06/20 13:53:03.344	型 'DBNull' から型 'Integer' への変換は無効です。	   場所 Microsoft.VisualBasic.CompilerServices.Conversions.ToInteger(Object Value)
   場所 StartProc2.ClsDbIo.GetProcessInfo(stProcessInfo[]& objProInf)
DefaultSource	Critical	3	2017/06/20 13:53:03.859	型 'DBNull' から型 'Integer' への変換は無効です。	   場所 Microsoft.VisualBasic.CompilerServices.Conversions.ToInteger(Object Value)
   場所 StartProc2.ClsDbIo.GetProcessInfo(stProcessInfo[]& objProInf)
DefaultSource	Critical	3	2017/06/20 13:53:04.373	型 'DBNull' から型 'Integer' への変換は無効です。	   場所 Microsoft.VisualBasic.CompilerServices.Conversions.ToInteger(Object Value)
   場所 StartProc2.ClsDbIo.GetProcessInfo(stProcessInfo[]& objProInf)
DefaultSource	Critical	3	2017/06/20 13:53:04.888	型 'DBNull' から型 'Integer' への変換は無効です。	   場所 Microsoft.VisualBasic.CompilerServices.Conversions.ToInteger(Object Value)
   場所 StartProc2.ClsDbIo.GetProcessInfo(stProcessInfo[]& objProInf)
DefaultSource	Critical	3	2017/06/20 13:53:05.403	型 'DBNull' から型 'Integer' への変換は無効です。	   場所 Microsoft.VisualBasic.CompilerServices.Conversions.ToInteger(Object Value)
   場所 StartProc2.ClsDbIo.GetProcessInfo(stProcessInfo[]& objProInf)
DefaultSource	Critical	3	2017/06/20 13:53:05.918	型 'DBNull' から型 'Integer' への変換は無効です。	   場所 Microsoft.VisualBasic.CompilerServices.Conversions.ToInteger(Object Value)
   場所 StartProc2.ClsDbIo.GetProcessInfo(stProcessInfo[]& objProInf)
DefaultSource	Critical	3	2017/06/20 13:53:06.433	型 'DBNull' から型 'Integer' への変換は無効です。	   場所 Microsoft.VisualBasic.CompilerServices.Conversions.ToInteger(Object Value)
   場所 StartProc2.ClsDbIo.GetProcessInfo(stProcessInfo[]& objProInf)
DefaultSource	Critical	3	2017/06/20 13:53:13.999	型 'DBNull' から型 'Integer' への変換は無効です。	   場所 Microsoft.VisualBasic.CompilerServices.Conversions.ToInteger(Object Value)
   場所 StartProc2.ClsDbIo.GetProcessInfo(stProcessInfo[]& objProInf)
DefaultSource	Critical	3	2017/06/20 13:53:14.529	型 'DBNull' から型 'Integer' への変換は無効です。	   場所 Microsoft.VisualBasic.CompilerServices.Conversions.ToInteger(Object Value)
   場所 StartProc2.ClsDbIo.GetProcessInfo(stProcessInfo[]& objProInf)
DefaultSource	Critical	3	2017/06/20 13:53:15.044	型 'DBNull' から型 'Integer' への変換は無効です。	   場所 Microsoft.VisualBasic.CompilerServices.Conversions.ToInteger(Object Value)
   場所 StartProc2.ClsDbIo.GetProcessInfo(stProcessInfo[]& objProInf)
DefaultSource	Critical	3	2017/06/20 13:53:15.559	型 'DBNull' から型 'Integer' への変換は無効です。	   場所 Microsoft.VisualBasic.CompilerServices.Conversions.ToInteger(Object Value)
   場所 StartProc2.ClsDbIo.GetProcessInfo(stProcessInfo[]& objProInf)
DefaultSource	Critical	3	2017/06/20 13:53:16.073	型 'DBNull' から型 'Integer' への変換は無効です。	   場所 Microsoft.VisualBasic.CompilerServices.Conversions.ToInteger(Object Value)
   場所 StartProc2.ClsDbIo.GetProcessInfo(stProcessInfo[]& objProInf)
DefaultSource	Critical	3	2017/06/20 13:53:16.588	型 'DBNull' から型 'Integer' への変換は無効です。	   場所 Microsoft.VisualBasic.CompilerServices.Conversions.ToInteger(Object Value)
   場所 StartProc2.ClsDbIo.GetProcessInfo(stProcessInfo[]& objProInf)
DefaultSource	Critical	3	2017/06/20 13:53:17.103	型 'DBNull' から型 'Integer' への変換は無効です。	   場所 Microsoft.VisualBasic.CompilerServices.Conversions.ToInteger(Object Value)
   場所 StartProc2.ClsDbIo.GetProcessInfo(stProcessInfo[]& objProInf)
DefaultSource	Critical	3	2017/06/20 13:53:17.618	型 'DBNull' から型 'Integer' への変換は無効です。	   場所 Microsoft.VisualBasic.CompilerServices.Conversions.ToInteger(Object Value)
   場所 StartProc2.ClsDbIo.GetProcessInfo(stProcessInfo[]& objProInf)
DefaultSource	Critical	3	2017/06/20 13:53:18.133	型 'DBNull' から型 'Integer' への変換は無効です。	   場所 Microsoft.VisualBasic.CompilerServices.Conversions.ToInteger(Object Value)
   場所 StartProc2.ClsDbIo.GetProcessInfo(stProcessInfo[]& objProInf)
DefaultSource	Critical	3	2017/06/20 13:53:18.647	型 'DBNull' から型 'Integer' への変換は無効です。	   場所 Microsoft.VisualBasic.CompilerServices.Conversions.ToInteger(Object Value)
   場所 StartProc2.ClsDbIo.GetProcessInfo(stProcessInfo[]& objProInf)
DefaultSource	Critical	3	2017/06/20 13:53:19.162	型 'DBNull' から型 'Integer' への変換は無効です。	   場所 Microsoft.VisualBasic.CompilerServices.Conversions.ToInteger(Object Value)
   場所 StartProc2.ClsDbIo.GetProcessInfo(stProcessInfo[]& objProInf)
DefaultSource	Critical	3	2017/06/20 13:53:19.677	型 'DBNull' から型 'Integer' への変換は無効です。	   場所 Microsoft.VisualBasic.CompilerServices.Conversions.ToInteger(Object Value)
   場所 StartProc2.ClsDbIo.GetProcessInfo(stProcessInfo[]& objProInf)
DefaultSource	Critical	3	2017/06/20 13:53:20.192	型 'DBNull' から型 'Integer' への変換は無効です。	   場所 Microsoft.VisualBasic.CompilerServices.Conversions.ToInteger(Object Value)
   場所 StartProc2.ClsDbIo.GetProcessInfo(stProcessInfo[]& objProInf)
DefaultSource	Critical	3	2017/06/20 13:53:20.707	型 'DBNull' から型 'Integer' への変換は無効です。	   場所 Microsoft.VisualBasic.CompilerServices.Conversions.ToInteger(Object Value)
   場所 StartProc2.ClsDbIo.GetProcessInfo(stProcessInfo[]& objProInf)
DefaultSource	Critical	3	2017/06/20 13:53:21.221	型 'DBNull' から型 'Integer' への変換は無効です。	   場所 Microsoft.VisualBasic.CompilerServices.Conversions.ToInteger(Object Value)
   場所 StartProc2.ClsDbIo.GetProcessInfo(stProcessInfo[]& objProInf)
DefaultSource	Critical	3	2017/06/20 13:53:21.736	型 'DBNull' から型 'Integer' への変換は無効です。	   場所 Microsoft.VisualBasic.CompilerServices.Conversions.ToInteger(Object Value)
   場所 StartProc2.ClsDbIo.GetProcessInfo(stProcessInfo[]& objProInf)
DefaultSource	Critical	3	2017/06/20 13:53:22.251	型 'DBNull' から型 'Integer' への変換は無効です。	   場所 Microsoft.VisualBasic.CompilerServices.Conversions.ToInteger(Object Value)
   場所 StartProc2.ClsDbIo.GetProcessInfo(stProcessInfo[]& objProInf)
DefaultSource	Critical	3	2017/06/20 13:53:22.766	型 'DBNull' から型 'Integer' への変換は無効です。	   場所 Microsoft.VisualBasic.CompilerServices.Conversions.ToInteger(Object Value)
   場所 StartProc2.ClsDbIo.GetProcessInfo(stProcessInfo[]& objProInf)
DefaultSource	Critical	3	2017/06/20 13:53:23.281	型 'DBNull' から型 'Integer' への変換は無効です。	   場所 Microsoft.VisualBasic.CompilerServices.Conversions.ToInteger(Object Value)
   場所 StartProc2.ClsDbIo.GetProcessInfo(stProcessInfo[]& objProInf)
DefaultSource	Critical	3	2017/06/20 13:53:23.795	型 'DBNull' から型 'Integer' への変換は無効です。	   場所 Microsoft.VisualBasic.CompilerServices.Conversions.ToInteger(Object Value)
   場所 StartProc2.ClsDbIo.GetProcessInfo(stProcessInfo[]& objProInf)
DefaultSource	Critical	3	2017/06/20 13:53:24.310	型 'DBNull' から型 'Integer' への変換は無効です。	   場所 Microsoft.VisualBasic.CompilerServices.Conversions.ToInteger(Object Value)
   場所 StartProc2.ClsDbIo.GetProcessInfo(stProcessInfo[]& objProInf)
DefaultSource	Critical	3	2017/06/20 13:53:24.825	型 'DBNull' から型 'Integer' への変換は無効です。	   場所 Microsoft.VisualBasic.CompilerServices.Conversions.ToInteger(Object Value)
   場所 StartProc2.ClsDbIo.GetProcessInfo(stProcessInfo[]& objProInf)
DefaultSource	Critical	3	2017/06/20 13:53:25.340	型 'DBNull' から型 'Integer' への変換は無効です。	   場所 Microsoft.VisualBasic.CompilerServices.Conversions.ToInteger(Object Value)
   場所 StartProc2.ClsDbIo.GetProcessInfo(stProcessInfo[]& objProInf)
DefaultSource	Critical	3	2017/06/20 13:53:25.855	型 'DBNull' から型 'Integer' への変換は無効です。	   場所 Microsoft.VisualBasic.CompilerServices.Conversions.ToInteger(Object Value)
   場所 StartProc2.ClsDbIo.GetProcessInfo(stProcessInfo[]& objProInf)
DefaultSource	Critical	3	2017/06/20 13:53:26.369	型 'DBNull' から型 'Integer' への変換は無効です。	   場所 Microsoft.VisualBasic.CompilerServices.Conversions.ToInteger(Object Value)
   場所 StartProc2.ClsDbIo.GetProcessInfo(stProcessInfo[]& objProInf)
DefaultSource	Critical	3	2017/06/20 13:53:26.884	型 'DBNull' から型 'Integer' への変換は無効です。	   場所 Microsoft.VisualBasic.CompilerServices.Conversions.ToInteger(Object Value)
   場所 StartProc2.ClsDbIo.GetProcessInfo(stProcessInfo[]& objProInf)
DefaultSource	Critical	3	2017/06/20 13:53:27.399	型 'DBNull' から型 'Integer' への変換は無効です。	   場所 Microsoft.VisualBasic.CompilerServices.Conversions.ToInteger(Object Value)
   場所 StartProc2.ClsDbIo.GetProcessInfo(stProcessInfo[]& objProInf)
DefaultSource	Critical	3	2017/06/20 13:53:27.914	型 'DBNull' から型 'Integer' への変換は無効です。	   場所 Microsoft.VisualBasic.CompilerServices.Conversions.ToInteger(Object Value)
   場所 StartProc2.ClsDbIo.GetProcessInfo(stProcessInfo[]& objProInf)
DefaultSource	Critical	3	2017/06/20 13:53:28.429	型 'DBNull' から型 'Integer' への変換は無効です。	   場所 Microsoft.VisualBasic.CompilerServices.Conversions.ToInteger(Object Value)
   場所 StartProc2.ClsDbIo.GetProcessInfo(stProcessInfo[]& objProInf)
DefaultSource	Critical	3	2017/06/20 13:53:28.943	型 'DBNull' から型 'Integer' への変換は無効です。	   場所 Microsoft.VisualBasic.CompilerServices.Conversions.ToInteger(Object Value)
   場所 StartProc2.ClsDbIo.GetProcessInfo(stProcessInfo[]& objProInf)
DefaultSource	Critical	3	2017/06/20 13:53:29.458	型 'DBNull' から型 'Integer' への変換は無効です。	   場所 Microsoft.VisualBasic.CompilerServices.Conversions.ToInteger(Object Value)
   場所 StartProc2.ClsDbIo.GetProcessInfo(stProcessInfo[]& objProInf)
DefaultSource	Critical	3	2017/06/20 13:53:29.973	型 'DBNull' から型 'Integer' への変換は無効です。	   場所 Microsoft.VisualBasic.CompilerServices.Conversions.ToInteger(Object Value)
   場所 StartProc2.ClsDbIo.GetProcessInfo(stProcessInfo[]& objProInf)
DefaultSource	Critical	3	2017/06/20 13:53:30.488	型 'DBNull' から型 'Integer' への変換は無効です。	   場所 Microsoft.VisualBasic.CompilerServices.Conversions.ToInteger(Object Value)
   場所 StartProc2.ClsDbIo.GetProcessInfo(stProcessInfo[]& objProInf)
DefaultSource	Critical	3	2017/06/20 13:53:31.003	型 'DBNull' から型 'Integer' への変換は無効です。	   場所 Microsoft.VisualBasic.CompilerServices.Conversions.ToInteger(Object Value)
   場所 StartProc2.ClsDbIo.GetProcessInfo(stProcessInfo[]& objProInf)
DefaultSource	Critical	3	2017/06/20 13:53:31.517	型 'DBNull' から型 'Integer' への変換は無効です。	   場所 Microsoft.VisualBasic.CompilerServices.Conversions.ToInteger(Object Value)
   場所 StartProc2.ClsDbIo.GetProcessInfo(stProcessInfo[]& objProInf)
DefaultSource	Critical	3	2017/06/20 13:53:32.032	型 'DBNull' から型 'Integer' への変換は無効です。	   場所 Microsoft.VisualBasic.CompilerServices.Conversions.ToInteger(Object Value)
   場所 StartProc2.ClsDbIo.GetProcessInfo(stProcessInfo[]& objProInf)
DefaultSource	Critical	3	2017/06/20 13:53:32.547	型 'DBNull' から型 'Integer' への変換は無効です。	   場所 Microsoft.VisualBasic.CompilerServices.Conversions.ToInteger(Object Value)
   場所 StartProc2.ClsDbIo.GetProcessInfo(stProcessInfo[]& objProInf)
DefaultSource	Critical	3	2017/06/20 13:53:33.062	型 'DBNull' から型 'Integer' への変換は無効です。	   場所 Microsoft.VisualBasic.CompilerServices.Conversions.ToInteger(Object Value)
   場所 StartProc2.ClsDbIo.GetProcessInfo(stProcessInfo[]& objProInf)
DefaultSource	Critical	3	2017/06/20 13:53:33.577	型 'DBNull' から型 'Integer' への変換は無効です。	   場所 Microsoft.VisualBasic.CompilerServices.Conversions.ToInteger(Object Value)
   場所 StartProc2.ClsDbIo.GetProcessInfo(stProcessInfo[]& objProInf)
DefaultSource	Critical	3	2017/06/20 13:53:34.091	型 'DBNull' から型 'Integer' への変換は無効です。	   場所 Microsoft.VisualBasic.CompilerServices.Conversions.ToInteger(Object Value)
   場所 StartProc2.ClsDbIo.GetProcessInfo(stProcessInfo[]& objProInf)
DefaultSource	Critical	3	2017/06/20 13:53:34.606	型 'DBNull' から型 'Integer' への変換は無効です。	   場所 Microsoft.VisualBasic.CompilerServices.Conversions.ToInteger(Object Value)
   場所 StartProc2.ClsDbIo.GetProcessInfo(stProcessInfo[]& objProInf)
DefaultSource	Critical	3	2017/06/20 13:53:35.121	型 'DBNull' から型 'Integer' への変換は無効です。	   場所 Microsoft.VisualBasic.CompilerServices.Conversions.ToInteger(Object Value)
   場所 StartProc2.ClsDbIo.GetProcessInfo(stProcessInfo[]& objProInf)
DefaultSource	Critical	3	2017/06/20 13:53:35.636	型 'DBNull' から型 'Integer' への変換は無効です。	   場所 Microsoft.VisualBasic.CompilerServices.Conversions.ToInteger(Object Value)
   場所 StartProc2.ClsDbIo.GetProcessInfo(stProcessInfo[]& objProInf)
DefaultSource	Critical	3	2017/06/20 13:53:36.151	型 'DBNull' から型 'Integer' への変換は無効です。	   場所 Microsoft.VisualBasic.CompilerServices.Conversions.ToInteger(Object Value)
   場所 StartProc2.ClsDbIo.GetProcessInfo(stProcessInfo[]& objProInf)
DefaultSource	Critical	3	2017/06/20 13:53:36.665	型 'DBNull' から型 'Integer' への変換は無効です。	   場所 Microsoft.VisualBasic.CompilerServices.Conversions.ToInteger(Object Value)
   場所 StartProc2.ClsDbIo.GetProcessInfo(stProcessInfo[]& objProInf)
DefaultSource	Critical	3	2017/06/20 13:53:37.180	型 'DBNull' から型 'Integer' への変換は無効です。	   場所 Microsoft.VisualBasic.CompilerServices.Conversions.ToInteger(Object Value)
   場所 StartProc2.ClsDbIo.GetProcessInfo(stProcessInfo[]& objProInf)
DefaultSource	Critical	3	2017/06/20 13:53:37.695	型 'DBNull' から型 'Integer' への変換は無効です。	   場所 Microsoft.VisualBasic.CompilerServices.Conversions.ToInteger(Object Value)
   場所 StartProc2.ClsDbIo.GetProcessInfo(stProcessInfo[]& objProInf)
DefaultSource	Critical	3	2017/06/20 13:53:38.210	型 'DBNull' から型 'Integer' への変換は無効です。	   場所 Microsoft.VisualBasic.CompilerServices.Conversions.ToInteger(Object Value)
   場所 StartProc2.ClsDbIo.GetProcessInfo(stProcessInfo[]& objProInf)
DefaultSource	Critical	3	2017/06/20 13:53:38.725	型 'DBNull' から型 'Integer' への変換は無効です。	   場所 Microsoft.VisualBasic.CompilerServices.Conversions.ToInteger(Object Value)
   場所 StartProc2.ClsDbIo.GetProcessInfo(stProcessInfo[]& objProInf)
DefaultSource	Critical	3	2017/06/20 13:53:39.239	型 'DBNull' から型 'Integer' への変換は無効です。	   場所 Microsoft.VisualBasic.CompilerServices.Conversions.ToInteger(Object Value)
   場所 StartProc2.ClsDbIo.GetProcessInfo(stProcessInfo[]& objProInf)
DefaultSource	Critical	3	2017/06/20 13:53:39.754	型 'DBNull' から型 'Integer' への変換は無効です。	   場所 Microsoft.VisualBasic.CompilerServices.Conversions.ToInteger(Object Value)
   場所 StartProc2.ClsDbIo.GetProcessInfo(stProcessInfo[]& objProInf)
DefaultSource	Critical	3	2017/06/20 13:53:40.269	型 'DBNull' から型 'Integer' への変換は無効です。	   場所 Microsoft.VisualBasic.CompilerServices.Conversions.ToInteger(Object Value)
   場所 StartProc2.ClsDbIo.GetProcessInfo(stProcessInfo[]& objProInf)
DefaultSource	Critical	3	2017/06/20 13:53:40.784	型 'DBNull' から型 'Integer' への変換は無効です。	   場所 Microsoft.VisualBasic.CompilerServices.Conversions.ToInteger(Object Value)
   場所 StartProc2.ClsDbIo.GetProcessInfo(stProcessInfo[]& objProInf)
DefaultSource	Critical	3	2017/06/20 13:53:41.299	型 'DBNull' から型 'Integer' への変換は無効です。	   場所 Microsoft.VisualBasic.CompilerServices.Conversions.ToInteger(Object Value)
   場所 StartProc2.ClsDbIo.GetProcessInfo(stProcessInfo[]& objProInf)
DefaultSource	Critical	3	2017/06/20 13:53:41.813	型 'DBNull' から型 'Integer' への変換は無効です。	   場所 Microsoft.VisualBasic.CompilerServices.Conversions.ToInteger(Object Value)
   場所 StartProc2.ClsDbIo.GetProcessInfo(stProcessInfo[]& objProInf)
DefaultSource	Critical	3	2017/06/20 13:53:42.328	型 'DBNull' から型 'Integer' への変換は無効です。	   場所 Microsoft.VisualBasic.CompilerServices.Conversions.ToInteger(Object Value)
   場所 StartProc2.ClsDbIo.GetProcessInfo(stProcessInfo[]& objProInf)
DefaultSource	Critical	3	2017/06/20 13:53:42.843	型 'DBNull' から型 'Integer' への変換は無効です。	   場所 Microsoft.VisualBasic.CompilerServices.Conversions.ToInteger(Object Value)
   場所 StartProc2.ClsDbIo.GetProcessInfo(stProcessInfo[]& objProInf)
DefaultSource	Critical	3	2017/06/20 13:53:43.358	型 'DBNull' から型 'Integer' への変換は無効です。	   場所 Microsoft.VisualBasic.CompilerServices.Conversions.ToInteger(Object Value)
   場所 StartProc2.ClsDbIo.GetProcessInfo(stProcessInfo[]& objProInf)
DefaultSource	Critical	3	2017/06/20 13:53:43.873	型 'DBNull' から型 'Integer' への変換は無効です。	   場所 Microsoft.VisualBasic.CompilerServices.Conversions.ToInteger(Object Value)
   場所 StartProc2.ClsDbIo.GetProcessInfo(stProcessInfo[]& objProInf)
DefaultSource	Critical	3	2017/06/20 13:53:44.387	型 'DBNull' から型 'Integer' への変換は無効です。	   場所 Microsoft.VisualBasic.CompilerServices.Conversions.ToInteger(Object Value)
   場所 StartProc2.ClsDbIo.GetProcessInfo(stProcessInfo[]& objProInf)
DefaultSource	Critical	3	2017/06/20 13:53:44.902	型 'DBNull' から型 'Integer' への変換は無効です。	   場所 Microsoft.VisualBasic.CompilerServices.Conversions.ToInteger(Object Value)
   場所 StartProc2.ClsDbIo.GetProcessInfo(stProcessInfo[]& objProInf)
DefaultSource	Critical	3	2017/06/20 13:53:45.417	型 'DBNull' から型 'Integer' への変換は無効です。	   場所 Microsoft.VisualBasic.CompilerServices.Conversions.ToInteger(Object Value)
   場所 StartProc2.ClsDbIo.GetProcessInfo(stProcessInfo[]& objProInf)
DefaultSource	Critical	3	2017/06/20 13:53:45.932	型 'DBNull' から型 'Integer' への変換は無効です。	   場所 Microsoft.VisualBasic.CompilerServices.Conversions.ToInteger(Object Value)
   場所 StartProc2.ClsDbIo.GetProcessInfo(stProcessInfo[]& objProInf)
DefaultSource	Critical	3	2017/06/20 13:53:46.447	型 'DBNull' から型 'Integer' への変換は無効です。	   場所 Microsoft.VisualBasic.CompilerServices.Conversions.ToInteger(Object Value)
   場所 StartProc2.ClsDbIo.GetProcessInfo(stProcessInfo[]& objProInf)
DefaultSource	Critical	3	2017/06/20 13:53:46.961	型 'DBNull' から型 'Integer' への変換は無効です。	   場所 Microsoft.VisualBasic.CompilerServices.Conversions.ToInteger(Object Value)
   場所 StartProc2.ClsDbIo.GetProcessInfo(stProcessInfo[]& objProInf)
DefaultSource	Critical	3	2017/06/20 13:53:47.476	型 'DBNull' から型 'Integer' への変換は無効です。	   場所 Microsoft.VisualBasic.CompilerServices.Conversions.ToInteger(Object Value)
   場所 StartProc2.ClsDbIo.GetProcessInfo(stProcessInfo[]& objProInf)
DefaultSource	Critical	3	2017/06/20 13:53:47.991	型 'DBNull' から型 'Integer' への変換は無効です。	   場所 Microsoft.VisualBasic.CompilerServices.Conversions.ToInteger(Object Value)
   場所 StartProc2.ClsDbIo.GetProcessInfo(stProcessInfo[]& objProInf)
DefaultSource	Critical	3	2017/06/20 13:53:48.506	型 'DBNull' から型 'Integer' への変換は無効です。	   場所 Microsoft.VisualBasic.CompilerServices.Conversions.ToInteger(Object Value)
   場所 StartProc2.ClsDbIo.GetProcessInfo(stProcessInfo[]& objProInf)
DefaultSource	Critical	3	2017/06/20 13:53:49.021	型 'DBNull' から型 'Integer' への変換は無効です。	   場所 Microsoft.VisualBasic.CompilerServices.Conversions.ToInteger(Object Value)
   場所 StartProc2.ClsDbIo.GetProcessInfo(stProcessInfo[]& objProInf)
DefaultSource	Critical	3	2017/06/20 13:53:49.535	型 'DBNull' から型 'Integer' への変換は無効です。	   場所 Microsoft.VisualBasic.CompilerServices.Conversions.ToInteger(Object Value)
   場所 StartProc2.ClsDbIo.GetProcessInfo(stProcessInfo[]& objProInf)
DefaultSource	Critical	3	2017/06/20 13:53:50.050	型 'DBNull' から型 'Integer' への変換は無効です。	   場所 Microsoft.VisualBasic.CompilerServices.Conversions.ToInteger(Object Value)
   場所 StartProc2.ClsDbIo.GetProcessInfo(stProcessInfo[]& objProInf)
DefaultSource	Critical	3	2017/06/20 13:53:50.565	型 'DBNull' から型 'Integer' への変換は無効です。	   場所 Microsoft.VisualBasic.CompilerServices.Conversions.ToInteger(Object Value)
   場所 StartProc2.ClsDbIo.GetProcessInfo(stProcessInfo[]& objProInf)
DefaultSource	Critical	3	2017/06/20 13:53:51.080	型 'DBNull' から型 'Integer' への変換は無効です。	   場所 Microsoft.VisualBasic.CompilerServices.Conversions.ToInteger(Object Value)
   場所 StartProc2.ClsDbIo.GetProcessInfo(stProcessInfo[]& objProInf)
DefaultSource	Critical	3	2017/06/20 13:53:51.595	型 'DBNull' から型 'Integer' への変換は無効です。	   場所 Microsoft.VisualBasic.CompilerServices.Conversions.ToInteger(Object Value)
   場所 StartProc2.ClsDbIo.GetProcessInfo(stProcessInfo[]& objProInf)
DefaultSource	Critical	3	2017/06/20 13:53:58.131	型 'DBNull' から型 'Integer' への変換は無効です。	   場所 Microsoft.VisualBasic.CompilerServices.Conversions.ToInteger(Object Value)
   場所 StartProc2.ClsDbIo.GetProcessInfo(stProcessInfo[]& objProInf)
DefaultSource	Critical	3	2017/06/20 13:53:58.661	型 'DBNull' から型 'Integer' への変換は無効です。	   場所 Microsoft.VisualBasic.CompilerServices.Conversions.ToInteger(Object Value)
   場所 StartProc2.ClsDbIo.GetProcessInfo(stProcessInfo[]& objProInf)
DefaultSource	Critical	3	2017/06/20 13:53:59.176	型 'DBNull' から型 'Integer' への変換は無効です。	   場所 Microsoft.VisualBasic.CompilerServices.Conversions.ToInteger(Object Value)
   場所 StartProc2.ClsDbIo.GetProcessInfo(stProcessInfo[]& objProInf)
DefaultSource	Critical	3	2017/06/20 13:53:59.691	型 'DBNull' から型 'Integer' への変換は無効です。	   場所 Microsoft.VisualBasic.CompilerServices.Conversions.ToInteger(Object Value)
   場所 StartProc2.ClsDbIo.GetProcessInfo(stProcessInfo[]& objProInf)
DefaultSource	Critical	3	2017/06/20 13:54:00.206	型 'DBNull' から型 'Integer' への変換は無効です。	   場所 Microsoft.VisualBasic.CompilerServices.Conversions.ToInteger(Object Value)
   場所 StartProc2.ClsDbIo.GetProcessInfo(stProcessInfo[]& objProInf)
DefaultSource	Critical	3	2017/06/20 13:54:00.721	型 'DBNull' から型 'Integer' への変換は無効です。	   場所 Microsoft.VisualBasic.CompilerServices.Conversions.ToInteger(Object Value)
   場所 StartProc2.ClsDbIo.GetProcessInfo(stProcessInfo[]& objProInf)
DefaultSource	Critical	3	2017/06/20 13:54:01.235	型 'DBNull' から型 'Integer' への変換は無効です。	   場所 Microsoft.VisualBasic.CompilerServices.Conversions.ToInteger(Object Value)
   場所 StartProc2.ClsDbIo.GetProcessInfo(stProcessInfo[]& objProInf)
DefaultSource	Critical	3	2017/06/20 13:54:01.750	型 'DBNull' から型 'Integer' への変換は無効です。	   場所 Microsoft.VisualBasic.CompilerServices.Conversions.ToInteger(Object Value)
   場所 StartProc2.ClsDbIo.GetProcessInfo(stProcessInfo[]& objProInf)
DefaultSource	Critical	3	2017/06/20 13:54:02.265	型 'DBNull' から型 'Integer' への変換は無効です。	   場所 Microsoft.VisualBasic.CompilerServices.Conversions.ToInteger(Object Value)
   場所 StartProc2.ClsDbIo.GetProcessInfo(stProcessInfo[]& objProInf)
DefaultSource	Critical	3	2017/06/20 13:54:02.780	型 'DBNull' から型 'Integer' への変換は無効です。	   場所 Microsoft.VisualBasic.CompilerServices.Conversions.ToInteger(Object Value)
   場所 StartProc2.ClsDbIo.GetProcessInfo(stProcessInfo[]& objProInf)
DefaultSource	Critical	3	2017/06/20 13:54:03.295	型 'DBNull' から型 'Integer' への変換は無効です。	   場所 Microsoft.VisualBasic.CompilerServices.Conversions.ToInteger(Object Value)
   場所 StartProc2.ClsDbIo.GetProcessInfo(stProcessInfo[]& objProInf)
DefaultSource	Critical	3	2017/06/20 13:54:03.809	型 'DBNull' から型 'Integer' への変換は無効です。	   場所 Microsoft.VisualBasic.CompilerServices.Conversions.ToInteger(Object Value)
   場所 StartProc2.ClsDbIo.GetProcessInfo(stProcessInfo[]& objProInf)
DefaultSource	Critical	3	2017/06/20 13:54:04.324	型 'DBNull' から型 'Integer' への変換は無効です。	   場所 Microsoft.VisualBasic.CompilerServices.Conversions.ToInteger(Object Value)
   場所 StartProc2.ClsDbIo.GetProcessInfo(stProcessInfo[]& objProInf)
DefaultSource	Critical	3	2017/06/20 13:54:04.839	型 'DBNull' から型 'Integer' への変換は無効です。	   場所 Microsoft.VisualBasic.CompilerServices.Conversions.ToInteger(Object Value)
   場所 StartProc2.ClsDbIo.GetProcessInfo(stProcessInfo[]& objProInf)
DefaultSource	Critical	3	2017/06/20 13:54:05.354	型 'DBNull' から型 'Integer' への変換は無効です。	   場所 Microsoft.VisualBasic.CompilerServices.Conversions.ToInteger(Object Value)
   場所 StartProc2.ClsDbIo.GetProcessInfo(stProcessInfo[]& objProInf)
DefaultSource	Critical	3	2017/06/20 13:54:05.869	型 'DBNull' から型 'Integer' への変換は無効です。	   場所 Microsoft.VisualBasic.CompilerServices.Conversions.ToInteger(Object Value)
   場所 StartProc2.ClsDbIo.GetProcessInfo(stProcessInfo[]& objProInf)
DefaultSource	Critical	3	2017/06/20 13:54:06.383	型 'DBNull' から型 'Integer' への変換は無効です。	   場所 Microsoft.VisualBasic.CompilerServices.Conversions.ToInteger(Object Value)
   場所 StartProc2.ClsDbIo.GetProcessInfo(stProcessInfo[]& objProInf)
DefaultSource	Critical	3	2017/06/20 13:54:06.898	型 'DBNull' から型 'Integer' への変換は無効です。	   場所 Microsoft.VisualBasic.CompilerServices.Conversions.ToInteger(Object Value)
   場所 StartProc2.ClsDbIo.GetProcessInfo(stProcessInfo[]& objProInf)
DefaultSource	Critical	3	2017/06/20 13:54:07.413	型 'DBNull' から型 'Integer' への変換は無効です。	   場所 Microsoft.VisualBasic.CompilerServices.Conversions.ToInteger(Object Value)
   場所 StartProc2.ClsDbIo.GetProcessInfo(stProcessInfo[]& objProInf)
DefaultSource	Critical	3	2017/06/20 13:54:07.928	型 'DBNull' から型 'Integer' への変換は無効です。	   場所 Microsoft.VisualBasic.CompilerServices.Conversions.ToInteger(Object Value)
   場所 StartProc2.ClsDbIo.GetProcessInfo(stProcessInfo[]& objProInf)
DefaultSource	Critical	3	2017/06/20 13:54:08.443	型 'DBNull' から型 'Integer' への変換は無効です。	   場所 Microsoft.VisualBasic.CompilerServices.Conversions.ToInteger(Object Value)
   場所 StartProc2.ClsDbIo.GetProcessInfo(stProcessInfo[]& objProInf)
DefaultSource	Critical	3	2017/06/20 13:54:08.957	型 'DBNull' から型 'Integer' への変換は無効です。	   場所 Microsoft.VisualBasic.CompilerServices.Conversions.ToInteger(Object Value)
   場所 StartProc2.ClsDbIo.GetProcessInfo(stProcessInfo[]& objProInf)
DefaultSource	Critical	3	2017/06/20 13:54:09.472	型 'DBNull' から型 'Integer' への変換は無効です。	   場所 Microsoft.VisualBasic.CompilerServices.Conversions.ToInteger(Object Value)
   場所 StartProc2.ClsDbIo.GetProcessInfo(stProcessInfo[]& objProInf)
DefaultSource	Critical	3	2017/06/20 13:54:09.987	型 'DBNull' から型 'Integer' への変換は無効です。	   場所 Microsoft.VisualBasic.CompilerServices.Conversions.ToInteger(Object Value)
   場所 StartProc2.ClsDbIo.GetProcessInfo(stProcessInfo[]& objProInf)
DefaultSource	Critical	3	2017/06/20 13:54:10.502	型 'DBNull' から型 'Integer' への変換は無効です。	   場所 Microsoft.VisualBasic.CompilerServices.Conversions.ToInteger(Object Value)
   場所 StartProc2.ClsDbIo.GetProcessInfo(stProcessInfo[]& objProInf)
DefaultSource	Critical	3	2017/06/20 13:54:11.017	型 'DBNull' から型 'Integer' への変換は無効です。	   場所 Microsoft.VisualBasic.CompilerServices.Conversions.ToInteger(Object Value)
   場所 StartProc2.ClsDbIo.GetProcessInfo(stProcessInfo[]& objProInf)
DefaultSource	Critical	3	2017/06/20 13:54:11.531	型 'DBNull' から型 'Integer' への変換は無効です。	   場所 Microsoft.VisualBasic.CompilerServices.Conversions.ToInteger(Object Value)
   場所 StartProc2.ClsDbIo.GetProcessInfo(stProcessInfo[]& objProInf)
DefaultSource	Critical	3	2017/06/20 13:54:12.046	型 'DBNull' から型 'Integer' への変換は無効です。	   場所 Microsoft.VisualBasic.CompilerServices.Conversions.ToInteger(Object Value)
   場所 StartProc2.ClsDbIo.GetProcessInfo(stProcessInfo[]& objProInf)
DefaultSource	Critical	3	2017/06/20 13:54:12.561	型 'DBNull' から型 'Integer' への変換は無効です。	   場所 Microsoft.VisualBasic.CompilerServices.Conversions.ToInteger(Object Value)
   場所 StartProc2.ClsDbIo.GetProcessInfo(stProcessInfo[]& objProInf)
DefaultSource	Critical	3	2017/06/20 13:54:13.076	型 'DBNull' から型 'Integer' への変換は無効です。	   場所 Microsoft.VisualBasic.CompilerServices.Conversions.ToInteger(Object Value)
   場所 StartProc2.ClsDbIo.GetProcessInfo(stProcessInfo[]& objProInf)
DefaultSource	Critical	3	2017/06/20 13:54:13.591	型 'DBNull' から型 'Integer' への変換は無効です。	   場所 Microsoft.VisualBasic.CompilerServices.Conversions.ToInteger(Object Value)
   場所 StartProc2.ClsDbIo.GetProcessInfo(stProcessInfo[]& objProInf)
DefaultSource	Critical	3	2017/06/20 13:54:14.105	型 'DBNull' から型 'Integer' への変換は無効です。	   場所 Microsoft.VisualBasic.CompilerServices.Conversions.ToInteger(Object Value)
   場所 StartProc2.ClsDbIo.GetProcessInfo(stProcessInfo[]& objProInf)
DefaultSource	Critical	3	2017/06/20 13:54:14.620	型 'DBNull' から型 'Integer' への変換は無効です。	   場所 Microsoft.VisualBasic.CompilerServices.Conversions.ToInteger(Object Value)
   場所 StartProc2.ClsDbIo.GetProcessInfo(stProcessInfo[]& objProInf)
DefaultSource	Critical	3	2017/06/20 13:54:15.135	型 'DBNull' から型 'Integer' への変換は無効です。	   場所 Microsoft.VisualBasic.CompilerServices.Conversions.ToInteger(Object Value)
   場所 StartProc2.ClsDbIo.GetProcessInfo(stProcessInfo[]& objProInf)
DefaultSource	Critical	3	2017/06/20 13:54:15.650	型 'DBNull' から型 'Integer' への変換は無効です。	   場所 Microsoft.VisualBasic.CompilerServices.Conversions.ToInteger(Object Value)
   場所 StartProc2.ClsDbIo.GetProcessInfo(stProcessInfo[]& objProInf)
DefaultSource	Critical	3	2017/06/20 13:54:16.165	型 'DBNull' から型 'Integer' への変換は無効です。	   場所 Microsoft.VisualBasic.CompilerServices.Conversions.ToInteger(Object Value)
   場所 StartProc2.ClsDbIo.GetProcessInfo(stProcessInfo[]& objProInf)
DefaultSource	Critical	3	2017/06/20 13:54:16.679	型 'DBNull' から型 'Integer' への変換は無効です。	   場所 Microsoft.VisualBasic.CompilerServices.Conversions.ToInteger(Object Value)
   場所 StartProc2.ClsDbIo.GetProcessInfo(stProcessInfo[]& objProInf)
DefaultSource	Critical	3	2017/06/20 13:54:17.194	型 'DBNull' から型 'Integer' への変換は無効です。	   場所 Microsoft.VisualBasic.CompilerServices.Conversions.ToInteger(Object Value)
   場所 StartProc2.ClsDbIo.GetProcessInfo(stProcessInfo[]& objProInf)
DefaultSource	Critical	3	2017/06/20 13:54:17.709	型 'DBNull' から型 'Integer' への変換は無効です。	   場所 Microsoft.VisualBasic.CompilerServices.Conversions.ToInteger(Object Value)
   場所 StartProc2.ClsDbIo.GetProcessInfo(stProcessInfo[]& objProInf)
DefaultSource	Critical	3	2017/06/20 13:54:18.224	型 'DBNull' から型 'Integer' への変換は無効です。	   場所 Microsoft.VisualBasic.CompilerServices.Conversions.ToInteger(Object Value)
   場所 StartProc2.ClsDbIo.GetProcessInfo(stProcessInfo[]& objProInf)
DefaultSource	Critical	3	2017/06/20 13:54:18.739	型 'DBNull' から型 'Integer' への変換は無効です。	   場所 Microsoft.VisualBasic.CompilerServices.Conversions.ToInteger(Object Value)
   場所 StartProc2.ClsDbIo.GetProcessInfo(stProcessInfo[]& objProInf)
DefaultSource	Critical	3	2017/06/20 13:54:19.253	型 'DBNull' から型 'Integer' への変換は無効です。	   場所 Microsoft.VisualBasic.CompilerServices.Conversions.ToInteger(Object Value)
   場所 StartProc2.ClsDbIo.GetProcessInfo(stProcessInfo[]& objProInf)
DefaultSource	Critical	3	2017/06/20 13:54:19.768	型 'DBNull' から型 'Integer' への変換は無効です。	   場所 Microsoft.VisualBasic.CompilerServices.Conversions.ToInteger(Object Value)
   場所 StartProc2.ClsDbIo.GetProcessInfo(stProcessInfo[]& objProInf)
DefaultSource	Critical	3	2017/06/20 13:54:20.283	型 'DBNull' から型 'Integer' への変換は無効です。	   場所 Microsoft.VisualBasic.CompilerServices.Conversions.ToInteger(Object Value)
   場所 StartProc2.ClsDbIo.GetProcessInfo(stProcessInfo[]& objProInf)
DefaultSource	Critical	3	2017/06/20 13:54:20.798	型 'DBNull' から型 'Integer' への変換は無効です。	   場所 Microsoft.VisualBasic.CompilerServices.Conversions.ToInteger(Object Value)
   場所 StartProc2.ClsDbIo.GetProcessInfo(stProcessInfo[]& objProInf)
DefaultSource	Critical	3	2017/06/20 13:54:21.313	型 'DBNull' から型 'Integer' への変換は無効です。	   場所 Microsoft.VisualBasic.CompilerServices.Conversions.ToInteger(Object Value)
   場所 StartProc2.ClsDbIo.GetProcessInfo(stProcessInfo[]& objProInf)
DefaultSource	Critical	3	2017/06/20 13:54:21.827	型 'DBNull' から型 'Integer' への変換は無効です。	   場所 Microsoft.VisualBasic.CompilerServices.Conversions.ToInteger(Object Value)
   場所 StartProc2.ClsDbIo.GetProcessInfo(stProcessInfo[]& objProInf)
DefaultSource	Critical	3	2017/06/20 13:54:22.342	型 'DBNull' から型 'Integer' への変換は無効です。	   場所 Microsoft.VisualBasic.CompilerServices.Conversions.ToInteger(Object Value)
   場所 StartProc2.ClsDbIo.GetProcessInfo(stProcessInfo[]& objProInf)
DefaultSource	Critical	3	2017/06/20 13:54:22.857	型 'DBNull' から型 'Integer' への変換は無効です。	   場所 Microsoft.VisualBasic.CompilerServices.Conversions.ToInteger(Object Value)
   場所 StartProc2.ClsDbIo.GetProcessInfo(stProcessInfo[]& objProInf)
DefaultSource	Critical	3	2017/06/20 13:54:23.372	型 'DBNull' から型 'Integer' への変換は無効です。	   場所 Microsoft.VisualBasic.CompilerServices.Conversions.ToInteger(Object Value)
   場所 StartProc2.ClsDbIo.GetProcessInfo(stProcessInfo[]& objProInf)
DefaultSource	Critical	3	2017/06/20 13:54:23.887	型 'DBNull' から型 'Integer' への変換は無効です。	   場所 Microsoft.VisualBasic.CompilerServices.Conversions.ToInteger(Object Value)
   場所 StartProc2.ClsDbIo.GetProcessInfo(stProcessInfo[]& objProInf)
DefaultSource	Critical	3	2017/06/20 13:54:24.401	型 'DBNull' から型 'Integer' への変換は無効です。	   場所 Microsoft.VisualBasic.CompilerServices.Conversions.ToInteger(Object Value)
   場所 StartProc2.ClsDbIo.GetProcessInfo(stProcessInfo[]& objProInf)
DefaultSource	Critical	3	2017/06/20 13:54:24.916	型 'DBNull' から型 'Integer' への変換は無効です。	   場所 Microsoft.VisualBasic.CompilerServices.Conversions.ToInteger(Object Value)
   場所 StartProc2.ClsDbIo.GetProcessInfo(stProcessInfo[]& objProInf)
DefaultSource	Critical	3	2017/06/20 13:54:25.431	型 'DBNull' から型 'Integer' への変換は無効です。	   場所 Microsoft.VisualBasic.CompilerServices.Conversions.ToInteger(Object Value)
   場所 StartProc2.ClsDbIo.GetProcessInfo(stProcessInfo[]& objProInf)
DefaultSource	Critical	3	2017/06/20 13:54:25.946	型 'DBNull' から型 'Integer' への変換は無効です。	   場所 Microsoft.VisualBasic.CompilerServices.Conversions.ToInteger(Object Value)
   場所 StartProc2.ClsDbIo.GetProcessInfo(stProcessInfo[]& objProInf)
DefaultSource	Critical	3	2017/06/20 13:54:26.461	型 'DBNull' から型 'Integer' への変換は無効です。	   場所 Microsoft.VisualBasic.CompilerServices.Conversions.ToInteger(Object Value)
   場所 StartProc2.ClsDbIo.GetProcessInfo(stProcessInfo[]& objProInf)
DefaultSource	Critical	3	2017/06/20 13:54:26.975	型 'DBNull' から型 'Integer' への変換は無効です。	   場所 Microsoft.VisualBasic.CompilerServices.Conversions.ToInteger(Object Value)
   場所 StartProc2.ClsDbIo.GetProcessInfo(stProcessInfo[]& objProInf)
DefaultSource	Critical	3	2017/06/20 13:54:27.490	型 'DBNull' から型 'Integer' への変換は無効です。	   場所 Microsoft.VisualBasic.CompilerServices.Conversions.ToInteger(Object Value)
   場所 StartProc2.ClsDbIo.GetProcessInfo(stProcessInfo[]& objProInf)
DefaultSource	Critical	3	2017/06/20 13:54:28.005	型 'DBNull' から型 'Integer' への変換は無効です。	   場所 Microsoft.VisualBasic.CompilerServices.Conversions.ToInteger(Object Value)
   場所 StartProc2.ClsDbIo.GetProcessInfo(stProcessInfo[]& objProInf)
DefaultSource	Critical	3	2017/06/20 13:54:28.520	型 'DBNull' から型 'Integer' への変換は無効です。	   場所 Microsoft.VisualBasic.CompilerServices.Conversions.ToInteger(Object Value)
   場所 StartProc2.ClsDbIo.GetProcessInfo(stProcessInfo[]& objProInf)
DefaultSource	Critical	3	2017/06/20 13:54:29.035	型 'DBNull' から型 'Integer' への変換は無効です。	   場所 Microsoft.VisualBasic.CompilerServices.Conversions.ToInteger(Object Value)
   場所 StartProc2.ClsDbIo.GetProcessInfo(stProcessInfo[]& objProInf)
DefaultSource	Critical	3	2017/06/20 13:54:29.549	型 'DBNull' から型 'Integer' への変換は無効です。	   場所 Microsoft.VisualBasic.CompilerServices.Conversions.ToInteger(Object Value)
   場所 StartProc2.ClsDbIo.GetProcessInfo(stProcessInfo[]& objProInf)
DefaultSource	Critical	3	2017/06/20 13:54:30.064	型 'DBNull' から型 'Integer' への変換は無効です。	   場所 Microsoft.VisualBasic.CompilerServices.Conversions.ToInteger(Object Value)
   場所 StartProc2.ClsDbIo.GetProcessInfo(stProcessInfo[]& objProInf)
DefaultSource	Critical	3	2017/06/20 13:54:30.579	型 'DBNull' から型 'Integer' への変換は無効です。	   場所 Microsoft.VisualBasic.CompilerServices.Conversions.ToInteger(Object Value)
   場所 StartProc2.ClsDbIo.GetProcessInfo(stProcessInfo[]& objProInf)
DefaultSource	Critical	3	2017/06/20 13:54:31.094	型 'DBNull' から型 'Integer' への変換は無効です。	   場所 Microsoft.VisualBasic.CompilerServices.Conversions.ToInteger(Object Value)
   場所 StartProc2.ClsDbIo.GetProcessInfo(stProcessInfo[]& objProInf)
DefaultSource	Critical	3	2017/06/20 13:54:31.609	型 'DBNull' から型 'Integer' への変換は無効です。	   場所 Microsoft.VisualBasic.CompilerServices.Conversions.ToInteger(Object Value)
   場所 StartProc2.ClsDbIo.GetProcessInfo(stProcessInfo[]& objProInf)
DefaultSource	Critical	3	2017/06/20 13:54:32.123	型 'DBNull' から型 'Integer' への変換は無効です。	   場所 Microsoft.VisualBasic.CompilerServices.Conversions.ToInteger(Object Value)
   場所 StartProc2.ClsDbIo.GetProcessInfo(stProcessInfo[]& objProInf)
DefaultSource	Critical	3	2017/06/20 13:54:32.638	型 'DBNull' から型 'Integer' への変換は無効です。	   場所 Microsoft.VisualBasic.CompilerServices.Conversions.ToInteger(Object Value)
   場所 StartProc2.ClsDbIo.GetProcessInfo(stProcessInfo[]& objProInf)
DefaultSource	Critical	3	2017/06/20 13:54:33.153	型 'DBNull' から型 'Integer' への変換は無効です。	   場所 Microsoft.VisualBasic.CompilerServices.Conversions.ToInteger(Object Value)
   場所 StartProc2.ClsDbIo.GetProcessInfo(stProcessInfo[]& objProInf)
DefaultSource	Critical	3	2017/06/20 13:54:33.668	型 'DBNull' から型 'Integer' への変換は無効です。	   場所 Microsoft.VisualBasic.CompilerServices.Conversions.ToInteger(Object Value)
   場所 StartProc2.ClsDbIo.GetProcessInfo(stProcessInfo[]& objProInf)
DefaultSource	Critical	3	2017/06/20 13:54:34.183	型 'DBNull' から型 'Integer' への変換は無効です。	   場所 Microsoft.VisualBasic.CompilerServices.Conversions.ToInteger(Object Value)
   場所 StartProc2.ClsDbIo.GetProcessInfo(stProcessInfo[]& objProInf)
DefaultSource	Critical	3	2017/06/20 13:54:34.697	型 'DBNull' から型 'Integer' への変換は無効です。	   場所 Microsoft.VisualBasic.CompilerServices.Conversions.ToInteger(Object Value)
   場所 StartProc2.ClsDbIo.GetProcessInfo(stProcessInfo[]& objProInf)
DefaultSource	Critical	3	2017/06/20 13:54:35.212	型 'DBNull' から型 'Integer' への変換は無効です。	   場所 Microsoft.VisualBasic.CompilerServices.Conversions.ToInteger(Object Value)
   場所 StartProc2.ClsDbIo.GetProcessInfo(stProcessInfo[]& objProInf)
DefaultSource	Critical	3	2017/06/20 13:54:35.727	型 'DBNull' から型 'Integer' への変換は無効です。	   場所 Microsoft.VisualBasic.CompilerServices.Conversions.ToInteger(Object Value)
   場所 StartProc2.ClsDbIo.GetProcessInfo(stProcessInfo[]& objProInf)
DefaultSource	Critical	3	2017/06/20 13:54:36.242	型 'DBNull' から型 'Integer' への変換は無効です。	   場所 Microsoft.VisualBasic.CompilerServices.Conversions.ToInteger(Object Value)
   場所 StartProc2.ClsDbIo.GetProcessInfo(stProcessInfo[]& objProInf)
DefaultSource	Critical	3	2017/06/20 13:54:36.757	型 'DBNull' から型 'Integer' への変換は無効です。	   場所 Microsoft.VisualBasic.CompilerServices.Conversions.ToInteger(Object Value)
   場所 StartProc2.ClsDbIo.GetProcessInfo(stProcessInfo[]& objProInf)
DefaultSource	Critical	3	2017/06/20 13:54:37.271	型 'DBNull' から型 'Integer' への変換は無効です。	   場所 Microsoft.VisualBasic.CompilerServices.Conversions.ToInteger(Object Value)
   場所 StartProc2.ClsDbIo.GetProcessInfo(stProcessInfo[]& objProInf)
DefaultSource	Critical	3	2017/06/20 13:54:37.786	型 'DBNull' から型 'Integer' への変換は無効です。	   場所 Microsoft.VisualBasic.CompilerServices.Conversions.ToInteger(Object Value)
   場所 StartProc2.ClsDbIo.GetProcessInfo(stProcessInfo[]& objProInf)
DefaultSource	Critical	3	2017/06/20 13:54:38.301	型 'DBNull' から型 'Integer' への変換は無効です。	   場所 Microsoft.VisualBasic.CompilerServices.Conversions.ToInteger(Object Value)
   場所 StartProc2.ClsDbIo.GetProcessInfo(stProcessInfo[]& objProInf)
DefaultSource	Critical	3	2017/06/20 13:54:38.816	型 'DBNull' から型 'Integer' への変換は無効です。	   場所 Microsoft.VisualBasic.CompilerServices.Conversions.ToInteger(Object Value)
   場所 StartProc2.ClsDbIo.GetProcessInfo(stProcessInfo[]& objProInf)
DefaultSource	Critical	3	2017/06/20 13:54:39.331	型 'DBNull' から型 'Integer' への変換は無効です。	   場所 Microsoft.VisualBasic.CompilerServices.Conversions.ToInteger(Object Value)
   場所 StartProc2.ClsDbIo.GetProcessInfo(stProcessInfo[]& objProInf)
DefaultSource	Critical	3	2017/06/20 13:54:39.845	型 'DBNull' から型 'Integer' への変換は無効です。	   場所 Microsoft.VisualBasic.CompilerServices.Conversions.ToInteger(Object Value)
   場所 StartProc2.ClsDbIo.GetProcessInfo(stProcessInfo[]& objProInf)
DefaultSource	Critical	3	2017/06/20 13:54:40.346	型 'DBNull' から型 'Integer' への変換は無効です。	   場所 Microsoft.VisualBasic.CompilerServices.Conversions.ToInteger(Object Value)
   場所 StartProc2.ClsDbIo.GetProcessInfo(stProcessInfo[]& objProInf)
DefaultSource	Critical	3	2017/06/20 13:54:40.846	型 'DBNull' から型 'Integer' への変換は無効です。	   場所 Microsoft.VisualBasic.CompilerServices.Conversions.ToInteger(Object Value)
   場所 StartProc2.ClsDbIo.GetProcessInfo(stProcessInfo[]& objProInf)
DefaultSource	Critical	3	2017/06/20 13:54:49.003	'0' の InvalidArgument=Value は 'index' に対して有効ではありません。
パラメータ名: index	   場所 System.Windows.Forms.ListView.ListViewItemCollection.get_Item(Int32 index)
   場所 StartProc2.MainForm.ForcingStartProc()
DefaultSource	Warning	1	2017/06/20 13:54:49.018	スタートプロセス起動
DefaultSource	Warning	1	2017/06/20 13:54:55.383	スタートプロセス起動
DefaultSource	Warning	1	2017/06/20 13:54:57.973	スタートプロセス終了
DefaultSource	Warning	1	2017/06/20 13:57:04.465	スタートプロセス起動
DefaultSource	Warning	1	2017/06/20 14:05:21.061	スタートプロセス終了
DefaultSource	Warning	1	2017/06/20 14:40:16.176	スタートプロセス起動
DefaultSource	Error	2	2017/06/20 14:40:52.867	プロセスが見つかりません: FileName=[C:\Process\STR\AlarmProc.exe] Arguments=[] 
DefaultSource	Error	2	2017/06/20 14:41:34.628	プロセスが見つかりません: FileName=[C:\Process\PCS\ADAMComProc.exe] Arguments=[] 
DefaultSource	Warning	1	2017/06/20 14:41:39.808	プロセス監視 異常発生: ProcessID=[16] Process=[ADAMComProc] Param=[] DataYMD=[] StatusFlg=[0]
DefaultSource	Error	2	2017/06/20 14:41:39.808	プロセスが見つかりません: FileName=[C:\Process\IO\EcatComProc.exe] Arguments=[] 
DefaultSource	Warning	1	2017/06/20 14:41:44.987	プロセス監視 異常発生: ProcessID=[17] Process=[EcatComProc] Param=[] DataYMD=[] StatusFlg=[0]
DefaultSource	Error	2	2017/06/20 14:41:44.987	プロセスが見つかりません: FileName=[C:\Process\IO\ECatManager.exe] Arguments=[] 
DefaultSource	Warning	1	2017/06/20 14:41:50.150	プロセス監視 異常発生: ProcessID=[18] Process=[ECatManager] Param=[] DataYMD=[] StatusFlg=[0]
DefaultSource	Error	2	2017/06/20 14:41:50.150	プロセスが見つかりません: FileName=[C:\Process\TRF\LTransferCSV20.exe] Arguments=[] 
DefaultSource	Error	2	2017/06/20 14:42:21.193	プロセスが見つかりません: FileName=[C:\Process\STR\AlarmProc_1000V.exe] Arguments=[] 
DefaultSource	Error	2	2017/06/20 14:42:36.903	プロセスが見つかりません: FileName=[C:\Process\PCS\OutCsvProc.exe] Arguments=[] 
DefaultSource	Error	2	2017/06/20 14:43:27.769	プロセスが見つかりません: FileName=[C:\Process\PCS\SubPlantDataProc.exe] Arguments=[] 
DefaultSource	Warning	1	2017/06/20 14:43:32.948	プロセス監視 異常発生: ProcessID=[37] Process=[SubPlantDataProc] Param=[] DataYMD=[] StatusFlg=[0]
DefaultSource	Error	2	2017/06/20 14:43:48.579	プロセスが見つかりません: FileName=[C:\Process\SYS\TimeSyncProc.exe] Arguments=[] 
DefaultSource	Warning	1	2017/06/20 14:43:53.758	プロセス監視 異常発生: ProcessID=[41] Process=[TimeSyncProc] Param=[] DataYMD=[] StatusFlg=[0]
DefaultSource	Warning	1	2017/06/20 14:44:17.034	プロセス監視 異常発生: ProcessID=[12] Process=[PCSComProc] Param=[2] DataYMD=[] StatusFlg=[0]
DefaultSource	Warning	1	2017/06/20 14:44:17.049	プロセス監視 異常発生: ProcessID=[13] Process=[PCSComProc] Param=[3] DataYMD=[] StatusFlg=[0]
DefaultSource	Warning	1	2017/06/20 14:44:17.049	プロセス監視 異常発生: ProcessID=[14] Process=[PCSComProc] Param=[4] DataYMD=[] StatusFlg=[0]
DefaultSource	Warning	1	2017/06/20 14:44:17.065	プロセス監視 異常発生: ProcessID=[22] Process=[StrComProc] Param=[2] DataYMD=[] StatusFlg=[0]
DefaultSource	Warning	1	2017/06/20 14:44:17.080	プロセス監視 異常発生: ProcessID=[23] Process=[StrComProc] Param=[3] DataYMD=[] StatusFlg=[0]
DefaultSource	Warning	1	2017/06/20 14:44:17.080	プロセス監視 異常発生: ProcessID=[33] Process=[ModComProc] Param=[] DataYMD=[2017/06/20 10:48:41] StatusFlg=[0]
DefaultSource	Warning	1	2017/06/20 14:44:17.096	プロセス監視 異常発生: ProcessID=[36] Process=[DBLinkProc] Param=[1] DataYMD=[] StatusFlg=[0]
DefaultSource	Warning	1	2017/06/20 14:44:17.096	プロセス監視 異常発生: ProcessID=[38] Process=[AdComProc] Param=[] DataYMD=[2017/06/20 10:55:22] StatusFlg=[0]
DefaultSource	Warning	1	2017/06/20 14:45:17.111	プロセス監視 異常復旧: ProcessID=[36] Process=[DBLinkProc] Param=[1] DataYMD=[2017/06/20 14:44:28] StatusFlg=[0]
DefaultSource	Warning	1	2017/06/20 14:45:52.458	プロセス強制終了: Process=[StrComProc] Param=[2] DataYMD=[] StatusFlg=[0]
DefaultSource	Warning	1	2017/06/20 14:47:03.400	プロセス強制終了: Process=[StrComProc] Param=[3] DataYMD=[] StatusFlg=[0]
DefaultSource	Critical	3	2017/06/20 14:47:18.158	'6' の InvalidArgument=Value は 'index' に対して有効ではありません。
パラメータ名: index	   場所 System.Windows.Forms.ListView.ListViewItemCollection.get_Item(Int32 index)
   場所 StartProc2.MainForm.RestartProc()
   場所 StartProc2.MainForm._Lambda$__5()
DefaultSource	Warning	1	2017/06/20 14:47:18.174	スタートプロセス終了
DefaultSource	Warning	1	2017/06/20 14:49:44.030	スタートプロセス起動
DefaultSource	Error	2	2017/06/20 14:50:46.914	プロセスが見つかりません: FileName=[C:\Process\PCS\ADAMComProc.exe] Arguments=[] 
DefaultSource	Critical	3	2017/06/20 14:50:59.642	'14' の InvalidArgument=Value は 'index' に対して有効ではありません。
パラメータ名: index	   場所 System.Windows.Forms.ListView.ListViewItemCollection.get_Item(Int32 index)
   場所 StartProc2.MainForm.StartProc()
DefaultSource	Warning	1	2017/06/20 14:51:01.686	スタートプロセス終了
DefaultSource	Warning	1	2017/06/20 14:51:13.716	スタートプロセス起動
DefaultSource	Critical	3	2017/06/20 14:51:22.094	'1' の InvalidArgument=Value は 'index' に対して有効ではありません。
パラメータ名: index	   場所 System.Windows.Forms.ListView.ListViewItemCollection.get_Item(Int32 index)
   場所 StartProc2.MainForm.StartProc()
DefaultSource	Warning	1	2017/06/20 14:51:24.137	スタートプロセス終了
DefaultSource	Error	2	2017/06/20 14:51:25.401	スタートプロセスの起動条件数をオーバーしています。
DefaultSource	Warning	1	2017/06/20 14:51:39.082	スタートプロセス起動
DefaultSource	Error	2	2017/06/20 14:52:11.125	プロセスが見つかりません: FileName=[C:\Process\PCS\ADAMComProc.exe] Arguments=[] 
DefaultSource	Error	2	2017/06/20 14:53:18.056	プロセスが見つかりません: FileName=[C:\Process\PCS\SubPlantDataProc.exe] Arguments=[] 
DefaultSource	Warning	1	2017/06/20 14:53:23.204	プロセス監視 異常発生: ProcessID=[32] Process=[SubPlantDataProc] Param=[] DataYMD=[] StatusFlg=[0]
DefaultSource	Warning	1	2017/06/20 14:54:01.667	プロセス監視 異常復旧: ProcessID=[17] Process=[StrComProc] Param=[0] DataYMD=[2017/06/20 14:50:54] StatusFlg=[0]
DefaultSource	Warning	1	2017/06/20 14:54:01.698	プロセス監視 異常復旧: ProcessID=[25] Process=[MRnManager] Param=[] DataYMD=[2017/06/20 14:54:00] StatusFlg=[0]
DefaultSource	Warning	1	2017/06/20 14:54:01.698	プロセス監視 異常復旧: ProcessID=[33] Process=[AdComProc] Param=[] DataYMD=[2017/06/20 14:53:59] StatusFlg=[0]
DefaultSource	Warning	1	2017/06/20 14:54:01.714	プロセス監視 異常復旧: ProcessID=[37] Process=[SGVComProc] Param=[] DataYMD=[2017/06/20 14:53:57] StatusFlg=[0]
DefaultSource	Warning	1	2017/06/20 14:54:01.730	プロセス監視 異常復旧: ProcessID=[38] Process=[SGVTimeManager] Param=[] DataYMD=[2017/06/20 14:53:45] StatusFlg=[0]
DefaultSource	Critical	3	2017/06/20 14:55:06.257	'7' の InvalidArgument=Value は 'index' に対して有効ではありません。
パラメータ名: index	   場所 System.Windows.Forms.ListView.ListViewItemCollection.get_Item(Int32 index)
   場所 StartProc2.MainForm.RestartProc()
   場所 StartProc2.MainForm._Lambda$__5()
DefaultSource	Warning	1	2017/06/20 14:55:06.272	スタートプロセス終了
DefaultSource	Warning	1	2017/06/20 14:56:31.425	スタートプロセス起動
DefaultSource	Error	2	2017/06/20 14:57:06.026	プロセスが見つかりません: FileName=[C:\Process\PCS\ADAMComProc.exe] Arguments=[] 
DefaultSource	Error	2	2017/06/20 14:58:13.281	プロセスが見つかりません: FileName=[C:\Process\PCS\SubPlantDataProc.exe] Arguments=[] 
DefaultSource	Warning	1	2017/06/20 14:58:57.351	プロセス監視 異常復旧: ProcessID=[28] Process=[ModComProc] Param=[] DataYMD=[2017/06/20 14:58:53] StatusFlg=[0]
DefaultSource	Warning	1	2017/06/20 14:59:04.480	スタートプロセス終了
DefaultSource	Warning	1	2017/06/20 15:00:25.117	スタートプロセス起動
DefaultSource	Error	2	2017/06/20 15:00:58.002	プロセスが見つかりません: FileName=[C:\Process\PCS\ADAMComProc.exe] Arguments=[] 
DefaultSource	Critical	3	2017/06/20 15:01:31.324	'12' の InvalidArgument=Value は 'index' に対して有効ではありません。
パラメータ名: index	   場所 System.Windows.Forms.ListView.ListViewItemCollection.get_Item(Int32 index)
   場所 StartProc2.MainForm.StartProc()
DefaultSource	Warning	1	2017/06/20 15:01:33.367	スタートプロセス終了
DefaultSource	Warning	1	2017/06/20 15:02:04.832	スタートプロセス起動
DefaultSource	Error	2	2017/06/20 15:03:33.814	プロセスが見つかりません: FileName=[C:\Process\PCS\SubPlantDataProc.exe] Arguments=[] 
DefaultSource	Warning	1	2017/06/20 15:04:17.915	プロセス監視 異常復旧: ProcessID=[16] Process=[ADAMComProc] Param=[] DataYMD=[2017/06/20 15:04:08] StatusFlg=[0]
DefaultSource	Warning	1	2017/06/20 15:04:23.906	スタートプロセス終了
DefaultSource	Warning	1	2017/06/20 15:04:35.481	スタートプロセス起動
DefaultSource	Warning	1	2017/06/20 15:07:02.095	スタートプロセス終了
DefaultSource	Warning	1	2017/06/20 15:11:31.962	スタートプロセス起動
DefaultSource	Warning	1	2017/06/20 15:14:02.976	スタートプロセス終了
DefaultSource	Warning	1	2017/06/20 15:16:31.632	スタートプロセス起動
DefaultSource	Warning	1	2017/06/20 15:19:44.547	プロセス監視 異常復旧: ProcessID=[32] Process=[SubPlantDataProc] Param=[] DataYMD=[2017/06/20 15:19:01] StatusFlg=[0]
DefaultSource	Warning	1	2017/06/20 15:19:53.173	スタートプロセス終了
DefaultSource	Warning	1	2017/06/20 15:24:26.794	スタートプロセス起動
DefaultSource	Warning	1	2017/06/20 15:29:45.183	スタートプロセス終了
DefaultSource	Warning	1	2017/06/20 15:31:20.234	スタートプロセス起動
DefaultSource	Warning	1	2017/06/20 15:35:17.704	スタートプロセス終了
DefaultSource	Warning	1	2017/06/20 15:37:38.255	スタートプロセス起動
DefaultSource	Warning	1	2017/06/20 15:43:11.195	スタートプロセス終了
DefaultSource	Warning	1	2017/06/20 15:45:49.409	スタートプロセス起動
DefaultSource	Warning	1	2017/06/20 15:52:43.575	スタートプロセス終了
