DefaultSource	Warning	1	2017/06/21 08:58:43.125	スタートプロセス起動
DefaultSource	Warning	1	2017/06/21 09:01:36.588	プロセス監視 異常発生: ProcessID=[31] Process=[DBLinkProc] Param=[1] DataYMD=[2017/06/20 15:52:14] StatusFlg=[0]
DefaultSource	Warning	1	2017/06/21 09:01:36.620	プロセス監視 異常発生: ProcessID=[32] Process=[SubPlantDataProc] Param=[] DataYMD=[2017/06/20 15:52:18] StatusFlg=[0]
DefaultSource	Warning	1	2017/06/21 09:02:36.820	プロセス監視 異常復旧: ProcessID=[31] Process=[DBLinkProc] Param=[1] DataYMD=[2017/06/21 9:01:55] StatusFlg=[0]
DefaultSource	Warning	1	2017/06/21 09:03:36.818	プロセス監視 異常復旧: ProcessID=[32] Process=[SubPlantDataProc] Param=[] DataYMD=[2017/06/21 9:02:44] StatusFlg=[0]
DefaultSource	Warning	1	2017/06/21 09:20:37.044	プロセス監視 異常発生: ProcessID=[28] Process=[ModComProc] Param=[] DataYMD=[2017/06/21 9:05:33] StatusFlg=[0]
DefaultSource	Warning	1	2017/06/21 09:22:37.367	プロセス監視 異常復旧: ProcessID=[28] Process=[ModComProc] Param=[] DataYMD=[2017/06/21 9:21:59] StatusFlg=[0]
DefaultSource	Warning	1	2017/06/21 09:42:37.633	プロセス監視 異常発生: ProcessID=[28] Process=[ModComProc] Param=[] DataYMD=[2017/06/21 9:27:35] StatusFlg=[0]
DefaultSource	Warning	1	2017/06/21 09:44:38.003	プロセス監視 異常復旧: ProcessID=[28] Process=[ModComProc] Param=[] DataYMD=[2017/06/21 9:43:59] StatusFlg=[0]
DefaultSource	Warning	1	2017/06/21 09:50:19.785	スタートプロセス終了
DefaultSource	Warning	1	2017/06/21 11:20:31.630	スタートプロセス起動
DefaultSource	Warning	1	2017/06/21 11:22:49.582	プロセス監視 異常発生: ProcessID=[31] Process=[DBLinkProc] Param=[1] DataYMD=[2017/06/21 9:49:36] StatusFlg=[0]
DefaultSource	Warning	1	2017/06/21 11:22:49.597	プロセス監視 異常発生: ProcessID=[32] Process=[SubPlantDataProc] Param=[] DataYMD=[2017/06/21 9:49:40] StatusFlg=[0]
DefaultSource	Warning	1	2017/06/21 11:22:49.613	プロセス監視 異常復旧: ProcessID=[41] Process=[OutCsvProc] Param=[] DataYMD=[2017/06/21 11:22:45] StatusFlg=[0]
DefaultSource	Warning	1	2017/06/21 11:23:49.860	プロセス監視 異常復旧: ProcessID=[31] Process=[DBLinkProc] Param=[1] DataYMD=[2017/06/21 11:23:01] StatusFlg=[0]
DefaultSource	Warning	1	2017/06/21 11:24:49.873	プロセス監視 異常復旧: ProcessID=[32] Process=[SubPlantDataProc] Param=[] DataYMD=[2017/06/21 11:23:57] StatusFlg=[0]
DefaultSource	Warning	1	2017/06/21 11:41:50.100	プロセス監視 異常発生: ProcessID=[28] Process=[ModComProc] Param=[] DataYMD=[2017/06/21 11:26:41] StatusFlg=[0]
DefaultSource	Warning	1	2017/06/21 11:43:50.434	プロセス監視 異常復旧: ProcessID=[28] Process=[ModComProc] Param=[] DataYMD=[2017/06/21 11:43:12] StatusFlg=[0]
DefaultSource	Warning	1	2017/06/21 12:03:50.715	プロセス監視 異常発生: ProcessID=[28] Process=[ModComProc] Param=[] DataYMD=[2017/06/21 11:48:48] StatusFlg=[0]
DefaultSource	Warning	1	2017/06/21 12:05:51.101	プロセス監視 異常復旧: ProcessID=[28] Process=[ModComProc] Param=[] DataYMD=[2017/06/21 12:05:13] StatusFlg=[0]
DefaultSource	Warning	1	2017/06/21 12:25:51.367	プロセス監視 異常発生: ProcessID=[28] Process=[ModComProc] Param=[] DataYMD=[2017/06/21 12:10:49] StatusFlg=[0]
DefaultSource	Warning	1	2017/06/21 12:27:51.752	プロセス監視 異常復旧: ProcessID=[28] Process=[ModComProc] Param=[] DataYMD=[2017/06/21 12:27:13] StatusFlg=[0]
DefaultSource	Warning	1	2017/06/21 12:47:52.018	プロセス監視 異常発生: ProcessID=[28] Process=[ModComProc] Param=[] DataYMD=[2017/06/21 12:32:50] StatusFlg=[0]
DefaultSource	Warning	1	2017/06/21 12:49:52.388	プロセス監視 異常復旧: ProcessID=[28] Process=[ModComProc] Param=[] DataYMD=[2017/06/21 12:49:14] StatusFlg=[0]
DefaultSource	Warning	1	2017/06/21 13:09:52.651	プロセス監視 異常発生: ProcessID=[28] Process=[ModComProc] Param=[] DataYMD=[2017/06/21 12:54:50] StatusFlg=[0]
DefaultSource	Warning	1	2017/06/21 13:11:53.005	プロセス監視 異常復旧: ProcessID=[28] Process=[ModComProc] Param=[] DataYMD=[2017/06/21 13:11:15] StatusFlg=[0]
DefaultSource	Warning	1	2017/06/21 13:31:53.287	プロセス監視 異常発生: ProcessID=[28] Process=[ModComProc] Param=[] DataYMD=[2017/06/21 13:16:51] StatusFlg=[0]
DefaultSource	Warning	1	2017/06/21 13:33:53.657	プロセス監視 異常復旧: ProcessID=[28] Process=[ModComProc] Param=[] DataYMD=[2017/06/21 13:33:15] StatusFlg=[0]
DefaultSource	Warning	1	2017/06/21 13:53:53.930	プロセス監視 異常発生: ProcessID=[28] Process=[ModComProc] Param=[] DataYMD=[2017/06/21 13:38:51] StatusFlg=[0]
DefaultSource	Warning	1	2017/06/21 13:55:54.300	プロセス監視 異常復旧: ProcessID=[28] Process=[ModComProc] Param=[] DataYMD=[2017/06/21 13:55:16] StatusFlg=[0]
DefaultSource	Warning	1	2017/06/21 14:15:54.566	プロセス監視 異常発生: ProcessID=[28] Process=[ModComProc] Param=[] DataYMD=[2017/06/21 14:00:52] StatusFlg=[0]
DefaultSource	Warning	1	2017/06/21 14:17:54.936	プロセス監視 異常復旧: ProcessID=[28] Process=[ModComProc] Param=[] DataYMD=[2017/06/21 14:17:16] StatusFlg=[0]
DefaultSource	Warning	1	2017/06/21 14:37:55.217	プロセス監視 異常発生: ProcessID=[28] Process=[ModComProc] Param=[] DataYMD=[2017/06/21 14:22:53] StatusFlg=[0]
DefaultSource	Warning	1	2017/06/21 14:39:55.587	プロセス監視 異常復旧: ProcessID=[28] Process=[ModComProc] Param=[] DataYMD=[2017/06/21 14:39:17] StatusFlg=[0]
DefaultSource	Warning	1	2017/06/21 14:59:55.853	プロセス監視 異常発生: ProcessID=[28] Process=[ModComProc] Param=[] DataYMD=[2017/06/21 14:44:53] StatusFlg=[0]
DefaultSource	Warning	1	2017/06/21 15:01:56.223	プロセス監視 異常復旧: ProcessID=[28] Process=[ModComProc] Param=[] DataYMD=[2017/06/21 15:01:18] StatusFlg=[0]
DefaultSource	Warning	1	2017/06/21 15:21:56.489	プロセス監視 異常発生: ProcessID=[28] Process=[ModComProc] Param=[] DataYMD=[2017/06/21 15:06:54] StatusFlg=[0]
DefaultSource	Warning	1	2017/06/21 15:23:56.859	プロセス監視 異常復旧: ProcessID=[28] Process=[ModComProc] Param=[] DataYMD=[2017/06/21 15:23:18] StatusFlg=[0]
DefaultSource	Warning	1	2017/06/21 15:43:57.141	プロセス監視 異常発生: ProcessID=[28] Process=[ModComProc] Param=[] DataYMD=[2017/06/21 15:28:55] StatusFlg=[0]
DefaultSource	Warning	1	2017/06/21 15:45:57.510	プロセス監視 異常復旧: ProcessID=[28] Process=[ModComProc] Param=[] DataYMD=[2017/06/21 15:45:19] StatusFlg=[0]
DefaultSource	Warning	1	2017/06/21 16:05:57.777	プロセス監視 異常発生: ProcessID=[28] Process=[ModComProc] Param=[] DataYMD=[2017/06/21 15:50:55] StatusFlg=[0]
DefaultSource	Warning	1	2017/06/21 16:07:58.146	プロセス監視 異常復旧: ProcessID=[28] Process=[ModComProc] Param=[] DataYMD=[2017/06/21 16:07:20] StatusFlg=[0]
DefaultSource	Warning	1	2017/06/21 16:27:58.428	プロセス監視 異常発生: ProcessID=[28] Process=[ModComProc] Param=[] DataYMD=[2017/06/21 16:12:56] StatusFlg=[0]
DefaultSource	Warning	1	2017/06/21 16:29:58.798	プロセス監視 異常復旧: ProcessID=[28] Process=[ModComProc] Param=[] DataYMD=[2017/06/21 16:29:20] StatusFlg=[0]
DefaultSource	Warning	1	2017/06/21 16:49:59.064	プロセス監視 異常発生: ProcessID=[28] Process=[ModComProc] Param=[] DataYMD=[2017/06/21 16:34:57] StatusFlg=[0]
DefaultSource	Warning	1	2017/06/21 16:51:59.449	プロセス監視 異常復旧: ProcessID=[28] Process=[ModComProc] Param=[] DataYMD=[2017/06/21 16:51:21] StatusFlg=[0]
DefaultSource	Warning	1	2017/06/21 17:11:59.700	プロセス監視 異常発生: ProcessID=[28] Process=[ModComProc] Param=[] DataYMD=[2017/06/21 16:56:57] StatusFlg=[0]
DefaultSource	Warning	1	2017/06/21 17:14:00.070	プロセス監視 異常復旧: ProcessID=[28] Process=[ModComProc] Param=[] DataYMD=[2017/06/21 17:13:22] StatusFlg=[0]
DefaultSource	Warning	1	2017/06/21 17:34:00.367	プロセス監視 異常発生: ProcessID=[28] Process=[ModComProc] Param=[] DataYMD=[2017/06/21 17:18:58] StatusFlg=[0]
DefaultSource	Warning	1	2017/06/21 17:36:00.737	プロセス監視 異常復旧: ProcessID=[28] Process=[ModComProc] Param=[] DataYMD=[2017/06/21 17:35:22] StatusFlg=[0]
DefaultSource	Warning	1	2017/06/21 17:56:01.003	プロセス監視 異常発生: ProcessID=[28] Process=[ModComProc] Param=[] DataYMD=[2017/06/21 17:40:59] StatusFlg=[0]
DefaultSource	Warning	1	2017/06/21 17:58:01.357	プロセス監視 異常復旧: ProcessID=[28] Process=[ModComProc] Param=[] DataYMD=[2017/06/21 17:57:23] StatusFlg=[0]
DefaultSource	Warning	1	2017/06/21 18:18:01.639	プロセス監視 異常発生: ProcessID=[28] Process=[ModComProc] Param=[] DataYMD=[2017/06/21 18:02:59] StatusFlg=[0]
DefaultSource	Warning	1	2017/06/21 18:20:02.009	プロセス監視 異常復旧: ProcessID=[28] Process=[ModComProc] Param=[] DataYMD=[2017/06/21 18:19:24] StatusFlg=[0]
DefaultSource	Warning	1	2017/06/21 18:40:02.275	プロセス監視 異常発生: ProcessID=[28] Process=[ModComProc] Param=[] DataYMD=[2017/06/21 18:25:00] StatusFlg=[0]
DefaultSource	Warning	1	2017/06/21 18:42:02.645	プロセス監視 異常復旧: ProcessID=[28] Process=[ModComProc] Param=[] DataYMD=[2017/06/21 18:41:24] StatusFlg=[0]
DefaultSource	Warning	1	2017/06/21 19:02:02.911	プロセス監視 異常発生: ProcessID=[28] Process=[ModComProc] Param=[] DataYMD=[2017/06/21 18:47:01] StatusFlg=[0]
DefaultSource	Warning	1	2017/06/21 19:04:03.281	プロセス監視 異常復旧: ProcessID=[28] Process=[ModComProc] Param=[] DataYMD=[2017/06/21 19:03:25] StatusFlg=[0]
DefaultSource	Warning	1	2017/06/21 19:24:03.562	プロセス監視 異常発生: ProcessID=[28] Process=[ModComProc] Param=[] DataYMD=[2017/06/21 19:09:01] StatusFlg=[0]
DefaultSource	Warning	1	2017/06/21 19:26:03.932	プロセス監視 異常復旧: ProcessID=[28] Process=[ModComProc] Param=[] DataYMD=[2017/06/21 19:25:25] StatusFlg=[0]
DefaultSource	Warning	1	2017/06/21 19:46:04.198	プロセス監視 異常発生: ProcessID=[28] Process=[ModComProc] Param=[] DataYMD=[2017/06/21 19:31:02] StatusFlg=[0]
DefaultSource	Warning	1	2017/06/21 19:48:04.568	プロセス監視 異常復旧: ProcessID=[28] Process=[ModComProc] Param=[] DataYMD=[2017/06/21 19:47:26] StatusFlg=[0]
DefaultSource	Warning	1	2017/06/21 20:08:04.850	プロセス監視 異常発生: ProcessID=[28] Process=[ModComProc] Param=[] DataYMD=[2017/06/21 19:53:02] StatusFlg=[0]
DefaultSource	Warning	1	2017/06/21 20:10:05.219	プロセス監視 異常復旧: ProcessID=[28] Process=[ModComProc] Param=[] DataYMD=[2017/06/21 20:09:27] StatusFlg=[0]
DefaultSource	Warning	1	2017/06/21 20:30:05.486	プロセス監視 異常発生: ProcessID=[28] Process=[ModComProc] Param=[] DataYMD=[2017/06/21 20:15:03] StatusFlg=[0]
DefaultSource	Warning	1	2017/06/21 20:32:05.855	プロセス監視 異常復旧: ProcessID=[28] Process=[ModComProc] Param=[] DataYMD=[2017/06/21 20:31:27] StatusFlg=[0]
DefaultSource	Warning	1	2017/06/21 20:52:06.121	プロセス監視 異常発生: ProcessID=[28] Process=[ModComProc] Param=[] DataYMD=[2017/06/21 20:37:04] StatusFlg=[0]
DefaultSource	Warning	1	2017/06/21 20:54:06.491	プロセス監視 異常復旧: ProcessID=[28] Process=[ModComProc] Param=[] DataYMD=[2017/06/21 20:53:28] StatusFlg=[0]
DefaultSource	Warning	1	2017/06/21 21:14:06.773	プロセス監視 異常発生: ProcessID=[28] Process=[ModComProc] Param=[] DataYMD=[2017/06/21 20:59:04] StatusFlg=[0]
DefaultSource	Warning	1	2017/06/21 21:16:07.143	プロセス監視 異常復旧: ProcessID=[28] Process=[ModComProc] Param=[] DataYMD=[2017/06/21 21:15:29] StatusFlg=[0]
DefaultSource	Warning	1	2017/06/21 21:36:07.409	プロセス監視 異常発生: ProcessID=[28] Process=[ModComProc] Param=[] DataYMD=[2017/06/21 21:21:05] StatusFlg=[0]
DefaultSource	Warning	1	2017/06/21 21:38:07.779	プロセス監視 異常復旧: ProcessID=[28] Process=[ModComProc] Param=[] DataYMD=[2017/06/21 21:37:29] StatusFlg=[0]
DefaultSource	Warning	1	2017/06/21 21:58:08.045	プロセス監視 異常発生: ProcessID=[28] Process=[ModComProc] Param=[] DataYMD=[2017/06/21 21:43:06] StatusFlg=[0]
DefaultSource	Warning	1	2017/06/21 22:00:08.430	プロセス監視 異常復旧: ProcessID=[28] Process=[ModComProc] Param=[] DataYMD=[2017/06/21 21:59:30] StatusFlg=[0]
DefaultSource	Warning	1	2017/06/21 22:20:08.696	プロセス監視 異常発生: ProcessID=[28] Process=[ModComProc] Param=[] DataYMD=[2017/06/21 22:05:06] StatusFlg=[0]
DefaultSource	Warning	1	2017/06/21 22:22:09.066	プロセス監視 異常復旧: ProcessID=[28] Process=[ModComProc] Param=[] DataYMD=[2017/06/21 22:21:31] StatusFlg=[0]
DefaultSource	Warning	1	2017/06/21 22:42:09.332	プロセス監視 異常発生: ProcessID=[28] Process=[ModComProc] Param=[] DataYMD=[2017/06/21 22:27:07] StatusFlg=[0]
DefaultSource	Warning	1	2017/06/21 22:44:09.702	プロセス監視 異常復旧: ProcessID=[28] Process=[ModComProc] Param=[] DataYMD=[2017/06/21 22:43:31] StatusFlg=[0]
DefaultSource	Warning	1	2017/06/21 23:04:09.984	プロセス監視 異常発生: ProcessID=[28] Process=[ModComProc] Param=[] DataYMD=[2017/06/21 22:49:08] StatusFlg=[0]
DefaultSource	Warning	1	2017/06/21 23:06:10.354	プロセス監視 異常復旧: ProcessID=[28] Process=[ModComProc] Param=[] DataYMD=[2017/06/21 23:05:32] StatusFlg=[0]
DefaultSource	Warning	1	2017/06/21 23:26:10.620	プロセス監視 異常発生: ProcessID=[28] Process=[ModComProc] Param=[] DataYMD=[2017/06/21 23:11:08] StatusFlg=[0]
DefaultSource	Warning	1	2017/06/21 23:28:10.990	プロセス監視 異常復旧: ProcessID=[28] Process=[ModComProc] Param=[] DataYMD=[2017/06/21 23:27:33] StatusFlg=[0]
DefaultSource	Warning	1	2017/06/21 23:48:11.271	プロセス監視 異常発生: ProcessID=[28] Process=[ModComProc] Param=[] DataYMD=[2017/06/21 23:33:09] StatusFlg=[0]
DefaultSource	Warning	1	2017/06/21 23:50:11.625	プロセス監視 異常復旧: ProcessID=[28] Process=[ModComProc] Param=[] DataYMD=[2017/06/21 23:49:33] StatusFlg=[0]
