DefaultSource	Information	0	2017/06/20 14:43:23.328	MSSQLSERVER 実行検出
DefaultSource	Information	0	2017/06/20 14:43:23.422	2個のログファイルを削除しました。
DefaultSource	Warning	1	2017/06/20 14:43:28.580	DB連携プロセス起動
DefaultSource	Information	0	2017/06/20 14:43:40.857	次回連携時刻:2017/06/20 14:44:40
DefaultSource	Information	0	2017/06/20 14:43:41.029	[2017/06/20 14:43:41]　データ連携日時更新完了
DefaultSource	Information	0	2017/06/20 14:44:28.718	プロセス状態マスタを更新しました。
DefaultSource	Information	0	2017/06/20 14:44:40.685	次回連携時刻:2017/06/20 14:45:40
DefaultSource	Information	0	2017/06/20 14:44:40.810	[2017/06/20 14:44:40]　データ連携日時更新完了
DefaultSource	Information	0	2017/06/20 14:45:28.717	プロセス状態マスタを更新しました。
DefaultSource	Information	0	2017/06/20 14:45:40.511	次回連携時刻:2017/06/20 14:46:40
DefaultSource	Information	0	2017/06/20 14:45:40.714	[2017/06/20 14:45:40]　データ連携日時更新完了
DefaultSource	Information	0	2017/06/20 14:46:28.743	プロセス状態マスタを更新しました。
DefaultSource	Information	0	2017/06/20 14:46:40.350	次回連携時刻:2017/06/20 14:47:40
DefaultSource	Information	0	2017/06/20 14:46:40.382	[2017/06/20 14:46:40]　データ連携日時更新完了
DefaultSource	Warning	1	2017/06/20 14:47:10.077	DB連携プロセス終了
DefaultSource	Information	0	2017/06/20 14:53:13.385	MSSQLSERVER 実行検出
DefaultSource	Warning	1	2017/06/20 14:53:14.171	DB連携プロセス起動
DefaultSource	Information	0	2017/06/20 14:53:40.595	次回連携時刻:2017/06/20 14:54:40
DefaultSource	Information	0	2017/06/20 14:53:40.642	[2017/06/20 14:53:40]　データ連携日時更新完了
DefaultSource	Information	0	2017/06/20 14:54:14.241	プロセス状態マスタを更新しました。
DefaultSource	Warning	1	2017/06/20 14:54:37.268	DB連携プロセス終了
DefaultSource	Information	0	2017/06/20 14:58:08.632	MSSQLSERVER 実行検出
DefaultSource	Warning	1	2017/06/20 14:58:09.241	DB連携プロセス起動
DefaultSource	Information	0	2017/06/20 14:58:40.722	次回連携時刻:2017/06/20 14:59:40
DefaultSource	Information	0	2017/06/20 14:58:40.971	[2017/06/20 14:58:40]　データ連携日時更新完了
DefaultSource	Warning	1	2017/06/20 14:59:02.608	DB連携プロセス終了
DefaultSource	Information	0	2017/06/20 15:03:29.103	MSSQLSERVER 実行検出
DefaultSource	Warning	1	2017/06/20 15:03:29.680	DB連携プロセス起動
DefaultSource	Information	0	2017/06/20 15:03:40.897	次回連携時刻:2017/06/20 15:04:40
DefaultSource	Information	0	2017/06/20 15:03:40.943	[2017/06/20 15:03:40]　データ連携日時更新完了
DefaultSource	Warning	1	2017/06/20 15:04:22.096	DB連携プロセス終了
DefaultSource	Information	0	2017/06/20 15:06:02.652	MSSQLSERVER 実行検出
DefaultSource	Warning	1	2017/06/20 15:06:03.230	DB連携プロセス起動
DefaultSource	Information	0	2017/06/20 15:06:40.801	次回連携時刻:2017/06/20 15:07:40
DefaultSource	Information	0	2017/06/20 15:06:40.848	[2017/06/20 15:06:40]　データ連携日時更新完了
DefaultSource	Warning	1	2017/06/20 15:07:00.207	DB連携プロセス終了
DefaultSource	Information	0	2017/06/20 15:12:58.573	MSSQLSERVER 実行検出
DefaultSource	Warning	1	2017/06/20 15:12:59.150	DB連携プロセス起動
DefaultSource	Information	0	2017/06/20 15:13:00.227	次回連携時刻:2017/06/20 15:13:40
DefaultSource	Information	0	2017/06/20 15:13:00.274	[2017/06/20 15:13:00]　データ連携日時更新完了
DefaultSource	Information	0	2017/06/20 15:13:40.792	次回連携時刻:2017/06/20 15:14:40
DefaultSource	Information	0	2017/06/20 15:13:40.824	[2017/06/20 15:13:40]　データ連携日時更新完了
DefaultSource	Information	0	2017/06/20 15:13:59.232	プロセス状態マスタを更新しました。
DefaultSource	Warning	1	2017/06/20 15:14:01.119	DB連携プロセス終了
DefaultSource	Information	0	2017/06/20 15:17:55.888	MSSQLSERVER 実行検出
DefaultSource	Warning	1	2017/06/20 15:17:56.481	DB連携プロセス起動
DefaultSource	Information	0	2017/06/20 15:17:57.557	次回連携時刻:2017/06/20 15:18:40
DefaultSource	Information	0	2017/06/20 15:17:57.604	[2017/06/20 15:17:57]　データ連携日時更新完了
DefaultSource	Information	0	2017/06/20 15:18:40.145	次回連携時刻:2017/06/20 15:19:40
DefaultSource	Information	0	2017/06/20 15:18:40.177	[2017/06/20 15:18:40]　データ連携日時更新完了
DefaultSource	Information	0	2017/06/20 15:18:56.556	プロセス状態マスタを更新しました。
DefaultSource	Information	0	2017/06/20 15:19:40.990	次回連携時刻:2017/06/20 15:20:40
DefaultSource	Information	0	2017/06/20 15:19:41.037	[2017/06/20 15:19:41]　データ連携日時更新完了
DefaultSource	Warning	1	2017/06/20 15:19:51.317	DB連携プロセス終了
DefaultSource	Information	0	2017/06/20 15:25:53.094	MSSQLSERVER 実行検出
DefaultSource	Warning	1	2017/06/20 15:25:56.401	DB連携プロセス起動
DefaultSource	Information	0	2017/06/20 15:25:57.477	次回連携時刻:2017/06/20 15:26:40
DefaultSource	Information	0	2017/06/20 15:25:57.524	[2017/06/20 15:25:57]　データ連携日時更新完了
DefaultSource	Information	0	2017/06/20 15:26:40.058	次回連携時刻:2017/06/20 15:27:40
DefaultSource	Information	0	2017/06/20 15:26:40.089	[2017/06/20 15:26:40]　データ連携日時更新完了
DefaultSource	Information	0	2017/06/20 15:26:56.469	プロセス状態マスタを更新しました。
DefaultSource	Information	0	2017/06/20 15:27:40.908	次回連携時刻:2017/06/20 15:28:40
DefaultSource	Information	0	2017/06/20 15:27:40.939	[2017/06/20 15:27:40]　データ連携日時更新完了
DefaultSource	Information	0	2017/06/20 15:27:56.492	プロセス状態マスタを更新しました。
DefaultSource	Information	0	2017/06/20 15:28:40.723	次回連携時刻:2017/06/20 15:29:40
DefaultSource	Information	0	2017/06/20 15:28:40.754	[2017/06/20 15:28:40]　データ連携日時更新完了
DefaultSource	Information	0	2017/06/20 15:28:56.495	プロセス状態マスタを更新しました。
DefaultSource	Information	0	2017/06/20 15:29:40.549	次回連携時刻:2017/06/20 15:30:40
DefaultSource	Information	0	2017/06/20 15:29:40.581	[2017/06/20 15:29:40]　データ連携日時更新完了
DefaultSource	Warning	1	2017/06/20 15:29:43.357	DB連携プロセス終了
DefaultSource	Information	0	2017/06/20 15:32:44.458	MSSQLSERVER 実行検出
DefaultSource	Warning	1	2017/06/20 15:32:45.082	DB連携プロセス起動
DefaultSource	Information	0	2017/06/20 15:32:46.159	次回連携時刻:2017/06/20 15:33:40
DefaultSource	Information	0	2017/06/20 15:32:46.206	[2017/06/20 15:32:46]　データ連携日時更新完了
DefaultSource	Information	0	2017/06/20 15:33:40.977	次回連携時刻:2017/06/20 15:34:40
DefaultSource	Information	0	2017/06/20 15:33:41.024	[2017/06/20 15:33:41]　データ連携日時更新完了
DefaultSource	Information	0	2017/06/20 15:33:45.158	プロセス状態マスタを更新しました。
DefaultSource	Information	0	2017/06/20 15:34:40.803	次回連携時刻:2017/06/20 15:35:40
DefaultSource	Information	0	2017/06/20 15:34:40.835	[2017/06/20 15:34:40]　データ連携日時更新完了
DefaultSource	Information	0	2017/06/20 15:34:45.171	プロセス状態マスタを更新しました。
DefaultSource	Warning	1	2017/06/20 15:35:15.894	DB連携プロセス終了
DefaultSource	Information	0	2017/06/20 15:39:02.464	MSSQLSERVER 実行検出
DefaultSource	Warning	1	2017/06/20 15:39:03.166	DB連携プロセス起動
DefaultSource	Information	0	2017/06/20 15:39:40.746	次回連携時刻:2017/06/20 15:40:40
DefaultSource	Information	0	2017/06/20 15:39:40.793	[2017/06/20 15:39:40]　データ連携日時更新完了
DefaultSource	Information	0	2017/06/20 15:40:03.242	プロセス状態マスタを更新しました。
DefaultSource	Information	0	2017/06/20 15:40:40.572	次回連携時刻:2017/06/20 15:41:40
DefaultSource	Information	0	2017/06/20 15:40:40.604	[2017/06/20 15:40:40]　データ連携日時更新完了
DefaultSource	Information	0	2017/06/20 15:41:03.255	プロセス状態マスタを更新しました。
DefaultSource	Information	0	2017/06/20 15:41:40.399	次回連携時刻:2017/06/20 15:42:40
DefaultSource	Information	0	2017/06/20 15:41:40.430	[2017/06/20 15:41:40]　データ連携日時更新完了
DefaultSource	Information	0	2017/06/20 15:42:03.268	プロセス状態マスタを更新しました。
DefaultSource	Information	0	2017/06/20 15:42:40.231	次回連携時刻:2017/06/20 15:43:40
DefaultSource	Information	0	2017/06/20 15:42:40.278	[2017/06/20 15:42:40]　データ連携日時更新完了
DefaultSource	Information	0	2017/06/20 15:43:03.288	プロセス状態マスタを更新しました。
DefaultSource	Warning	1	2017/06/20 15:43:09.340	DB連携プロセス終了
DefaultSource	Information	0	2017/06/20 15:47:13.587	MSSQLSERVER 実行検出
DefaultSource	Warning	1	2017/06/20 15:47:14.211	DB連携プロセス起動
DefaultSource	Information	0	2017/06/20 15:47:40.638	次回連携時刻:2017/06/20 15:48:40
DefaultSource	Information	0	2017/06/20 15:47:40.669	[2017/06/20 15:47:40]　データ連携日時更新完了
DefaultSource	Information	0	2017/06/20 15:48:14.287	プロセス状態マスタを更新しました。
DefaultSource	Information	0	2017/06/20 15:48:40.464	次回連携時刻:2017/06/20 15:49:40
DefaultSource	Information	0	2017/06/20 15:48:40.495	[2017/06/20 15:48:40]　データ連携日時更新完了
DefaultSource	Information	0	2017/06/20 15:49:14.300	プロセス状態マスタを更新しました。
DefaultSource	Information	0	2017/06/20 15:49:40.290	次回連携時刻:2017/06/20 15:50:40
DefaultSource	Information	0	2017/06/20 15:49:40.321	[2017/06/20 15:49:40]　データ連携日時更新完了
DefaultSource	Information	0	2017/06/20 15:50:14.314	プロセス状態マスタを更新しました。
DefaultSource	Information	0	2017/06/20 15:50:40.256	次回連携時刻:2017/06/20 15:51:40
DefaultSource	Information	0	2017/06/20 15:50:40.288	[2017/06/20 15:50:40]　データ連携日時更新完了
DefaultSource	Information	0	2017/06/20 15:51:14.327	プロセス状態マスタを更新しました。
DefaultSource	Information	0	2017/06/20 15:51:40.082	次回連携時刻:2017/06/20 15:52:40
DefaultSource	Information	0	2017/06/20 15:51:40.129	[2017/06/20 15:51:40]　データ連携日時更新完了
DefaultSource	Information	0	2017/06/20 15:52:14.340	プロセス状態マスタを更新しました。
DefaultSource	Information	0	2017/06/20 15:52:40.923	次回連携時刻:2017/06/20 15:53:40
DefaultSource	Information	0	2017/06/20 15:52:40.954	[2017/06/20 15:52:40]　データ連携日時更新完了
DefaultSource	Warning	1	2017/06/20 15:52:41.703	DB連携プロセス終了
