DefaultSource	Information	0	2017/06/21 11:22:37.491	【正常終了】データベース接続(フォーム用)
DefaultSource	Information	0	2017/06/21 11:22:37.507	【正常終了】システムＩＤ取得
DefaultSource	Information	0	2017/06/21 11:22:37.523	【正常終了】ユニット情報取得
DefaultSource	Information	0	2017/06/21 11:22:37.523	【正常終了】iniファイル読み込み
DefaultSource	Information	0	2017/06/21 11:22:37.538	【正常終了】ログ画面設定
DefaultSource	Information	0	2017/06/21 11:22:37.538	プロセス監視情報を更新しました
DefaultSource	Information	0	2017/06/21 11:22:37.569	【正常終了】最新アラーム情報取得
DefaultSource	Warning	1	2017/06/21 11:22:37.569	ケーブル盗難アラームプロセス起動
DefaultSource	Information	0	2017/06/21 11:22:38.599	プロセス監視情報を更新しました
DefaultSource	Information	0	2017/06/21 11:23:38.612	プロセス監視情報を更新しました
DefaultSource	Information	0	2017/06/21 11:24:38.626	プロセス監視情報を更新しました
DefaultSource	Information	0	2017/06/21 11:25:38.639	プロセス監視情報を更新しました
DefaultSource	Information	0	2017/06/21 11:26:38.652	プロセス監視情報を更新しました
DefaultSource	Information	0	2017/06/21 11:27:38.666	プロセス監視情報を更新しました
DefaultSource	Information	0	2017/06/21 11:28:38.679	プロセス監視情報を更新しました
DefaultSource	Information	0	2017/06/21 11:29:38.692	プロセス監視情報を更新しました
DefaultSource	Information	0	2017/06/21 11:30:38.706	プロセス監視情報を更新しました
DefaultSource	Information	0	2017/06/21 11:30:38.706	ケーブル盗難チェック処理を実行します
DefaultSource	Warning	1	2017/06/21 11:30:38.752	本日日射データが0件の為、処理を終了します
DefaultSource	Information	0	2017/06/21 11:31:38.766	プロセス監視情報を更新しました
DefaultSource	Information	0	2017/06/21 11:32:38.779	プロセス監視情報を更新しました
DefaultSource	Information	0	2017/06/21 11:33:38.792	プロセス監視情報を更新しました
DefaultSource	Information	0	2017/06/21 11:34:38.806	プロセス監視情報を更新しました
DefaultSource	Information	0	2017/06/21 11:35:38.819	プロセス監視情報を更新しました
DefaultSource	Information	0	2017/06/21 11:36:38.832	プロセス監視情報を更新しました
DefaultSource	Information	0	2017/06/21 11:37:38.845	プロセス監視情報を更新しました
DefaultSource	Information	0	2017/06/21 11:38:38.859	プロセス監視情報を更新しました
DefaultSource	Information	0	2017/06/21 11:39:38.872	プロセス監視情報を更新しました
DefaultSource	Information	0	2017/06/21 11:40:38.885	プロセス監視情報を更新しました
DefaultSource	Information	0	2017/06/21 11:40:38.885	ケーブル盗難チェック処理を実行します
DefaultSource	Warning	1	2017/06/21 11:40:38.885	本日日射データが0件の為、処理を終了します
DefaultSource	Information	0	2017/06/21 11:41:38.899	プロセス監視情報を更新しました
DefaultSource	Information	0	2017/06/21 11:42:38.923	プロセス監視情報を更新しました
DefaultSource	Information	0	2017/06/21 11:43:38.936	プロセス監視情報を更新しました
DefaultSource	Information	0	2017/06/21 11:44:38.950	プロセス監視情報を更新しました
DefaultSource	Information	0	2017/06/21 11:45:38.963	プロセス監視情報を更新しました
DefaultSource	Information	0	2017/06/21 11:46:38.976	プロセス監視情報を更新しました
DefaultSource	Information	0	2017/06/21 11:47:38.990	プロセス監視情報を更新しました
DefaultSource	Information	0	2017/06/21 11:48:39.003	プロセス監視情報を更新しました
DefaultSource	Information	0	2017/06/21 11:49:39.016	プロセス監視情報を更新しました
DefaultSource	Information	0	2017/06/21 11:50:39.030	プロセス監視情報を更新しました
DefaultSource	Information	0	2017/06/21 11:50:39.030	ケーブル盗難チェック処理を実行します
DefaultSource	Warning	1	2017/06/21 11:50:39.030	本日日射データが0件の為、処理を終了します
DefaultSource	Information	0	2017/06/21 11:51:39.043	プロセス監視情報を更新しました
DefaultSource	Information	0	2017/06/21 11:52:39.056	プロセス監視情報を更新しました
DefaultSource	Information	0	2017/06/21 11:53:39.070	プロセス監視情報を更新しました
DefaultSource	Information	0	2017/06/21 11:54:39.083	プロセス監視情報を更新しました
DefaultSource	Information	0	2017/06/21 11:55:39.096	プロセス監視情報を更新しました
DefaultSource	Information	0	2017/06/21 11:56:39.109	プロセス監視情報を更新しました
DefaultSource	Information	0	2017/06/21 11:57:39.123	プロセス監視情報を更新しました
DefaultSource	Information	0	2017/06/21 11:58:39.136	プロセス監視情報を更新しました
DefaultSource	Information	0	2017/06/21 11:59:39.149	プロセス監視情報を更新しました
DefaultSource	Information	0	2017/06/21 12:00:39.163	プロセス監視情報を更新しました
DefaultSource	Information	0	2017/06/21 12:00:39.163	ケーブル盗難チェック処理を実行します
DefaultSource	Warning	1	2017/06/21 12:00:39.163	本日日射データが0件の為、処理を終了します
DefaultSource	Information	0	2017/06/21 12:01:39.176	プロセス監視情報を更新しました
DefaultSource	Information	0	2017/06/21 12:02:39.189	プロセス監視情報を更新しました
DefaultSource	Information	0	2017/06/21 12:03:39.203	プロセス監視情報を更新しました
DefaultSource	Information	0	2017/06/21 12:04:39.216	プロセス監視情報を更新しました
DefaultSource	Information	0	2017/06/21 12:05:39.229	プロセス監視情報を更新しました
DefaultSource	Information	0	2017/06/21 12:06:39.243	プロセス監視情報を更新しました
DefaultSource	Information	0	2017/06/21 12:07:39.256	プロセス監視情報を更新しました
DefaultSource	Information	0	2017/06/21 12:08:39.269	プロセス監視情報を更新しました
DefaultSource	Information	0	2017/06/21 12:09:39.282	プロセス監視情報を更新しました
DefaultSource	Information	0	2017/06/21 12:10:39.296	プロセス監視情報を更新しました
DefaultSource	Information	0	2017/06/21 12:10:39.296	ケーブル盗難チェック処理を実行します
DefaultSource	Warning	1	2017/06/21 12:10:39.296	本日日射データが0件の為、処理を終了します
DefaultSource	Information	0	2017/06/21 12:11:39.309	プロセス監視情報を更新しました
DefaultSource	Information	0	2017/06/21 12:12:39.322	プロセス監視情報を更新しました
DefaultSource	Information	0	2017/06/21 12:13:39.336	プロセス監視情報を更新しました
DefaultSource	Information	0	2017/06/21 12:14:39.349	プロセス監視情報を更新しました
DefaultSource	Information	0	2017/06/21 12:15:39.362	プロセス監視情報を更新しました
DefaultSource	Information	0	2017/06/21 12:16:39.376	プロセス監視情報を更新しました
DefaultSource	Information	0	2017/06/21 12:17:39.389	プロセス監視情報を更新しました
DefaultSource	Information	0	2017/06/21 12:18:39.402	プロセス監視情報を更新しました
DefaultSource	Information	0	2017/06/21 12:19:39.415	プロセス監視情報を更新しました
DefaultSource	Information	0	2017/06/21 12:20:39.429	プロセス監視情報を更新しました
DefaultSource	Information	0	2017/06/21 12:20:39.429	ケーブル盗難チェック処理を実行します
DefaultSource	Warning	1	2017/06/21 12:20:39.429	本日日射データが0件の為、処理を終了します
DefaultSource	Information	0	2017/06/21 12:21:39.442	プロセス監視情報を更新しました
DefaultSource	Information	0	2017/06/21 12:22:39.455	プロセス監視情報を更新しました
DefaultSource	Information	0	2017/06/21 12:23:39.469	プロセス監視情報を更新しました
DefaultSource	Information	0	2017/06/21 12:24:39.482	プロセス監視情報を更新しました
DefaultSource	Information	0	2017/06/21 12:25:39.495	プロセス監視情報を更新しました
DefaultSource	Information	0	2017/06/21 12:26:39.509	プロセス監視情報を更新しました
DefaultSource	Information	0	2017/06/21 12:27:39.538	プロセス監視情報を更新しました
DefaultSource	Information	0	2017/06/21 12:28:39.551	プロセス監視情報を更新しました
DefaultSource	Information	0	2017/06/21 12:29:39.564	プロセス監視情報を更新しました
DefaultSource	Information	0	2017/06/21 12:30:39.577	プロセス監視情報を更新しました
DefaultSource	Information	0	2017/06/21 12:30:39.577	ケーブル盗難チェック処理を実行します
DefaultSource	Warning	1	2017/06/21 12:30:39.577	本日日射データが0件の為、処理を終了します
DefaultSource	Information	0	2017/06/21 12:31:39.591	プロセス監視情報を更新しました
DefaultSource	Information	0	2017/06/21 12:32:39.604	プロセス監視情報を更新しました
DefaultSource	Information	0	2017/06/21 12:33:39.617	プロセス監視情報を更新しました
DefaultSource	Information	0	2017/06/21 12:34:39.631	プロセス監視情報を更新しました
DefaultSource	Information	0	2017/06/21 12:35:39.644	プロセス監視情報を更新しました
DefaultSource	Information	0	2017/06/21 12:36:39.657	プロセス監視情報を更新しました
DefaultSource	Information	0	2017/06/21 12:37:39.671	プロセス監視情報を更新しました
DefaultSource	Information	0	2017/06/21 12:38:39.684	プロセス監視情報を更新しました
DefaultSource	Information	0	2017/06/21 12:39:39.697	プロセス監視情報を更新しました
DefaultSource	Information	0	2017/06/21 12:40:39.711	プロセス監視情報を更新しました
DefaultSource	Information	0	2017/06/21 12:40:39.711	ケーブル盗難チェック処理を実行します
DefaultSource	Warning	1	2017/06/21 12:40:39.711	本日日射データが0件の為、処理を終了します
DefaultSource	Information	0	2017/06/21 12:41:39.724	プロセス監視情報を更新しました
DefaultSource	Information	0	2017/06/21 12:42:39.737	プロセス監視情報を更新しました
DefaultSource	Information	0	2017/06/21 12:43:39.750	プロセス監視情報を更新しました
DefaultSource	Information	0	2017/06/21 12:44:39.764	プロセス監視情報を更新しました
DefaultSource	Information	0	2017/06/21 12:45:39.777	プロセス監視情報を更新しました
DefaultSource	Information	0	2017/06/21 12:46:39.790	プロセス監視情報を更新しました
DefaultSource	Information	0	2017/06/21 12:47:39.804	プロセス監視情報を更新しました
DefaultSource	Information	0	2017/06/21 12:48:39.817	プロセス監視情報を更新しました
DefaultSource	Information	0	2017/06/21 12:49:39.830	プロセス監視情報を更新しました
DefaultSource	Information	0	2017/06/21 12:50:39.844	プロセス監視情報を更新しました
DefaultSource	Information	0	2017/06/21 12:50:39.844	ケーブル盗難チェック処理を実行します
DefaultSource	Warning	1	2017/06/21 12:50:39.844	本日日射データが0件の為、処理を終了します
DefaultSource	Information	0	2017/06/21 12:51:39.857	プロセス監視情報を更新しました
DefaultSource	Information	0	2017/06/21 12:52:39.870	プロセス監視情報を更新しました
DefaultSource	Information	0	2017/06/21 12:53:39.883	プロセス監視情報を更新しました
DefaultSource	Information	0	2017/06/21 12:54:39.897	プロセス監視情報を更新しました
DefaultSource	Information	0	2017/06/21 12:55:39.910	プロセス監視情報を更新しました
DefaultSource	Information	0	2017/06/21 12:56:39.923	プロセス監視情報を更新しました
DefaultSource	Information	0	2017/06/21 12:57:39.937	プロセス監視情報を更新しました
DefaultSource	Information	0	2017/06/21 12:58:39.950	プロセス監視情報を更新しました
DefaultSource	Information	0	2017/06/21 12:59:39.963	プロセス監視情報を更新しました
DefaultSource	Information	0	2017/06/21 13:00:39.977	プロセス監視情報を更新しました
DefaultSource	Information	0	2017/06/21 13:00:39.977	ケーブル盗難チェック処理を実行します
DefaultSource	Warning	1	2017/06/21 13:00:39.977	本日日射データが0件の為、処理を終了します
DefaultSource	Information	0	2017/06/21 13:01:39.990	プロセス監視情報を更新しました
DefaultSource	Information	0	2017/06/21 13:02:40.003	プロセス監視情報を更新しました
DefaultSource	Information	0	2017/06/21 13:03:40.017	プロセス監視情報を更新しました
DefaultSource	Information	0	2017/06/21 13:04:40.030	プロセス監視情報を更新しました
DefaultSource	Information	0	2017/06/21 13:05:40.045	プロセス監視情報を更新しました
DefaultSource	Information	0	2017/06/21 13:06:40.053	プロセス監視情報を更新しました
DefaultSource	Information	0	2017/06/21 13:07:40.067	プロセス監視情報を更新しました
DefaultSource	Information	0	2017/06/21 13:08:40.080	プロセス監視情報を更新しました
DefaultSource	Information	0	2017/06/21 13:09:40.093	プロセス監視情報を更新しました
DefaultSource	Information	0	2017/06/21 13:10:40.106	プロセス監視情報を更新しました
DefaultSource	Information	0	2017/06/21 13:10:40.106	ケーブル盗難チェック処理を実行します
DefaultSource	Warning	1	2017/06/21 13:10:40.106	本日日射データが0件の為、処理を終了します
DefaultSource	Information	0	2017/06/21 13:11:40.120	プロセス監視情報を更新しました
DefaultSource	Information	0	2017/06/21 13:12:40.149	プロセス監視情報を更新しました
DefaultSource	Information	0	2017/06/21 13:13:40.162	プロセス監視情報を更新しました
DefaultSource	Information	0	2017/06/21 13:14:40.175	プロセス監視情報を更新しました
DefaultSource	Information	0	2017/06/21 13:15:40.189	プロセス監視情報を更新しました
DefaultSource	Information	0	2017/06/21 13:16:40.202	プロセス監視情報を更新しました
DefaultSource	Information	0	2017/06/21 13:17:40.215	プロセス監視情報を更新しました
DefaultSource	Information	0	2017/06/21 13:18:40.229	プロセス監視情報を更新しました
DefaultSource	Information	0	2017/06/21 13:19:40.242	プロセス監視情報を更新しました
DefaultSource	Information	0	2017/06/21 13:20:40.255	プロセス監視情報を更新しました
DefaultSource	Information	0	2017/06/21 13:20:40.255	ケーブル盗難チェック処理を実行します
DefaultSource	Warning	1	2017/06/21 13:20:40.255	本日日射データが0件の為、処理を終了します
DefaultSource	Information	0	2017/06/21 13:21:40.268	プロセス監視情報を更新しました
DefaultSource	Information	0	2017/06/21 13:22:40.282	プロセス監視情報を更新しました
DefaultSource	Information	0	2017/06/21 13:23:40.295	プロセス監視情報を更新しました
DefaultSource	Information	0	2017/06/21 13:24:40.308	プロセス監視情報を更新しました
DefaultSource	Information	0	2017/06/21 13:25:40.322	プロセス監視情報を更新しました
DefaultSource	Information	0	2017/06/21 13:26:40.335	プロセス監視情報を更新しました
DefaultSource	Information	0	2017/06/21 13:27:40.348	プロセス監視情報を更新しました
DefaultSource	Information	0	2017/06/21 13:28:40.362	プロセス監視情報を更新しました
DefaultSource	Information	0	2017/06/21 13:29:40.375	プロセス監視情報を更新しました
DefaultSource	Information	0	2017/06/21 13:30:40.388	プロセス監視情報を更新しました
DefaultSource	Information	0	2017/06/21 13:30:40.388	ケーブル盗難チェック処理を実行します
DefaultSource	Warning	1	2017/06/21 13:30:40.388	本日日射データが0件の為、処理を終了します
DefaultSource	Information	0	2017/06/21 13:31:40.401	プロセス監視情報を更新しました
DefaultSource	Information	0	2017/06/21 13:32:40.415	プロセス監視情報を更新しました
DefaultSource	Information	0	2017/06/21 13:33:40.428	プロセス監視情報を更新しました
DefaultSource	Information	0	2017/06/21 13:34:40.441	プロセス監視情報を更新しました
DefaultSource	Information	0	2017/06/21 13:35:40.455	プロセス監視情報を更新しました
DefaultSource	Information	0	2017/06/21 13:36:40.468	プロセス監視情報を更新しました
DefaultSource	Information	0	2017/06/21 13:37:40.481	プロセス監視情報を更新しました
DefaultSource	Information	0	2017/06/21 13:38:40.495	プロセス監視情報を更新しました
DefaultSource	Information	0	2017/06/21 13:39:40.508	プロセス監視情報を更新しました
DefaultSource	Information	0	2017/06/21 13:40:40.521	プロセス監視情報を更新しました
DefaultSource	Information	0	2017/06/21 13:40:40.521	ケーブル盗難チェック処理を実行します
DefaultSource	Warning	1	2017/06/21 13:40:40.521	本日日射データが0件の為、処理を終了します
DefaultSource	Information	0	2017/06/21 13:41:40.535	プロセス監視情報を更新しました
DefaultSource	Information	0	2017/06/21 13:42:40.548	プロセス監視情報を更新しました
DefaultSource	Information	0	2017/06/21 13:43:40.561	プロセス監視情報を更新しました
DefaultSource	Information	0	2017/06/21 13:44:40.574	プロセス監視情報を更新しました
DefaultSource	Information	0	2017/06/21 13:45:40.588	プロセス監視情報を更新しました
DefaultSource	Information	0	2017/06/21 13:46:40.601	プロセス監視情報を更新しました
DefaultSource	Information	0	2017/06/21 13:47:40.621	プロセス監視情報を更新しました
DefaultSource	Information	0	2017/06/21 13:48:40.634	プロセス監視情報を更新しました
DefaultSource	Information	0	2017/06/21 13:49:40.648	プロセス監視情報を更新しました
DefaultSource	Information	0	2017/06/21 13:50:40.661	プロセス監視情報を更新しました
DefaultSource	Information	0	2017/06/21 13:50:40.661	ケーブル盗難チェック処理を実行します
DefaultSource	Warning	1	2017/06/21 13:50:40.661	本日日射データが0件の為、処理を終了します
DefaultSource	Information	0	2017/06/21 13:51:40.674	プロセス監視情報を更新しました
DefaultSource	Information	0	2017/06/21 13:52:40.688	プロセス監視情報を更新しました
DefaultSource	Information	0	2017/06/21 13:53:40.701	プロセス監視情報を更新しました
DefaultSource	Information	0	2017/06/21 13:54:40.714	プロセス監視情報を更新しました
DefaultSource	Information	0	2017/06/21 13:55:40.728	プロセス監視情報を更新しました
DefaultSource	Information	0	2017/06/21 13:56:40.741	プロセス監視情報を更新しました
DefaultSource	Information	0	2017/06/21 13:57:40.754	プロセス監視情報を更新しました
DefaultSource	Information	0	2017/06/21 13:58:40.768	プロセス監視情報を更新しました
DefaultSource	Information	0	2017/06/21 13:59:40.781	プロセス監視情報を更新しました
DefaultSource	Information	0	2017/06/21 14:00:40.794	プロセス監視情報を更新しました
DefaultSource	Information	0	2017/06/21 14:00:40.794	ケーブル盗難チェック処理を実行します
DefaultSource	Warning	1	2017/06/21 14:00:40.794	本日日射データが0件の為、処理を終了します
DefaultSource	Information	0	2017/06/21 14:01:40.807	プロセス監視情報を更新しました
DefaultSource	Information	0	2017/06/21 14:02:40.821	プロセス監視情報を更新しました
DefaultSource	Information	0	2017/06/21 14:03:40.834	プロセス監視情報を更新しました
DefaultSource	Information	0	2017/06/21 14:04:40.847	プロセス監視情報を更新しました
DefaultSource	Information	0	2017/06/21 14:05:40.861	プロセス監視情報を更新しました
DefaultSource	Information	0	2017/06/21 14:06:40.874	プロセス監視情報を更新しました
DefaultSource	Information	0	2017/06/21 14:07:40.887	プロセス監視情報を更新しました
DefaultSource	Information	0	2017/06/21 14:08:40.901	プロセス監視情報を更新しました
DefaultSource	Information	0	2017/06/21 14:09:40.914	プロセス監視情報を更新しました
DefaultSource	Information	0	2017/06/21 14:10:40.927	プロセス監視情報を更新しました
DefaultSource	Information	0	2017/06/21 14:10:40.927	ケーブル盗難チェック処理を実行します
DefaultSource	Warning	1	2017/06/21 14:10:40.927	本日日射データが0件の為、処理を終了します
DefaultSource	Information	0	2017/06/21 14:11:40.941	プロセス監視情報を更新しました
DefaultSource	Information	0	2017/06/21 14:12:40.954	プロセス監視情報を更新しました
DefaultSource	Information	0	2017/06/21 14:13:40.967	プロセス監視情報を更新しました
DefaultSource	Information	0	2017/06/21 14:14:40.980	プロセス監視情報を更新しました
DefaultSource	Information	0	2017/06/21 14:15:40.994	プロセス監視情報を更新しました
DefaultSource	Information	0	2017/06/21 14:16:41.007	プロセス監視情報を更新しました
DefaultSource	Information	0	2017/06/21 14:17:41.020	プロセス監視情報を更新しました
DefaultSource	Information	0	2017/06/21 14:18:41.034	プロセス監視情報を更新しました
DefaultSource	Information	0	2017/06/21 14:19:41.047	プロセス監視情報を更新しました
DefaultSource	Information	0	2017/06/21 14:20:41.060	プロセス監視情報を更新しました
DefaultSource	Information	0	2017/06/21 14:20:41.060	ケーブル盗難チェック処理を実行します
DefaultSource	Warning	1	2017/06/21 14:20:41.060	本日日射データが0件の為、処理を終了します
DefaultSource	Information	0	2017/06/21 14:21:41.074	プロセス監視情報を更新しました
DefaultSource	Information	0	2017/06/21 14:22:41.087	プロセス監視情報を更新しました
DefaultSource	Information	0	2017/06/21 14:23:41.100	プロセス監視情報を更新しました
DefaultSource	Information	0	2017/06/21 14:24:41.113	プロセス監視情報を更新しました
DefaultSource	Information	0	2017/06/21 14:25:41.127	プロセス監視情報を更新しました
DefaultSource	Information	0	2017/06/21 14:26:41.140	プロセス監視情報を更新しました
DefaultSource	Information	0	2017/06/21 14:27:41.153	プロセス監視情報を更新しました
DefaultSource	Information	0	2017/06/21 14:28:41.167	プロセス監視情報を更新しました
DefaultSource	Information	0	2017/06/21 14:29:41.180	プロセス監視情報を更新しました
DefaultSource	Information	0	2017/06/21 14:30:41.193	プロセス監視情報を更新しました
DefaultSource	Information	0	2017/06/21 14:30:41.193	ケーブル盗難チェック処理を実行します
DefaultSource	Warning	1	2017/06/21 14:30:41.193	本日日射データが0件の為、処理を終了します
DefaultSource	Information	0	2017/06/21 14:31:41.207	プロセス監視情報を更新しました
DefaultSource	Information	0	2017/06/21 14:32:41.236	プロセス監視情報を更新しました
DefaultSource	Information	0	2017/06/21 14:33:41.249	プロセス監視情報を更新しました
DefaultSource	Information	0	2017/06/21 14:34:41.262	プロセス監視情報を更新しました
DefaultSource	Information	0	2017/06/21 14:35:41.275	プロセス監視情報を更新しました
DefaultSource	Information	0	2017/06/21 14:36:41.289	プロセス監視情報を更新しました
DefaultSource	Information	0	2017/06/21 14:37:41.302	プロセス監視情報を更新しました
DefaultSource	Information	0	2017/06/21 14:38:41.315	プロセス監視情報を更新しました
DefaultSource	Information	0	2017/06/21 14:39:41.329	プロセス監視情報を更新しました
DefaultSource	Information	0	2017/06/21 14:40:41.342	プロセス監視情報を更新しました
DefaultSource	Information	0	2017/06/21 14:40:41.342	ケーブル盗難チェック処理を実行します
DefaultSource	Warning	1	2017/06/21 14:40:41.342	本日日射データが0件の為、処理を終了します
DefaultSource	Information	0	2017/06/21 14:41:41.355	プロセス監視情報を更新しました
DefaultSource	Information	0	2017/06/21 14:42:41.369	プロセス監視情報を更新しました
DefaultSource	Information	0	2017/06/21 14:43:41.382	プロセス監視情報を更新しました
DefaultSource	Information	0	2017/06/21 14:44:41.395	プロセス監視情報を更新しました
DefaultSource	Information	0	2017/06/21 14:45:41.408	プロセス監視情報を更新しました
DefaultSource	Information	0	2017/06/21 14:46:41.422	プロセス監視情報を更新しました
DefaultSource	Information	0	2017/06/21 14:47:41.435	プロセス監視情報を更新しました
DefaultSource	Information	0	2017/06/21 14:48:41.448	プロセス監視情報を更新しました
DefaultSource	Information	0	2017/06/21 14:49:41.462	プロセス監視情報を更新しました
DefaultSource	Information	0	2017/06/21 14:50:41.475	プロセス監視情報を更新しました
DefaultSource	Information	0	2017/06/21 14:50:41.475	ケーブル盗難チェック処理を実行します
DefaultSource	Warning	1	2017/06/21 14:50:41.475	本日日射データが0件の為、処理を終了します
DefaultSource	Information	0	2017/06/21 14:51:41.488	プロセス監視情報を更新しました
DefaultSource	Information	0	2017/06/21 14:52:41.502	プロセス監視情報を更新しました
DefaultSource	Information	0	2017/06/21 14:53:41.515	プロセス監視情報を更新しました
DefaultSource	Information	0	2017/06/21 14:54:41.528	プロセス監視情報を更新しました
DefaultSource	Information	0	2017/06/21 14:55:41.542	プロセス監視情報を更新しました
DefaultSource	Information	0	2017/06/21 14:56:41.555	プロセス監視情報を更新しました
DefaultSource	Information	0	2017/06/21 14:57:41.568	プロセス監視情報を更新しました
DefaultSource	Information	0	2017/06/21 14:58:41.581	プロセス監視情報を更新しました
DefaultSource	Information	0	2017/06/21 14:59:41.595	プロセス監視情報を更新しました
DefaultSource	Information	0	2017/06/21 15:00:41.608	プロセス監視情報を更新しました
DefaultSource	Information	0	2017/06/21 15:00:41.608	ケーブル盗難チェック処理を実行します
DefaultSource	Warning	1	2017/06/21 15:00:41.608	本日日射データが0件の為、処理を終了します
DefaultSource	Information	0	2017/06/21 15:01:41.621	プロセス監視情報を更新しました
DefaultSource	Information	0	2017/06/21 15:02:41.635	プロセス監視情報を更新しました
DefaultSource	Information	0	2017/06/21 15:03:41.648	プロセス監視情報を更新しました
DefaultSource	Information	0	2017/06/21 15:04:41.661	プロセス監視情報を更新しました
DefaultSource	Information	0	2017/06/21 15:05:41.675	プロセス監視情報を更新しました
DefaultSource	Information	0	2017/06/21 15:06:41.688	プロセス監視情報を更新しました
DefaultSource	Information	0	2017/06/21 15:07:41.701	プロセス監視情報を更新しました
DefaultSource	Information	0	2017/06/21 15:08:41.715	プロセス監視情報を更新しました
DefaultSource	Information	0	2017/06/21 15:09:41.728	プロセス監視情報を更新しました
DefaultSource	Information	0	2017/06/21 15:10:41.741	プロセス監視情報を更新しました
DefaultSource	Information	0	2017/06/21 15:11:41.754	プロセス監視情報を更新しました
DefaultSource	Information	0	2017/06/21 15:12:41.768	プロセス監視情報を更新しました
DefaultSource	Information	0	2017/06/21 15:13:41.781	プロセス監視情報を更新しました
DefaultSource	Information	0	2017/06/21 15:14:41.794	プロセス監視情報を更新しました
DefaultSource	Information	0	2017/06/21 15:15:41.808	プロセス監視情報を更新しました
DefaultSource	Information	0	2017/06/21 15:16:41.821	プロセス監視情報を更新しました
DefaultSource	Information	0	2017/06/21 15:17:41.834	プロセス監視情報を更新しました
DefaultSource	Information	0	2017/06/21 15:18:41.848	プロセス監視情報を更新しました
DefaultSource	Information	0	2017/06/21 15:19:41.861	プロセス監視情報を更新しました
DefaultSource	Information	0	2017/06/21 15:20:41.874	プロセス監視情報を更新しました
DefaultSource	Information	0	2017/06/21 15:21:41.887	プロセス監視情報を更新しました
DefaultSource	Information	0	2017/06/21 15:22:41.901	プロセス監視情報を更新しました
DefaultSource	Information	0	2017/06/21 15:23:41.914	プロセス監視情報を更新しました
DefaultSource	Information	0	2017/06/21 15:24:41.927	プロセス監視情報を更新しました
DefaultSource	Information	0	2017/06/21 15:25:41.941	プロセス監視情報を更新しました
DefaultSource	Information	0	2017/06/21 15:26:41.954	プロセス監視情報を更新しました
DefaultSource	Information	0	2017/06/21 15:27:41.967	プロセス監視情報を更新しました
DefaultSource	Information	0	2017/06/21 15:28:41.996	プロセス監視情報を更新しました
DefaultSource	Information	0	2017/06/21 15:29:42.010	プロセス監視情報を更新しました
DefaultSource	Information	0	2017/06/21 15:30:42.023	プロセス監視情報を更新しました
DefaultSource	Information	0	2017/06/21 15:31:42.036	プロセス監視情報を更新しました
DefaultSource	Information	0	2017/06/21 15:32:42.049	プロセス監視情報を更新しました
DefaultSource	Information	0	2017/06/21 15:33:42.063	プロセス監視情報を更新しました
DefaultSource	Information	0	2017/06/21 15:34:42.076	プロセス監視情報を更新しました
DefaultSource	Information	0	2017/06/21 15:35:42.089	プロセス監視情報を更新しました
DefaultSource	Information	0	2017/06/21 15:36:42.103	プロセス監視情報を更新しました
DefaultSource	Information	0	2017/06/21 15:37:42.116	プロセス監視情報を更新しました
DefaultSource	Information	0	2017/06/21 15:38:42.129	プロセス監視情報を更新しました
DefaultSource	Information	0	2017/06/21 15:39:42.143	プロセス監視情報を更新しました
DefaultSource	Information	0	2017/06/21 15:40:42.156	プロセス監視情報を更新しました
DefaultSource	Information	0	2017/06/21 15:41:42.169	プロセス監視情報を更新しました
DefaultSource	Information	0	2017/06/21 15:42:42.182	プロセス監視情報を更新しました
DefaultSource	Information	0	2017/06/21 15:43:42.196	プロセス監視情報を更新しました
DefaultSource	Information	0	2017/06/21 15:44:42.209	プロセス監視情報を更新しました
DefaultSource	Information	0	2017/06/21 15:45:42.222	プロセス監視情報を更新しました
DefaultSource	Information	0	2017/06/21 15:46:42.236	プロセス監視情報を更新しました
DefaultSource	Information	0	2017/06/21 15:47:42.249	プロセス監視情報を更新しました
DefaultSource	Information	0	2017/06/21 15:48:42.262	プロセス監視情報を更新しました
DefaultSource	Information	0	2017/06/21 15:49:42.276	プロセス監視情報を更新しました
DefaultSource	Information	0	2017/06/21 15:50:42.289	プロセス監視情報を更新しました
DefaultSource	Information	0	2017/06/21 15:51:42.302	プロセス監視情報を更新しました
DefaultSource	Information	0	2017/06/21 15:52:42.316	プロセス監視情報を更新しました
DefaultSource	Information	0	2017/06/21 15:53:42.329	プロセス監視情報を更新しました
DefaultSource	Information	0	2017/06/21 15:54:42.342	プロセス監視情報を更新しました
DefaultSource	Information	0	2017/06/21 15:55:42.355	プロセス監視情報を更新しました
DefaultSource	Information	0	2017/06/21 15:56:42.369	プロセス監視情報を更新しました
DefaultSource	Information	0	2017/06/21 15:57:42.382	プロセス監視情報を更新しました
DefaultSource	Information	0	2017/06/21 15:58:42.395	プロセス監視情報を更新しました
DefaultSource	Information	0	2017/06/21 15:59:42.409	プロセス監視情報を更新しました
DefaultSource	Information	0	2017/06/21 16:00:42.422	プロセス監視情報を更新しました
DefaultSource	Information	0	2017/06/21 16:01:42.435	プロセス監視情報を更新しました
DefaultSource	Information	0	2017/06/21 16:02:42.449	プロセス監視情報を更新しました
DefaultSource	Information	0	2017/06/21 16:03:42.462	プロセス監視情報を更新しました
DefaultSource	Information	0	2017/06/21 16:04:42.475	プロセス監視情報を更新しました
DefaultSource	Information	0	2017/06/21 16:05:42.489	プロセス監視情報を更新しました
DefaultSource	Information	0	2017/06/21 16:06:42.502	プロセス監視情報を更新しました
DefaultSource	Information	0	2017/06/21 16:07:42.515	プロセス監視情報を更新しました
DefaultSource	Information	0	2017/06/21 16:08:42.528	プロセス監視情報を更新しました
DefaultSource	Information	0	2017/06/21 16:09:42.542	プロセス監視情報を更新しました
DefaultSource	Information	0	2017/06/21 16:10:42.555	プロセス監視情報を更新しました
DefaultSource	Information	0	2017/06/21 16:11:42.568	プロセス監視情報を更新しました
DefaultSource	Information	0	2017/06/21 16:12:42.582	プロセス監視情報を更新しました
DefaultSource	Information	0	2017/06/21 16:13:42.595	プロセス監視情報を更新しました
DefaultSource	Information	0	2017/06/21 16:14:42.608	プロセス監視情報を更新しました
DefaultSource	Information	0	2017/06/21 16:15:42.622	プロセス監視情報を更新しました
DefaultSource	Information	0	2017/06/21 16:16:42.635	プロセス監視情報を更新しました
DefaultSource	Information	0	2017/06/21 16:17:42.648	プロセス監視情報を更新しました
DefaultSource	Information	0	2017/06/21 16:18:42.661	プロセス監視情報を更新しました
DefaultSource	Information	0	2017/06/21 16:19:42.675	プロセス監視情報を更新しました
DefaultSource	Information	0	2017/06/21 16:20:42.688	プロセス監視情報を更新しました
DefaultSource	Information	0	2017/06/21 16:21:42.701	プロセス監視情報を更新しました
DefaultSource	Information	0	2017/06/21 16:22:42.715	プロセス監視情報を更新しました
DefaultSource	Information	0	2017/06/21 16:23:42.728	プロセス監視情報を更新しました
DefaultSource	Information	0	2017/06/21 16:24:42.757	プロセス監視情報を更新しました
DefaultSource	Information	0	2017/06/21 16:25:42.770	プロセス監視情報を更新しました
DefaultSource	Information	0	2017/06/21 16:26:42.784	プロセス監視情報を更新しました
DefaultSource	Information	0	2017/06/21 16:27:42.797	プロセス監視情報を更新しました
DefaultSource	Information	0	2017/06/21 16:28:42.810	プロセス監視情報を更新しました
DefaultSource	Information	0	2017/06/21 16:29:42.823	プロセス監視情報を更新しました
DefaultSource	Information	0	2017/06/21 16:30:42.837	プロセス監視情報を更新しました
DefaultSource	Information	0	2017/06/21 16:31:42.850	プロセス監視情報を更新しました
DefaultSource	Information	0	2017/06/21 16:32:42.863	プロセス監視情報を更新しました
DefaultSource	Information	0	2017/06/21 16:33:42.877	プロセス監視情報を更新しました
DefaultSource	Information	0	2017/06/21 16:34:42.890	プロセス監視情報を更新しました
DefaultSource	Information	0	2017/06/21 16:35:42.903	プロセス監視情報を更新しました
DefaultSource	Information	0	2017/06/21 16:36:42.917	プロセス監視情報を更新しました
DefaultSource	Information	0	2017/06/21 16:37:42.930	プロセス監視情報を更新しました
DefaultSource	Information	0	2017/06/21 16:38:42.943	プロセス監視情報を更新しました
DefaultSource	Information	0	2017/06/21 16:39:42.957	プロセス監視情報を更新しました
DefaultSource	Information	0	2017/06/21 16:40:42.970	プロセス監視情報を更新しました
DefaultSource	Information	0	2017/06/21 16:41:42.983	プロセス監視情報を更新しました
DefaultSource	Information	0	2017/06/21 16:42:42.996	プロセス監視情報を更新しました
DefaultSource	Information	0	2017/06/21 16:43:43.010	プロセス監視情報を更新しました
DefaultSource	Information	0	2017/06/21 16:44:43.023	プロセス監視情報を更新しました
DefaultSource	Information	0	2017/06/21 16:45:43.036	プロセス監視情報を更新しました
DefaultSource	Information	0	2017/06/21 16:46:43.050	プロセス監視情報を更新しました
DefaultSource	Information	0	2017/06/21 16:47:43.063	プロセス監視情報を更新しました
DefaultSource	Information	0	2017/06/21 16:48:43.076	プロセス監視情報を更新しました
DefaultSource	Information	0	2017/06/21 16:49:43.090	プロセス監視情報を更新しました
DefaultSource	Information	0	2017/06/21 16:50:43.103	プロセス監視情報を更新しました
DefaultSource	Information	0	2017/06/21 16:51:43.116	プロセス監視情報を更新しました
DefaultSource	Information	0	2017/06/21 16:52:43.129	プロセス監視情報を更新しました
DefaultSource	Information	0	2017/06/21 16:53:43.143	プロセス監視情報を更新しました
DefaultSource	Information	0	2017/06/21 16:54:43.156	プロセス監視情報を更新しました
DefaultSource	Information	0	2017/06/21 16:55:43.169	プロセス監視情報を更新しました
DefaultSource	Information	0	2017/06/21 16:56:43.183	プロセス監視情報を更新しました
DefaultSource	Information	0	2017/06/21 16:57:43.196	プロセス監視情報を更新しました
DefaultSource	Information	0	2017/06/21 16:58:43.209	プロセス監視情報を更新しました
DefaultSource	Information	0	2017/06/21 16:59:43.223	プロセス監視情報を更新しました
DefaultSource	Information	0	2017/06/21 17:00:43.236	プロセス監視情報を更新しました
DefaultSource	Information	0	2017/06/21 17:01:43.249	プロセス監視情報を更新しました
DefaultSource	Information	0	2017/06/21 17:02:43.263	プロセス監視情報を更新しました
DefaultSource	Information	0	2017/06/21 17:03:43.276	プロセス監視情報を更新しました
DefaultSource	Information	0	2017/06/21 17:04:43.289	プロセス監視情報を更新しました
DefaultSource	Information	0	2017/06/21 17:05:43.302	プロセス監視情報を更新しました
DefaultSource	Information	0	2017/06/21 17:06:43.316	プロセス監視情報を更新しました
DefaultSource	Information	0	2017/06/21 17:07:43.329	プロセス監視情報を更新しました
DefaultSource	Information	0	2017/06/21 17:08:43.342	プロセス監視情報を更新しました
DefaultSource	Information	0	2017/06/21 17:09:43.356	プロセス監視情報を更新しました
DefaultSource	Information	0	2017/06/21 17:10:43.369	プロセス監視情報を更新しました
DefaultSource	Information	0	2017/06/21 17:11:43.382	プロセス監視情報を更新しました
DefaultSource	Information	0	2017/06/21 17:12:43.396	プロセス監視情報を更新しました
DefaultSource	Information	0	2017/06/21 17:13:43.409	プロセス監視情報を更新しました
DefaultSource	Information	0	2017/06/21 17:14:43.422	プロセス監視情報を更新しました
DefaultSource	Information	0	2017/06/21 17:15:43.435	プロセス監視情報を更新しました
DefaultSource	Information	0	2017/06/21 17:16:43.449	プロセス監視情報を更新しました
DefaultSource	Information	0	2017/06/21 17:17:43.462	プロセス監視情報を更新しました
DefaultSource	Information	0	2017/06/21 17:18:43.475	プロセス監視情報を更新しました
DefaultSource	Information	0	2017/06/21 17:19:43.489	プロセス監視情報を更新しました
DefaultSource	Information	0	2017/06/21 17:20:43.518	プロセス監視情報を更新しました
DefaultSource	Information	0	2017/06/21 17:21:43.531	プロセス監視情報を更新しました
DefaultSource	Information	0	2017/06/21 17:22:43.544	プロセス監視情報を更新しました
DefaultSource	Information	0	2017/06/21 17:23:43.558	プロセス監視情報を更新しました
DefaultSource	Information	0	2017/06/21 17:24:43.571	プロセス監視情報を更新しました
DefaultSource	Information	0	2017/06/21 17:25:43.584	プロセス監視情報を更新しました
DefaultSource	Information	0	2017/06/21 17:26:43.597	プロセス監視情報を更新しました
DefaultSource	Information	0	2017/06/21 17:27:43.611	プロセス監視情報を更新しました
DefaultSource	Information	0	2017/06/21 17:28:43.624	プロセス監視情報を更新しました
DefaultSource	Information	0	2017/06/21 17:29:43.637	プロセス監視情報を更新しました
DefaultSource	Information	0	2017/06/21 17:30:43.651	プロセス監視情報を更新しました
DefaultSource	Information	0	2017/06/21 17:31:43.664	プロセス監視情報を更新しました
DefaultSource	Information	0	2017/06/21 17:32:43.677	プロセス監視情報を更新しました
DefaultSource	Information	0	2017/06/21 17:33:43.691	プロセス監視情報を更新しました
DefaultSource	Information	0	2017/06/21 17:34:43.704	プロセス監視情報を更新しました
DefaultSource	Information	0	2017/06/21 17:35:43.717	プロセス監視情報を更新しました
DefaultSource	Information	0	2017/06/21 17:36:43.731	プロセス監視情報を更新しました
DefaultSource	Information	0	2017/06/21 17:37:43.744	プロセス監視情報を更新しました
DefaultSource	Information	0	2017/06/21 17:38:43.757	プロセス監視情報を更新しました
DefaultSource	Information	0	2017/06/21 17:39:43.770	プロセス監視情報を更新しました
DefaultSource	Information	0	2017/06/21 17:40:43.784	プロセス監視情報を更新しました
DefaultSource	Information	0	2017/06/21 17:41:43.797	プロセス監視情報を更新しました
DefaultSource	Information	0	2017/06/21 17:42:43.810	プロセス監視情報を更新しました
DefaultSource	Information	0	2017/06/21 17:43:43.824	プロセス監視情報を更新しました
DefaultSource	Information	0	2017/06/21 17:44:43.837	プロセス監視情報を更新しました
DefaultSource	Information	0	2017/06/21 17:45:43.850	プロセス監視情報を更新しました
DefaultSource	Information	0	2017/06/21 17:46:43.864	プロセス監視情報を更新しました
DefaultSource	Information	0	2017/06/21 17:47:43.877	プロセス監視情報を更新しました
DefaultSource	Information	0	2017/06/21 17:48:43.890	プロセス監視情報を更新しました
DefaultSource	Information	0	2017/06/21 17:49:43.903	プロセス監視情報を更新しました
DefaultSource	Information	0	2017/06/21 17:50:43.917	プロセス監視情報を更新しました
DefaultSource	Information	0	2017/06/21 17:51:43.930	プロセス監視情報を更新しました
DefaultSource	Information	0	2017/06/21 17:52:43.943	プロセス監視情報を更新しました
DefaultSource	Information	0	2017/06/21 17:53:43.957	プロセス監視情報を更新しました
DefaultSource	Information	0	2017/06/21 17:54:43.970	プロセス監視情報を更新しました
DefaultSource	Information	0	2017/06/21 17:55:43.983	プロセス監視情報を更新しました
DefaultSource	Information	0	2017/06/21 17:56:43.997	プロセス監視情報を更新しました
DefaultSource	Information	0	2017/06/21 17:57:44.010	プロセス監視情報を更新しました
DefaultSource	Information	0	2017/06/21 17:58:44.023	プロセス監視情報を更新しました
DefaultSource	Information	0	2017/06/21 17:59:44.037	プロセス監視情報を更新しました
DefaultSource	Information	0	2017/06/21 18:00:44.050	プロセス監視情報を更新しました
DefaultSource	Information	0	2017/06/21 18:01:44.063	プロセス監視情報を更新しました
DefaultSource	Information	0	2017/06/21 18:02:44.076	プロセス監視情報を更新しました
DefaultSource	Information	0	2017/06/21 18:03:44.090	プロセス監視情報を更新しました
DefaultSource	Information	0	2017/06/21 18:04:44.103	プロセス監視情報を更新しました
DefaultSource	Information	0	2017/06/21 18:05:44.116	プロセス監視情報を更新しました
DefaultSource	Information	0	2017/06/21 18:06:44.130	プロセス監視情報を更新しました
DefaultSource	Information	0	2017/06/21 18:07:44.143	プロセス監視情報を更新しました
DefaultSource	Information	0	2017/06/21 18:08:44.156	プロセス監視情報を更新しました
DefaultSource	Information	0	2017/06/21 18:09:44.170	プロセス監視情報を更新しました
DefaultSource	Information	0	2017/06/21 18:10:44.183	プロセス監視情報を更新しました
DefaultSource	Information	0	2017/06/21 18:11:44.196	プロセス監視情報を更新しました
DefaultSource	Information	0	2017/06/21 18:12:44.210	プロセス監視情報を更新しました
DefaultSource	Information	0	2017/06/21 18:13:44.223	プロセス監視情報を更新しました
DefaultSource	Information	0	2017/06/21 18:14:44.236	プロセス監視情報を更新しました
DefaultSource	Information	0	2017/06/21 18:15:44.265	プロセス監視情報を更新しました
DefaultSource	Information	0	2017/06/21 18:16:44.278	プロセス監視情報を更新しました
DefaultSource	Information	0	2017/06/21 18:17:44.292	プロセス監視情報を更新しました
DefaultSource	Information	0	2017/06/21 18:18:44.305	プロセス監視情報を更新しました
DefaultSource	Information	0	2017/06/21 18:19:44.318	プロセス監視情報を更新しました
DefaultSource	Information	0	2017/06/21 18:20:44.332	プロセス監視情報を更新しました
DefaultSource	Information	0	2017/06/21 18:21:44.345	プロセス監視情報を更新しました
DefaultSource	Information	0	2017/06/21 18:22:44.358	プロセス監視情報を更新しました
DefaultSource	Information	0	2017/06/21 18:23:44.371	プロセス監視情報を更新しました
DefaultSource	Information	0	2017/06/21 18:24:44.385	プロセス監視情報を更新しました
DefaultSource	Information	0	2017/06/21 18:25:44.398	プロセス監視情報を更新しました
DefaultSource	Information	0	2017/06/21 18:26:44.411	プロセス監視情報を更新しました
DefaultSource	Information	0	2017/06/21 18:27:44.425	プロセス監視情報を更新しました
DefaultSource	Information	0	2017/06/21 18:28:44.438	プロセス監視情報を更新しました
DefaultSource	Information	0	2017/06/21 18:29:44.451	プロセス監視情報を更新しました
DefaultSource	Information	0	2017/06/21 18:30:44.465	プロセス監視情報を更新しました
DefaultSource	Information	0	2017/06/21 18:31:44.478	プロセス監視情報を更新しました
DefaultSource	Information	0	2017/06/21 18:32:44.491	プロセス監視情報を更新しました
DefaultSource	Information	0	2017/06/21 18:33:44.505	プロセス監視情報を更新しました
DefaultSource	Information	0	2017/06/21 18:34:44.518	プロセス監視情報を更新しました
DefaultSource	Information	0	2017/06/21 18:35:44.531	プロセス監視情報を更新しました
DefaultSource	Information	0	2017/06/21 18:36:44.544	プロセス監視情報を更新しました
DefaultSource	Information	0	2017/06/21 18:37:44.558	プロセス監視情報を更新しました
DefaultSource	Information	0	2017/06/21 18:38:44.571	プロセス監視情報を更新しました
DefaultSource	Information	0	2017/06/21 18:39:44.584	プロセス監視情報を更新しました
DefaultSource	Information	0	2017/06/21 18:40:44.598	プロセス監視情報を更新しました
DefaultSource	Information	0	2017/06/21 18:41:44.611	プロセス監視情報を更新しました
DefaultSource	Information	0	2017/06/21 18:42:44.624	プロセス監視情報を更新しました
DefaultSource	Information	0	2017/06/21 18:43:44.638	プロセス監視情報を更新しました
DefaultSource	Information	0	2017/06/21 18:44:44.651	プロセス監視情報を更新しました
DefaultSource	Information	0	2017/06/21 18:45:44.664	プロセス監視情報を更新しました
DefaultSource	Information	0	2017/06/21 18:46:44.677	プロセス監視情報を更新しました
DefaultSource	Information	0	2017/06/21 18:47:44.691	プロセス監視情報を更新しました
DefaultSource	Information	0	2017/06/21 18:48:44.704	プロセス監視情報を更新しました
DefaultSource	Information	0	2017/06/21 18:49:44.717	プロセス監視情報を更新しました
DefaultSource	Information	0	2017/06/21 18:50:44.731	プロセス監視情報を更新しました
DefaultSource	Information	0	2017/06/21 18:51:44.744	プロセス監視情報を更新しました
DefaultSource	Information	0	2017/06/21 18:52:44.757	プロセス監視情報を更新しました
DefaultSource	Information	0	2017/06/21 18:53:44.771	プロセス監視情報を更新しました
DefaultSource	Information	0	2017/06/21 18:54:44.784	プロセス監視情報を更新しました
DefaultSource	Information	0	2017/06/21 18:55:44.797	プロセス監視情報を更新しました
DefaultSource	Information	0	2017/06/21 18:56:44.811	プロセス監視情報を更新しました
DefaultSource	Information	0	2017/06/21 18:57:44.824	プロセス監視情報を更新しました
DefaultSource	Information	0	2017/06/21 18:58:44.837	プロセス監視情報を更新しました
DefaultSource	Information	0	2017/06/21 18:59:44.850	プロセス監視情報を更新しました
DefaultSource	Information	0	2017/06/21 19:00:44.864	プロセス監視情報を更新しました
DefaultSource	Information	0	2017/06/21 19:01:44.877	プロセス監視情報を更新しました
DefaultSource	Information	0	2017/06/21 19:02:44.890	プロセス監視情報を更新しました
DefaultSource	Information	0	2017/06/21 19:03:44.904	プロセス監視情報を更新しました
DefaultSource	Information	0	2017/06/21 19:04:44.917	プロセス監視情報を更新しました
DefaultSource	Information	0	2017/06/21 19:05:44.930	プロセス監視情報を更新しました
DefaultSource	Information	0	2017/06/21 19:06:44.944	プロセス監視情報を更新しました
DefaultSource	Information	0	2017/06/21 19:07:44.957	プロセス監視情報を更新しました
DefaultSource	Information	0	2017/06/21 19:08:44.970	プロセス監視情報を更新しました
DefaultSource	Information	0	2017/06/21 19:09:44.984	プロセス監視情報を更新しました
DefaultSource	Information	0	2017/06/21 19:10:44.997	プロセス監視情報を更新しました
DefaultSource	Information	0	2017/06/21 19:11:45.026	プロセス監視情報を更新しました
DefaultSource	Information	0	2017/06/21 19:12:45.039	プロセス監視情報を更新しました
DefaultSource	Information	0	2017/06/21 19:13:45.052	プロセス監視情報を更新しました
DefaultSource	Information	0	2017/06/21 19:14:45.066	プロセス監視情報を更新しました
DefaultSource	Information	0	2017/06/21 19:15:45.079	プロセス監視情報を更新しました
DefaultSource	Information	0	2017/06/21 19:16:45.092	プロセス監視情報を更新しました
DefaultSource	Information	0	2017/06/21 19:17:45.106	プロセス監視情報を更新しました
DefaultSource	Information	0	2017/06/21 19:18:45.119	プロセス監視情報を更新しました
DefaultSource	Information	0	2017/06/21 19:19:45.132	プロセス監視情報を更新しました
DefaultSource	Information	0	2017/06/21 19:20:45.145	プロセス監視情報を更新しました
DefaultSource	Information	0	2017/06/21 19:21:45.159	プロセス監視情報を更新しました
DefaultSource	Information	0	2017/06/21 19:22:45.172	プロセス監視情報を更新しました
DefaultSource	Information	0	2017/06/21 19:23:45.185	プロセス監視情報を更新しました
DefaultSource	Information	0	2017/06/21 19:24:45.199	プロセス監視情報を更新しました
DefaultSource	Information	0	2017/06/21 19:25:45.212	プロセス監視情報を更新しました
DefaultSource	Information	0	2017/06/21 19:26:45.225	プロセス監視情報を更新しました
DefaultSource	Information	0	2017/06/21 19:27:45.239	プロセス監視情報を更新しました
DefaultSource	Information	0	2017/06/21 19:28:45.252	プロセス監視情報を更新しました
DefaultSource	Information	0	2017/06/21 19:29:45.265	プロセス監視情報を更新しました
DefaultSource	Information	0	2017/06/21 19:30:45.279	プロセス監視情報を更新しました
DefaultSource	Information	0	2017/06/21 19:31:45.292	プロセス監視情報を更新しました
DefaultSource	Information	0	2017/06/21 19:32:45.305	プロセス監視情報を更新しました
DefaultSource	Information	0	2017/06/21 19:33:45.318	プロセス監視情報を更新しました
DefaultSource	Information	0	2017/06/21 19:34:45.332	プロセス監視情報を更新しました
DefaultSource	Information	0	2017/06/21 19:35:45.345	プロセス監視情報を更新しました
DefaultSource	Information	0	2017/06/21 19:36:45.358	プロセス監視情報を更新しました
DefaultSource	Information	0	2017/06/21 19:37:45.372	プロセス監視情報を更新しました
DefaultSource	Information	0	2017/06/21 19:38:45.385	プロセス監視情報を更新しました
DefaultSource	Information	0	2017/06/21 19:39:45.398	プロセス監視情報を更新しました
DefaultSource	Information	0	2017/06/21 19:40:45.412	プロセス監視情報を更新しました
DefaultSource	Information	0	2017/06/21 19:41:45.425	プロセス監視情報を更新しました
DefaultSource	Information	0	2017/06/21 19:42:45.438	プロセス監視情報を更新しました
DefaultSource	Information	0	2017/06/21 19:43:45.451	プロセス監視情報を更新しました
DefaultSource	Information	0	2017/06/21 19:44:45.465	プロセス監視情報を更新しました
DefaultSource	Information	0	2017/06/21 19:45:45.478	プロセス監視情報を更新しました
DefaultSource	Information	0	2017/06/21 19:46:45.491	プロセス監視情報を更新しました
DefaultSource	Information	0	2017/06/21 19:47:45.505	プロセス監視情報を更新しました
DefaultSource	Information	0	2017/06/21 19:48:45.518	プロセス監視情報を更新しました
DefaultSource	Information	0	2017/06/21 19:49:45.531	プロセス監視情報を更新しました
DefaultSource	Information	0	2017/06/21 19:50:45.545	プロセス監視情報を更新しました
DefaultSource	Information	0	2017/06/21 19:51:45.558	プロセス監視情報を更新しました
DefaultSource	Information	0	2017/06/21 19:52:45.571	プロセス監視情報を更新しました
DefaultSource	Information	0	2017/06/21 19:53:45.585	プロセス監視情報を更新しました
DefaultSource	Information	0	2017/06/21 19:54:45.598	プロセス監視情報を更新しました
DefaultSource	Information	0	2017/06/21 19:55:45.611	プロセス監視情報を更新しました
DefaultSource	Information	0	2017/06/21 19:56:45.624	プロセス監視情報を更新しました
DefaultSource	Information	0	2017/06/21 19:57:45.638	プロセス監視情報を更新しました
DefaultSource	Information	0	2017/06/21 19:58:45.651	プロセス監視情報を更新しました
DefaultSource	Information	0	2017/06/21 19:59:45.664	プロセス監視情報を更新しました
DefaultSource	Information	0	2017/06/21 20:00:45.678	プロセス監視情報を更新しました
DefaultSource	Information	0	2017/06/21 20:01:45.691	プロセス監視情報を更新しました
DefaultSource	Information	0	2017/06/21 20:02:45.704	プロセス監視情報を更新しました
DefaultSource	Information	0	2017/06/21 20:03:45.718	プロセス監視情報を更新しました
DefaultSource	Information	0	2017/06/21 20:04:45.731	プロセス監視情報を更新しました
DefaultSource	Information	0	2017/06/21 20:05:45.744	プロセス監視情報を更新しました
DefaultSource	Information	0	2017/06/21 20:06:45.758	プロセス監視情報を更新しました
DefaultSource	Information	0	2017/06/21 20:07:45.786	プロセス監視情報を更新しました
DefaultSource	Information	0	2017/06/21 20:08:45.800	プロセス監視情報を更新しました
DefaultSource	Information	0	2017/06/21 20:09:45.813	プロセス監視情報を更新しました
DefaultSource	Information	0	2017/06/21 20:10:45.826	プロセス監視情報を更新しました
DefaultSource	Information	0	2017/06/21 20:11:45.840	プロセス監視情報を更新しました
DefaultSource	Information	0	2017/06/21 20:12:45.853	プロセス監視情報を更新しました
DefaultSource	Information	0	2017/06/21 20:13:45.866	プロセス監視情報を更新しました
DefaultSource	Information	0	2017/06/21 20:14:45.942	プロセス監視情報を更新しました
DefaultSource	Information	0	2017/06/21 20:15:45.955	プロセス監視情報を更新しました
DefaultSource	Information	0	2017/06/21 20:16:45.969	プロセス監視情報を更新しました
DefaultSource	Information	0	2017/06/21 20:17:45.982	プロセス監視情報を更新しました
DefaultSource	Information	0	2017/06/21 20:18:45.995	プロセス監視情報を更新しました
DefaultSource	Information	0	2017/06/21 20:19:46.008	プロセス監視情報を更新しました
DefaultSource	Information	0	2017/06/21 20:20:46.022	プロセス監視情報を更新しました
DefaultSource	Information	0	2017/06/21 20:21:46.035	プロセス監視情報を更新しました
DefaultSource	Information	0	2017/06/21 20:22:46.048	プロセス監視情報を更新しました
DefaultSource	Information	0	2017/06/21 20:23:46.062	プロセス監視情報を更新しました
DefaultSource	Information	0	2017/06/21 20:24:46.075	プロセス監視情報を更新しました
DefaultSource	Information	0	2017/06/21 20:25:46.088	プロセス監視情報を更新しました
DefaultSource	Information	0	2017/06/21 20:26:46.102	プロセス監視情報を更新しました
DefaultSource	Information	0	2017/06/21 20:27:46.115	プロセス監視情報を更新しました
DefaultSource	Information	0	2017/06/21 20:28:46.128	プロセス監視情報を更新しました
DefaultSource	Information	0	2017/06/21 20:29:46.142	プロセス監視情報を更新しました
DefaultSource	Information	0	2017/06/21 20:30:46.155	プロセス監視情報を更新しました
DefaultSource	Information	0	2017/06/21 20:31:46.168	プロセス監視情報を更新しました
DefaultSource	Information	0	2017/06/21 20:32:46.181	プロセス監視情報を更新しました
DefaultSource	Information	0	2017/06/21 20:33:46.195	プロセス監視情報を更新しました
DefaultSource	Information	0	2017/06/21 20:34:46.208	プロセス監視情報を更新しました
DefaultSource	Information	0	2017/06/21 20:35:46.221	プロセス監視情報を更新しました
DefaultSource	Information	0	2017/06/21 20:36:46.235	プロセス監視情報を更新しました
DefaultSource	Information	0	2017/06/21 20:37:46.248	プロセス監視情報を更新しました
DefaultSource	Information	0	2017/06/21 20:38:46.261	プロセス監視情報を更新しました
DefaultSource	Information	0	2017/06/21 20:39:46.275	プロセス監視情報を更新しました
DefaultSource	Information	0	2017/06/21 20:40:46.288	プロセス監視情報を更新しました
DefaultSource	Information	0	2017/06/21 20:41:46.301	プロセス監視情報を更新しました
DefaultSource	Information	0	2017/06/21 20:42:46.315	プロセス監視情報を更新しました
DefaultSource	Information	0	2017/06/21 20:43:46.328	プロセス監視情報を更新しました
DefaultSource	Information	0	2017/06/21 20:44:46.341	プロセス監視情報を更新しました
DefaultSource	Information	0	2017/06/21 20:45:46.354	プロセス監視情報を更新しました
DefaultSource	Information	0	2017/06/21 20:46:46.368	プロセス監視情報を更新しました
DefaultSource	Information	0	2017/06/21 20:47:46.381	プロセス監視情報を更新しました
DefaultSource	Information	0	2017/06/21 20:48:46.394	プロセス監視情報を更新しました
DefaultSource	Information	0	2017/06/21 20:49:46.408	プロセス監視情報を更新しました
DefaultSource	Information	0	2017/06/21 20:50:46.421	プロセス監視情報を更新しました
DefaultSource	Information	0	2017/06/21 20:51:46.434	プロセス監視情報を更新しました
DefaultSource	Information	0	2017/06/21 20:52:46.448	プロセス監視情報を更新しました
DefaultSource	Information	0	2017/06/21 20:53:46.461	プロセス監視情報を更新しました
DefaultSource	Information	0	2017/06/21 20:54:46.474	プロセス監視情報を更新しました
DefaultSource	Information	0	2017/06/21 20:55:46.487	プロセス監視情報を更新しました
DefaultSource	Information	0	2017/06/21 20:56:46.501	プロセス監視情報を更新しました
DefaultSource	Information	0	2017/06/21 20:57:46.514	プロセス監視情報を更新しました
DefaultSource	Information	0	2017/06/21 20:58:46.527	プロセス監視情報を更新しました
DefaultSource	Information	0	2017/06/21 20:59:46.541	プロセス監視情報を更新しました
DefaultSource	Information	0	2017/06/21 21:00:46.554	プロセス監視情報を更新しました
DefaultSource	Information	0	2017/06/21 21:01:46.567	プロセス監視情報を更新しました
DefaultSource	Information	0	2017/06/21 21:02:46.581	プロセス監視情報を更新しました
DefaultSource	Information	0	2017/06/21 21:03:46.610	プロセス監視情報を更新しました
DefaultSource	Information	0	2017/06/21 21:04:46.623	プロセス監視情報を更新しました
DefaultSource	Information	0	2017/06/21 21:05:46.636	プロセス監視情報を更新しました
DefaultSource	Information	0	2017/06/21 21:06:46.649	プロセス監視情報を更新しました
DefaultSource	Information	0	2017/06/21 21:07:46.663	プロセス監視情報を更新しました
DefaultSource	Information	0	2017/06/21 21:08:46.676	プロセス監視情報を更新しました
DefaultSource	Information	0	2017/06/21 21:09:46.689	プロセス監視情報を更新しました
DefaultSource	Information	0	2017/06/21 21:10:46.703	プロセス監視情報を更新しました
DefaultSource	Information	0	2017/06/21 21:11:46.716	プロセス監視情報を更新しました
DefaultSource	Information	0	2017/06/21 21:12:46.729	プロセス監視情報を更新しました
DefaultSource	Information	0	2017/06/21 21:13:46.743	プロセス監視情報を更新しました
DefaultSource	Information	0	2017/06/21 21:14:46.756	プロセス監視情報を更新しました
DefaultSource	Information	0	2017/06/21 21:15:46.769	プロセス監視情報を更新しました
DefaultSource	Information	0	2017/06/21 21:16:46.783	プロセス監視情報を更新しました
DefaultSource	Information	0	2017/06/21 21:17:46.796	プロセス監視情報を更新しました
DefaultSource	Information	0	2017/06/21 21:18:46.809	プロセス監視情報を更新しました
DefaultSource	Information	0	2017/06/21 21:19:46.822	プロセス監視情報を更新しました
DefaultSource	Information	0	2017/06/21 21:20:46.836	プロセス監視情報を更新しました
DefaultSource	Information	0	2017/06/21 21:21:46.849	プロセス監視情報を更新しました
DefaultSource	Information	0	2017/06/21 21:22:46.862	プロセス監視情報を更新しました
DefaultSource	Information	0	2017/06/21 21:23:46.876	プロセス監視情報を更新しました
DefaultSource	Information	0	2017/06/21 21:24:46.889	プロセス監視情報を更新しました
DefaultSource	Information	0	2017/06/21 21:25:46.902	プロセス監視情報を更新しました
DefaultSource	Information	0	2017/06/21 21:26:46.916	プロセス監視情報を更新しました
DefaultSource	Information	0	2017/06/21 21:27:46.929	プロセス監視情報を更新しました
DefaultSource	Information	0	2017/06/21 21:28:46.942	プロセス監視情報を更新しました
DefaultSource	Information	0	2017/06/21 21:29:46.955	プロセス監視情報を更新しました
DefaultSource	Information	0	2017/06/21 21:30:46.969	プロセス監視情報を更新しました
DefaultSource	Information	0	2017/06/21 21:31:46.982	プロセス監視情報を更新しました
DefaultSource	Information	0	2017/06/21 21:32:46.995	プロセス監視情報を更新しました
DefaultSource	Information	0	2017/06/21 21:33:47.009	プロセス監視情報を更新しました
DefaultSource	Information	0	2017/06/21 21:34:47.022	プロセス監視情報を更新しました
DefaultSource	Information	0	2017/06/21 21:35:47.035	プロセス監視情報を更新しました
DefaultSource	Information	0	2017/06/21 21:36:47.049	プロセス監視情報を更新しました
DefaultSource	Information	0	2017/06/21 21:37:47.062	プロセス監視情報を更新しました
DefaultSource	Information	0	2017/06/21 21:38:47.075	プロセス監視情報を更新しました
DefaultSource	Information	0	2017/06/21 21:39:47.089	プロセス監視情報を更新しました
DefaultSource	Information	0	2017/06/21 21:40:47.102	プロセス監視情報を更新しました
DefaultSource	Information	0	2017/06/21 21:41:47.115	プロセス監視情報を更新しました
DefaultSource	Information	0	2017/06/21 21:42:47.128	プロセス監視情報を更新しました
DefaultSource	Information	0	2017/06/21 21:43:47.142	プロセス監視情報を更新しました
DefaultSource	Information	0	2017/06/21 21:44:47.155	プロセス監視情報を更新しました
DefaultSource	Information	0	2017/06/21 21:45:47.168	プロセス監視情報を更新しました
DefaultSource	Information	0	2017/06/21 21:46:47.182	プロセス監視情報を更新しました
DefaultSource	Information	0	2017/06/21 21:47:47.195	プロセス監視情報を更新しました
DefaultSource	Information	0	2017/06/21 21:48:47.208	プロセス監視情報を更新しました
DefaultSource	Information	0	2017/06/21 21:49:47.222	プロセス監視情報を更新しました
DefaultSource	Information	0	2017/06/21 21:50:47.235	プロセス監視情報を更新しました
DefaultSource	Information	0	2017/06/21 21:51:47.248	プロセス監視情報を更新しました
DefaultSource	Information	0	2017/06/21 21:52:47.261	プロセス監視情報を更新しました
DefaultSource	Information	0	2017/06/21 21:53:47.275	プロセス監視情報を更新しました
DefaultSource	Information	0	2017/06/21 21:54:47.288	プロセス監視情報を更新しました
DefaultSource	Information	0	2017/06/21 21:55:47.301	プロセス監視情報を更新しました
DefaultSource	Information	0	2017/06/21 21:56:47.315	プロセス監視情報を更新しました
DefaultSource	Information	0	2017/06/21 21:57:47.328	プロセス監視情報を更新しました
DefaultSource	Information	0	2017/06/21 21:58:47.341	プロセス監視情報を更新しました
DefaultSource	Information	0	2017/06/21 21:59:47.370	プロセス監視情報を更新しました
DefaultSource	Information	0	2017/06/21 22:00:47.384	プロセス監視情報を更新しました
DefaultSource	Information	0	2017/06/21 22:01:47.397	プロセス監視情報を更新しました
DefaultSource	Information	0	2017/06/21 22:02:47.410	プロセス監視情報を更新しました
DefaultSource	Information	0	2017/06/21 22:03:47.423	プロセス監視情報を更新しました
DefaultSource	Information	0	2017/06/21 22:04:47.437	プロセス監視情報を更新しました
DefaultSource	Information	0	2017/06/21 22:05:47.450	プロセス監視情報を更新しました
DefaultSource	Information	0	2017/06/21 22:06:47.463	プロセス監視情報を更新しました
DefaultSource	Information	0	2017/06/21 22:07:47.477	プロセス監視情報を更新しました
DefaultSource	Information	0	2017/06/21 22:08:47.490	プロセス監視情報を更新しました
DefaultSource	Information	0	2017/06/21 22:09:47.503	プロセス監視情報を更新しました
DefaultSource	Information	0	2017/06/21 22:10:47.517	プロセス監視情報を更新しました
DefaultSource	Information	0	2017/06/21 22:11:47.530	プロセス監視情報を更新しました
DefaultSource	Information	0	2017/06/21 22:12:47.543	プロセス監視情報を更新しました
DefaultSource	Information	0	2017/06/21 22:13:47.557	プロセス監視情報を更新しました
DefaultSource	Information	0	2017/06/21 22:14:47.570	プロセス監視情報を更新しました
DefaultSource	Information	0	2017/06/21 22:15:47.583	プロセス監視情報を更新しました
DefaultSource	Information	0	2017/06/21 22:16:47.596	プロセス監視情報を更新しました
DefaultSource	Information	0	2017/06/21 22:17:47.610	プロセス監視情報を更新しました
DefaultSource	Information	0	2017/06/21 22:18:47.623	プロセス監視情報を更新しました
DefaultSource	Information	0	2017/06/21 22:19:47.636	プロセス監視情報を更新しました
DefaultSource	Information	0	2017/06/21 22:20:47.650	プロセス監視情報を更新しました
DefaultSource	Information	0	2017/06/21 22:21:47.663	プロセス監視情報を更新しました
DefaultSource	Information	0	2017/06/21 22:22:47.676	プロセス監視情報を更新しました
DefaultSource	Information	0	2017/06/21 22:23:47.690	プロセス監視情報を更新しました
DefaultSource	Information	0	2017/06/21 22:24:47.703	プロセス監視情報を更新しました
DefaultSource	Information	0	2017/06/21 22:25:47.716	プロセス監視情報を更新しました
DefaultSource	Information	0	2017/06/21 22:26:47.729	プロセス監視情報を更新しました
DefaultSource	Information	0	2017/06/21 22:27:47.743	プロセス監視情報を更新しました
DefaultSource	Information	0	2017/06/21 22:28:47.756	プロセス監視情報を更新しました
DefaultSource	Information	0	2017/06/21 22:29:47.769	プロセス監視情報を更新しました
DefaultSource	Information	0	2017/06/21 22:30:47.783	プロセス監視情報を更新しました
DefaultSource	Information	0	2017/06/21 22:31:47.796	プロセス監視情報を更新しました
DefaultSource	Information	0	2017/06/21 22:32:47.809	プロセス監視情報を更新しました
DefaultSource	Information	0	2017/06/21 22:33:47.823	プロセス監視情報を更新しました
DefaultSource	Information	0	2017/06/21 22:34:47.836	プロセス監視情報を更新しました
DefaultSource	Information	0	2017/06/21 22:35:47.849	プロセス監視情報を更新しました
DefaultSource	Information	0	2017/06/21 22:36:47.863	プロセス監視情報を更新しました
DefaultSource	Information	0	2017/06/21 22:37:47.876	プロセス監視情報を更新しました
DefaultSource	Information	0	2017/06/21 22:38:47.889	プロセス監視情報を更新しました
DefaultSource	Information	0	2017/06/21 22:39:47.902	プロセス監視情報を更新しました
DefaultSource	Information	0	2017/06/21 22:40:47.916	プロセス監視情報を更新しました
DefaultSource	Information	0	2017/06/21 22:41:47.929	プロセス監視情報を更新しました
DefaultSource	Information	0	2017/06/21 22:42:47.942	プロセス監視情報を更新しました
DefaultSource	Information	0	2017/06/21 22:43:47.956	プロセス監視情報を更新しました
DefaultSource	Information	0	2017/06/21 22:44:47.969	プロセス監視情報を更新しました
DefaultSource	Information	0	2017/06/21 22:45:47.982	プロセス監視情報を更新しました
DefaultSource	Information	0	2017/06/21 22:46:47.996	プロセス監視情報を更新しました
DefaultSource	Information	0	2017/06/21 22:47:48.009	プロセス監視情報を更新しました
DefaultSource	Information	0	2017/06/21 22:48:48.022	プロセス監視情報を更新しました
DefaultSource	Information	0	2017/06/21 22:49:48.036	プロセス監視情報を更新しました
DefaultSource	Information	0	2017/06/21 22:50:48.049	プロセス監視情報を更新しました
DefaultSource	Information	0	2017/06/21 22:51:48.062	プロセス監視情報を更新しました
DefaultSource	Information	0	2017/06/21 22:52:48.075	プロセス監視情報を更新しました
DefaultSource	Information	0	2017/06/21 22:53:48.089	プロセス監視情報を更新しました
DefaultSource	Information	0	2017/06/21 22:54:48.102	プロセス監視情報を更新しました
DefaultSource	Information	0	2017/06/21 22:55:48.131	プロセス監視情報を更新しました
DefaultSource	Information	0	2017/06/21 22:56:48.144	プロセス監視情報を更新しました
DefaultSource	Information	0	2017/06/21 22:57:48.158	プロセス監視情報を更新しました
DefaultSource	Information	0	2017/06/21 22:58:48.171	プロセス監視情報を更新しました
DefaultSource	Information	0	2017/06/21 22:59:48.184	プロセス監視情報を更新しました
DefaultSource	Information	0	2017/06/21 23:00:48.197	プロセス監視情報を更新しました
DefaultSource	Information	0	2017/06/21 23:01:48.211	プロセス監視情報を更新しました
DefaultSource	Information	0	2017/06/21 23:02:48.224	プロセス監視情報を更新しました
DefaultSource	Information	0	2017/06/21 23:03:48.237	プロセス監視情報を更新しました
DefaultSource	Information	0	2017/06/21 23:04:48.251	プロセス監視情報を更新しました
DefaultSource	Information	0	2017/06/21 23:05:48.264	プロセス監視情報を更新しました
DefaultSource	Information	0	2017/06/21 23:06:48.277	プロセス監視情報を更新しました
DefaultSource	Information	0	2017/06/21 23:07:48.291	プロセス監視情報を更新しました
DefaultSource	Information	0	2017/06/21 23:08:48.304	プロセス監視情報を更新しました
DefaultSource	Information	0	2017/06/21 23:09:48.317	プロセス監視情報を更新しました
DefaultSource	Information	0	2017/06/21 23:10:48.331	プロセス監視情報を更新しました
DefaultSource	Information	0	2017/06/21 23:11:48.344	プロセス監視情報を更新しました
DefaultSource	Information	0	2017/06/21 23:12:48.357	プロセス監視情報を更新しました
DefaultSource	Information	0	2017/06/21 23:13:48.370	プロセス監視情報を更新しました
DefaultSource	Information	0	2017/06/21 23:14:48.384	プロセス監視情報を更新しました
DefaultSource	Information	0	2017/06/21 23:15:48.397	プロセス監視情報を更新しました
DefaultSource	Information	0	2017/06/21 23:16:48.410	プロセス監視情報を更新しました
DefaultSource	Information	0	2017/06/21 23:17:48.424	プロセス監視情報を更新しました
DefaultSource	Information	0	2017/06/21 23:18:48.437	プロセス監視情報を更新しました
DefaultSource	Information	0	2017/06/21 23:19:48.450	プロセス監視情報を更新しました
DefaultSource	Information	0	2017/06/21 23:20:48.464	プロセス監視情報を更新しました
DefaultSource	Information	0	2017/06/21 23:21:48.477	プロセス監視情報を更新しました
DefaultSource	Information	0	2017/06/21 23:22:48.490	プロセス監視情報を更新しました
DefaultSource	Information	0	2017/06/21 23:23:48.503	プロセス監視情報を更新しました
DefaultSource	Information	0	2017/06/21 23:24:48.517	プロセス監視情報を更新しました
DefaultSource	Information	0	2017/06/21 23:25:48.530	プロセス監視情報を更新しました
DefaultSource	Information	0	2017/06/21 23:26:48.543	プロセス監視情報を更新しました
DefaultSource	Information	0	2017/06/21 23:27:48.557	プロセス監視情報を更新しました
DefaultSource	Information	0	2017/06/21 23:28:48.570	プロセス監視情報を更新しました
DefaultSource	Information	0	2017/06/21 23:29:48.583	プロセス監視情報を更新しました
DefaultSource	Information	0	2017/06/21 23:30:48.597	プロセス監視情報を更新しました
DefaultSource	Information	0	2017/06/21 23:31:48.610	プロセス監視情報を更新しました
DefaultSource	Information	0	2017/06/21 23:32:48.623	プロセス監視情報を更新しました
DefaultSource	Information	0	2017/06/21 23:33:48.637	プロセス監視情報を更新しました
DefaultSource	Information	0	2017/06/21 23:34:48.650	プロセス監視情報を更新しました
DefaultSource	Information	0	2017/06/21 23:35:48.663	プロセス監視情報を更新しました
DefaultSource	Information	0	2017/06/21 23:36:48.676	プロセス監視情報を更新しました
DefaultSource	Information	0	2017/06/21 23:37:48.690	プロセス監視情報を更新しました
DefaultSource	Information	0	2017/06/21 23:38:48.703	プロセス監視情報を更新しました
DefaultSource	Information	0	2017/06/21 23:39:48.716	プロセス監視情報を更新しました
DefaultSource	Information	0	2017/06/21 23:40:48.730	プロセス監視情報を更新しました
DefaultSource	Information	0	2017/06/21 23:41:48.743	プロセス監視情報を更新しました
DefaultSource	Information	0	2017/06/21 23:42:48.756	プロセス監視情報を更新しました
DefaultSource	Information	0	2017/06/21 23:43:48.770	プロセス監視情報を更新しました
DefaultSource	Information	0	2017/06/21 23:44:48.783	プロセス監視情報を更新しました
DefaultSource	Information	0	2017/06/21 23:45:48.796	プロセス監視情報を更新しました
DefaultSource	Information	0	2017/06/21 23:46:48.810	プロセス監視情報を更新しました
DefaultSource	Information	0	2017/06/21 23:47:48.823	プロセス監視情報を更新しました
DefaultSource	Information	0	2017/06/21 23:48:48.836	プロセス監視情報を更新しました
DefaultSource	Information	0	2017/06/21 23:49:48.849	プロセス監視情報を更新しました
DefaultSource	Information	0	2017/06/21 23:50:48.878	プロセス監視情報を更新しました
DefaultSource	Information	0	2017/06/21 23:51:48.892	プロセス監視情報を更新しました
DefaultSource	Information	0	2017/06/21 23:52:48.905	プロセス監視情報を更新しました
DefaultSource	Information	0	2017/06/21 23:53:48.918	プロセス監視情報を更新しました
DefaultSource	Information	0	2017/06/21 23:54:48.932	プロセス監視情報を更新しました
DefaultSource	Information	0	2017/06/21 23:55:48.945	プロセス監視情報を更新しました
DefaultSource	Information	0	2017/06/21 23:56:48.958	プロセス監視情報を更新しました
DefaultSource	Information	0	2017/06/21 23:57:48.971	プロセス監視情報を更新しました
DefaultSource	Information	0	2017/06/21 23:58:48.985	プロセス監視情報を更新しました
DefaultSource	Information	0	2017/06/21 23:59:48.998	プロセス監視情報を更新しました
