DefaultSource	Information	0	2017/06/22 00:00:49.011	プロセス監視情報を更新しました
DefaultSource	Information	0	2017/06/22 00:01:49.103	プロセス監視情報を更新しました
DefaultSource	Information	0	2017/06/22 00:02:49.116	プロセス監視情報を更新しました
DefaultSource	Information	0	2017/06/22 00:03:49.129	プロセス監視情報を更新しました
DefaultSource	Information	0	2017/06/22 00:04:49.143	プロセス監視情報を更新しました
DefaultSource	Information	0	2017/06/22 00:05:49.156	プロセス監視情報を更新しました
DefaultSource	Information	0	2017/06/22 00:06:49.169	プロセス監視情報を更新しました
DefaultSource	Information	0	2017/06/22 00:07:49.183	プロセス監視情報を更新しました
DefaultSource	Information	0	2017/06/22 00:08:49.196	プロセス監視情報を更新しました
DefaultSource	Information	0	2017/06/22 00:09:49.209	プロセス監視情報を更新しました
DefaultSource	Information	0	2017/06/22 00:10:49.222	プロセス監視情報を更新しました
DefaultSource	Information	0	2017/06/22 00:11:49.236	プロセス監視情報を更新しました
DefaultSource	Information	0	2017/06/22 00:12:49.249	プロセス監視情報を更新しました
DefaultSource	Information	0	2017/06/22 00:13:49.262	プロセス監視情報を更新しました
DefaultSource	Information	0	2017/06/22 00:14:49.276	プロセス監視情報を更新しました
DefaultSource	Information	0	2017/06/22 00:15:49.289	プロセス監視情報を更新しました
DefaultSource	Information	0	2017/06/22 00:16:49.302	プロセス監視情報を更新しました
DefaultSource	Information	0	2017/06/22 00:17:49.316	プロセス監視情報を更新しました
DefaultSource	Information	0	2017/06/22 00:18:49.329	プロセス監視情報を更新しました
DefaultSource	Information	0	2017/06/22 00:19:49.342	プロセス監視情報を更新しました
DefaultSource	Information	0	2017/06/22 00:20:49.355	プロセス監視情報を更新しました
DefaultSource	Information	0	2017/06/22 00:21:49.369	プロセス監視情報を更新しました
DefaultSource	Information	0	2017/06/22 00:22:49.382	プロセス監視情報を更新しました
DefaultSource	Information	0	2017/06/22 00:23:49.395	プロセス監視情報を更新しました
DefaultSource	Information	0	2017/06/22 00:24:49.409	プロセス監視情報を更新しました
DefaultSource	Information	0	2017/06/22 00:25:49.422	プロセス監視情報を更新しました
DefaultSource	Information	0	2017/06/22 00:26:49.435	プロセス監視情報を更新しました
DefaultSource	Information	0	2017/06/22 00:27:49.449	プロセス監視情報を更新しました
DefaultSource	Information	0	2017/06/22 00:28:49.462	プロセス監視情報を更新しました
DefaultSource	Information	0	2017/06/22 00:29:49.475	プロセス監視情報を更新しました
DefaultSource	Information	0	2017/06/22 00:30:49.489	プロセス監視情報を更新しました
DefaultSource	Information	0	2017/06/22 00:31:49.502	プロセス監視情報を更新しました
DefaultSource	Information	0	2017/06/22 00:32:49.515	プロセス監視情報を更新しました
DefaultSource	Information	0	2017/06/22 00:33:49.528	プロセス監視情報を更新しました
DefaultSource	Information	0	2017/06/22 00:34:49.542	プロセス監視情報を更新しました
DefaultSource	Information	0	2017/06/22 00:35:49.555	プロセス監視情報を更新しました
DefaultSource	Information	0	2017/06/22 00:36:49.568	プロセス監視情報を更新しました
DefaultSource	Information	0	2017/06/22 00:37:49.582	プロセス監視情報を更新しました
DefaultSource	Information	0	2017/06/22 00:38:49.595	プロセス監視情報を更新しました
DefaultSource	Information	0	2017/06/22 00:39:49.608	プロセス監視情報を更新しました
DefaultSource	Information	0	2017/06/22 00:40:49.622	プロセス監視情報を更新しました
DefaultSource	Information	0	2017/06/22 00:41:49.635	プロセス監視情報を更新しました
DefaultSource	Information	0	2017/06/22 00:42:49.648	プロセス監視情報を更新しました
DefaultSource	Information	0	2017/06/22 00:43:49.662	プロセス監視情報を更新しました
DefaultSource	Information	0	2017/06/22 00:44:49.675	プロセス監視情報を更新しました
DefaultSource	Information	0	2017/06/22 00:45:49.688	プロセス監視情報を更新しました
DefaultSource	Information	0	2017/06/22 00:46:49.717	プロセス監視情報を更新しました
DefaultSource	Information	0	2017/06/22 00:47:49.730	プロセス監視情報を更新しました
DefaultSource	Information	0	2017/06/22 00:48:49.744	プロセス監視情報を更新しました
DefaultSource	Information	0	2017/06/22 00:49:49.757	プロセス監視情報を更新しました
DefaultSource	Information	0	2017/06/22 00:50:49.770	プロセス監視情報を更新しました
DefaultSource	Information	0	2017/06/22 00:51:49.784	プロセス監視情報を更新しました
DefaultSource	Information	0	2017/06/22 00:52:49.797	プロセス監視情報を更新しました
DefaultSource	Information	0	2017/06/22 00:53:49.810	プロセス監視情報を更新しました
DefaultSource	Information	0	2017/06/22 00:54:49.823	プロセス監視情報を更新しました
DefaultSource	Information	0	2017/06/22 00:55:49.837	プロセス監視情報を更新しました
DefaultSource	Information	0	2017/06/22 00:56:49.850	プロセス監視情報を更新しました
DefaultSource	Information	0	2017/06/22 00:57:49.863	プロセス監視情報を更新しました
DefaultSource	Information	0	2017/06/22 00:58:49.877	プロセス監視情報を更新しました
DefaultSource	Information	0	2017/06/22 00:59:49.890	プロセス監視情報を更新しました
DefaultSource	Information	0	2017/06/22 01:00:49.903	プロセス監視情報を更新しました
DefaultSource	Information	0	2017/06/22 01:01:49.917	プロセス監視情報を更新しました
DefaultSource	Information	0	2017/06/22 01:02:49.930	プロセス監視情報を更新しました
DefaultSource	Information	0	2017/06/22 01:03:49.943	プロセス監視情報を更新しました
DefaultSource	Information	0	2017/06/22 01:04:49.957	プロセス監視情報を更新しました
DefaultSource	Information	0	2017/06/22 01:05:49.970	プロセス監視情報を更新しました
DefaultSource	Information	0	2017/06/22 01:06:49.983	プロセス監視情報を更新しました
DefaultSource	Information	0	2017/06/22 01:07:49.996	プロセス監視情報を更新しました
DefaultSource	Information	0	2017/06/22 01:08:50.010	プロセス監視情報を更新しました
DefaultSource	Information	0	2017/06/22 01:09:50.023	プロセス監視情報を更新しました
DefaultSource	Information	0	2017/06/22 01:10:50.036	プロセス監視情報を更新しました
DefaultSource	Information	0	2017/06/22 01:11:50.050	プロセス監視情報を更新しました
DefaultSource	Information	0	2017/06/22 01:12:50.063	プロセス監視情報を更新しました
DefaultSource	Information	0	2017/06/22 01:13:50.076	プロセス監視情報を更新しました
DefaultSource	Information	0	2017/06/22 01:14:50.090	プロセス監視情報を更新しました
DefaultSource	Information	0	2017/06/22 01:15:50.103	プロセス監視情報を更新しました
DefaultSource	Information	0	2017/06/22 01:16:50.116	プロセス監視情報を更新しました
DefaultSource	Information	0	2017/06/22 01:17:50.130	プロセス監視情報を更新しました
DefaultSource	Information	0	2017/06/22 01:18:50.143	プロセス監視情報を更新しました
DefaultSource	Information	0	2017/06/22 01:19:50.156	プロセス監視情報を更新しました
DefaultSource	Information	0	2017/06/22 01:20:50.169	プロセス監視情報を更新しました
DefaultSource	Information	0	2017/06/22 01:21:50.183	プロセス監視情報を更新しました
DefaultSource	Information	0	2017/06/22 01:22:50.196	プロセス監視情報を更新しました
DefaultSource	Information	0	2017/06/22 01:23:50.209	プロセス監視情報を更新しました
DefaultSource	Information	0	2017/06/22 01:24:50.223	プロセス監視情報を更新しました
DefaultSource	Information	0	2017/06/22 01:25:50.236	プロセス監視情報を更新しました
DefaultSource	Information	0	2017/06/22 01:26:50.249	プロセス監視情報を更新しました
DefaultSource	Information	0	2017/06/22 01:27:50.263	プロセス監視情報を更新しました
DefaultSource	Information	0	2017/06/22 01:28:50.276	プロセス監視情報を更新しました
DefaultSource	Information	0	2017/06/22 01:29:50.289	プロセス監視情報を更新しました
DefaultSource	Information	0	2017/06/22 01:30:50.302	プロセス監視情報を更新しました
DefaultSource	Information	0	2017/06/22 01:31:50.316	プロセス監視情報を更新しました
DefaultSource	Information	0	2017/06/22 01:32:50.329	プロセス監視情報を更新しました
DefaultSource	Information	0	2017/06/22 01:33:50.342	プロセス監視情報を更新しました
DefaultSource	Information	0	2017/06/22 01:34:50.356	プロセス監視情報を更新しました
DefaultSource	Information	0	2017/06/22 01:35:50.369	プロセス監視情報を更新しました
DefaultSource	Information	0	2017/06/22 01:36:50.382	プロセス監視情報を更新しました
DefaultSource	Information	0	2017/06/22 01:37:50.396	プロセス監視情報を更新しました
DefaultSource	Information	0	2017/06/22 01:38:50.409	プロセス監視情報を更新しました
DefaultSource	Information	0	2017/06/22 01:39:50.422	プロセス監視情報を更新しました
DefaultSource	Information	0	2017/06/22 01:40:50.436	プロセス監視情報を更新しました
DefaultSource	Information	0	2017/06/22 01:41:50.449	プロセス監視情報を更新しました
DefaultSource	Information	0	2017/06/22 01:42:50.478	プロセス監視情報を更新しました
DefaultSource	Information	0	2017/06/22 01:43:50.491	プロセス監視情報を更新しました
DefaultSource	Information	0	2017/06/22 01:44:50.504	プロセス監視情報を更新しました
DefaultSource	Information	0	2017/06/22 01:45:50.518	プロセス監視情報を更新しました
DefaultSource	Information	0	2017/06/22 01:46:50.531	プロセス監視情報を更新しました
DefaultSource	Information	0	2017/06/22 01:47:50.544	プロセス監視情報を更新しました
DefaultSource	Information	0	2017/06/22 01:48:50.558	プロセス監視情報を更新しました
DefaultSource	Information	0	2017/06/22 01:49:50.571	プロセス監視情報を更新しました
DefaultSource	Information	0	2017/06/22 01:50:50.584	プロセス監視情報を更新しました
DefaultSource	Information	0	2017/06/22 01:51:50.597	プロセス監視情報を更新しました
DefaultSource	Information	0	2017/06/22 01:52:50.611	プロセス監視情報を更新しました
DefaultSource	Information	0	2017/06/22 01:53:50.624	プロセス監視情報を更新しました
DefaultSource	Information	0	2017/06/22 01:54:50.637	プロセス監視情報を更新しました
DefaultSource	Information	0	2017/06/22 01:55:50.651	プロセス監視情報を更新しました
DefaultSource	Information	0	2017/06/22 01:56:50.664	プロセス監視情報を更新しました
DefaultSource	Information	0	2017/06/22 01:57:50.677	プロセス監視情報を更新しました
DefaultSource	Information	0	2017/06/22 01:58:50.691	プロセス監視情報を更新しました
DefaultSource	Information	0	2017/06/22 01:59:50.704	プロセス監視情報を更新しました
DefaultSource	Information	0	2017/06/22 02:00:50.717	プロセス監視情報を更新しました
DefaultSource	Information	0	2017/06/22 02:01:50.731	プロセス監視情報を更新しました
DefaultSource	Information	0	2017/06/22 02:02:50.744	プロセス監視情報を更新しました
DefaultSource	Information	0	2017/06/22 02:03:50.757	プロセス監視情報を更新しました
DefaultSource	Information	0	2017/06/22 02:04:50.770	プロセス監視情報を更新しました
DefaultSource	Information	0	2017/06/22 02:05:50.784	プロセス監視情報を更新しました
DefaultSource	Information	0	2017/06/22 02:06:50.797	プロセス監視情報を更新しました
DefaultSource	Information	0	2017/06/22 02:07:50.810	プロセス監視情報を更新しました
DefaultSource	Information	0	2017/06/22 02:08:50.824	プロセス監視情報を更新しました
DefaultSource	Information	0	2017/06/22 02:09:50.837	プロセス監視情報を更新しました
DefaultSource	Information	0	2017/06/22 02:10:50.850	プロセス監視情報を更新しました
DefaultSource	Information	0	2017/06/22 02:11:50.864	プロセス監視情報を更新しました
DefaultSource	Information	0	2017/06/22 02:12:50.877	プロセス監視情報を更新しました
DefaultSource	Information	0	2017/06/22 02:13:50.890	プロセス監視情報を更新しました
DefaultSource	Information	0	2017/06/22 02:14:50.904	プロセス監視情報を更新しました
DefaultSource	Information	0	2017/06/22 02:15:50.917	プロセス監視情報を更新しました
DefaultSource	Information	0	2017/06/22 02:16:50.930	プロセス監視情報を更新しました
DefaultSource	Information	0	2017/06/22 02:17:50.943	プロセス監視情報を更新しました
DefaultSource	Information	0	2017/06/22 02:18:50.957	プロセス監視情報を更新しました
DefaultSource	Information	0	2017/06/22 02:19:50.970	プロセス監視情報を更新しました
DefaultSource	Information	0	2017/06/22 02:20:50.983	プロセス監視情報を更新しました
DefaultSource	Information	0	2017/06/22 02:21:50.997	プロセス監視情報を更新しました
DefaultSource	Information	0	2017/06/22 02:22:51.010	プロセス監視情報を更新しました
DefaultSource	Information	0	2017/06/22 02:23:51.023	プロセス監視情報を更新しました
DefaultSource	Information	0	2017/06/22 02:24:51.037	プロセス監視情報を更新しました
DefaultSource	Information	0	2017/06/22 02:25:51.050	プロセス監視情報を更新しました
DefaultSource	Information	0	2017/06/22 02:26:51.063	プロセス監視情報を更新しました
DefaultSource	Information	0	2017/06/22 02:27:51.076	プロセス監視情報を更新しました
DefaultSource	Information	0	2017/06/22 02:28:51.090	プロセス監視情報を更新しました
DefaultSource	Information	0	2017/06/22 02:29:51.103	プロセス監視情報を更新しました
DefaultSource	Information	0	2017/06/22 02:30:51.116	プロセス監視情報を更新しました
DefaultSource	Information	0	2017/06/22 02:31:51.130	プロセス監視情報を更新しました
DefaultSource	Information	0	2017/06/22 02:32:51.143	プロセス監視情報を更新しました
DefaultSource	Information	0	2017/06/22 02:33:51.156	プロセス監視情報を更新しました
DefaultSource	Information	0	2017/06/22 02:34:51.170	プロセス監視情報を更新しました
DefaultSource	Information	0	2017/06/22 02:35:51.183	プロセス監視情報を更新しました
DefaultSource	Information	0	2017/06/22 02:36:51.196	プロセス監視情報を更新しました
DefaultSource	Information	0	2017/06/22 02:37:51.210	プロセス監視情報を更新しました
DefaultSource	Information	0	2017/06/22 02:38:51.238	プロセス監視情報を更新しました
DefaultSource	Information	0	2017/06/22 02:39:51.252	プロセス監視情報を更新しました
DefaultSource	Information	0	2017/06/22 02:40:51.265	プロセス監視情報を更新しました
DefaultSource	Information	0	2017/06/22 02:41:51.278	プロセス監視情報を更新しました
DefaultSource	Information	0	2017/06/22 02:42:51.292	プロセス監視情報を更新しました
DefaultSource	Information	0	2017/06/22 02:43:51.305	プロセス監視情報を更新しました
DefaultSource	Information	0	2017/06/22 02:44:51.318	プロセス監視情報を更新しました
DefaultSource	Information	0	2017/06/22 02:45:51.332	プロセス監視情報を更新しました
DefaultSource	Information	0	2017/06/22 02:46:51.345	プロセス監視情報を更新しました
DefaultSource	Information	0	2017/06/22 02:47:51.358	プロセス監視情報を更新しました
DefaultSource	Information	0	2017/06/22 02:48:51.371	プロセス監視情報を更新しました
DefaultSource	Information	0	2017/06/22 02:49:51.385	プロセス監視情報を更新しました
DefaultSource	Information	0	2017/06/22 02:50:51.398	プロセス監視情報を更新しました
DefaultSource	Information	0	2017/06/22 02:51:51.411	プロセス監視情報を更新しました
DefaultSource	Information	0	2017/06/22 02:52:51.425	プロセス監視情報を更新しました
DefaultSource	Information	0	2017/06/22 02:53:51.438	プロセス監視情報を更新しました
DefaultSource	Information	0	2017/06/22 02:54:51.451	プロセス監視情報を更新しました
DefaultSource	Information	0	2017/06/22 02:55:51.465	プロセス監視情報を更新しました
DefaultSource	Information	0	2017/06/22 02:56:51.478	プロセス監視情報を更新しました
DefaultSource	Information	0	2017/06/22 02:57:51.491	プロセス監視情報を更新しました
DefaultSource	Information	0	2017/06/22 02:58:51.505	プロセス監視情報を更新しました
DefaultSource	Information	0	2017/06/22 02:59:51.518	プロセス監視情報を更新しました
DefaultSource	Information	0	2017/06/22 03:00:51.531	プロセス監視情報を更新しました
DefaultSource	Information	0	2017/06/22 03:01:51.544	プロセス監視情報を更新しました
DefaultSource	Information	0	2017/06/22 03:02:51.558	プロセス監視情報を更新しました
DefaultSource	Information	0	2017/06/22 03:03:51.571	プロセス監視情報を更新しました
DefaultSource	Information	0	2017/06/22 03:04:51.584	プロセス監視情報を更新しました
DefaultSource	Information	0	2017/06/22 03:05:51.598	プロセス監視情報を更新しました
DefaultSource	Information	0	2017/06/22 03:06:51.611	プロセス監視情報を更新しました
DefaultSource	Information	0	2017/06/22 03:07:51.624	プロセス監視情報を更新しました
DefaultSource	Information	0	2017/06/22 03:08:51.638	プロセス監視情報を更新しました
DefaultSource	Information	0	2017/06/22 03:09:51.651	プロセス監視情報を更新しました
DefaultSource	Information	0	2017/06/22 03:10:51.664	プロセス監視情報を更新しました
DefaultSource	Information	0	2017/06/22 03:11:51.678	プロセス監視情報を更新しました
DefaultSource	Information	0	2017/06/22 03:12:51.691	プロセス監視情報を更新しました
DefaultSource	Information	0	2017/06/22 03:13:51.704	プロセス監視情報を更新しました
DefaultSource	Information	0	2017/06/22 03:14:51.717	プロセス監視情報を更新しました
DefaultSource	Information	0	2017/06/22 03:15:51.731	プロセス監視情報を更新しました
DefaultSource	Information	0	2017/06/22 03:16:51.744	プロセス監視情報を更新しました
DefaultSource	Information	0	2017/06/22 03:17:51.757	プロセス監視情報を更新しました
DefaultSource	Information	0	2017/06/22 03:18:51.771	プロセス監視情報を更新しました
DefaultSource	Information	0	2017/06/22 03:19:51.784	プロセス監視情報を更新しました
DefaultSource	Information	0	2017/06/22 03:20:51.797	プロセス監視情報を更新しました
DefaultSource	Information	0	2017/06/22 03:21:51.811	プロセス監視情報を更新しました
DefaultSource	Information	0	2017/06/22 03:22:51.824	プロセス監視情報を更新しました
DefaultSource	Information	0	2017/06/22 03:23:51.837	プロセス監視情報を更新しました
DefaultSource	Information	0	2017/06/22 03:24:51.850	プロセス監視情報を更新しました
DefaultSource	Information	0	2017/06/22 03:25:51.864	プロセス監視情報を更新しました
DefaultSource	Information	0	2017/06/22 03:26:51.877	プロセス監視情報を更新しました
DefaultSource	Information	0	2017/06/22 03:27:51.890	プロセス監視情報を更新しました
DefaultSource	Information	0	2017/06/22 03:28:51.904	プロセス監視情報を更新しました
DefaultSource	Information	0	2017/06/22 03:29:51.917	プロセス監視情報を更新しました
DefaultSource	Information	0	2017/06/22 03:30:51.930	プロセス監視情報を更新しました
DefaultSource	Information	0	2017/06/22 03:31:51.944	プロセス監視情報を更新しました
DefaultSource	Information	0	2017/06/22 03:32:51.957	プロセス監視情報を更新しました
DefaultSource	Information	0	2017/06/22 03:33:51.970	プロセス監視情報を更新しました
DefaultSource	Information	0	2017/06/22 03:34:51.999	プロセス監視情報を更新しました
DefaultSource	Information	0	2017/06/22 03:35:52.012	プロセス監視情報を更新しました
DefaultSource	Information	0	2017/06/22 03:36:52.026	プロセス監視情報を更新しました
DefaultSource	Information	0	2017/06/22 03:37:52.039	プロセス監視情報を更新しました
DefaultSource	Information	0	2017/06/22 03:38:52.052	プロセス監視情報を更新しました
DefaultSource	Information	0	2017/06/22 03:39:52.066	プロセス監視情報を更新しました
DefaultSource	Information	0	2017/06/22 03:40:52.141	プロセス監視情報を更新しました
DefaultSource	Information	0	2017/06/22 03:41:52.155	プロセス監視情報を更新しました
DefaultSource	Information	0	2017/06/22 03:42:52.168	プロセス監視情報を更新しました
DefaultSource	Information	0	2017/06/22 03:43:52.181	プロセス監視情報を更新しました
DefaultSource	Information	0	2017/06/22 03:44:52.195	プロセス監視情報を更新しました
DefaultSource	Information	0	2017/06/22 03:45:52.208	プロセス監視情報を更新しました
DefaultSource	Information	0	2017/06/22 03:46:52.221	プロセス監視情報を更新しました
DefaultSource	Information	0	2017/06/22 03:47:52.235	プロセス監視情報を更新しました
DefaultSource	Information	0	2017/06/22 03:48:52.248	プロセス監視情報を更新しました
DefaultSource	Information	0	2017/06/22 03:49:52.261	プロセス監視情報を更新しました
DefaultSource	Information	0	2017/06/22 03:50:52.274	プロセス監視情報を更新しました
DefaultSource	Information	0	2017/06/22 03:51:52.288	プロセス監視情報を更新しました
DefaultSource	Information	0	2017/06/22 03:52:52.301	プロセス監視情報を更新しました
DefaultSource	Information	0	2017/06/22 03:53:52.314	プロセス監視情報を更新しました
DefaultSource	Information	0	2017/06/22 03:54:52.328	プロセス監視情報を更新しました
DefaultSource	Information	0	2017/06/22 03:55:52.341	プロセス監視情報を更新しました
DefaultSource	Information	0	2017/06/22 03:56:52.354	プロセス監視情報を更新しました
DefaultSource	Information	0	2017/06/22 03:57:52.368	プロセス監視情報を更新しました
DefaultSource	Information	0	2017/06/22 03:58:52.381	プロセス監視情報を更新しました
DefaultSource	Information	0	2017/06/22 03:59:52.394	プロセス監視情報を更新しました
DefaultSource	Information	0	2017/06/22 04:00:52.407	プロセス監視情報を更新しました
DefaultSource	Information	0	2017/06/22 04:01:52.483	プロセス監視情報を更新しました
DefaultSource	Information	0	2017/06/22 04:02:52.496	プロセス監視情報を更新しました
DefaultSource	Information	0	2017/06/22 04:03:52.510	プロセス監視情報を更新しました
DefaultSource	Information	0	2017/06/22 04:04:52.523	プロセス監視情報を更新しました
DefaultSource	Information	0	2017/06/22 04:05:52.536	プロセス監視情報を更新しました
DefaultSource	Information	0	2017/06/22 04:06:52.550	プロセス監視情報を更新しました
DefaultSource	Information	0	2017/06/22 04:07:52.563	プロセス監視情報を更新しました
DefaultSource	Information	0	2017/06/22 04:08:52.576	プロセス監視情報を更新しました
DefaultSource	Information	0	2017/06/22 04:09:52.590	プロセス監視情報を更新しました
DefaultSource	Information	0	2017/06/22 04:10:52.603	プロセス監視情報を更新しました
DefaultSource	Information	0	2017/06/22 04:11:52.616	プロセス監視情報を更新しました
DefaultSource	Information	0	2017/06/22 04:12:52.630	プロセス監視情報を更新しました
DefaultSource	Information	0	2017/06/22 04:13:52.643	プロセス監視情報を更新しました
DefaultSource	Information	0	2017/06/22 04:14:52.656	プロセス監視情報を更新しました
DefaultSource	Information	0	2017/06/22 04:15:52.669	プロセス監視情報を更新しました
DefaultSource	Information	0	2017/06/22 04:16:52.745	プロセス監視情報を更新しました
DefaultSource	Information	0	2017/06/22 04:17:52.758	プロセス監視情報を更新しました
DefaultSource	Information	0	2017/06/22 04:18:52.772	プロセス監視情報を更新しました
DefaultSource	Information	0	2017/06/22 04:19:52.785	プロセス監視情報を更新しました
DefaultSource	Information	0	2017/06/22 04:20:52.798	プロセス監視情報を更新しました
DefaultSource	Information	0	2017/06/22 04:21:52.812	プロセス監視情報を更新しました
DefaultSource	Information	0	2017/06/22 04:22:52.825	プロセス監視情報を更新しました
DefaultSource	Information	0	2017/06/22 04:23:52.838	プロセス監視情報を更新しました
DefaultSource	Information	0	2017/06/22 04:24:52.852	プロセス監視情報を更新しました
DefaultSource	Information	0	2017/06/22 04:25:52.865	プロセス監視情報を更新しました
DefaultSource	Information	0	2017/06/22 04:26:52.878	プロセス監視情報を更新しました
DefaultSource	Information	0	2017/06/22 04:27:52.892	プロセス監視情報を更新しました
DefaultSource	Information	0	2017/06/22 04:28:52.905	プロセス監視情報を更新しました
DefaultSource	Information	0	2017/06/22 04:29:52.918	プロセス監視情報を更新しました
DefaultSource	Information	0	2017/06/22 04:30:52.947	プロセス監視情報を更新しました
DefaultSource	Information	0	2017/06/22 04:31:52.960	プロセス監視情報を更新しました
DefaultSource	Information	0	2017/06/22 04:32:52.974	プロセス監視情報を更新しました
DefaultSource	Information	0	2017/06/22 04:33:52.987	プロセス監視情報を更新しました
DefaultSource	Information	0	2017/06/22 04:34:53.000	プロセス監視情報を更新しました
DefaultSource	Information	0	2017/06/22 04:35:53.014	プロセス監視情報を更新しました
DefaultSource	Information	0	2017/06/22 04:36:53.027	プロセス監視情報を更新しました
DefaultSource	Information	0	2017/06/22 04:37:53.040	プロセス監視情報を更新しました
DefaultSource	Information	0	2017/06/22 04:38:53.053	プロセス監視情報を更新しました
DefaultSource	Information	0	2017/06/22 04:39:53.067	プロセス監視情報を更新しました
DefaultSource	Information	0	2017/06/22 04:40:53.080	プロセス監視情報を更新しました
DefaultSource	Information	0	2017/06/22 04:41:53.093	プロセス監視情報を更新しました
DefaultSource	Information	0	2017/06/22 04:42:53.107	プロセス監視情報を更新しました
DefaultSource	Information	0	2017/06/22 04:43:53.120	プロセス監視情報を更新しました
DefaultSource	Information	0	2017/06/22 04:44:53.133	プロセス監視情報を更新しました
DefaultSource	Information	0	2017/06/22 04:45:53.147	プロセス監視情報を更新しました
DefaultSource	Information	0	2017/06/22 04:46:53.160	プロセス監視情報を更新しました
DefaultSource	Information	0	2017/06/22 04:47:53.173	プロセス監視情報を更新しました
DefaultSource	Information	0	2017/06/22 04:48:53.187	プロセス監視情報を更新しました
DefaultSource	Information	0	2017/06/22 04:49:53.200	プロセス監視情報を更新しました
DefaultSource	Information	0	2017/06/22 04:50:53.213	プロセス監視情報を更新しました
DefaultSource	Information	0	2017/06/22 04:51:53.226	プロセス監視情報を更新しました
DefaultSource	Information	0	2017/06/22 04:52:53.240	プロセス監視情報を更新しました
DefaultSource	Information	0	2017/06/22 04:53:53.253	プロセス監視情報を更新しました
DefaultSource	Information	0	2017/06/22 04:54:53.266	プロセス監視情報を更新しました
DefaultSource	Information	0	2017/06/22 04:55:53.280	プロセス監視情報を更新しました
DefaultSource	Information	0	2017/06/22 04:56:53.293	プロセス監視情報を更新しました
DefaultSource	Information	0	2017/06/22 04:57:53.306	プロセス監視情報を更新しました
DefaultSource	Information	0	2017/06/22 04:58:53.320	プロセス監視情報を更新しました
DefaultSource	Information	0	2017/06/22 04:59:53.333	プロセス監視情報を更新しました
DefaultSource	Information	0	2017/06/22 05:00:53.346	プロセス監視情報を更新しました
DefaultSource	Information	0	2017/06/22 05:01:53.360	プロセス監視情報を更新しました
DefaultSource	Information	0	2017/06/22 05:02:53.373	プロセス監視情報を更新しました
DefaultSource	Information	0	2017/06/22 05:03:53.386	プロセス監視情報を更新しました
DefaultSource	Information	0	2017/06/22 05:04:53.399	プロセス監視情報を更新しました
DefaultSource	Information	0	2017/06/22 05:05:53.413	プロセス監視情報を更新しました
DefaultSource	Information	0	2017/06/22 05:06:53.426	プロセス監視情報を更新しました
DefaultSource	Information	0	2017/06/22 05:07:53.439	プロセス監視情報を更新しました
DefaultSource	Information	0	2017/06/22 05:08:53.453	プロセス監視情報を更新しました
DefaultSource	Information	0	2017/06/22 05:09:53.466	プロセス監視情報を更新しました
DefaultSource	Information	0	2017/06/22 05:10:53.479	プロセス監視情報を更新しました
DefaultSource	Information	0	2017/06/22 05:11:53.493	プロセス監視情報を更新しました
DefaultSource	Information	0	2017/06/22 05:12:53.506	プロセス監視情報を更新しました
DefaultSource	Information	0	2017/06/22 05:13:53.519	プロセス監視情報を更新しました
DefaultSource	Information	0	2017/06/22 05:14:53.532	プロセス監視情報を更新しました
DefaultSource	Information	0	2017/06/22 05:15:53.546	プロセス監視情報を更新しました
DefaultSource	Information	0	2017/06/22 05:16:53.559	プロセス監視情報を更新しました
DefaultSource	Information	0	2017/06/22 05:17:53.572	プロセス監視情報を更新しました
DefaultSource	Information	0	2017/06/22 05:18:53.586	プロセス監視情報を更新しました
DefaultSource	Information	0	2017/06/22 05:19:53.599	プロセス監視情報を更新しました
DefaultSource	Information	0	2017/06/22 05:20:53.675	プロセス監視情報を更新しました
DefaultSource	Information	0	2017/06/22 05:21:53.688	プロセス監視情報を更新しました
DefaultSource	Information	0	2017/06/22 05:22:53.701	プロセス監視情報を更新しました
DefaultSource	Information	0	2017/06/22 05:23:53.715	プロセス監視情報を更新しました
DefaultSource	Information	0	2017/06/22 05:24:53.728	プロセス監視情報を更新しました
DefaultSource	Information	0	2017/06/22 05:25:53.741	プロセス監視情報を更新しました
DefaultSource	Information	0	2017/06/22 05:26:53.770	プロセス監視情報を更新しました
DefaultSource	Information	0	2017/06/22 05:27:53.783	プロセス監視情報を更新しました
DefaultSource	Information	0	2017/06/22 05:28:53.797	プロセス監視情報を更新しました
DefaultSource	Information	0	2017/06/22 05:29:53.810	プロセス監視情報を更新しました
DefaultSource	Information	0	2017/06/22 05:30:53.823	プロセス監視情報を更新しました
DefaultSource	Information	0	2017/06/22 05:31:53.837	プロセス監視情報を更新しました
DefaultSource	Information	0	2017/06/22 05:32:53.850	プロセス監視情報を更新しました
DefaultSource	Information	0	2017/06/22 05:33:53.863	プロセス監視情報を更新しました
DefaultSource	Information	0	2017/06/22 05:34:53.877	プロセス監視情報を更新しました
DefaultSource	Information	0	2017/06/22 05:35:53.890	プロセス監視情報を更新しました
DefaultSource	Information	0	2017/06/22 05:36:53.903	プロセス監視情報を更新しました
DefaultSource	Information	0	2017/06/22 05:37:53.917	プロセス監視情報を更新しました
DefaultSource	Information	0	2017/06/22 05:38:53.930	プロセス監視情報を更新しました
DefaultSource	Information	0	2017/06/22 05:39:53.943	プロセス監視情報を更新しました
DefaultSource	Information	0	2017/06/22 05:40:53.956	プロセス監視情報を更新しました
DefaultSource	Information	0	2017/06/22 05:41:53.970	プロセス監視情報を更新しました
DefaultSource	Information	0	2017/06/22 05:42:53.983	プロセス監視情報を更新しました
DefaultSource	Information	0	2017/06/22 05:43:53.996	プロセス監視情報を更新しました
DefaultSource	Information	0	2017/06/22 05:44:54.010	プロセス監視情報を更新しました
DefaultSource	Information	0	2017/06/22 05:45:54.023	プロセス監視情報を更新しました
DefaultSource	Information	0	2017/06/22 05:46:54.036	プロセス監視情報を更新しました
DefaultSource	Information	0	2017/06/22 05:47:54.050	プロセス監視情報を更新しました
DefaultSource	Information	0	2017/06/22 05:48:54.063	プロセス監視情報を更新しました
DefaultSource	Information	0	2017/06/22 05:49:54.076	プロセス監視情報を更新しました
DefaultSource	Information	0	2017/06/22 05:50:54.089	プロセス監視情報を更新しました
DefaultSource	Information	0	2017/06/22 05:51:54.103	プロセス監視情報を更新しました
DefaultSource	Information	0	2017/06/22 05:52:54.116	プロセス監視情報を更新しました
DefaultSource	Information	0	2017/06/22 05:53:54.129	プロセス監視情報を更新しました
DefaultSource	Information	0	2017/06/22 05:54:54.143	プロセス監視情報を更新しました
DefaultSource	Information	0	2017/06/22 05:55:54.156	プロセス監視情報を更新しました
DefaultSource	Information	0	2017/06/22 05:56:54.169	プロセス監視情報を更新しました
DefaultSource	Information	0	2017/06/22 05:57:54.183	プロセス監視情報を更新しました
DefaultSource	Information	0	2017/06/22 05:58:54.196	プロセス監視情報を更新しました
DefaultSource	Information	0	2017/06/22 05:59:54.209	プロセス監視情報を更新しました
DefaultSource	Information	0	2017/06/22 06:00:54.223	プロセス監視情報を更新しました
DefaultSource	Information	0	2017/06/22 06:01:54.236	プロセス監視情報を更新しました
DefaultSource	Information	0	2017/06/22 06:02:54.249	プロセス監視情報を更新しました
DefaultSource	Information	0	2017/06/22 06:03:54.262	プロセス監視情報を更新しました
DefaultSource	Information	0	2017/06/22 06:04:54.276	プロセス監視情報を更新しました
DefaultSource	Information	0	2017/06/22 06:05:54.289	プロセス監視情報を更新しました
DefaultSource	Information	0	2017/06/22 06:06:54.302	プロセス監視情報を更新しました
DefaultSource	Information	0	2017/06/22 06:07:54.316	プロセス監視情報を更新しました
DefaultSource	Information	0	2017/06/22 06:08:54.329	プロセス監視情報を更新しました
DefaultSource	Information	0	2017/06/22 06:09:54.342	プロセス監視情報を更新しました
DefaultSource	Information	0	2017/06/22 06:10:54.356	プロセス監視情報を更新しました
DefaultSource	Information	0	2017/06/22 06:11:54.369	プロセス監視情報を更新しました
DefaultSource	Information	0	2017/06/22 06:12:54.382	プロセス監視情報を更新しました
DefaultSource	Information	0	2017/06/22 06:13:54.396	プロセス監視情報を更新しました
DefaultSource	Information	0	2017/06/22 06:14:54.409	プロセス監視情報を更新しました
DefaultSource	Information	0	2017/06/22 06:15:54.422	プロセス監視情報を更新しました
DefaultSource	Information	0	2017/06/22 06:16:54.435	プロセス監視情報を更新しました
DefaultSource	Information	0	2017/06/22 06:17:54.449	プロセス監視情報を更新しました
DefaultSource	Information	0	2017/06/22 06:18:54.524	プロセス監視情報を更新しました
DefaultSource	Information	0	2017/06/22 06:19:54.538	プロセス監視情報を更新しました
DefaultSource	Information	0	2017/06/22 06:20:54.551	プロセス監視情報を更新しました
DefaultSource	Information	0	2017/06/22 06:21:54.580	プロセス監視情報を更新しました
DefaultSource	Information	0	2017/06/22 06:22:54.593	プロセス監視情報を更新しました
DefaultSource	Information	0	2017/06/22 06:23:54.607	プロセス監視情報を更新しました
DefaultSource	Information	0	2017/06/22 06:24:54.620	プロセス監視情報を更新しました
DefaultSource	Information	0	2017/06/22 06:25:54.633	プロセス監視情報を更新しました
DefaultSource	Information	0	2017/06/22 06:26:54.646	プロセス監視情報を更新しました
DefaultSource	Information	0	2017/06/22 06:27:54.660	プロセス監視情報を更新しました
DefaultSource	Information	0	2017/06/22 06:28:54.673	プロセス監視情報を更新しました
DefaultSource	Information	0	2017/06/22 06:29:54.749	プロセス監視情報を更新しました
DefaultSource	Information	0	2017/06/22 06:30:54.762	プロセス監視情報を更新しました
DefaultSource	Information	0	2017/06/22 06:31:54.775	プロセス監視情報を更新しました
DefaultSource	Information	0	2017/06/22 06:32:54.789	プロセス監視情報を更新しました
DefaultSource	Information	0	2017/06/22 06:33:54.802	プロセス監視情報を更新しました
DefaultSource	Information	0	2017/06/22 06:34:54.815	プロセス監視情報を更新しました
DefaultSource	Information	0	2017/06/22 06:35:54.829	プロセス監視情報を更新しました
DefaultSource	Information	0	2017/06/22 06:36:54.842	プロセス監視情報を更新しました
DefaultSource	Information	0	2017/06/22 06:37:54.855	プロセス監視情報を更新しました
DefaultSource	Information	0	2017/06/22 06:38:54.869	プロセス監視情報を更新しました
DefaultSource	Information	0	2017/06/22 06:39:54.882	プロセス監視情報を更新しました
DefaultSource	Information	0	2017/06/22 06:40:54.895	プロセス監視情報を更新しました
DefaultSource	Information	0	2017/06/22 06:41:54.908	プロセス監視情報を更新しました
DefaultSource	Information	0	2017/06/22 06:42:54.922	プロセス監視情報を更新しました
DefaultSource	Information	0	2017/06/22 06:43:54.935	プロセス監視情報を更新しました
DefaultSource	Information	0	2017/06/22 06:44:54.948	プロセス監視情報を更新しました
DefaultSource	Information	0	2017/06/22 06:45:54.962	プロセス監視情報を更新しました
DefaultSource	Information	0	2017/06/22 06:46:54.975	プロセス監視情報を更新しました
DefaultSource	Information	0	2017/06/22 06:47:54.988	プロセス監視情報を更新しました
DefaultSource	Information	0	2017/06/22 06:48:55.002	プロセス監視情報を更新しました
DefaultSource	Information	0	2017/06/22 06:49:55.015	プロセス監視情報を更新しました
DefaultSource	Information	0	2017/06/22 06:50:55.028	プロセス監視情報を更新しました
DefaultSource	Information	0	2017/06/22 06:51:55.042	プロセス監視情報を更新しました
DefaultSource	Information	0	2017/06/22 06:52:55.055	プロセス監視情報を更新しました
DefaultSource	Information	0	2017/06/22 06:53:55.068	プロセス監視情報を更新しました
DefaultSource	Information	0	2017/06/22 06:54:55.081	プロセス監視情報を更新しました
DefaultSource	Information	0	2017/06/22 06:55:55.095	プロセス監視情報を更新しました
DefaultSource	Information	0	2017/06/22 06:56:55.108	プロセス監視情報を更新しました
DefaultSource	Information	0	2017/06/22 06:57:55.121	プロセス監視情報を更新しました
DefaultSource	Information	0	2017/06/22 06:58:55.135	プロセス監視情報を更新しました
DefaultSource	Information	0	2017/06/22 06:59:55.148	プロセス監視情報を更新しました
DefaultSource	Information	0	2017/06/22 07:00:55.161	プロセス監視情報を更新しました
DefaultSource	Information	0	2017/06/22 07:01:55.175	プロセス監視情報を更新しました
DefaultSource	Information	0	2017/06/22 07:02:55.188	プロセス監視情報を更新しました
DefaultSource	Information	0	2017/06/22 07:03:55.201	プロセス監視情報を更新しました
DefaultSource	Information	0	2017/06/22 07:04:55.214	プロセス監視情報を更新しました
DefaultSource	Information	0	2017/06/22 07:05:55.228	プロセス監視情報を更新しました
DefaultSource	Information	0	2017/06/22 07:06:55.241	プロセス監視情報を更新しました
DefaultSource	Information	0	2017/06/22 07:07:55.254	プロセス監視情報を更新しました
DefaultSource	Information	0	2017/06/22 07:08:55.268	プロセス監視情報を更新しました
DefaultSource	Information	0	2017/06/22 07:09:55.281	プロセス監視情報を更新しました
DefaultSource	Information	0	2017/06/22 07:10:55.294	プロセス監視情報を更新しました
DefaultSource	Information	0	2017/06/22 07:11:55.308	プロセス監視情報を更新しました
DefaultSource	Information	0	2017/06/22 07:12:55.321	プロセス監視情報を更新しました
DefaultSource	Information	0	2017/06/22 07:13:55.334	プロセス監視情報を更新しました
DefaultSource	Information	0	2017/06/22 07:14:55.348	プロセス監視情報を更新しました
DefaultSource	Information	0	2017/06/22 07:15:55.361	プロセス監視情報を更新しました
DefaultSource	Information	0	2017/06/22 07:16:55.374	プロセス監視情報を更新しました
DefaultSource	Information	0	2017/06/22 07:17:55.403	プロセス監視情報を更新しました
DefaultSource	Information	0	2017/06/22 07:18:55.416	プロセス監視情報を更新しました
DefaultSource	Information	0	2017/06/22 07:19:55.430	プロセス監視情報を更新しました
DefaultSource	Information	0	2017/06/22 07:20:55.443	プロセス監視情報を更新しました
DefaultSource	Information	0	2017/06/22 07:21:55.456	プロセス監視情報を更新しました
DefaultSource	Information	0	2017/06/22 07:22:55.470	プロセス監視情報を更新しました
DefaultSource	Information	0	2017/06/22 07:23:55.483	プロセス監視情報を更新しました
DefaultSource	Information	0	2017/06/22 07:24:55.496	プロセス監視情報を更新しました
DefaultSource	Information	0	2017/06/22 07:25:55.509	プロセス監視情報を更新しました
DefaultSource	Information	0	2017/06/22 07:26:55.523	プロセス監視情報を更新しました
DefaultSource	Information	0	2017/06/22 07:27:55.536	プロセス監視情報を更新しました
DefaultSource	Information	0	2017/06/22 07:28:55.549	プロセス監視情報を更新しました
DefaultSource	Information	0	2017/06/22 07:29:55.563	プロセス監視情報を更新しました
DefaultSource	Information	0	2017/06/22 07:30:55.576	プロセス監視情報を更新しました
DefaultSource	Information	0	2017/06/22 07:31:55.589	プロセス監視情報を更新しました
DefaultSource	Information	0	2017/06/22 07:32:55.603	プロセス監視情報を更新しました
DefaultSource	Information	0	2017/06/22 07:33:55.616	プロセス監視情報を更新しました
DefaultSource	Information	0	2017/06/22 07:34:55.629	プロセス監視情報を更新しました
DefaultSource	Information	0	2017/06/22 07:35:55.643	プロセス監視情報を更新しました
DefaultSource	Information	0	2017/06/22 07:36:55.656	プロセス監視情報を更新しました
DefaultSource	Information	0	2017/06/22 07:37:55.669	プロセス監視情報を更新しました
DefaultSource	Information	0	2017/06/22 07:38:55.682	プロセス監視情報を更新しました
DefaultSource	Information	0	2017/06/22 07:39:55.696	プロセス監視情報を更新しました
DefaultSource	Information	0	2017/06/22 07:40:55.709	プロセス監視情報を更新しました
DefaultSource	Information	0	2017/06/22 07:41:55.722	プロセス監視情報を更新しました
DefaultSource	Information	0	2017/06/22 07:42:55.736	プロセス監視情報を更新しました
DefaultSource	Information	0	2017/06/22 07:43:55.749	プロセス監視情報を更新しました
DefaultSource	Information	0	2017/06/22 07:44:55.762	プロセス監視情報を更新しました
DefaultSource	Information	0	2017/06/22 07:45:55.776	プロセス監視情報を更新しました
DefaultSource	Information	0	2017/06/22 07:46:55.789	プロセス監視情報を更新しました
DefaultSource	Information	0	2017/06/22 07:47:55.802	プロセス監視情報を更新しました
DefaultSource	Information	0	2017/06/22 07:48:55.816	プロセス監視情報を更新しました
DefaultSource	Information	0	2017/06/22 07:49:55.829	プロセス監視情報を更新しました
DefaultSource	Information	0	2017/06/22 07:50:55.842	プロセス監視情報を更新しました
DefaultSource	Information	0	2017/06/22 07:51:55.855	プロセス監視情報を更新しました
DefaultSource	Information	0	2017/06/22 07:52:55.869	プロセス監視情報を更新しました
DefaultSource	Information	0	2017/06/22 07:53:55.882	プロセス監視情報を更新しました
DefaultSource	Information	0	2017/06/22 07:54:55.895	プロセス監視情報を更新しました
DefaultSource	Information	0	2017/06/22 07:55:55.909	プロセス監視情報を更新しました
DefaultSource	Information	0	2017/06/22 07:56:55.922	プロセス監視情報を更新しました
DefaultSource	Information	0	2017/06/22 07:57:55.935	プロセス監視情報を更新しました
DefaultSource	Information	0	2017/06/22 07:58:55.949	プロセス監視情報を更新しました
DefaultSource	Information	0	2017/06/22 07:59:56.024	プロセス監視情報を更新しました
DefaultSource	Information	0	2017/06/22 08:00:56.038	プロセス監視情報を更新しました
DefaultSource	Information	0	2017/06/22 08:01:56.051	プロセス監視情報を更新しました
DefaultSource	Information	0	2017/06/22 08:02:56.064	プロセス監視情報を更新しました
DefaultSource	Information	0	2017/06/22 08:03:56.078	プロセス監視情報を更新しました
DefaultSource	Information	0	2017/06/22 08:04:56.091	プロセス監視情報を更新しました
DefaultSource	Information	0	2017/06/22 08:05:56.104	プロセス監視情報を更新しました
DefaultSource	Information	0	2017/06/22 08:06:56.117	プロセス監視情報を更新しました
DefaultSource	Information	0	2017/06/22 08:07:56.131	プロセス監視情報を更新しました
DefaultSource	Information	0	2017/06/22 08:08:56.144	プロセス監視情報を更新しました
DefaultSource	Information	0	2017/06/22 08:09:56.157	プロセス監視情報を更新しました
DefaultSource	Information	0	2017/06/22 08:10:56.171	プロセス監視情報を更新しました
DefaultSource	Information	0	2017/06/22 08:11:56.184	プロセス監視情報を更新しました
DefaultSource	Information	0	2017/06/22 08:12:56.197	プロセス監視情報を更新しました
DefaultSource	Information	0	2017/06/22 08:13:56.226	プロセス監視情報を更新しました
DefaultSource	Information	0	2017/06/22 08:14:56.239	プロセス監視情報を更新しました
DefaultSource	Information	0	2017/06/22 08:15:56.253	プロセス監視情報を更新しました
DefaultSource	Information	0	2017/06/22 08:16:56.266	プロセス監視情報を更新しました
DefaultSource	Information	0	2017/06/22 08:17:56.279	プロセス監視情報を更新しました
DefaultSource	Information	0	2017/06/22 08:18:56.293	プロセス監視情報を更新しました
DefaultSource	Information	0	2017/06/22 08:19:56.306	プロセス監視情報を更新しました
DefaultSource	Information	0	2017/06/22 08:20:56.319	プロセス監視情報を更新しました
DefaultSource	Information	0	2017/06/22 08:21:56.333	プロセス監視情報を更新しました
DefaultSource	Information	0	2017/06/22 08:22:56.346	プロセス監視情報を更新しました
DefaultSource	Information	0	2017/06/22 08:23:56.359	プロセス監視情報を更新しました
DefaultSource	Information	0	2017/06/22 08:24:56.373	プロセス監視情報を更新しました
DefaultSource	Information	0	2017/06/22 08:25:56.386	プロセス監視情報を更新しました
DefaultSource	Information	0	2017/06/22 08:26:56.399	プロセス監視情報を更新しました
DefaultSource	Information	0	2017/06/22 08:27:56.412	プロセス監視情報を更新しました
DefaultSource	Information	0	2017/06/22 08:28:56.426	プロセス監視情報を更新しました
DefaultSource	Information	0	2017/06/22 08:29:56.439	プロセス監視情報を更新しました
DefaultSource	Information	0	2017/06/22 08:30:56.452	プロセス監視情報を更新しました
DefaultSource	Information	0	2017/06/22 08:31:56.466	プロセス監視情報を更新しました
DefaultSource	Information	0	2017/06/22 08:32:56.479	プロセス監視情報を更新しました
DefaultSource	Information	0	2017/06/22 08:33:56.492	プロセス監視情報を更新しました
DefaultSource	Information	0	2017/06/22 08:34:56.506	プロセス監視情報を更新しました
DefaultSource	Information	0	2017/06/22 08:35:56.519	プロセス監視情報を更新しました
DefaultSource	Information	0	2017/06/22 08:36:56.532	プロセス監視情報を更新しました
DefaultSource	Information	0	2017/06/22 08:37:56.545	プロセス監視情報を更新しました
DefaultSource	Information	0	2017/06/22 08:38:56.559	プロセス監視情報を更新しました
DefaultSource	Information	0	2017/06/22 08:39:56.572	プロセス監視情報を更新しました
DefaultSource	Information	0	2017/06/22 08:40:56.585	プロセス監視情報を更新しました
DefaultSource	Information	0	2017/06/22 08:41:56.599	プロセス監視情報を更新しました
DefaultSource	Information	0	2017/06/22 08:42:56.612	プロセス監視情報を更新しました
DefaultSource	Information	0	2017/06/22 08:43:56.625	プロセス監視情報を更新しました
DefaultSource	Information	0	2017/06/22 08:44:56.639	プロセス監視情報を更新しました
DefaultSource	Information	0	2017/06/22 08:45:56.652	プロセス監視情報を更新しました
DefaultSource	Information	0	2017/06/22 08:46:56.665	プロセス監視情報を更新しました
DefaultSource	Information	0	2017/06/22 08:47:56.679	プロセス監視情報を更新しました
DefaultSource	Information	0	2017/06/22 08:48:56.692	プロセス監視情報を更新しました
DefaultSource	Information	0	2017/06/22 08:49:56.705	プロセス監視情報を更新しました
DefaultSource	Information	0	2017/06/22 08:50:56.718	プロセス監視情報を更新しました
DefaultSource	Information	0	2017/06/22 08:51:56.732	プロセス監視情報を更新しました
DefaultSource	Information	0	2017/06/22 08:52:56.745	プロセス監視情報を更新しました
DefaultSource	Information	0	2017/06/22 08:53:56.758	プロセス監視情報を更新しました
DefaultSource	Information	0	2017/06/22 08:54:56.772	プロセス監視情報を更新しました
DefaultSource	Information	0	2017/06/22 08:55:56.785	プロセス監視情報を更新しました
DefaultSource	Information	0	2017/06/22 08:56:56.798	プロセス監視情報を更新しました
DefaultSource	Information	0	2017/06/22 08:57:56.812	プロセス監視情報を更新しました
DefaultSource	Information	0	2017/06/22 08:58:56.825	プロセス監視情報を更新しました
DefaultSource	Information	0	2017/06/22 08:59:56.838	プロセス監視情報を更新しました
DefaultSource	Information	0	2017/06/22 09:00:56.852	プロセス監視情報を更新しました
DefaultSource	Information	0	2017/06/22 09:00:56.914	ケーブル盗難チェック処理を実行します
DefaultSource	Warning	1	2017/06/22 09:00:56.945	本日日射データが0件の為、処理を終了します
DefaultSource	Information	0	2017/06/22 09:01:56.971	プロセス監視情報を更新しました
DefaultSource	Information	0	2017/06/22 09:02:56.984	プロセス監視情報を更新しました
DefaultSource	Information	0	2017/06/22 09:03:56.997	プロセス監視情報を更新しました
DefaultSource	Information	0	2017/06/22 09:04:57.011	プロセス監視情報を更新しました
DefaultSource	Information	0	2017/06/22 09:05:57.016	プロセス監視情報を更新しました
DefaultSource	Information	0	2017/06/22 09:06:57.037	プロセス監視情報を更新しました
DefaultSource	Information	0	2017/06/22 09:07:57.050	プロセス監視情報を更新しました
DefaultSource	Information	0	2017/06/22 09:08:57.064	プロセス監視情報を更新しました
DefaultSource	Information	0	2017/06/22 09:09:57.077	プロセス監視情報を更新しました
DefaultSource	Information	0	2017/06/22 09:10:57.090	プロセス監視情報を更新しました
DefaultSource	Information	0	2017/06/22 09:10:57.153	ケーブル盗難チェック処理を実行します
DefaultSource	Warning	1	2017/06/22 09:10:57.153	本日日射データが0件の為、処理を終了します
DefaultSource	Information	0	2017/06/22 09:11:57.162	プロセス監視情報を更新しました
DefaultSource	Information	0	2017/06/22 09:12:57.168	プロセス監視情報を更新しました
DefaultSource	Information	0	2017/06/22 09:13:57.197	プロセス監視情報を更新しました
DefaultSource	Information	0	2017/06/22 09:14:57.211	プロセス監視情報を更新しました
DefaultSource	Information	0	2017/06/22 09:15:57.224	プロセス監視情報を更新しました
DefaultSource	Information	0	2017/06/22 09:16:57.237	プロセス監視情報を更新しました
DefaultSource	Warning	1	2017/06/22 09:17:49.766	ケーブル盗難アラームプロセス終了
DefaultSource	Information	0	2017/06/22 09:21:26.437	【正常終了】データベース接続(フォーム用)
DefaultSource	Information	0	2017/06/22 09:21:26.452	【正常終了】システムＩＤ取得
DefaultSource	Information	0	2017/06/22 09:21:26.468	【正常終了】ユニット情報取得
DefaultSource	Information	0	2017/06/22 09:21:26.484	【正常終了】iniファイル読み込み
DefaultSource	Information	0	2017/06/22 09:21:26.484	【正常終了】ログ画面設定
DefaultSource	Information	0	2017/06/22 09:21:26.484	プロセス監視情報を更新しました
DefaultSource	Information	0	2017/06/22 09:21:26.515	【正常終了】最新アラーム情報取得
DefaultSource	Warning	1	2017/06/22 09:21:26.515	ケーブル盗難アラームプロセス起動
DefaultSource	Information	0	2017/06/22 09:21:27.529	プロセス監視情報を更新しました
DefaultSource	Information	0	2017/06/22 09:22:27.542	プロセス監視情報を更新しました
DefaultSource	Information	0	2017/06/22 09:23:27.555	プロセス監視情報を更新しました
DefaultSource	Information	0	2017/06/22 09:24:27.569	プロセス監視情報を更新しました
DefaultSource	Information	0	2017/06/22 09:25:27.582	プロセス監視情報を更新しました
DefaultSource	Information	0	2017/06/22 09:26:27.595	プロセス監視情報を更新しました
DefaultSource	Information	0	2017/06/22 09:27:27.609	プロセス監視情報を更新しました
DefaultSource	Information	0	2017/06/22 09:28:27.622	プロセス監視情報を更新しました
DefaultSource	Information	0	2017/06/22 09:29:27.635	プロセス監視情報を更新しました
DefaultSource	Information	0	2017/06/22 09:30:27.649	プロセス監視情報を更新しました
DefaultSource	Information	0	2017/06/22 09:30:27.649	ケーブル盗難チェック処理を実行します
DefaultSource	Warning	1	2017/06/22 09:30:27.664	本日日射データが0件の為、処理を終了します
DefaultSource	Information	0	2017/06/22 09:31:27.678	プロセス監視情報を更新しました
DefaultSource	Information	0	2017/06/22 09:32:27.691	プロセス監視情報を更新しました
DefaultSource	Information	0	2017/06/22 09:33:27.704	プロセス監視情報を更新しました
DefaultSource	Warning	1	2017/06/22 09:34:27.780	ケーブル盗難アラームプロセス終了
DefaultSource	Information	0	2017/06/22 09:37:01.549	【正常終了】データベース接続(フォーム用)
DefaultSource	Information	0	2017/06/22 09:37:01.549	【正常終了】システムＩＤ取得
DefaultSource	Information	0	2017/06/22 09:37:01.549	【正常終了】ユニット情報取得
DefaultSource	Information	0	2017/06/22 09:37:01.565	【正常終了】iniファイル読み込み
DefaultSource	Information	0	2017/06/22 09:37:01.581	【正常終了】ログ画面設定
DefaultSource	Information	0	2017/06/22 09:37:01.581	プロセス監視情報を更新しました
DefaultSource	Information	0	2017/06/22 09:37:01.581	【正常終了】最新アラーム情報取得
DefaultSource	Warning	1	2017/06/22 09:37:01.581	ケーブル盗難アラームプロセス起動
DefaultSource	Information	0	2017/06/22 09:37:02.595	プロセス監視情報を更新しました
DefaultSource	Information	0	2017/06/22 09:38:02.608	プロセス監視情報を更新しました
DefaultSource	Information	0	2017/06/22 09:39:02.621	プロセス監視情報を更新しました
DefaultSource	Information	0	2017/06/22 09:40:02.634	プロセス監視情報を更新しました
DefaultSource	Information	0	2017/06/22 09:40:02.634	ケーブル盗難チェック処理を実行します
DefaultSource	Warning	1	2017/06/22 09:40:02.650	本日日射データが0件の為、処理を終了します
DefaultSource	Information	0	2017/06/22 09:41:02.663	プロセス監視情報を更新しました
DefaultSource	Information	0	2017/06/22 09:42:02.677	プロセス監視情報を更新しました
DefaultSource	Information	0	2017/06/22 09:43:02.690	プロセス監視情報を更新しました
DefaultSource	Information	0	2017/06/22 09:44:02.703	プロセス監視情報を更新しました
DefaultSource	Information	0	2017/06/22 09:45:02.717	プロセス監視情報を更新しました
DefaultSource	Information	0	2017/06/22 09:46:02.730	プロセス監視情報を更新しました
DefaultSource	Information	0	2017/06/22 09:47:02.743	プロセス監視情報を更新しました
DefaultSource	Information	0	2017/06/22 09:48:02.756	プロセス監視情報を更新しました
DefaultSource	Information	0	2017/06/22 09:49:02.770	プロセス監視情報を更新しました
DefaultSource	Information	0	2017/06/22 09:50:02.783	プロセス監視情報を更新しました
DefaultSource	Information	0	2017/06/22 09:50:02.783	ケーブル盗難チェック処理を実行します
DefaultSource	Warning	1	2017/06/22 09:50:02.783	本日日射データが0件の為、処理を終了します
DefaultSource	Warning	1	2017/06/22 09:50:37.462	ケーブル盗難アラームプロセス終了
DefaultSource	Information	0	2017/06/22 10:02:24.716	【正常終了】データベース接続(フォーム用)
DefaultSource	Information	0	2017/06/22 10:02:24.731	【正常終了】システムＩＤ取得
DefaultSource	Information	0	2017/06/22 10:02:24.731	【正常終了】ユニット情報取得
DefaultSource	Information	0	2017/06/22 10:02:24.747	【正常終了】iniファイル読み込み
DefaultSource	Information	0	2017/06/22 10:02:24.747	【正常終了】ログ画面設定
DefaultSource	Information	0	2017/06/22 10:02:24.762	プロセス監視情報を更新しました
DefaultSource	Information	0	2017/06/22 10:02:24.762	【正常終了】最新アラーム情報取得
DefaultSource	Warning	1	2017/06/22 10:02:24.762	ケーブル盗難アラームプロセス起動
DefaultSource	Information	0	2017/06/22 10:02:25.776	プロセス監視情報を更新しました
DefaultSource	Information	0	2017/06/22 10:03:25.789	プロセス監視情報を更新しました
DefaultSource	Warning	1	2017/06/22 10:04:04.807	ケーブル盗難アラームプロセス終了
DefaultSource	Information	0	2017/06/22 10:35:56.346	【正常終了】データベース接続(フォーム用)
DefaultSource	Information	0	2017/06/22 10:35:56.346	【正常終了】システムＩＤ取得
DefaultSource	Error	2	2017/06/22 10:35:56.362	パワコン情報がデータベースに登録されていません。
DefaultSource	Information	0	2017/06/22 10:42:06.324	【正常終了】データベース接続(フォーム用)
DefaultSource	Information	0	2017/06/22 10:42:06.340	【正常終了】システムＩＤ取得
DefaultSource	Information	0	2017/06/22 10:42:06.340	【正常終了】ユニット情報取得
DefaultSource	Information	0	2017/06/22 10:42:06.355	【正常終了】iniファイル読み込み
DefaultSource	Information	0	2017/06/22 10:42:06.355	【正常終了】ログ画面設定
DefaultSource	Information	0	2017/06/22 10:42:06.371	プロセス監視情報を更新しました
DefaultSource	Information	0	2017/06/22 10:42:06.402	【正常終了】最新アラーム情報取得
DefaultSource	Warning	1	2017/06/22 10:42:06.402	ケーブル盗難アラームプロセス起動
DefaultSource	Information	0	2017/06/22 10:42:07.432	プロセス監視情報を更新しました
DefaultSource	Information	0	2017/06/22 10:43:07.445	プロセス監視情報を更新しました
DefaultSource	Warning	1	2017/06/22 10:43:27.179	ケーブル盗難アラームプロセス終了
DefaultSource	Information	0	2017/06/22 10:54:08.597	【正常終了】データベース接続(フォーム用)
DefaultSource	Information	0	2017/06/22 10:54:08.613	【正常終了】システムＩＤ取得
DefaultSource	Information	0	2017/06/22 10:54:08.628	【正常終了】ユニット情報取得
DefaultSource	Information	0	2017/06/22 10:54:08.644	【正常終了】iniファイル読み込み
DefaultSource	Information	0	2017/06/22 10:54:08.659	【正常終了】ログ画面設定
DefaultSource	Information	0	2017/06/22 10:54:08.659	プロセス監視情報を更新しました
DefaultSource	Information	0	2017/06/22 10:54:08.722	【正常終了】最新アラーム情報取得
DefaultSource	Warning	1	2017/06/22 10:54:08.722	ケーブル盗難アラームプロセス起動
DefaultSource	Information	0	2017/06/22 10:54:09.751	プロセス監視情報を更新しました
DefaultSource	Information	0	2017/06/22 10:55:09.763	プロセス監視情報を更新しました
DefaultSource	Information	0	2017/06/22 10:56:09.776	プロセス監視情報を更新しました
DefaultSource	Information	0	2017/06/22 10:57:09.789	プロセス監視情報を更新しました
DefaultSource	Information	0	2017/06/22 10:58:09.808	プロセス監視情報を更新しました
DefaultSource	Information	0	2017/06/22 10:59:09.815	プロセス監視情報を更新しました
DefaultSource	Information	0	2017/06/22 11:00:09.828	プロセス監視情報を更新しました
DefaultSource	Information	0	2017/06/22 11:00:09.844	ケーブル盗難チェック処理を実行します
DefaultSource	Warning	1	2017/06/22 11:00:09.891	本日日射データが0件の為、処理を終了します
DefaultSource	Information	0	2017/06/22 11:01:09.911	プロセス監視情報を更新しました
DefaultSource	Information	0	2017/06/22 11:02:09.924	プロセス監視情報を更新しました
DefaultSource	Information	0	2017/06/22 11:03:09.937	プロセス監視情報を更新しました
DefaultSource	Information	0	2017/06/22 11:04:09.951	プロセス監視情報を更新しました
DefaultSource	Information	0	2017/06/22 11:05:09.964	プロセス監視情報を更新しました
DefaultSource	Information	0	2017/06/22 11:06:09.977	プロセス監視情報を更新しました
DefaultSource	Information	0	2017/06/22 11:07:09.991	プロセス監視情報を更新しました
DefaultSource	Information	0	2017/06/22 11:08:10.004	プロセス監視情報を更新しました
DefaultSource	Information	0	2017/06/22 11:09:10.017	プロセス監視情報を更新しました
DefaultSource	Information	0	2017/06/22 11:10:10.031	プロセス監視情報を更新しました
DefaultSource	Information	0	2017/06/22 11:10:10.031	ケーブル盗難チェック処理を実行します
DefaultSource	Warning	1	2017/06/22 11:10:10.031	本日日射データが0件の為、処理を終了します
DefaultSource	Information	0	2017/06/22 11:11:10.044	プロセス監視情報を更新しました
DefaultSource	Information	0	2017/06/22 11:12:10.057	プロセス監視情報を更新しました
DefaultSource	Information	0	2017/06/22 11:13:10.070	プロセス監視情報を更新しました
DefaultSource	Information	0	2017/06/22 11:14:10.084	プロセス監視情報を更新しました
DefaultSource	Information	0	2017/06/22 11:15:10.097	プロセス監視情報を更新しました
DefaultSource	Information	0	2017/06/22 11:16:10.110	プロセス監視情報を更新しました
DefaultSource	Information	0	2017/06/22 11:17:10.124	プロセス監視情報を更新しました
DefaultSource	Information	0	2017/06/22 11:18:10.137	プロセス監視情報を更新しました
DefaultSource	Information	0	2017/06/22 11:19:10.150	プロセス監視情報を更新しました
DefaultSource	Information	0	2017/06/22 11:20:10.164	プロセス監視情報を更新しました
DefaultSource	Information	0	2017/06/22 11:20:10.164	ケーブル盗難チェック処理を実行します
DefaultSource	Warning	1	2017/06/22 11:20:10.164	本日日射データが0件の為、処理を終了します
DefaultSource	Information	0	2017/06/22 11:21:10.177	プロセス監視情報を更新しました
DefaultSource	Information	0	2017/06/22 11:22:10.190	プロセス監視情報を更新しました
DefaultSource	Information	0	2017/06/22 11:23:10.204	プロセス監視情報を更新しました
DefaultSource	Information	0	2017/06/22 11:24:10.217	プロセス監視情報を更新しました
DefaultSource	Information	0	2017/06/22 11:25:10.230	プロセス監視情報を更新しました
DefaultSource	Information	0	2017/06/22 11:26:10.243	プロセス監視情報を更新しました
DefaultSource	Information	0	2017/06/22 11:27:10.257	プロセス監視情報を更新しました
DefaultSource	Information	0	2017/06/22 11:28:10.270	プロセス監視情報を更新しました
DefaultSource	Information	0	2017/06/22 11:29:10.283	プロセス監視情報を更新しました
DefaultSource	Information	0	2017/06/22 11:30:10.293	プロセス監視情報を更新しました
DefaultSource	Information	0	2017/06/22 11:30:10.293	ケーブル盗難チェック処理を実行します
DefaultSource	Warning	1	2017/06/22 11:30:10.293	本日日射データが0件の為、処理を終了します
DefaultSource	Information	0	2017/06/22 11:31:10.320	プロセス監視情報を更新しました
DefaultSource	Information	0	2017/06/22 11:32:10.333	プロセス監視情報を更新しました
DefaultSource	Warning	1	2017/06/22 11:33:01.111	ケーブル盗難アラームプロセス終了
DefaultSource	Information	0	2017/06/22 11:35:19.276	【正常終了】データベース接続(フォーム用)
DefaultSource	Information	0	2017/06/22 11:35:19.276	【正常終了】システムＩＤ取得
DefaultSource	Information	0	2017/06/22 11:35:19.292	【正常終了】ユニット情報取得
DefaultSource	Information	0	2017/06/22 11:35:19.307	【正常終了】iniファイル読み込み
DefaultSource	Information	0	2017/06/22 11:35:19.307	【正常終了】ログ画面設定
DefaultSource	Information	0	2017/06/22 11:35:19.307	プロセス監視情報を更新しました
DefaultSource	Information	0	2017/06/22 11:35:19.338	【正常終了】最新アラーム情報取得
DefaultSource	Warning	1	2017/06/22 11:35:19.338	ケーブル盗難アラームプロセス起動
DefaultSource	Information	0	2017/06/22 11:35:20.352	プロセス監視情報を更新しました
DefaultSource	Information	0	2017/06/22 11:36:20.366	プロセス監視情報を更新しました
DefaultSource	Warning	1	2017/06/22 11:36:46.589	ケーブル盗難アラームプロセス終了
DefaultSource	Information	0	2017/06/22 11:41:39.277	【正常終了】データベース接続(フォーム用)
DefaultSource	Information	0	2017/06/22 11:41:39.277	【正常終了】システムＩＤ取得
DefaultSource	Information	0	2017/06/22 11:41:39.277	【正常終了】ユニット情報取得
DefaultSource	Information	0	2017/06/22 11:41:39.293	【正常終了】iniファイル読み込み
DefaultSource	Information	0	2017/06/22 11:41:39.293	【正常終了】ログ画面設定
DefaultSource	Information	0	2017/06/22 11:41:39.308	プロセス監視情報を更新しました
DefaultSource	Information	0	2017/06/22 11:41:39.308	【正常終了】最新アラーム情報取得
DefaultSource	Warning	1	2017/06/22 11:41:39.308	ケーブル盗難アラームプロセス起動
DefaultSource	Information	0	2017/06/22 11:41:40.322	プロセス監視情報を更新しました
DefaultSource	Information	0	2017/06/22 11:42:40.343	プロセス監視情報を更新しました
DefaultSource	Information	0	2017/06/22 11:43:40.357	プロセス監視情報を更新しました
DefaultSource	Warning	1	2017/06/22 11:44:24.715	ケーブル盗難アラームプロセス終了
DefaultSource	Information	0	2017/06/22 13:08:17.830	【正常終了】データベース接続(フォーム用)
DefaultSource	Information	0	2017/06/22 13:08:17.830	【正常終了】システムＩＤ取得
DefaultSource	Information	0	2017/06/22 13:08:17.830	【正常終了】ユニット情報取得
DefaultSource	Information	0	2017/06/22 13:08:17.861	【正常終了】iniファイル読み込み
DefaultSource	Information	0	2017/06/22 13:08:17.861	【正常終了】ログ画面設定
DefaultSource	Information	0	2017/06/22 13:08:17.861	プロセス監視情報を更新しました
DefaultSource	Information	0	2017/06/22 13:08:17.892	【正常終了】最新アラーム情報取得
DefaultSource	Warning	1	2017/06/22 13:08:17.892	ケーブル盗難アラームプロセス起動
DefaultSource	Information	0	2017/06/22 13:08:18.906	プロセス監視情報を更新しました
DefaultSource	Information	0	2017/06/22 13:09:18.921	プロセス監視情報を更新しました
DefaultSource	Information	0	2017/06/22 13:10:18.926	プロセス監視情報を更新しました
DefaultSource	Information	0	2017/06/22 13:10:18.926	ケーブル盗難チェック処理を実行します
DefaultSource	Warning	1	2017/06/22 13:10:18.957	本日日射データが0件の為、処理を終了します
DefaultSource	Information	0	2017/06/22 13:11:18.973	プロセス監視情報を更新しました
DefaultSource	Information	0	2017/06/22 13:12:18.987	プロセス監視情報を更新しました
DefaultSource	Information	0	2017/06/22 13:13:19.000	プロセス監視情報を更新しました
DefaultSource	Information	0	2017/06/22 13:14:19.013	プロセス監視情報を更新しました
DefaultSource	Information	0	2017/06/22 13:15:19.027	プロセス監視情報を更新しました
DefaultSource	Information	0	2017/06/22 13:16:19.040	プロセス監視情報を更新しました
DefaultSource	Information	0	2017/06/22 13:17:19.053	プロセス監視情報を更新しました
DefaultSource	Information	0	2017/06/22 13:18:19.066	プロセス監視情報を更新しました
DefaultSource	Information	0	2017/06/22 13:19:19.080	プロセス監視情報を更新しました
DefaultSource	Information	0	2017/06/22 13:20:19.093	プロセス監視情報を更新しました
DefaultSource	Information	0	2017/06/22 13:20:19.093	ケーブル盗難チェック処理を実行します
DefaultSource	Warning	1	2017/06/22 13:20:19.093	本日日射データが0件の為、処理を終了します
DefaultSource	Information	0	2017/06/22 13:21:19.106	プロセス監視情報を更新しました
DefaultSource	Information	0	2017/06/22 13:22:19.120	プロセス監視情報を更新しました
DefaultSource	Information	0	2017/06/22 13:23:19.137	プロセス監視情報を更新しました
DefaultSource	Information	0	2017/06/22 13:24:19.150	プロセス監視情報を更新しました
DefaultSource	Information	0	2017/06/22 13:25:19.164	プロセス監視情報を更新しました
DefaultSource	Information	0	2017/06/22 13:26:19.177	プロセス監視情報を更新しました
DefaultSource	Warning	1	2017/06/22 13:26:34.652	ケーブル盗難アラームプロセス終了
DefaultSource	Information	0	2017/06/22 13:29:04.033	【正常終了】データベース接続(フォーム用)
DefaultSource	Information	0	2017/06/22 13:29:04.048	【正常終了】システムＩＤ取得
DefaultSource	Information	0	2017/06/22 13:29:04.048	【正常終了】ユニット情報取得
DefaultSource	Information	0	2017/06/22 13:29:04.064	【正常終了】iniファイル読み込み
DefaultSource	Information	0	2017/06/22 13:29:04.064	【正常終了】ログ画面設定
DefaultSource	Information	0	2017/06/22 13:29:04.064	プロセス監視情報を更新しました
DefaultSource	Information	0	2017/06/22 13:29:04.095	【正常終了】最新アラーム情報取得
DefaultSource	Warning	1	2017/06/22 13:29:04.095	ケーブル盗難アラームプロセス起動
DefaultSource	Information	0	2017/06/22 13:29:05.109	プロセス監視情報を更新しました
DefaultSource	Information	0	2017/06/22 13:30:05.121	プロセス監視情報を更新しました
DefaultSource	Information	0	2017/06/22 13:30:05.121	ケーブル盗難チェック処理を実行します
DefaultSource	Warning	1	2017/06/22 13:30:05.137	本日日射データが0件の為、処理を終了します
DefaultSource	Information	0	2017/06/22 13:31:05.150	プロセス監視情報を更新しました
DefaultSource	Information	0	2017/06/22 13:32:05.165	プロセス監視情報を更新しました
DefaultSource	Information	0	2017/06/22 13:33:05.190	プロセス監視情報を更新しました
DefaultSource	Information	0	2017/06/22 13:34:05.201	プロセス監視情報を更新しました
DefaultSource	Information	0	2017/06/22 13:35:05.215	プロセス監視情報を更新しました
DefaultSource	Information	0	2017/06/22 13:36:05.228	プロセス監視情報を更新しました
DefaultSource	Information	0	2017/06/22 13:37:05.241	プロセス監視情報を更新しました
DefaultSource	Information	0	2017/06/22 13:38:05.255	プロセス監視情報を更新しました
DefaultSource	Information	0	2017/06/22 13:39:05.268	プロセス監視情報を更新しました
DefaultSource	Information	0	2017/06/22 13:40:05.281	プロセス監視情報を更新しました
DefaultSource	Information	0	2017/06/22 13:40:05.281	ケーブル盗難チェック処理を実行します
DefaultSource	Warning	1	2017/06/22 13:40:05.281	本日日射データが0件の為、処理を終了します
DefaultSource	Information	0	2017/06/22 13:41:05.294	プロセス監視情報を更新しました
DefaultSource	Information	0	2017/06/22 13:42:05.308	プロセス監視情報を更新しました
DefaultSource	Information	0	2017/06/22 13:43:05.321	プロセス監視情報を更新しました
DefaultSource	Information	0	2017/06/22 13:44:05.334	プロセス監視情報を更新しました
DefaultSource	Information	0	2017/06/22 13:45:05.348	プロセス監視情報を更新しました
DefaultSource	Information	0	2017/06/22 13:46:05.361	プロセス監視情報を更新しました
DefaultSource	Information	0	2017/06/22 13:47:05.374	プロセス監視情報を更新しました
DefaultSource	Information	0	2017/06/22 13:48:05.388	プロセス監視情報を更新しました
DefaultSource	Information	0	2017/06/22 13:49:05.401	プロセス監視情報を更新しました
DefaultSource	Information	0	2017/06/22 13:50:05.414	プロセス監視情報を更新しました
DefaultSource	Information	0	2017/06/22 13:50:05.414	ケーブル盗難チェック処理を実行します
DefaultSource	Warning	1	2017/06/22 13:50:05.414	本日日射データが0件の為、処理を終了します
DefaultSource	Information	0	2017/06/22 13:51:05.428	プロセス監視情報を更新しました
DefaultSource	Information	0	2017/06/22 13:52:05.441	プロセス監視情報を更新しました
DefaultSource	Information	0	2017/06/22 13:53:05.454	プロセス監視情報を更新しました
DefaultSource	Information	0	2017/06/22 13:54:05.467	プロセス監視情報を更新しました
DefaultSource	Information	0	2017/06/22 13:55:05.488	プロセス監視情報を更新しました
DefaultSource	Information	0	2017/06/22 13:56:05.502	プロセス監視情報を更新しました
DefaultSource	Information	0	2017/06/22 13:57:05.515	プロセス監視情報を更新しました
DefaultSource	Information	0	2017/06/22 13:58:05.528	プロセス監視情報を更新しました
DefaultSource	Information	0	2017/06/22 13:59:05.542	プロセス監視情報を更新しました
DefaultSource	Information	0	2017/06/22 14:00:05.555	プロセス監視情報を更新しました
DefaultSource	Information	0	2017/06/22 14:00:05.555	ケーブル盗難チェック処理を実行します
DefaultSource	Warning	1	2017/06/22 14:00:05.555	本日日射データが0件の為、処理を終了します
DefaultSource	Information	0	2017/06/22 14:01:05.568	プロセス監視情報を更新しました
DefaultSource	Information	0	2017/06/22 14:02:05.581	プロセス監視情報を更新しました
DefaultSource	Information	0	2017/06/22 14:03:05.595	プロセス監視情報を更新しました
DefaultSource	Information	0	2017/06/22 14:04:05.608	プロセス監視情報を更新しました
DefaultSource	Information	0	2017/06/22 14:05:05.621	プロセス監視情報を更新しました
DefaultSource	Information	0	2017/06/22 14:06:05.635	プロセス監視情報を更新しました
DefaultSource	Information	0	2017/06/22 14:07:05.648	プロセス監視情報を更新しました
DefaultSource	Information	0	2017/06/22 14:08:05.661	プロセス監視情報を更新しました
DefaultSource	Information	0	2017/06/22 14:09:05.675	プロセス監視情報を更新しました
DefaultSource	Information	0	2017/06/22 14:10:05.688	プロセス監視情報を更新しました
DefaultSource	Information	0	2017/06/22 14:10:05.688	ケーブル盗難チェック処理を実行します
DefaultSource	Warning	1	2017/06/22 14:10:05.688	本日日射データが0件の為、処理を終了します
DefaultSource	Information	0	2017/06/22 14:11:05.701	プロセス監視情報を更新しました
DefaultSource	Information	0	2017/06/22 14:12:05.715	プロセス監視情報を更新しました
DefaultSource	Information	0	2017/06/22 14:13:05.728	プロセス監視情報を更新しました
DefaultSource	Information	0	2017/06/22 14:14:05.741	プロセス監視情報を更新しました
DefaultSource	Information	0	2017/06/22 14:15:05.754	プロセス監視情報を更新しました
DefaultSource	Information	0	2017/06/22 14:16:05.768	プロセス監視情報を更新しました
DefaultSource	Information	0	2017/06/22 14:17:05.781	プロセス監視情報を更新しました
DefaultSource	Information	0	2017/06/22 14:18:05.794	プロセス監視情報を更新しました
DefaultSource	Information	0	2017/06/22 14:19:05.808	プロセス監視情報を更新しました
DefaultSource	Information	0	2017/06/22 14:20:05.821	プロセス監視情報を更新しました
DefaultSource	Information	0	2017/06/22 14:20:05.821	ケーブル盗難チェック処理を実行します
DefaultSource	Warning	1	2017/06/22 14:20:05.821	本日日射データが0件の為、処理を終了します
DefaultSource	Information	0	2017/06/22 14:21:05.834	プロセス監視情報を更新しました
DefaultSource	Information	0	2017/06/22 14:22:05.848	プロセス監視情報を更新しました
DefaultSource	Information	0	2017/06/22 14:23:05.861	プロセス監視情報を更新しました
DefaultSource	Information	0	2017/06/22 14:24:05.874	プロセス監視情報を更新しました
DefaultSource	Information	0	2017/06/22 14:25:05.888	プロセス監視情報を更新しました
DefaultSource	Information	0	2017/06/22 14:26:05.901	プロセス監視情報を更新しました
DefaultSource	Information	0	2017/06/22 14:27:05.914	プロセス監視情報を更新しました
DefaultSource	Information	0	2017/06/22 14:28:05.927	プロセス監視情報を更新しました
DefaultSource	Information	0	2017/06/22 14:29:05.941	プロセス監視情報を更新しました
DefaultSource	Information	0	2017/06/22 14:30:05.954	プロセス監視情報を更新しました
DefaultSource	Information	0	2017/06/22 14:30:05.954	ケーブル盗難チェック処理を実行します
DefaultSource	Warning	1	2017/06/22 14:30:05.954	本日日射データが0件の為、処理を終了します
DefaultSource	Information	0	2017/06/22 14:31:05.967	プロセス監視情報を更新しました
DefaultSource	Information	0	2017/06/22 14:32:05.987	プロセス監視情報を更新しました
DefaultSource	Information	0	2017/06/22 14:33:06.001	プロセス監視情報を更新しました
DefaultSource	Information	0	2017/06/22 14:34:06.014	プロセス監視情報を更新しました
DefaultSource	Information	0	2017/06/22 14:35:06.027	プロセス監視情報を更新しました
DefaultSource	Information	0	2017/06/22 14:36:06.041	プロセス監視情報を更新しました
DefaultSource	Information	0	2017/06/22 14:37:06.054	プロセス監視情報を更新しました
DefaultSource	Information	0	2017/06/22 14:38:06.067	プロセス監視情報を更新しました
DefaultSource	Information	0	2017/06/22 14:39:06.081	プロセス監視情報を更新しました
DefaultSource	Information	0	2017/06/22 14:40:06.094	プロセス監視情報を更新しました
DefaultSource	Information	0	2017/06/22 14:40:06.094	ケーブル盗難チェック処理を実行します
DefaultSource	Warning	1	2017/06/22 14:40:06.094	本日日射データが0件の為、処理を終了します
DefaultSource	Information	0	2017/06/22 14:41:06.107	プロセス監視情報を更新しました
DefaultSource	Information	0	2017/06/22 14:42:06.121	プロセス監視情報を更新しました
DefaultSource	Information	0	2017/06/22 14:43:06.134	プロセス監視情報を更新しました
DefaultSource	Information	0	2017/06/22 14:44:06.147	プロセス監視情報を更新しました
DefaultSource	Information	0	2017/06/22 14:45:06.160	プロセス監視情報を更新しました
DefaultSource	Information	0	2017/06/22 14:46:06.174	プロセス監視情報を更新しました
DefaultSource	Information	0	2017/06/22 14:47:06.187	プロセス監視情報を更新しました
DefaultSource	Information	0	2017/06/22 14:48:06.200	プロセス監視情報を更新しました
DefaultSource	Information	0	2017/06/22 14:49:06.214	プロセス監視情報を更新しました
DefaultSource	Information	0	2017/06/22 14:50:06.227	プロセス監視情報を更新しました
DefaultSource	Information	0	2017/06/22 14:50:06.227	ケーブル盗難チェック処理を実行します
DefaultSource	Warning	1	2017/06/22 14:50:06.227	本日日射データが0件の為、処理を終了します
DefaultSource	Information	0	2017/06/22 14:51:06.240	プロセス監視情報を更新しました
DefaultSource	Information	0	2017/06/22 14:52:06.254	プロセス監視情報を更新しました
DefaultSource	Information	0	2017/06/22 14:53:06.267	プロセス監視情報を更新しました
DefaultSource	Information	0	2017/06/22 14:54:06.280	プロセス監視情報を更新しました
DefaultSource	Information	0	2017/06/22 14:55:06.293	プロセス監視情報を更新しました
DefaultSource	Information	0	2017/06/22 14:56:06.307	プロセス監視情報を更新しました
DefaultSource	Information	0	2017/06/22 14:57:06.320	プロセス監視情報を更新しました
DefaultSource	Information	0	2017/06/22 14:58:06.333	プロセス監視情報を更新しました
DefaultSource	Information	0	2017/06/22 14:59:06.347	プロセス監視情報を更新しました
DefaultSource	Information	0	2017/06/22 15:00:06.360	プロセス監視情報を更新しました
DefaultSource	Information	0	2017/06/22 15:00:06.360	ケーブル盗難チェック処理を実行します
DefaultSource	Warning	1	2017/06/22 15:00:06.360	本日日射データが0件の為、処理を終了します
DefaultSource	Information	0	2017/06/22 15:01:06.373	プロセス監視情報を更新しました
DefaultSource	Information	0	2017/06/22 15:02:06.387	プロセス監視情報を更新しました
DefaultSource	Information	0	2017/06/22 15:03:06.416	プロセス監視情報を更新しました
DefaultSource	Information	0	2017/06/22 15:04:06.429	プロセス監視情報を更新しました
DefaultSource	Information	0	2017/06/22 15:05:06.442	プロセス監視情報を更新しました
DefaultSource	Information	0	2017/06/22 15:06:06.455	プロセス監視情報を更新しました
DefaultSource	Information	0	2017/06/22 15:07:06.469	プロセス監視情報を更新しました
DefaultSource	Information	0	2017/06/22 15:08:06.482	プロセス監視情報を更新しました
DefaultSource	Information	0	2017/06/22 15:09:06.495	プロセス監視情報を更新しました
DefaultSource	Information	0	2017/06/22 15:10:06.509	プロセス監視情報を更新しました
DefaultSource	Information	0	2017/06/22 15:11:06.522	プロセス監視情報を更新しました
DefaultSource	Information	0	2017/06/22 15:12:06.535	プロセス監視情報を更新しました
DefaultSource	Information	0	2017/06/22 15:13:06.549	プロセス監視情報を更新しました
DefaultSource	Information	0	2017/06/22 15:14:06.562	プロセス監視情報を更新しました
DefaultSource	Information	0	2017/06/22 15:15:06.575	プロセス監視情報を更新しました
DefaultSource	Information	0	2017/06/22 15:16:06.588	プロセス監視情報を更新しました
DefaultSource	Information	0	2017/06/22 15:17:06.602	プロセス監視情報を更新しました
DefaultSource	Information	0	2017/06/22 15:18:06.615	プロセス監視情報を更新しました
DefaultSource	Information	0	2017/06/22 15:19:06.628	プロセス監視情報を更新しました
DefaultSource	Information	0	2017/06/22 15:20:06.642	プロセス監視情報を更新しました
DefaultSource	Information	0	2017/06/22 15:21:06.655	プロセス監視情報を更新しました
DefaultSource	Information	0	2017/06/22 15:22:06.668	プロセス監視情報を更新しました
DefaultSource	Information	0	2017/06/22 15:23:06.682	プロセス監視情報を更新しました
DefaultSource	Information	0	2017/06/22 15:24:06.695	プロセス監視情報を更新しました
DefaultSource	Information	0	2017/06/22 15:25:06.708	プロセス監視情報を更新しました
DefaultSource	Information	0	2017/06/22 15:26:06.722	プロセス監視情報を更新しました
DefaultSource	Information	0	2017/06/22 15:27:06.735	プロセス監視情報を更新しました
DefaultSource	Information	0	2017/06/22 15:28:06.748	プロセス監視情報を更新しました
DefaultSource	Information	0	2017/06/22 15:29:06.761	プロセス監視情報を更新しました
DefaultSource	Information	0	2017/06/22 15:30:06.775	プロセス監視情報を更新しました
DefaultSource	Information	0	2017/06/22 15:31:06.788	プロセス監視情報を更新しました
DefaultSource	Information	0	2017/06/22 15:32:06.801	プロセス監視情報を更新しました
DefaultSource	Information	0	2017/06/22 15:33:06.815	プロセス監視情報を更新しました
DefaultSource	Information	0	2017/06/22 15:34:06.828	プロセス監視情報を更新しました
DefaultSource	Information	0	2017/06/22 15:35:06.841	プロセス監視情報を更新しました
DefaultSource	Information	0	2017/06/22 15:36:06.855	プロセス監視情報を更新しました
DefaultSource	Information	0	2017/06/22 15:37:06.868	プロセス監視情報を更新しました
DefaultSource	Information	0	2017/06/22 15:38:06.881	プロセス監視情報を更新しました
DefaultSource	Information	0	2017/06/22 15:39:06.895	プロセス監視情報を更新しました
DefaultSource	Information	0	2017/06/22 15:40:06.908	プロセス監視情報を更新しました
DefaultSource	Information	0	2017/06/22 15:41:06.921	プロセス監視情報を更新しました
DefaultSource	Information	0	2017/06/22 15:42:06.934	プロセス監視情報を更新しました
DefaultSource	Information	0	2017/06/22 15:43:06.948	プロセス監視情報を更新しました
DefaultSource	Information	0	2017/06/22 15:44:06.961	プロセス監視情報を更新しました
DefaultSource	Information	0	2017/06/22 15:45:06.974	プロセス監視情報を更新しました
DefaultSource	Information	0	2017/06/22 15:46:06.988	プロセス監視情報を更新しました
DefaultSource	Information	0	2017/06/22 15:47:07.001	プロセス監視情報を更新しました
DefaultSource	Information	0	2017/06/22 15:48:07.014	プロセス監視情報を更新しました
DefaultSource	Information	0	2017/06/22 15:49:07.028	プロセス監視情報を更新しました
DefaultSource	Information	0	2017/06/22 15:50:07.041	プロセス監視情報を更新しました
DefaultSource	Information	0	2017/06/22 15:51:07.054	プロセス監視情報を更新しました
DefaultSource	Information	0	2017/06/22 15:52:07.067	プロセス監視情報を更新しました
DefaultSource	Information	0	2017/06/22 15:53:07.081	プロセス監視情報を更新しました
DefaultSource	Information	0	2017/06/22 15:54:07.094	プロセス監視情報を更新しました
DefaultSource	Information	0	2017/06/22 15:55:07.107	プロセス監視情報を更新しました
DefaultSource	Information	0	2017/06/22 15:56:07.121	プロセス監視情報を更新しました
DefaultSource	Information	0	2017/06/22 15:57:07.134	プロセス監視情報を更新しました
DefaultSource	Information	0	2017/06/22 15:58:07.147	プロセス監視情報を更新しました
DefaultSource	Information	0	2017/06/22 15:59:07.176	プロセス監視情報を更新しました
DefaultSource	Information	0	2017/06/22 16:00:07.190	プロセス監視情報を更新しました
DefaultSource	Information	0	2017/06/22 16:01:07.203	プロセス監視情報を更新しました
DefaultSource	Information	0	2017/06/22 16:02:07.216	プロセス監視情報を更新しました
DefaultSource	Information	0	2017/06/22 16:03:07.229	プロセス監視情報を更新しました
DefaultSource	Information	0	2017/06/22 16:04:07.243	プロセス監視情報を更新しました
DefaultSource	Information	0	2017/06/22 16:05:07.256	プロセス監視情報を更新しました
DefaultSource	Information	0	2017/06/22 16:06:07.269	プロセス監視情報を更新しました
DefaultSource	Information	0	2017/06/22 16:07:07.283	プロセス監視情報を更新しました
DefaultSource	Information	0	2017/06/22 16:08:07.296	プロセス監視情報を更新しました
DefaultSource	Information	0	2017/06/22 16:09:07.309	プロセス監視情報を更新しました
DefaultSource	Information	0	2017/06/22 16:10:07.323	プロセス監視情報を更新しました
DefaultSource	Information	0	2017/06/22 16:11:07.336	プロセス監視情報を更新しました
DefaultSource	Information	0	2017/06/22 16:12:07.349	プロセス監視情報を更新しました
DefaultSource	Information	0	2017/06/22 16:13:07.363	プロセス監視情報を更新しました
DefaultSource	Information	0	2017/06/22 16:14:07.376	プロセス監視情報を更新しました
DefaultSource	Information	0	2017/06/22 16:15:07.389	プロセス監視情報を更新しました
DefaultSource	Information	0	2017/06/22 16:16:07.402	プロセス監視情報を更新しました
DefaultSource	Information	0	2017/06/22 16:17:07.416	プロセス監視情報を更新しました
DefaultSource	Information	0	2017/06/22 16:18:07.429	プロセス監視情報を更新しました
DefaultSource	Information	0	2017/06/22 16:19:07.442	プロセス監視情報を更新しました
DefaultSource	Information	0	2017/06/22 16:20:07.456	プロセス監視情報を更新しました
DefaultSource	Information	0	2017/06/22 16:21:07.469	プロセス監視情報を更新しました
DefaultSource	Information	0	2017/06/22 16:22:07.482	プロセス監視情報を更新しました
DefaultSource	Information	0	2017/06/22 16:23:07.496	プロセス監視情報を更新しました
DefaultSource	Information	0	2017/06/22 16:24:07.509	プロセス監視情報を更新しました
DefaultSource	Information	0	2017/06/22 16:25:07.522	プロセス監視情報を更新しました
DefaultSource	Information	0	2017/06/22 16:26:07.535	プロセス監視情報を更新しました
DefaultSource	Information	0	2017/06/22 16:27:07.549	プロセス監視情報を更新しました
DefaultSource	Information	0	2017/06/22 16:28:07.562	プロセス監視情報を更新しました
DefaultSource	Information	0	2017/06/22 16:29:07.575	プロセス監視情報を更新しました
DefaultSource	Information	0	2017/06/22 16:30:07.589	プロセス監視情報を更新しました
DefaultSource	Information	0	2017/06/22 16:31:07.602	プロセス監視情報を更新しました
DefaultSource	Information	0	2017/06/22 16:32:07.615	プロセス監視情報を更新しました
DefaultSource	Information	0	2017/06/22 16:33:07.629	プロセス監視情報を更新しました
DefaultSource	Information	0	2017/06/22 16:34:07.642	プロセス監視情報を更新しました
DefaultSource	Information	0	2017/06/22 16:35:07.655	プロセス監視情報を更新しました
DefaultSource	Information	0	2017/06/22 16:36:07.669	プロセス監視情報を更新しました
DefaultSource	Information	0	2017/06/22 16:37:07.682	プロセス監視情報を更新しました
DefaultSource	Information	0	2017/06/22 16:38:07.695	プロセス監視情報を更新しました
DefaultSource	Information	0	2017/06/22 16:39:07.708	プロセス監視情報を更新しました
DefaultSource	Information	0	2017/06/22 16:40:07.722	プロセス監視情報を更新しました
DefaultSource	Information	0	2017/06/22 16:41:07.735	プロセス監視情報を更新しました
DefaultSource	Information	0	2017/06/22 16:42:07.748	プロセス監視情報を更新しました
DefaultSource	Information	0	2017/06/22 16:43:07.762	プロセス監視情報を更新しました
DefaultSource	Information	0	2017/06/22 16:44:07.775	プロセス監視情報を更新しました
DefaultSource	Information	0	2017/06/22 16:45:07.788	プロセス監視情報を更新しました
DefaultSource	Information	0	2017/06/22 16:46:07.802	プロセス監視情報を更新しました
DefaultSource	Information	0	2017/06/22 16:47:07.815	プロセス監視情報を更新しました
DefaultSource	Information	0	2017/06/22 16:48:07.828	プロセス監視情報を更新しました
DefaultSource	Information	0	2017/06/22 16:49:07.842	プロセス監視情報を更新しました
DefaultSource	Information	0	2017/06/22 16:50:07.855	プロセス監視情報を更新しました
DefaultSource	Information	0	2017/06/22 16:51:07.868	プロセス監視情報を更新しました
DefaultSource	Information	0	2017/06/22 16:52:07.881	プロセス監視情報を更新しました
DefaultSource	Information	0	2017/06/22 16:53:07.895	プロセス監視情報を更新しました
DefaultSource	Information	0	2017/06/22 16:54:07.908	プロセス監視情報を更新しました
DefaultSource	Information	0	2017/06/22 16:55:07.937	プロセス監視情報を更新しました
DefaultSource	Information	0	2017/06/22 16:56:07.950	プロセス監視情報を更新しました
DefaultSource	Information	0	2017/06/22 16:57:07.964	プロセス監視情報を更新しました
DefaultSource	Information	0	2017/06/22 16:58:07.977	プロセス監視情報を更新しました
DefaultSource	Information	0	2017/06/22 16:59:07.990	プロセス監視情報を更新しました
DefaultSource	Information	0	2017/06/22 17:00:08.003	プロセス監視情報を更新しました
DefaultSource	Information	0	2017/06/22 17:01:08.017	プロセス監視情報を更新しました
DefaultSource	Information	0	2017/06/22 17:02:08.030	プロセス監視情報を更新しました
DefaultSource	Information	0	2017/06/22 17:03:08.043	プロセス監視情報を更新しました
DefaultSource	Information	0	2017/06/22 17:04:08.057	プロセス監視情報を更新しました
DefaultSource	Information	0	2017/06/22 17:05:08.070	プロセス監視情報を更新しました
DefaultSource	Information	0	2017/06/22 17:06:08.083	プロセス監視情報を更新しました
DefaultSource	Information	0	2017/06/22 17:07:08.097	プロセス監視情報を更新しました
DefaultSource	Information	0	2017/06/22 17:08:08.110	プロセス監視情報を更新しました
DefaultSource	Information	0	2017/06/22 17:09:08.123	プロセス監視情報を更新しました
DefaultSource	Information	0	2017/06/22 17:10:08.137	プロセス監視情報を更新しました
DefaultSource	Information	0	2017/06/22 17:11:08.150	プロセス監視情報を更新しました
DefaultSource	Information	0	2017/06/22 17:12:08.163	プロセス監視情報を更新しました
DefaultSource	Information	0	2017/06/22 17:13:08.176	プロセス監視情報を更新しました
DefaultSource	Information	0	2017/06/22 17:14:08.190	プロセス監視情報を更新しました
DefaultSource	Information	0	2017/06/22 17:15:08.203	プロセス監視情報を更新しました
DefaultSource	Information	0	2017/06/22 17:16:08.216	プロセス監視情報を更新しました
DefaultSource	Information	0	2017/06/22 17:17:08.230	プロセス監視情報を更新しました
DefaultSource	Information	0	2017/06/22 17:18:08.243	プロセス監視情報を更新しました
DefaultSource	Information	0	2017/06/22 17:19:08.256	プロセス監視情報を更新しました
DefaultSource	Information	0	2017/06/22 17:20:08.270	プロセス監視情報を更新しました
DefaultSource	Information	0	2017/06/22 17:21:08.283	プロセス監視情報を更新しました
DefaultSource	Information	0	2017/06/22 17:22:08.296	プロセス監視情報を更新しました
DefaultSource	Information	0	2017/06/22 17:23:08.309	プロセス監視情報を更新しました
DefaultSource	Information	0	2017/06/22 17:24:08.323	プロセス監視情報を更新しました
DefaultSource	Information	0	2017/06/22 17:25:08.336	プロセス監視情報を更新しました
DefaultSource	Information	0	2017/06/22 17:26:08.349	プロセス監視情報を更新しました
DefaultSource	Information	0	2017/06/22 17:27:08.363	プロセス監視情報を更新しました
DefaultSource	Information	0	2017/06/22 17:28:08.376	プロセス監視情報を更新しました
DefaultSource	Information	0	2017/06/22 17:29:08.389	プロセス監視情報を更新しました
DefaultSource	Information	0	2017/06/22 17:30:08.403	プロセス監視情報を更新しました
DefaultSource	Information	0	2017/06/22 17:31:08.416	プロセス監視情報を更新しました
DefaultSource	Information	0	2017/06/22 17:32:08.429	プロセス監視情報を更新しました
DefaultSource	Information	0	2017/06/22 17:33:08.443	プロセス監視情報を更新しました
DefaultSource	Information	0	2017/06/22 17:34:08.456	プロセス監視情報を更新しました
DefaultSource	Information	0	2017/06/22 17:35:08.469	プロセス監視情報を更新しました
DefaultSource	Information	0	2017/06/22 17:36:08.482	プロセス監視情報を更新しました
DefaultSource	Information	0	2017/06/22 17:37:08.496	プロセス監視情報を更新しました
DefaultSource	Information	0	2017/06/22 17:38:08.509	プロセス監視情報を更新しました
DefaultSource	Information	0	2017/06/22 17:39:08.522	プロセス監視情報を更新しました
DefaultSource	Information	0	2017/06/22 17:40:08.536	プロセス監視情報を更新しました
DefaultSource	Information	0	2017/06/22 17:41:08.549	プロセス監視情報を更新しました
DefaultSource	Information	0	2017/06/22 17:42:08.562	プロセス監視情報を更新しました
DefaultSource	Information	0	2017/06/22 17:43:08.576	プロセス監視情報を更新しました
DefaultSource	Information	0	2017/06/22 17:44:08.589	プロセス監視情報を更新しました
DefaultSource	Information	0	2017/06/22 17:45:08.602	プロセス監視情報を更新しました
DefaultSource	Information	0	2017/06/22 17:46:08.616	プロセス監視情報を更新しました
DefaultSource	Information	0	2017/06/22 17:47:08.629	プロセス監視情報を更新しました
DefaultSource	Information	0	2017/06/22 17:48:08.642	プロセス監視情報を更新しました
DefaultSource	Information	0	2017/06/22 17:49:08.655	プロセス監視情報を更新しました
DefaultSource	Information	0	2017/06/22 17:50:08.669	プロセス監視情報を更新しました
DefaultSource	Information	0	2017/06/22 17:51:08.698	プロセス監視情報を更新しました
DefaultSource	Information	0	2017/06/22 17:52:08.711	プロセス監視情報を更新しました
DefaultSource	Information	0	2017/06/22 17:53:08.724	プロセス監視情報を更新しました
DefaultSource	Information	0	2017/06/22 17:54:08.738	プロセス監視情報を更新しました
DefaultSource	Information	0	2017/06/22 17:55:08.751	プロセス監視情報を更新しました
DefaultSource	Information	0	2017/06/22 17:56:08.764	プロセス監視情報を更新しました
DefaultSource	Information	0	2017/06/22 17:57:08.777	プロセス監視情報を更新しました
DefaultSource	Information	0	2017/06/22 17:58:08.791	プロセス監視情報を更新しました
DefaultSource	Information	0	2017/06/22 17:59:08.804	プロセス監視情報を更新しました
DefaultSource	Information	0	2017/06/22 18:00:08.817	プロセス監視情報を更新しました
DefaultSource	Information	0	2017/06/22 18:01:08.831	プロセス監視情報を更新しました
DefaultSource	Information	0	2017/06/22 18:02:08.844	プロセス監視情報を更新しました
DefaultSource	Information	0	2017/06/22 18:03:08.857	プロセス監視情報を更新しました
DefaultSource	Information	0	2017/06/22 18:04:08.871	プロセス監視情報を更新しました
DefaultSource	Information	0	2017/06/22 18:05:08.884	プロセス監視情報を更新しました
DefaultSource	Information	0	2017/06/22 18:06:08.897	プロセス監視情報を更新しました
DefaultSource	Information	0	2017/06/22 18:07:08.911	プロセス監視情報を更新しました
DefaultSource	Information	0	2017/06/22 18:08:08.924	プロセス監視情報を更新しました
DefaultSource	Information	0	2017/06/22 18:09:08.937	プロセス監視情報を更新しました
DefaultSource	Information	0	2017/06/22 18:10:08.950	プロセス監視情報を更新しました
DefaultSource	Information	0	2017/06/22 18:11:08.964	プロセス監視情報を更新しました
DefaultSource	Information	0	2017/06/22 18:12:08.977	プロセス監視情報を更新しました
DefaultSource	Information	0	2017/06/22 18:13:08.990	プロセス監視情報を更新しました
DefaultSource	Information	0	2017/06/22 18:14:09.004	プロセス監視情報を更新しました
DefaultSource	Information	0	2017/06/22 18:15:09.017	プロセス監視情報を更新しました
DefaultSource	Information	0	2017/06/22 18:16:09.030	プロセス監視情報を更新しました
DefaultSource	Information	0	2017/06/22 18:17:09.044	プロセス監視情報を更新しました
DefaultSource	Information	0	2017/06/22 18:18:09.057	プロセス監視情報を更新しました
DefaultSource	Information	0	2017/06/22 18:19:09.070	プロセス監視情報を更新しました
DefaultSource	Information	0	2017/06/22 18:20:09.083	プロセス監視情報を更新しました
DefaultSource	Information	0	2017/06/22 18:21:09.097	プロセス監視情報を更新しました
DefaultSource	Information	0	2017/06/22 18:22:09.110	プロセス監視情報を更新しました
DefaultSource	Information	0	2017/06/22 18:23:09.123	プロセス監視情報を更新しました
DefaultSource	Information	0	2017/06/22 18:24:09.137	プロセス監視情報を更新しました
DefaultSource	Information	0	2017/06/22 18:25:09.150	プロセス監視情報を更新しました
DefaultSource	Information	0	2017/06/22 18:26:09.163	プロセス監視情報を更新しました
DefaultSource	Information	0	2017/06/22 18:27:09.177	プロセス監視情報を更新しました
DefaultSource	Information	0	2017/06/22 18:28:09.190	プロセス監視情報を更新しました
DefaultSource	Information	0	2017/06/22 18:29:09.203	プロセス監視情報を更新しました
DefaultSource	Information	0	2017/06/22 18:30:09.217	プロセス監視情報を更新しました
DefaultSource	Information	0	2017/06/22 18:31:09.230	プロセス監視情報を更新しました
DefaultSource	Information	0	2017/06/22 18:32:09.243	プロセス監視情報を更新しました
DefaultSource	Information	0	2017/06/22 18:33:09.256	プロセス監視情報を更新しました
DefaultSource	Information	0	2017/06/22 18:34:09.270	プロセス監視情報を更新しました
DefaultSource	Information	0	2017/06/22 18:35:09.283	プロセス監視情報を更新しました
DefaultSource	Information	0	2017/06/22 18:36:09.296	プロセス監視情報を更新しました
DefaultSource	Information	0	2017/06/22 18:37:09.310	プロセス監視情報を更新しました
DefaultSource	Information	0	2017/06/22 18:38:09.323	プロセス監視情報を更新しました
DefaultSource	Information	0	2017/06/22 18:39:09.336	プロセス監視情報を更新しました
DefaultSource	Information	0	2017/06/22 18:40:09.350	プロセス監視情報を更新しました
DefaultSource	Information	0	2017/06/22 18:41:09.363	プロセス監視情報を更新しました
DefaultSource	Information	0	2017/06/22 18:42:09.376	プロセス監視情報を更新しました
DefaultSource	Information	0	2017/06/22 18:43:09.390	プロセス監視情報を更新しました
DefaultSource	Information	0	2017/06/22 18:44:09.403	プロセス監視情報を更新しました
DefaultSource	Information	0	2017/06/22 18:45:09.416	プロセス監視情報を更新しました
DefaultSource	Information	0	2017/06/22 18:46:09.429	プロセス監視情報を更新しました
DefaultSource	Information	0	2017/06/22 18:47:09.458	プロセス監視情報を更新しました
DefaultSource	Information	0	2017/06/22 18:48:09.472	プロセス監視情報を更新しました
DefaultSource	Information	0	2017/06/22 18:49:09.485	プロセス監視情報を更新しました
DefaultSource	Information	0	2017/06/22 18:50:09.498	プロセス監視情報を更新しました
DefaultSource	Information	0	2017/06/22 18:51:09.512	プロセス監視情報を更新しました
DefaultSource	Information	0	2017/06/22 18:52:09.525	プロセス監視情報を更新しました
DefaultSource	Information	0	2017/06/22 18:53:09.538	プロセス監視情報を更新しました
DefaultSource	Information	0	2017/06/22 18:54:09.551	プロセス監視情報を更新しました
DefaultSource	Information	0	2017/06/22 18:55:09.565	プロセス監視情報を更新しました
DefaultSource	Information	0	2017/06/22 18:56:09.578	プロセス監視情報を更新しました
DefaultSource	Information	0	2017/06/22 18:57:09.591	プロセス監視情報を更新しました
DefaultSource	Information	0	2017/06/22 18:58:09.605	プロセス監視情報を更新しました
DefaultSource	Information	0	2017/06/22 18:59:09.618	プロセス監視情報を更新しました
DefaultSource	Information	0	2017/06/22 19:00:09.631	プロセス監視情報を更新しました
DefaultSource	Information	0	2017/06/22 19:01:09.645	プロセス監視情報を更新しました
DefaultSource	Information	0	2017/06/22 19:02:09.658	プロセス監視情報を更新しました
DefaultSource	Information	0	2017/06/22 19:03:09.671	プロセス監視情報を更新しました
DefaultSource	Information	0	2017/06/22 19:04:09.685	プロセス監視情報を更新しました
DefaultSource	Information	0	2017/06/22 19:05:09.698	プロセス監視情報を更新しました
DefaultSource	Information	0	2017/06/22 19:06:09.711	プロセス監視情報を更新しました
DefaultSource	Information	0	2017/06/22 19:07:09.724	プロセス監視情報を更新しました
DefaultSource	Information	0	2017/06/22 19:08:09.738	プロセス監視情報を更新しました
DefaultSource	Information	0	2017/06/22 19:09:09.751	プロセス監視情報を更新しました
DefaultSource	Information	0	2017/06/22 19:10:09.764	プロセス監視情報を更新しました
DefaultSource	Information	0	2017/06/22 19:11:09.778	プロセス監視情報を更新しました
DefaultSource	Information	0	2017/06/22 19:12:09.791	プロセス監視情報を更新しました
DefaultSource	Information	0	2017/06/22 19:13:09.804	プロセス監視情報を更新しました
DefaultSource	Information	0	2017/06/22 19:14:09.818	プロセス監視情報を更新しました
DefaultSource	Information	0	2017/06/22 19:15:09.831	プロセス監視情報を更新しました
DefaultSource	Information	0	2017/06/22 19:16:09.844	プロセス監視情報を更新しました
DefaultSource	Information	0	2017/06/22 19:17:09.858	プロセス監視情報を更新しました
DefaultSource	Information	0	2017/06/22 19:18:09.871	プロセス監視情報を更新しました
DefaultSource	Information	0	2017/06/22 19:19:09.884	プロセス監視情報を更新しました
DefaultSource	Information	0	2017/06/22 19:20:09.897	プロセス監視情報を更新しました
DefaultSource	Information	0	2017/06/22 19:21:09.911	プロセス監視情報を更新しました
DefaultSource	Information	0	2017/06/22 19:22:09.924	プロセス監視情報を更新しました
DefaultSource	Information	0	2017/06/22 19:23:09.937	プロセス監視情報を更新しました
DefaultSource	Information	0	2017/06/22 19:24:09.951	プロセス監視情報を更新しました
DefaultSource	Information	0	2017/06/22 19:25:09.964	プロセス監視情報を更新しました
DefaultSource	Information	0	2017/06/22 19:26:09.977	プロセス監視情報を更新しました
DefaultSource	Information	0	2017/06/22 19:27:09.991	プロセス監視情報を更新しました
DefaultSource	Information	0	2017/06/22 19:28:10.004	プロセス監視情報を更新しました
DefaultSource	Information	0	2017/06/22 19:29:10.017	プロセス監視情報を更新しました
DefaultSource	Information	0	2017/06/22 19:30:10.030	プロセス監視情報を更新しました
DefaultSource	Information	0	2017/06/22 19:31:10.044	プロセス監視情報を更新しました
DefaultSource	Information	0	2017/06/22 19:32:10.057	プロセス監視情報を更新しました
DefaultSource	Information	0	2017/06/22 19:33:10.070	プロセス監視情報を更新しました
DefaultSource	Information	0	2017/06/22 19:34:10.084	プロセス監視情報を更新しました
DefaultSource	Information	0	2017/06/22 19:35:10.097	プロセス監視情報を更新しました
DefaultSource	Information	0	2017/06/22 19:36:10.110	プロセス監視情報を更新しました
DefaultSource	Information	0	2017/06/22 19:37:10.124	プロセス監視情報を更新しました
DefaultSource	Information	0	2017/06/22 19:38:10.137	プロセス監視情報を更新しました
DefaultSource	Information	0	2017/06/22 19:39:10.150	プロセス監視情報を更新しました
DefaultSource	Information	0	2017/06/22 19:40:10.164	プロセス監視情報を更新しました
DefaultSource	Information	0	2017/06/22 19:41:10.177	プロセス監視情報を更新しました
DefaultSource	Information	0	2017/06/22 19:42:10.206	プロセス監視情報を更新しました
DefaultSource	Information	0	2017/06/22 19:43:10.219	プロセス監視情報を更新しました
DefaultSource	Information	0	2017/06/22 19:44:10.232	プロセス監視情報を更新しました
DefaultSource	Information	0	2017/06/22 19:45:10.246	プロセス監視情報を更新しました
DefaultSource	Information	0	2017/06/22 19:46:10.259	プロセス監視情報を更新しました
DefaultSource	Information	0	2017/06/22 19:47:10.272	プロセス監視情報を更新しました
DefaultSource	Information	0	2017/06/22 19:48:10.286	プロセス監視情報を更新しました
DefaultSource	Information	0	2017/06/22 19:49:10.299	プロセス監視情報を更新しました
DefaultSource	Information	0	2017/06/22 19:50:10.312	プロセス監視情報を更新しました
DefaultSource	Information	0	2017/06/22 19:51:10.325	プロセス監視情報を更新しました
DefaultSource	Information	0	2017/06/22 19:52:10.339	プロセス監視情報を更新しました
DefaultSource	Information	0	2017/06/22 19:53:10.352	プロセス監視情報を更新しました
DefaultSource	Information	0	2017/06/22 19:54:10.365	プロセス監視情報を更新しました
DefaultSource	Information	0	2017/06/22 19:55:10.379	プロセス監視情報を更新しました
DefaultSource	Information	0	2017/06/22 19:56:10.392	プロセス監視情報を更新しました
DefaultSource	Information	0	2017/06/22 19:57:10.405	プロセス監視情報を更新しました
DefaultSource	Information	0	2017/06/22 19:58:10.419	プロセス監視情報を更新しました
DefaultSource	Information	0	2017/06/22 19:59:10.432	プロセス監視情報を更新しました
DefaultSource	Information	0	2017/06/22 20:00:10.445	プロセス監視情報を更新しました
DefaultSource	Information	0	2017/06/22 20:01:10.459	プロセス監視情報を更新しました
DefaultSource	Information	0	2017/06/22 20:02:10.472	プロセス監視情報を更新しました
DefaultSource	Information	0	2017/06/22 20:03:10.485	プロセス監視情報を更新しました
DefaultSource	Information	0	2017/06/22 20:04:10.498	プロセス監視情報を更新しました
DefaultSource	Information	0	2017/06/22 20:05:10.512	プロセス監視情報を更新しました
DefaultSource	Information	0	2017/06/22 20:06:10.525	プロセス監視情報を更新しました
DefaultSource	Information	0	2017/06/22 20:07:10.538	プロセス監視情報を更新しました
DefaultSource	Information	0	2017/06/22 20:08:10.552	プロセス監視情報を更新しました
DefaultSource	Information	0	2017/06/22 20:09:10.565	プロセス監視情報を更新しました
DefaultSource	Information	0	2017/06/22 20:10:10.578	プロセス監視情報を更新しました
DefaultSource	Information	0	2017/06/22 20:11:10.592	プロセス監視情報を更新しました
DefaultSource	Information	0	2017/06/22 20:12:10.605	プロセス監視情報を更新しました
DefaultSource	Information	0	2017/06/22 20:13:10.618	プロセス監視情報を更新しました
DefaultSource	Information	0	2017/06/22 20:14:10.632	プロセス監視情報を更新しました
DefaultSource	Information	0	2017/06/22 20:15:10.645	プロセス監視情報を更新しました
DefaultSource	Information	0	2017/06/22 20:16:10.658	プロセス監視情報を更新しました
DefaultSource	Information	0	2017/06/22 20:17:10.671	プロセス監視情報を更新しました
DefaultSource	Information	0	2017/06/22 20:18:10.685	プロセス監視情報を更新しました
DefaultSource	Information	0	2017/06/22 20:19:10.698	プロセス監視情報を更新しました
DefaultSource	Information	0	2017/06/22 20:20:10.711	プロセス監視情報を更新しました
DefaultSource	Information	0	2017/06/22 20:21:10.725	プロセス監視情報を更新しました
DefaultSource	Information	0	2017/06/22 20:22:10.738	プロセス監視情報を更新しました
DefaultSource	Information	0	2017/06/22 20:23:10.751	プロセス監視情報を更新しました
DefaultSource	Information	0	2017/06/22 20:24:10.765	プロセス監視情報を更新しました
DefaultSource	Information	0	2017/06/22 20:25:10.778	プロセス監視情報を更新しました
DefaultSource	Information	0	2017/06/22 20:26:10.791	プロセス監視情報を更新しました
DefaultSource	Information	0	2017/06/22 20:27:10.804	プロセス監視情報を更新しました
DefaultSource	Information	0	2017/06/22 20:28:10.818	プロセス監視情報を更新しました
DefaultSource	Information	0	2017/06/22 20:29:10.831	プロセス監視情報を更新しました
DefaultSource	Information	0	2017/06/22 20:30:10.844	プロセス監視情報を更新しました
DefaultSource	Information	0	2017/06/22 20:31:10.858	プロセス監視情報を更新しました
DefaultSource	Information	0	2017/06/22 20:32:10.871	プロセス監視情報を更新しました
DefaultSource	Information	0	2017/06/22 20:33:10.884	プロセス監視情報を更新しました
DefaultSource	Information	0	2017/06/22 20:34:10.898	プロセス監視情報を更新しました
DefaultSource	Information	0	2017/06/22 20:35:10.911	プロセス監視情報を更新しました
DefaultSource	Information	0	2017/06/22 20:36:10.924	プロセス監視情報を更新しました
DefaultSource	Information	0	2017/06/22 20:37:10.938	プロセス監視情報を更新しました
DefaultSource	Information	0	2017/06/22 20:38:10.966	プロセス監視情報を更新しました
DefaultSource	Information	0	2017/06/22 20:39:10.980	プロセス監視情報を更新しました
DefaultSource	Information	0	2017/06/22 20:40:10.993	プロセス監視情報を更新しました
DefaultSource	Information	0	2017/06/22 20:41:11.006	プロセス監視情報を更新しました
DefaultSource	Information	0	2017/06/22 20:42:11.020	プロセス監視情報を更新しました
DefaultSource	Information	0	2017/06/22 20:43:11.033	プロセス監視情報を更新しました
DefaultSource	Information	0	2017/06/22 20:44:11.046	プロセス監視情報を更新しました
DefaultSource	Information	0	2017/06/22 20:45:11.060	プロセス監視情報を更新しました
DefaultSource	Information	0	2017/06/22 20:46:11.073	プロセス監視情報を更新しました
DefaultSource	Information	0	2017/06/22 20:47:11.086	プロセス監視情報を更新しました
DefaultSource	Information	0	2017/06/22 20:48:11.099	プロセス監視情報を更新しました
DefaultSource	Information	0	2017/06/22 20:49:11.113	プロセス監視情報を更新しました
DefaultSource	Information	0	2017/06/22 20:50:11.126	プロセス監視情報を更新しました
DefaultSource	Information	0	2017/06/22 20:51:11.139	プロセス監視情報を更新しました
DefaultSource	Information	0	2017/06/22 20:52:11.153	プロセス監視情報を更新しました
DefaultSource	Information	0	2017/06/22 20:53:11.166	プロセス監視情報を更新しました
DefaultSource	Information	0	2017/06/22 20:54:11.179	プロセス監視情報を更新しました
DefaultSource	Information	0	2017/06/22 20:55:11.193	プロセス監視情報を更新しました
DefaultSource	Information	0	2017/06/22 20:56:11.206	プロセス監視情報を更新しました
DefaultSource	Information	0	2017/06/22 20:57:11.219	プロセス監視情報を更新しました
DefaultSource	Information	0	2017/06/22 20:58:11.233	プロセス監視情報を更新しました
DefaultSource	Information	0	2017/06/22 20:59:11.246	プロセス監視情報を更新しました
DefaultSource	Information	0	2017/06/22 21:00:11.259	プロセス監視情報を更新しました
DefaultSource	Information	0	2017/06/22 21:01:11.272	プロセス監視情報を更新しました
DefaultSource	Information	0	2017/06/22 21:02:11.286	プロセス監視情報を更新しました
DefaultSource	Information	0	2017/06/22 21:03:11.299	プロセス監視情報を更新しました
DefaultSource	Information	0	2017/06/22 21:04:11.312	プロセス監視情報を更新しました
DefaultSource	Information	0	2017/06/22 21:05:11.326	プロセス監視情報を更新しました
DefaultSource	Information	0	2017/06/22 21:06:11.339	プロセス監視情報を更新しました
DefaultSource	Information	0	2017/06/22 21:07:11.352	プロセス監視情報を更新しました
DefaultSource	Information	0	2017/06/22 21:08:11.366	プロセス監視情報を更新しました
DefaultSource	Information	0	2017/06/22 21:09:11.379	プロセス監視情報を更新しました
DefaultSource	Information	0	2017/06/22 21:10:11.392	プロセス監視情報を更新しました
DefaultSource	Information	0	2017/06/22 21:11:11.406	プロセス監視情報を更新しました
DefaultSource	Information	0	2017/06/22 21:12:11.419	プロセス監視情報を更新しました
DefaultSource	Information	0	2017/06/22 21:13:11.432	プロセス監視情報を更新しました
DefaultSource	Information	0	2017/06/22 21:14:11.445	プロセス監視情報を更新しました
DefaultSource	Information	0	2017/06/22 21:15:11.459	プロセス監視情報を更新しました
DefaultSource	Information	0	2017/06/22 21:16:11.472	プロセス監視情報を更新しました
DefaultSource	Information	0	2017/06/22 21:17:11.485	プロセス監視情報を更新しました
DefaultSource	Information	0	2017/06/22 21:18:11.499	プロセス監視情報を更新しました
DefaultSource	Information	0	2017/06/22 21:19:11.512	プロセス監視情報を更新しました
DefaultSource	Information	0	2017/06/22 21:20:11.525	プロセス監視情報を更新しました
DefaultSource	Information	0	2017/06/22 21:21:11.539	プロセス監視情報を更新しました
DefaultSource	Information	0	2017/06/22 21:22:11.552	プロセス監視情報を更新しました
DefaultSource	Information	0	2017/06/22 21:23:11.565	プロセス監視情報を更新しました
DefaultSource	Information	0	2017/06/22 21:24:11.578	プロセス監視情報を更新しました
DefaultSource	Information	0	2017/06/22 21:25:11.592	プロセス監視情報を更新しました
DefaultSource	Information	0	2017/06/22 21:26:11.605	プロセス監視情報を更新しました
DefaultSource	Information	0	2017/06/22 21:27:11.618	プロセス監視情報を更新しました
DefaultSource	Information	0	2017/06/22 21:28:11.632	プロセス監視情報を更新しました
DefaultSource	Information	0	2017/06/22 21:29:11.645	プロセス監視情報を更新しました
DefaultSource	Information	0	2017/06/22 21:30:11.658	プロセス監視情報を更新しました
DefaultSource	Information	0	2017/06/22 21:31:11.672	プロセス監視情報を更新しました
DefaultSource	Information	0	2017/06/22 21:32:11.685	プロセス監視情報を更新しました
DefaultSource	Information	0	2017/06/22 21:33:11.698	プロセス監視情報を更新しました
DefaultSource	Information	0	2017/06/22 21:34:11.727	プロセス監視情報を更新しました
DefaultSource	Information	0	2017/06/22 21:35:11.740	プロセス監視情報を更新しました
DefaultSource	Information	0	2017/06/22 21:36:11.754	プロセス監視情報を更新しました
DefaultSource	Information	0	2017/06/22 21:37:11.767	プロセス監視情報を更新しました
DefaultSource	Information	0	2017/06/22 21:38:11.780	プロセス監視情報を更新しました
DefaultSource	Information	0	2017/06/22 21:39:11.794	プロセス監視情報を更新しました
DefaultSource	Information	0	2017/06/22 21:40:11.807	プロセス監視情報を更新しました
DefaultSource	Information	0	2017/06/22 21:41:11.820	プロセス監視情報を更新しました
DefaultSource	Information	0	2017/06/22 21:42:11.834	プロセス監視情報を更新しました
DefaultSource	Information	0	2017/06/22 21:43:11.847	プロセス監視情報を更新しました
DefaultSource	Information	0	2017/06/22 21:44:11.860	プロセス監視情報を更新しました
DefaultSource	Information	0	2017/06/22 21:45:11.874	プロセス監視情報を更新しました
DefaultSource	Information	0	2017/06/22 21:46:11.887	プロセス監視情報を更新しました
DefaultSource	Information	0	2017/06/22 21:47:11.900	プロセス監視情報を更新しました
DefaultSource	Information	0	2017/06/22 21:48:11.913	プロセス監視情報を更新しました
DefaultSource	Information	0	2017/06/22 21:49:11.927	プロセス監視情報を更新しました
DefaultSource	Information	0	2017/06/22 21:50:11.940	プロセス監視情報を更新しました
DefaultSource	Information	0	2017/06/22 21:51:11.953	プロセス監視情報を更新しました
DefaultSource	Information	0	2017/06/22 21:52:11.967	プロセス監視情報を更新しました
DefaultSource	Information	0	2017/06/22 21:53:11.980	プロセス監視情報を更新しました
DefaultSource	Information	0	2017/06/22 21:54:11.993	プロセス監視情報を更新しました
DefaultSource	Information	0	2017/06/22 21:55:12.007	プロセス監視情報を更新しました
DefaultSource	Information	0	2017/06/22 21:56:12.020	プロセス監視情報を更新しました
DefaultSource	Information	0	2017/06/22 21:57:12.033	プロセス監視情報を更新しました
DefaultSource	Information	0	2017/06/22 21:58:12.046	プロセス監視情報を更新しました
DefaultSource	Information	0	2017/06/22 21:59:12.060	プロセス監視情報を更新しました
DefaultSource	Information	0	2017/06/22 22:00:12.073	プロセス監視情報を更新しました
DefaultSource	Information	0	2017/06/22 22:01:12.086	プロセス監視情報を更新しました
DefaultSource	Information	0	2017/06/22 22:02:12.100	プロセス監視情報を更新しました
DefaultSource	Information	0	2017/06/22 22:03:12.113	プロセス監視情報を更新しました
DefaultSource	Information	0	2017/06/22 22:04:12.126	プロセス監視情報を更新しました
DefaultSource	Information	0	2017/06/22 22:05:12.140	プロセス監視情報を更新しました
DefaultSource	Information	0	2017/06/22 22:06:12.153	プロセス監視情報を更新しました
DefaultSource	Information	0	2017/06/22 22:07:12.166	プロセス監視情報を更新しました
DefaultSource	Information	0	2017/06/22 22:08:12.180	プロセス監視情報を更新しました
DefaultSource	Information	0	2017/06/22 22:09:12.193	プロセス監視情報を更新しました
DefaultSource	Information	0	2017/06/22 22:10:12.206	プロセス監視情報を更新しました
DefaultSource	Information	0	2017/06/22 22:11:12.219	プロセス監視情報を更新しました
DefaultSource	Information	0	2017/06/22 22:12:12.233	プロセス監視情報を更新しました
DefaultSource	Information	0	2017/06/22 22:13:12.246	プロセス監視情報を更新しました
DefaultSource	Information	0	2017/06/22 22:14:12.259	プロセス監視情報を更新しました
DefaultSource	Information	0	2017/06/22 22:15:12.273	プロセス監視情報を更新しました
DefaultSource	Information	0	2017/06/22 22:16:12.286	プロセス監視情報を更新しました
DefaultSource	Information	0	2017/06/22 22:17:12.299	プロセス監視情報を更新しました
DefaultSource	Information	0	2017/06/22 22:18:12.313	プロセス監視情報を更新しました
DefaultSource	Information	0	2017/06/22 22:19:12.326	プロセス監視情報を更新しました
DefaultSource	Information	0	2017/06/22 22:20:12.339	プロセス監視情報を更新しました
DefaultSource	Information	0	2017/06/22 22:21:12.352	プロセス監視情報を更新しました
DefaultSource	Information	0	2017/06/22 22:22:12.366	プロセス監視情報を更新しました
DefaultSource	Information	0	2017/06/22 22:23:12.379	プロセス監視情報を更新しました
DefaultSource	Information	0	2017/06/22 22:24:12.392	プロセス監視情報を更新しました
DefaultSource	Information	0	2017/06/22 22:25:12.406	プロセス監視情報を更新しました
DefaultSource	Information	0	2017/06/22 22:26:12.419	プロセス監視情報を更新しました
DefaultSource	Information	0	2017/06/22 22:27:12.432	プロセス監視情報を更新しました
DefaultSource	Information	0	2017/06/22 22:28:12.446	プロセス監視情報を更新しました
DefaultSource	Information	0	2017/06/22 22:29:12.459	プロセス監視情報を更新しました
DefaultSource	Information	0	2017/06/22 22:30:12.488	プロセス監視情報を更新しました
DefaultSource	Information	0	2017/06/22 22:31:12.501	プロセス監視情報を更新しました
DefaultSource	Information	0	2017/06/22 22:32:12.514	プロセス監視情報を更新しました
DefaultSource	Information	0	2017/06/22 22:33:12.528	プロセス監視情報を更新しました
DefaultSource	Information	0	2017/06/22 22:34:12.541	プロセス監視情報を更新しました
DefaultSource	Information	0	2017/06/22 22:35:12.554	プロセス監視情報を更新しました
DefaultSource	Information	0	2017/06/22 22:36:12.568	プロセス監視情報を更新しました
DefaultSource	Information	0	2017/06/22 22:37:12.581	プロセス監視情報を更新しました
DefaultSource	Information	0	2017/06/22 22:38:12.594	プロセス監視情報を更新しました
DefaultSource	Information	0	2017/06/22 22:39:12.608	プロセス監視情報を更新しました
DefaultSource	Information	0	2017/06/22 22:40:12.621	プロセス監視情報を更新しました
DefaultSource	Information	0	2017/06/22 22:41:12.634	プロセス監視情報を更新しました
DefaultSource	Information	0	2017/06/22 22:42:12.648	プロセス監視情報を更新しました
DefaultSource	Information	0	2017/06/22 22:43:12.661	プロセス監視情報を更新しました
DefaultSource	Information	0	2017/06/22 22:44:12.674	プロセス監視情報を更新しました
DefaultSource	Information	0	2017/06/22 22:45:12.687	プロセス監視情報を更新しました
DefaultSource	Information	0	2017/06/22 22:46:12.701	プロセス監視情報を更新しました
DefaultSource	Information	0	2017/06/22 22:47:12.714	プロセス監視情報を更新しました
DefaultSource	Information	0	2017/06/22 22:48:12.727	プロセス監視情報を更新しました
DefaultSource	Information	0	2017/06/22 22:49:12.741	プロセス監視情報を更新しました
DefaultSource	Information	0	2017/06/22 22:50:12.754	プロセス監視情報を更新しました
DefaultSource	Information	0	2017/06/22 22:51:12.767	プロセス監視情報を更新しました
DefaultSource	Information	0	2017/06/22 22:52:12.781	プロセス監視情報を更新しました
DefaultSource	Information	0	2017/06/22 22:53:12.794	プロセス監視情報を更新しました
DefaultSource	Information	0	2017/06/22 22:54:12.807	プロセス監視情報を更新しました
DefaultSource	Information	0	2017/06/22 22:55:12.820	プロセス監視情報を更新しました
DefaultSource	Information	0	2017/06/22 22:56:12.834	プロセス監視情報を更新しました
DefaultSource	Information	0	2017/06/22 22:57:12.847	プロセス監視情報を更新しました
DefaultSource	Information	0	2017/06/22 22:58:12.860	プロセス監視情報を更新しました
DefaultSource	Information	0	2017/06/22 22:59:12.874	プロセス監視情報を更新しました
DefaultSource	Information	0	2017/06/22 23:00:12.887	プロセス監視情報を更新しました
DefaultSource	Information	0	2017/06/22 23:01:12.900	プロセス監視情報を更新しました
DefaultSource	Information	0	2017/06/22 23:02:12.914	プロセス監視情報を更新しました
DefaultSource	Information	0	2017/06/22 23:03:12.927	プロセス監視情報を更新しました
DefaultSource	Information	0	2017/06/22 23:04:12.940	プロセス監視情報を更新しました
DefaultSource	Information	0	2017/06/22 23:05:12.954	プロセス監視情報を更新しました
DefaultSource	Information	0	2017/06/22 23:06:12.967	プロセス監視情報を更新しました
DefaultSource	Information	0	2017/06/22 23:07:12.980	プロセス監視情報を更新しました
DefaultSource	Information	0	2017/06/22 23:08:12.993	プロセス監視情報を更新しました
DefaultSource	Information	0	2017/06/22 23:09:13.007	プロセス監視情報を更新しました
DefaultSource	Information	0	2017/06/22 23:10:13.020	プロセス監視情報を更新しました
DefaultSource	Information	0	2017/06/22 23:11:13.033	プロセス監視情報を更新しました
DefaultSource	Information	0	2017/06/22 23:12:13.047	プロセス監視情報を更新しました
DefaultSource	Information	0	2017/06/22 23:13:13.060	プロセス監視情報を更新しました
DefaultSource	Information	0	2017/06/22 23:14:13.073	プロセス監視情報を更新しました
DefaultSource	Information	0	2017/06/22 23:15:13.087	プロセス監視情報を更新しました
DefaultSource	Information	0	2017/06/22 23:16:13.100	プロセス監視情報を更新しました
DefaultSource	Information	0	2017/06/22 23:17:13.113	プロセス監視情報を更新しました
DefaultSource	Information	0	2017/06/22 23:18:13.127	プロセス監視情報を更新しました
DefaultSource	Information	0	2017/06/22 23:19:13.140	プロセス監視情報を更新しました
DefaultSource	Information	0	2017/06/22 23:20:13.153	プロセス監視情報を更新しました
DefaultSource	Information	0	2017/06/22 23:21:13.166	プロセス監視情報を更新しました
DefaultSource	Information	0	2017/06/22 23:22:13.180	プロセス監視情報を更新しました
DefaultSource	Information	0	2017/06/22 23:23:13.193	プロセス監視情報を更新しました
DefaultSource	Information	0	2017/06/22 23:24:13.206	プロセス監視情報を更新しました
DefaultSource	Information	0	2017/06/22 23:25:13.220	プロセス監視情報を更新しました
DefaultSource	Information	0	2017/06/22 23:26:13.249	プロセス監視情報を更新しました
DefaultSource	Information	0	2017/06/22 23:27:13.262	プロセス監視情報を更新しました
DefaultSource	Information	0	2017/06/22 23:28:13.275	プロセス監視情報を更新しました
DefaultSource	Information	0	2017/06/22 23:29:13.288	プロセス監視情報を更新しました
DefaultSource	Information	0	2017/06/22 23:30:13.302	プロセス監視情報を更新しました
DefaultSource	Information	0	2017/06/22 23:31:13.315	プロセス監視情報を更新しました
DefaultSource	Information	0	2017/06/22 23:32:13.328	プロセス監視情報を更新しました
DefaultSource	Information	0	2017/06/22 23:33:13.342	プロセス監視情報を更新しました
DefaultSource	Information	0	2017/06/22 23:34:13.355	プロセス監視情報を更新しました
DefaultSource	Information	0	2017/06/22 23:35:13.368	プロセス監視情報を更新しました
DefaultSource	Information	0	2017/06/22 23:36:13.382	プロセス監視情報を更新しました
DefaultSource	Information	0	2017/06/22 23:37:13.395	プロセス監視情報を更新しました
DefaultSource	Information	0	2017/06/22 23:38:13.408	プロセス監視情報を更新しました
DefaultSource	Information	0	2017/06/22 23:39:13.422	プロセス監視情報を更新しました
DefaultSource	Information	0	2017/06/22 23:40:13.435	プロセス監視情報を更新しました
DefaultSource	Information	0	2017/06/22 23:41:13.448	プロセス監視情報を更新しました
DefaultSource	Information	0	2017/06/22 23:42:13.461	プロセス監視情報を更新しました
DefaultSource	Information	0	2017/06/22 23:43:13.475	プロセス監視情報を更新しました
DefaultSource	Information	0	2017/06/22 23:44:13.488	プロセス監視情報を更新しました
DefaultSource	Information	0	2017/06/22 23:45:13.501	プロセス監視情報を更新しました
DefaultSource	Information	0	2017/06/22 23:46:13.515	プロセス監視情報を更新しました
DefaultSource	Information	0	2017/06/22 23:47:13.528	プロセス監視情報を更新しました
DefaultSource	Information	0	2017/06/22 23:48:13.541	プロセス監視情報を更新しました
DefaultSource	Information	0	2017/06/22 23:49:13.555	プロセス監視情報を更新しました
DefaultSource	Information	0	2017/06/22 23:50:13.568	プロセス監視情報を更新しました
DefaultSource	Information	0	2017/06/22 23:51:13.581	プロセス監視情報を更新しました
DefaultSource	Information	0	2017/06/22 23:52:13.594	プロセス監視情報を更新しました
DefaultSource	Information	0	2017/06/22 23:53:13.608	プロセス監視情報を更新しました
DefaultSource	Information	0	2017/06/22 23:54:13.621	プロセス監視情報を更新しました
DefaultSource	Information	0	2017/06/22 23:55:13.634	プロセス監視情報を更新しました
DefaultSource	Information	0	2017/06/22 23:56:13.648	プロセス監視情報を更新しました
DefaultSource	Information	0	2017/06/22 23:57:13.661	プロセス監視情報を更新しました
DefaultSource	Information	0	2017/06/22 23:58:13.674	プロセス監視情報を更新しました
DefaultSource	Information	0	2017/06/22 23:59:13.688	プロセス監視情報を更新しました
