DefaultSource	Warning	1	2017/06/20 14:42:32.285	1分データ転送プロセス起動
DefaultSource	Warning	1	2017/06/20 14:42:32.394	取得STRデータ0件　
DefaultSource	Warning	1	2017/06/20 14:42:32.425	取得PCSデータ0件　
DefaultSource	Warning	1	2017/06/20 14:42:32.472	取得CATデータ0件　
DefaultSource	Warning	1	2017/06/20 14:43:32.402	取得STRデータ0件　
DefaultSource	Warning	1	2017/06/20 14:43:32.449	取得PCSデータ0件　
DefaultSource	Warning	1	2017/06/20 14:43:32.511	取得CATデータ0件　
DefaultSource	Warning	1	2017/06/20 14:44:32.353	取得STRデータ0件　
DefaultSource	Warning	1	2017/06/20 14:44:32.368	取得PCSデータ0件　
DefaultSource	Warning	1	2017/06/20 14:44:32.368	取得CATデータ0件　
DefaultSource	Warning	1	2017/06/20 14:45:32.368	取得STRデータ0件　
DefaultSource	Warning	1	2017/06/20 14:45:32.383	取得PCSデータ0件　
DefaultSource	Warning	1	2017/06/20 14:45:32.399	取得CATデータ0件　
DefaultSource	Warning	1	2017/06/20 14:46:32.378	取得STRデータ0件　
DefaultSource	Warning	1	2017/06/20 14:46:32.394	取得PCSデータ0件　
DefaultSource	Warning	1	2017/06/20 14:46:32.394	取得CATデータ0件　
DefaultSource	Warning	1	2017/06/20 14:47:09.781	1分データ転送プロセス終了
DefaultSource	Warning	1	2017/06/20 14:52:32.523	1分データ転送プロセス起動
DefaultSource	Warning	1	2017/06/20 14:52:32.616	取得STRデータ0件　
DefaultSource	Warning	1	2017/06/20 14:52:32.632	取得PCSデータ0件　
DefaultSource	Warning	1	2017/06/20 14:52:32.647	取得CATデータ0件　
DefaultSource	Warning	1	2017/06/20 14:53:32.608	取得STRデータ0件　
DefaultSource	Warning	1	2017/06/20 14:53:32.608	取得PCSデータ0件　
DefaultSource	Warning	1	2017/06/20 14:53:32.608	取得CATデータ0件　
DefaultSource	Warning	1	2017/06/20 14:54:32.619	取得STRデータ0件　
DefaultSource	Warning	1	2017/06/20 14:54:32.619	取得PCSデータ0件　
DefaultSource	Warning	1	2017/06/20 14:54:32.619	取得CATデータ0件　
DefaultSource	Warning	1	2017/06/20 14:54:37.065	1分データ転送プロセス終了
DefaultSource	Warning	1	2017/06/20 14:57:27.350	1分データ転送プロセス起動
DefaultSource	Warning	1	2017/06/20 14:57:27.412	取得STRデータ0件　
DefaultSource	Warning	1	2017/06/20 14:57:27.443	取得PCSデータ0件　
DefaultSource	Warning	1	2017/06/20 14:57:27.443	取得CATデータ0件　
DefaultSource	Warning	1	2017/06/20 14:58:27.415	取得STRデータ0件　
DefaultSource	Warning	1	2017/06/20 14:58:27.415	取得PCSデータ0件　
DefaultSource	Warning	1	2017/06/20 14:58:27.415	取得CATデータ0件　
DefaultSource	Warning	1	2017/06/20 14:59:02.499	1分データ転送プロセス終了
DefaultSource	Warning	1	2017/06/20 15:01:08.938	1分データ転送プロセス起動
DefaultSource	Warning	1	2017/06/20 15:01:09.000	取得STRデータ0件　
DefaultSource	Warning	1	2017/06/20 15:01:09.016	取得PCSデータ0件　
DefaultSource	Warning	1	2017/06/20 15:01:09.031	取得CATデータ0件　
DefaultSource	Warning	1	2017/06/20 15:01:27.782	1分データ転送プロセス終了
DefaultSource	Warning	1	2017/06/20 15:02:47.966	1分データ転送プロセス起動
DefaultSource	Warning	1	2017/06/20 15:02:48.028	取得STRデータ0件　
DefaultSource	Warning	1	2017/06/20 15:02:48.044	取得PCSデータ0件　
DefaultSource	Warning	1	2017/06/20 15:02:48.059	取得CATデータ0件　
DefaultSource	Warning	1	2017/06/20 15:03:48.026	取得STRデータ0件　
DefaultSource	Warning	1	2017/06/20 15:03:48.026	取得PCSデータ0件　
DefaultSource	Warning	1	2017/06/20 15:03:48.041	取得CATデータ0件　
DefaultSource	Warning	1	2017/06/20 15:04:21.940	1分データ転送プロセス終了
DefaultSource	Warning	1	2017/06/20 15:05:18.506	1分データ転送プロセス起動
DefaultSource	Warning	1	2017/06/20 15:05:18.584	取得STRデータ0件　
DefaultSource	Warning	1	2017/06/20 15:05:18.600	取得PCSデータ0件　
DefaultSource	Warning	1	2017/06/20 15:05:18.615	取得CATデータ0件　
DefaultSource	Warning	1	2017/06/20 15:06:18.580	取得STRデータ0件　
DefaultSource	Warning	1	2017/06/20 15:06:18.580	取得PCSデータ0件　
DefaultSource	Warning	1	2017/06/20 15:06:18.596	取得CATデータ0件　
DefaultSource	Warning	1	2017/06/20 15:07:00.098	1分データ転送プロセス終了
DefaultSource	Warning	1	2017/06/20 15:12:17.295	1分データ転送プロセス起動
DefaultSource	Warning	1	2017/06/20 15:12:17.358	取得STRデータ0件　
DefaultSource	Warning	1	2017/06/20 15:12:17.373	取得PCSデータ0件　
DefaultSource	Warning	1	2017/06/20 15:12:17.389	取得CATデータ0件　
DefaultSource	Warning	1	2017/06/20 15:13:17.356	取得STRデータ0件　
DefaultSource	Warning	1	2017/06/20 15:13:17.371	取得PCSデータ0件　
DefaultSource	Warning	1	2017/06/20 15:13:17.387	取得CATデータ0件　
DefaultSource	Warning	1	2017/06/20 15:14:00.963	1分データ転送プロセス終了
DefaultSource	Warning	1	2017/06/20 15:17:14.735	1分データ転送プロセス起動
DefaultSource	Warning	1	2017/06/20 15:17:14.813	取得STRデータ0件　
DefaultSource	Warning	1	2017/06/20 15:17:14.829	取得PCSデータ0件　
DefaultSource	Warning	1	2017/06/20 15:17:14.844	取得CATデータ0件　
DefaultSource	Warning	1	2017/06/20 15:18:14.811	取得STRデータ0件　
DefaultSource	Warning	1	2017/06/20 15:18:14.811	取得PCSデータ0件　
DefaultSource	Warning	1	2017/06/20 15:18:14.827	取得CATデータ0件　
DefaultSource	Warning	1	2017/06/20 15:19:14.829	取得STRデータ0件　
DefaultSource	Warning	1	2017/06/20 15:19:14.829	取得PCSデータ0件　
DefaultSource	Warning	1	2017/06/20 15:19:14.844	取得CATデータ0件　
DefaultSource	Warning	1	2017/06/20 15:19:51.192	1分データ転送プロセス終了
DefaultSource	Warning	1	2017/06/20 15:25:11.941	1分データ転送プロセス起動
DefaultSource	Warning	1	2017/06/20 15:25:12.019	取得STRデータ0件　
DefaultSource	Warning	1	2017/06/20 15:25:12.034	取得PCSデータ0件　
DefaultSource	Warning	1	2017/06/20 15:25:12.050	取得CATデータ0件　
DefaultSource	Warning	1	2017/06/20 15:26:12.017	取得STRデータ0件　
DefaultSource	Warning	1	2017/06/20 15:26:12.017	取得PCSデータ0件　
DefaultSource	Warning	1	2017/06/20 15:26:12.032	取得CATデータ0件　
DefaultSource	Warning	1	2017/06/20 15:27:12.023	取得STRデータ0件　
DefaultSource	Warning	1	2017/06/20 15:27:12.023	取得PCSデータ0件　
DefaultSource	Warning	1	2017/06/20 15:27:12.038	取得CATデータ0件　
DefaultSource	Warning	1	2017/06/20 15:28:12.030	取得STRデータ0件　
DefaultSource	Warning	1	2017/06/20 15:28:12.030	取得PCSデータ0件　
DefaultSource	Warning	1	2017/06/20 15:28:12.046	取得CATデータ0件　
DefaultSource	Warning	1	2017/06/20 15:29:12.048	取得STRデータ0件　
DefaultSource	Warning	1	2017/06/20 15:29:12.048	取得PCSデータ0件　
DefaultSource	Warning	1	2017/06/20 15:29:12.064	取得CATデータ0件　
DefaultSource	Warning	1	2017/06/20 15:29:43.155	1分データ転送プロセス終了
DefaultSource	Warning	1	2017/06/20 15:32:03.321	1分データ転送プロセス起動
DefaultSource	Warning	1	2017/06/20 15:32:03.384	取得STRデータ0件　
DefaultSource	Warning	1	2017/06/20 15:32:03.399	取得PCSデータ0件　
DefaultSource	Warning	1	2017/06/20 15:32:03.415	取得CATデータ0件　
DefaultSource	Warning	1	2017/06/20 15:33:03.381	取得STRデータ0件　
DefaultSource	Warning	1	2017/06/20 15:33:03.381	取得PCSデータ0件　
DefaultSource	Warning	1	2017/06/20 15:33:03.397	取得CATデータ0件　
DefaultSource	Warning	1	2017/06/20 15:34:03.379	取得STRデータ0件　
DefaultSource	Warning	1	2017/06/20 15:34:03.379	取得PCSデータ0件　
DefaultSource	Warning	1	2017/06/20 15:34:03.395	取得CATデータ0件　
DefaultSource	Warning	1	2017/06/20 15:35:03.392	取得STRデータ0件　
DefaultSource	Warning	1	2017/06/20 15:35:03.392	取得PCSデータ0件　
DefaultSource	Warning	1	2017/06/20 15:35:03.408	取得CATデータ0件　
DefaultSource	Warning	1	2017/06/20 15:35:15.707	1分データ転送プロセス終了
DefaultSource	Warning	1	2017/06/20 15:38:21.373	1分データ転送プロセス起動
DefaultSource	Warning	1	2017/06/20 15:38:21.451	取得STRデータ0件　
DefaultSource	Warning	1	2017/06/20 15:38:21.467	取得PCSデータ0件　
DefaultSource	Warning	1	2017/06/20 15:38:21.483	取得CATデータ0件　
DefaultSource	Warning	1	2017/06/20 15:39:21.449	取得STRデータ0件　
DefaultSource	Warning	1	2017/06/20 15:39:21.449	取得PCSデータ0件　
DefaultSource	Warning	1	2017/06/20 15:39:21.465	取得CATデータ0件　
DefaultSource	Warning	1	2017/06/20 15:40:21.462	取得STRデータ0件　
DefaultSource	Warning	1	2017/06/20 15:40:21.462	取得PCSデータ0件　
DefaultSource	Warning	1	2017/06/20 15:40:21.478	取得CATデータ0件　
DefaultSource	Warning	1	2017/06/20 15:41:21.476	取得STRデータ0件　
DefaultSource	Warning	1	2017/06/20 15:41:21.476	取得PCSデータ0件　
DefaultSource	Warning	1	2017/06/20 15:41:21.491	取得CATデータ0件　
DefaultSource	Warning	1	2017/06/20 15:42:21.495	取得STRデータ0件　
DefaultSource	Warning	1	2017/06/20 15:42:21.495	取得PCSデータ0件　
DefaultSource	Warning	1	2017/06/20 15:42:21.511	取得CATデータ0件　
DefaultSource	Warning	1	2017/06/20 15:43:09.216	1分データ転送プロセス終了
DefaultSource	Warning	1	2017/06/20 15:46:32.466	1分データ転送プロセス起動
DefaultSource	Warning	1	2017/06/20 15:46:32.528	取得STRデータ0件　
DefaultSource	Warning	1	2017/06/20 15:46:32.544	取得PCSデータ0件　
DefaultSource	Warning	1	2017/06/20 15:46:32.559	取得CATデータ0件　
DefaultSource	Warning	1	2017/06/20 15:47:32.526	取得STRデータ0件　
DefaultSource	Warning	1	2017/06/20 15:47:32.526	取得PCSデータ0件　
DefaultSource	Warning	1	2017/06/20 15:47:32.541	取得CATデータ0件　
DefaultSource	Warning	1	2017/06/20 15:48:32.523	取得STRデータ0件　
DefaultSource	Warning	1	2017/06/20 15:48:32.523	取得PCSデータ0件　
DefaultSource	Warning	1	2017/06/20 15:48:32.539	取得CATデータ0件　
DefaultSource	Warning	1	2017/06/20 15:49:32.537	取得STRデータ0件　
DefaultSource	Warning	1	2017/06/20 15:49:32.537	取得PCSデータ0件　
DefaultSource	Warning	1	2017/06/20 15:49:32.552	取得CATデータ0件　
DefaultSource	Warning	1	2017/06/20 15:50:32.550	取得STRデータ0件　
DefaultSource	Warning	1	2017/06/20 15:50:32.550	取得PCSデータ0件　
DefaultSource	Warning	1	2017/06/20 15:50:32.566	取得CATデータ0件　
DefaultSource	Warning	1	2017/06/20 15:51:32.563	取得STRデータ0件　
DefaultSource	Warning	1	2017/06/20 15:51:32.563	取得PCSデータ0件　
DefaultSource	Warning	1	2017/06/20 15:51:32.579	取得CATデータ0件　
DefaultSource	Warning	1	2017/06/20 15:52:32.577	取得STRデータ0件　
DefaultSource	Warning	1	2017/06/20 15:52:32.577	取得PCSデータ0件　
DefaultSource	Warning	1	2017/06/20 15:52:32.592	取得CATデータ0件　
DefaultSource	Warning	1	2017/06/20 15:52:41.562	1分データ転送プロセス終了
