DefaultSource	Information	0	2017/06/22 10:35:30.475	MSSQLSERVER 実行検出
DefaultSource	Information	0	2017/06/22 10:35:30.616	【正常終了】データベース接続
DefaultSource	Information	0	2017/06/22 10:35:30.616	【正常終了】データベース接続
DefaultSource	Information	0	2017/06/22 10:35:30.631	プロセス監視情報を更新しました
DefaultSource	Warning	1	2017/06/22 10:35:30.694	CntlSchedule起動完了
DefaultSource	Information	0	2017/06/22 10:36:30.805	プロセス監視情報を更新しました
DefaultSource	Information	0	2017/06/22 10:36:30.836	処理開始:更新スケジュール取得
DefaultSource	Information	0	2017/06/22 10:36:30.836	送信内容：power_plant_id=12345678901234567890123455&mac_address=000FEC003D67&schedule_kbn=0000
DefaultSource	Critical	3	2017/06/22 10:36:30.992	リモート サーバーに接続できません。	   場所 System.Net.HttpWebRequest.GetRequestStream(TransportContext& context)
   場所 System.Net.HttpWebRequest.GetRequestStream()
   場所 PCSCntlSchedule.clsXmlBase.SendRequest(String sSendData, ResHeaderInf& objResHead, Byte[]& btResData)
DefaultSource	Error	2	2017/06/22 10:36:31.008	更新スケジュールのリクエスト送信に失敗しました。
DefaultSource	Information	0	2017/06/22 10:37:30.781	プロセス監視情報を更新しました
DefaultSource	Information	0	2017/06/22 10:38:30.805	プロセス監視情報を更新しました
DefaultSource	Information	0	2017/06/22 10:41:40.366	MSSQLSERVER 実行検出
DefaultSource	Information	0	2017/06/22 10:41:40.491	【正常終了】データベース接続
DefaultSource	Information	0	2017/06/22 10:41:40.506	【正常終了】データベース接続
DefaultSource	Information	0	2017/06/22 10:41:40.522	プロセス監視情報を更新しました
DefaultSource	Warning	1	2017/06/22 10:41:40.600	CntlSchedule起動完了
DefaultSource	Information	0	2017/06/22 10:42:40.707	プロセス監視情報を更新しました
DefaultSource	Information	0	2017/06/22 10:42:40.722	処理開始:更新スケジュール取得
DefaultSource	Information	0	2017/06/22 10:42:40.738	送信内容：power_plant_id=12345678901234567890123455&mac_address=000FEC003D67&schedule_kbn=0000
DefaultSource	Critical	3	2017/06/22 10:42:40.863	リモート サーバーに接続できません。	   場所 System.Net.HttpWebRequest.GetRequestStream(TransportContext& context)
   場所 System.Net.HttpWebRequest.GetRequestStream()
   場所 PCSCntlSchedule.clsXmlBase.SendRequest(String sSendData, ResHeaderInf& objResHead, Byte[]& btResData)
DefaultSource	Error	2	2017/06/22 10:42:40.894	更新スケジュールのリクエスト送信に失敗しました。
DefaultSource	Information	0	2017/06/22 10:53:42.748	MSSQLSERVER 実行検出
DefaultSource	Information	0	2017/06/22 10:53:42.888	【正常終了】データベース接続
DefaultSource	Information	0	2017/06/22 10:53:42.888	【正常終了】データベース接続
DefaultSource	Information	0	2017/06/22 10:53:42.904	プロセス監視情報を更新しました
DefaultSource	Warning	1	2017/06/22 10:53:42.966	CntlSchedule起動完了
DefaultSource	Information	0	2017/06/22 10:54:43.073	プロセス監視情報を更新しました
DefaultSource	Information	0	2017/06/22 10:54:43.104	処理開始:更新スケジュール取得
DefaultSource	Information	0	2017/06/22 10:54:43.104	送信内容：power_plant_id=12345678901234567890123455&mac_address=000FEC003D67&schedule_kbn=0000
DefaultSource	Critical	3	2017/06/22 10:54:43.229	リモート サーバーに接続できません。	   場所 System.Net.HttpWebRequest.GetRequestStream(TransportContext& context)
   場所 System.Net.HttpWebRequest.GetRequestStream()
   場所 PCSCntlSchedule.clsXmlBase.SendRequest(String sSendData, ResHeaderInf& objResHead, Byte[]& btResData)
DefaultSource	Error	2	2017/06/22 10:54:43.260	更新スケジュールのリクエスト送信に失敗しました。
DefaultSource	Information	0	2017/06/22 10:55:43.053	プロセス監視情報を更新しました
DefaultSource	Information	0	2017/06/22 10:56:43.067	プロセス監視情報を更新しました
DefaultSource	Information	0	2017/06/22 10:57:43.101	プロセス監視情報を更新しました
DefaultSource	Information	0	2017/06/22 10:58:43.092	プロセス監視情報を更新しました
DefaultSource	Information	0	2017/06/22 10:59:43.121	プロセス監視情報を更新しました
DefaultSource	Information	0	2017/06/22 11:00:43.119	プロセス監視情報を更新しました
DefaultSource	Information	0	2017/06/22 11:01:43.139	プロセス監視情報を更新しました
DefaultSource	Information	0	2017/06/22 11:02:43.152	プロセス監視情報を更新しました
DefaultSource	Information	0	2017/06/22 11:03:43.165	プロセス監視情報を更新しました
DefaultSource	Information	0	2017/06/22 11:04:43.179	プロセス監視情報を更新しました
DefaultSource	Information	0	2017/06/22 11:05:43.192	プロセス監視情報を更新しました
DefaultSource	Information	0	2017/06/22 11:06:43.205	プロセス監視情報を更新しました
DefaultSource	Information	0	2017/06/22 11:07:43.219	プロセス監視情報を更新しました
DefaultSource	Information	0	2017/06/22 11:08:43.232	プロセス監視情報を更新しました
DefaultSource	Information	0	2017/06/22 11:09:43.245	プロセス監視情報を更新しました
DefaultSource	Information	0	2017/06/22 11:10:43.259	プロセス監視情報を更新しました
DefaultSource	Information	0	2017/06/22 11:11:43.272	プロセス監視情報を更新しました
DefaultSource	Information	0	2017/06/22 11:12:43.285	プロセス監視情報を更新しました
DefaultSource	Information	0	2017/06/22 11:13:43.299	プロセス監視情報を更新しました
DefaultSource	Information	0	2017/06/22 11:14:43.312	プロセス監視情報を更新しました
DefaultSource	Information	0	2017/06/22 11:15:43.325	プロセス監視情報を更新しました
DefaultSource	Information	0	2017/06/22 11:16:43.338	プロセス監視情報を更新しました
DefaultSource	Information	0	2017/06/22 11:17:43.352	プロセス監視情報を更新しました
DefaultSource	Information	0	2017/06/22 11:18:43.365	プロセス監視情報を更新しました
DefaultSource	Information	0	2017/06/22 11:19:43.378	プロセス監視情報を更新しました
DefaultSource	Information	0	2017/06/22 11:20:43.392	プロセス監視情報を更新しました
DefaultSource	Information	0	2017/06/22 11:21:43.405	プロセス監視情報を更新しました
DefaultSource	Information	0	2017/06/22 11:22:43.418	プロセス監視情報を更新しました
DefaultSource	Information	0	2017/06/22 11:23:43.432	処理開始:更新スケジュール取得
DefaultSource	Information	0	2017/06/22 11:23:43.432	送信内容：power_plant_id=12345678901234567890123455&mac_address=000FEC003D67&schedule_kbn=0000
DefaultSource	Information	0	2017/06/22 11:23:43.432	プロセス監視情報を更新しました
DefaultSource	Critical	3	2017/06/22 11:23:43.463	リモート サーバーに接続できません。	   場所 System.Net.HttpWebRequest.GetRequestStream(TransportContext& context)
   場所 System.Net.HttpWebRequest.GetRequestStream()
   場所 PCSCntlSchedule.clsXmlBase.SendRequest(String sSendData, ResHeaderInf& objResHead, Byte[]& btResData)
DefaultSource	Error	2	2017/06/22 11:23:43.463	更新スケジュールのリクエスト送信に失敗しました。
DefaultSource	Information	0	2017/06/22 11:24:43.445	プロセス監視情報を更新しました
DefaultSource	Information	0	2017/06/22 11:25:43.458	プロセス監視情報を更新しました
DefaultSource	Information	0	2017/06/22 11:26:43.472	プロセス監視情報を更新しました
DefaultSource	Information	0	2017/06/22 11:27:43.485	プロセス監視情報を更新しました
DefaultSource	Information	0	2017/06/22 11:28:43.498	プロセス監視情報を更新しました
DefaultSource	Information	0	2017/06/22 11:29:43.511	プロセス監視情報を更新しました
DefaultSource	Information	0	2017/06/22 11:30:43.534	プロセス監視情報を更新しました
DefaultSource	Information	0	2017/06/22 11:31:43.548	プロセス監視情報を更新しました
DefaultSource	Information	0	2017/06/22 11:32:43.561	プロセス監視情報を更新しました
DefaultSource	Information	0	2017/06/22 11:34:52.272	MSSQLSERVER 実行検出
DefaultSource	Information	0	2017/06/22 11:34:52.382	【正常終了】データベース接続
DefaultSource	Information	0	2017/06/22 11:34:52.382	【正常終了】データベース接続
DefaultSource	Information	0	2017/06/22 11:34:52.382	プロセス監視情報を更新しました
DefaultSource	Warning	1	2017/06/22 11:34:52.444	CntlSchedule起動完了
DefaultSource	Information	0	2017/06/22 11:35:52.520	プロセス監視情報を更新しました
DefaultSource	Information	0	2017/06/22 11:35:52.535	処理開始:更新スケジュール取得
DefaultSource	Information	0	2017/06/22 11:35:52.535	送信内容：power_plant_id=12345678901234567890123455&mac_address=000FEC003D67&schedule_kbn=0000
DefaultSource	Critical	3	2017/06/22 11:35:52.644	リモート サーバーに接続できません。	   場所 System.Net.HttpWebRequest.GetRequestStream(TransportContext& context)
   場所 System.Net.HttpWebRequest.GetRequestStream()
   場所 PCSCntlSchedule.clsXmlBase.SendRequest(String sSendData, ResHeaderInf& objResHead, Byte[]& btResData)
DefaultSource	Error	2	2017/06/22 11:35:52.660	更新スケジュールのリクエスト送信に失敗しました。
DefaultSource	Information	0	2017/06/22 11:41:13.397	MSSQLSERVER 実行検出
DefaultSource	Information	0	2017/06/22 11:41:13.490	【正常終了】データベース接続
DefaultSource	Information	0	2017/06/22 11:41:13.506	【正常終了】データベース接続
DefaultSource	Information	0	2017/06/22 11:41:13.506	プロセス監視情報を更新しました
DefaultSource	Warning	1	2017/06/22 11:41:13.553	CntlSchedule起動完了
DefaultSource	Information	0	2017/06/22 11:42:13.628	プロセス監視情報を更新しました
DefaultSource	Information	0	2017/06/22 11:42:13.644	処理開始:更新スケジュール取得
DefaultSource	Information	0	2017/06/22 11:42:13.660	送信内容：power_plant_id=12345678901234567890123455&mac_address=000FEC003D67&schedule_kbn=0000
DefaultSource	Critical	3	2017/06/22 11:42:13.753	リモート サーバーに接続できません。	   場所 System.Net.HttpWebRequest.GetRequestStream(TransportContext& context)
   場所 System.Net.HttpWebRequest.GetRequestStream()
   場所 PCSCntlSchedule.clsXmlBase.SendRequest(String sSendData, ResHeaderInf& objResHead, Byte[]& btResData)
DefaultSource	Error	2	2017/06/22 11:42:13.769	更新スケジュールのリクエスト送信に失敗しました。
DefaultSource	Information	0	2017/06/22 11:43:13.636	プロセス監視情報を更新しました
DefaultSource	Information	0	2017/06/22 11:44:13.639	プロセス監視情報を更新しました
DefaultSource	Information	0	2017/06/22 13:07:42.324	MSSQLSERVER 実行検出
DefaultSource	Information	0	2017/06/22 13:07:42.418	【正常終了】データベース接続
DefaultSource	Information	0	2017/06/22 13:07:42.433	【正常終了】データベース接続
DefaultSource	Information	0	2017/06/22 13:07:42.433	プロセス監視情報を更新しました
DefaultSource	Warning	1	2017/06/22 13:07:42.496	CntlSchedule起動完了
DefaultSource	Information	0	2017/06/22 13:08:42.571	プロセス監視情報を更新しました
DefaultSource	Information	0	2017/06/22 13:08:42.587	処理開始:更新スケジュール取得
DefaultSource	Information	0	2017/06/22 13:08:42.587	送信内容：power_plant_id=12345678901234567890123455&mac_address=000FEC003D67&schedule_kbn=0000
DefaultSource	Critical	3	2017/06/22 13:08:42.696	リモート サーバーに接続できません。	   場所 System.Net.HttpWebRequest.GetRequestStream(TransportContext& context)
   場所 System.Net.HttpWebRequest.GetRequestStream()
   場所 PCSCntlSchedule.clsXmlBase.SendRequest(String sSendData, ResHeaderInf& objResHead, Byte[]& btResData)
DefaultSource	Error	2	2017/06/22 13:08:42.712	更新スケジュールのリクエスト送信に失敗しました。
DefaultSource	Information	0	2017/06/22 13:09:42.571	プロセス監視情報を更新しました
DefaultSource	Information	0	2017/06/22 13:10:42.575	プロセス監視情報を更新しました
DefaultSource	Information	0	2017/06/22 13:11:42.592	プロセス監視情報を更新しました
DefaultSource	Information	0	2017/06/22 13:12:42.605	プロセス監視情報を更新しました
DefaultSource	Information	0	2017/06/22 13:13:42.618	プロセス監視情報を更新しました
DefaultSource	Information	0	2017/06/22 13:14:42.632	プロセス監視情報を更新しました
DefaultSource	Information	0	2017/06/22 13:15:42.645	プロセス監視情報を更新しました
DefaultSource	Information	0	2017/06/22 13:16:42.658	プロセス監視情報を更新しました
DefaultSource	Information	0	2017/06/22 13:17:42.672	プロセス監視情報を更新しました
DefaultSource	Information	0	2017/06/22 13:18:42.685	プロセス監視情報を更新しました
DefaultSource	Information	0	2017/06/22 13:19:42.698	プロセス監視情報を更新しました
DefaultSource	Information	0	2017/06/22 13:20:42.712	プロセス監視情報を更新しました
DefaultSource	Information	0	2017/06/22 13:21:42.725	プロセス監視情報を更新しました
DefaultSource	Information	0	2017/06/22 13:22:42.742	プロセス監視情報を更新しました
DefaultSource	Information	0	2017/06/22 13:23:42.755	プロセス監視情報を更新しました
DefaultSource	Information	0	2017/06/22 13:24:42.769	プロセス監視情報を更新しました
DefaultSource	Information	0	2017/06/22 13:25:42.782	プロセス監視情報を更新しました
DefaultSource	Information	0	2017/06/22 13:28:38.184	MSSQLSERVER 実行検出
DefaultSource	Information	0	2017/06/22 13:28:38.277	【正常終了】データベース接続
DefaultSource	Information	0	2017/06/22 13:28:38.293	【正常終了】データベース接続
DefaultSource	Information	0	2017/06/22 13:28:38.293	プロセス監視情報を更新しました
DefaultSource	Warning	1	2017/06/22 13:28:38.340	CntlSchedule起動完了
DefaultSource	Information	0	2017/06/22 13:29:38.426	プロセス監視情報を更新しました
DefaultSource	Information	0	2017/06/22 13:29:38.457	処理開始:更新スケジュール取得
DefaultSource	Information	0	2017/06/22 13:29:38.457	送信内容：power_plant_id=12345678901234567890123455&mac_address=000FEC003D67&schedule_kbn=0000
DefaultSource	Critical	3	2017/06/22 13:29:38.566	リモート サーバーに接続できません。	   場所 System.Net.HttpWebRequest.GetRequestStream(TransportContext& context)
   場所 System.Net.HttpWebRequest.GetRequestStream()
   場所 PCSCntlSchedule.clsXmlBase.SendRequest(String sSendData, ResHeaderInf& objResHead, Byte[]& btResData)
DefaultSource	Error	2	2017/06/22 13:29:38.582	更新スケジュールのリクエスト送信に失敗しました。
DefaultSource	Information	0	2017/06/22 13:30:38.412	プロセス監視情報を更新しました
DefaultSource	Information	0	2017/06/22 13:31:38.426	プロセス監視情報を更新しました
DefaultSource	Information	0	2017/06/22 13:32:38.440	プロセス監視情報を更新しました
DefaultSource	Information	0	2017/06/22 13:33:38.464	プロセス監視情報を更新しました
DefaultSource	Information	0	2017/06/22 13:34:38.476	プロセス監視情報を更新しました
DefaultSource	Information	0	2017/06/22 13:35:38.490	プロセス監視情報を更新しました
DefaultSource	Information	0	2017/06/22 13:36:38.503	プロセス監視情報を更新しました
DefaultSource	Information	0	2017/06/22 13:37:38.516	プロセス監視情報を更新しました
DefaultSource	Information	0	2017/06/22 13:38:38.529	プロセス監視情報を更新しました
DefaultSource	Information	0	2017/06/22 13:39:38.543	プロセス監視情報を更新しました
DefaultSource	Information	0	2017/06/22 13:40:38.556	プロセス監視情報を更新しました
DefaultSource	Information	0	2017/06/22 13:41:38.569	プロセス監視情報を更新しました
DefaultSource	Information	0	2017/06/22 13:42:38.583	プロセス監視情報を更新しました
DefaultSource	Information	0	2017/06/22 13:43:38.596	プロセス監視情報を更新しました
DefaultSource	Information	0	2017/06/22 13:44:38.609	プロセス監視情報を更新しました
DefaultSource	Information	0	2017/06/22 13:45:38.623	プロセス監視情報を更新しました
DefaultSource	Information	0	2017/06/22 13:46:38.636	プロセス監視情報を更新しました
DefaultSource	Information	0	2017/06/22 13:47:38.649	プロセス監視情報を更新しました
DefaultSource	Information	0	2017/06/22 13:48:38.662	プロセス監視情報を更新しました
DefaultSource	Information	0	2017/06/22 13:49:38.676	プロセス監視情報を更新しました
DefaultSource	Information	0	2017/06/22 13:50:38.689	プロセス監視情報を更新しました
DefaultSource	Information	0	2017/06/22 13:51:38.702	プロセス監視情報を更新しました
DefaultSource	Information	0	2017/06/22 13:52:38.716	プロセス監視情報を更新しました
DefaultSource	Information	0	2017/06/22 13:53:38.729	プロセス監視情報を更新しました
DefaultSource	Information	0	2017/06/22 13:54:38.750	プロセス監視情報を更新しました
DefaultSource	Information	0	2017/06/22 13:55:38.763	プロセス監視情報を更新しました
DefaultSource	Information	0	2017/06/22 13:56:38.777	プロセス監視情報を更新しました
DefaultSource	Information	0	2017/06/22 13:57:38.790	プロセス監視情報を更新しました
DefaultSource	Information	0	2017/06/22 13:58:38.803	処理開始:更新スケジュール取得
DefaultSource	Information	0	2017/06/22 13:58:38.803	送信内容：power_plant_id=12345678901234567890123455&mac_address=000FEC003D67&schedule_kbn=0000
DefaultSource	Information	0	2017/06/22 13:58:38.803	プロセス監視情報を更新しました
DefaultSource	Critical	3	2017/06/22 13:58:41.455	リモート サーバーに接続できません。	   場所 System.Net.HttpWebRequest.GetRequestStream(TransportContext& context)
   場所 System.Net.HttpWebRequest.GetRequestStream()
   場所 PCSCntlSchedule.clsXmlBase.SendRequest(String sSendData, ResHeaderInf& objResHead, Byte[]& btResData)
DefaultSource	Error	2	2017/06/22 13:58:41.455	更新スケジュールのリクエスト送信に失敗しました。
DefaultSource	Information	0	2017/06/22 13:59:38.816	プロセス監視情報を更新しました
DefaultSource	Information	0	2017/06/22 14:00:38.830	プロセス監視情報を更新しました
DefaultSource	Information	0	2017/06/22 14:01:38.843	プロセス監視情報を更新しました
DefaultSource	Information	0	2017/06/22 14:02:38.856	プロセス監視情報を更新しました
DefaultSource	Information	0	2017/06/22 14:03:38.870	プロセス監視情報を更新しました
DefaultSource	Information	0	2017/06/22 14:04:38.883	プロセス監視情報を更新しました
DefaultSource	Information	0	2017/06/22 14:05:38.896	プロセス監視情報を更新しました
DefaultSource	Information	0	2017/06/22 14:06:38.910	プロセス監視情報を更新しました
DefaultSource	Information	0	2017/06/22 14:07:38.923	プロセス監視情報を更新しました
DefaultSource	Information	0	2017/06/22 14:08:38.936	プロセス監視情報を更新しました
DefaultSource	Information	0	2017/06/22 14:09:38.949	プロセス監視情報を更新しました
DefaultSource	Information	0	2017/06/22 14:10:38.963	プロセス監視情報を更新しました
DefaultSource	Information	0	2017/06/22 14:11:38.976	プロセス監視情報を更新しました
DefaultSource	Information	0	2017/06/22 14:12:38.989	プロセス監視情報を更新しました
DefaultSource	Information	0	2017/06/22 14:13:39.003	プロセス監視情報を更新しました
DefaultSource	Information	0	2017/06/22 14:14:39.016	プロセス監視情報を更新しました
DefaultSource	Information	0	2017/06/22 14:15:39.029	プロセス監視情報を更新しました
DefaultSource	Information	0	2017/06/22 14:16:39.043	プロセス監視情報を更新しました
DefaultSource	Information	0	2017/06/22 14:17:39.056	プロセス監視情報を更新しました
DefaultSource	Information	0	2017/06/22 14:18:39.069	プロセス監視情報を更新しました
DefaultSource	Information	0	2017/06/22 14:19:39.083	プロセス監視情報を更新しました
DefaultSource	Information	0	2017/06/22 14:20:39.096	プロセス監視情報を更新しました
DefaultSource	Information	0	2017/06/22 14:21:39.109	プロセス監視情報を更新しました
DefaultSource	Information	0	2017/06/22 14:22:39.122	プロセス監視情報を更新しました
DefaultSource	Information	0	2017/06/22 14:23:39.136	プロセス監視情報を更新しました
DefaultSource	Information	0	2017/06/22 14:24:39.149	プロセス監視情報を更新しました
DefaultSource	Information	0	2017/06/22 14:25:39.162	プロセス監視情報を更新しました
DefaultSource	Information	0	2017/06/22 14:26:39.176	プロセス監視情報を更新しました
DefaultSource	Information	0	2017/06/22 14:27:39.189	プロセス監視情報を更新しました
DefaultSource	Information	0	2017/06/22 14:28:39.202	処理開始:更新スケジュール取得
DefaultSource	Information	0	2017/06/22 14:28:39.202	送信内容：power_plant_id=12345678901234567890123455&mac_address=000FEC003D67&schedule_kbn=0000
DefaultSource	Information	0	2017/06/22 14:28:39.202	プロセス監視情報を更新しました
DefaultSource	Critical	3	2017/06/22 14:28:39.233	リモート サーバーに接続できません。	   場所 System.Net.HttpWebRequest.GetRequestStream(TransportContext& context)
   場所 System.Net.HttpWebRequest.GetRequestStream()
   場所 PCSCntlSchedule.clsXmlBase.SendRequest(String sSendData, ResHeaderInf& objResHead, Byte[]& btResData)
DefaultSource	Error	2	2017/06/22 14:28:39.233	更新スケジュールのリクエスト送信に失敗しました。
DefaultSource	Information	0	2017/06/22 14:29:39.216	プロセス監視情報を更新しました
DefaultSource	Information	0	2017/06/22 14:30:39.229	プロセス監視情報を更新しました
DefaultSource	Information	0	2017/06/22 14:31:39.242	プロセス監視情報を更新しました
DefaultSource	Information	0	2017/06/22 14:32:39.262	プロセス監視情報を更新しました
DefaultSource	Information	0	2017/06/22 14:33:39.276	プロセス監視情報を更新しました
DefaultSource	Information	0	2017/06/22 14:34:39.289	プロセス監視情報を更新しました
DefaultSource	Information	0	2017/06/22 14:35:39.302	プロセス監視情報を更新しました
DefaultSource	Information	0	2017/06/22 14:36:39.316	プロセス監視情報を更新しました
DefaultSource	Information	0	2017/06/22 14:37:39.329	プロセス監視情報を更新しました
DefaultSource	Information	0	2017/06/22 14:38:39.342	プロセス監視情報を更新しました
DefaultSource	Information	0	2017/06/22 14:39:39.355	プロセス監視情報を更新しました
DefaultSource	Information	0	2017/06/22 14:40:39.369	プロセス監視情報を更新しました
DefaultSource	Information	0	2017/06/22 14:41:39.382	プロセス監視情報を更新しました
DefaultSource	Information	0	2017/06/22 14:42:39.395	プロセス監視情報を更新しました
DefaultSource	Information	0	2017/06/22 14:43:39.409	プロセス監視情報を更新しました
DefaultSource	Information	0	2017/06/22 14:44:39.422	プロセス監視情報を更新しました
DefaultSource	Information	0	2017/06/22 14:45:39.435	プロセス監視情報を更新しました
DefaultSource	Information	0	2017/06/22 14:46:39.449	プロセス監視情報を更新しました
DefaultSource	Information	0	2017/06/22 14:47:39.462	プロセス監視情報を更新しました
DefaultSource	Information	0	2017/06/22 14:48:39.475	プロセス監視情報を更新しました
DefaultSource	Information	0	2017/06/22 14:49:39.489	プロセス監視情報を更新しました
DefaultSource	Information	0	2017/06/22 14:50:39.502	プロセス監視情報を更新しました
DefaultSource	Information	0	2017/06/22 14:51:39.515	プロセス監視情報を更新しました
DefaultSource	Information	0	2017/06/22 14:52:39.528	プロセス監視情報を更新しました
DefaultSource	Information	0	2017/06/22 14:53:39.542	プロセス監視情報を更新しました
DefaultSource	Information	0	2017/06/22 14:54:39.555	プロセス監視情報を更新しました
DefaultSource	Information	0	2017/06/22 14:55:39.568	プロセス監視情報を更新しました
DefaultSource	Information	0	2017/06/22 14:56:39.582	プロセス監視情報を更新しました
DefaultSource	Information	0	2017/06/22 14:57:39.595	プロセス監視情報を更新しました
DefaultSource	Information	0	2017/06/22 14:58:39.608	処理開始:更新スケジュール取得
DefaultSource	Information	0	2017/06/22 14:58:39.608	送信内容：power_plant_id=12345678901234567890123455&mac_address=000FEC003D67&schedule_kbn=0000
DefaultSource	Information	0	2017/06/22 14:58:39.608	プロセス監視情報を更新しました
DefaultSource	Critical	3	2017/06/22 14:58:39.624	リモート サーバーに接続できません。	   場所 System.Net.HttpWebRequest.GetRequestStream(TransportContext& context)
   場所 System.Net.HttpWebRequest.GetRequestStream()
   場所 PCSCntlSchedule.clsXmlBase.SendRequest(String sSendData, ResHeaderInf& objResHead, Byte[]& btResData)
DefaultSource	Error	2	2017/06/22 14:58:39.639	更新スケジュールのリクエスト送信に失敗しました。
DefaultSource	Information	0	2017/06/22 14:59:39.622	プロセス監視情報を更新しました
DefaultSource	Information	0	2017/06/22 15:00:39.635	プロセス監視情報を更新しました
DefaultSource	Information	0	2017/06/22 15:01:39.648	プロセス監視情報を更新しました
DefaultSource	Information	0	2017/06/22 15:02:39.661	プロセス監視情報を更新しました
DefaultSource	Information	0	2017/06/22 15:03:39.690	プロセス監視情報を更新しました
DefaultSource	Information	0	2017/06/22 15:04:39.704	プロセス監視情報を更新しました
DefaultSource	Information	0	2017/06/22 15:05:39.717	プロセス監視情報を更新しました
DefaultSource	Information	0	2017/06/22 15:06:39.730	プロセス監視情報を更新しました
DefaultSource	Information	0	2017/06/22 15:07:39.744	プロセス監視情報を更新しました
DefaultSource	Information	0	2017/06/22 15:08:39.757	プロセス監視情報を更新しました
DefaultSource	Information	0	2017/06/22 15:09:39.770	プロセス監視情報を更新しました
DefaultSource	Information	0	2017/06/22 15:10:39.784	プロセス監視情報を更新しました
DefaultSource	Information	0	2017/06/22 15:11:39.797	プロセス監視情報を更新しました
DefaultSource	Information	0	2017/06/22 15:12:39.810	プロセス監視情報を更新しました
DefaultSource	Information	0	2017/06/22 15:13:39.823	プロセス監視情報を更新しました
DefaultSource	Information	0	2017/06/22 15:14:39.837	プロセス監視情報を更新しました
DefaultSource	Information	0	2017/06/22 15:15:39.850	プロセス監視情報を更新しました
DefaultSource	Information	0	2017/06/22 15:16:39.863	プロセス監視情報を更新しました
DefaultSource	Information	0	2017/06/22 15:17:39.877	プロセス監視情報を更新しました
DefaultSource	Information	0	2017/06/22 15:18:39.890	プロセス監視情報を更新しました
DefaultSource	Information	0	2017/06/22 15:19:39.903	プロセス監視情報を更新しました
DefaultSource	Information	0	2017/06/22 15:20:39.917	プロセス監視情報を更新しました
DefaultSource	Information	0	2017/06/22 15:21:39.930	プロセス監視情報を更新しました
DefaultSource	Information	0	2017/06/22 15:22:39.943	プロセス監視情報を更新しました
DefaultSource	Information	0	2017/06/22 15:23:39.956	プロセス監視情報を更新しました
DefaultSource	Information	0	2017/06/22 15:24:39.970	プロセス監視情報を更新しました
DefaultSource	Information	0	2017/06/22 15:25:39.983	プロセス監視情報を更新しました
DefaultSource	Information	0	2017/06/22 15:26:39.996	プロセス監視情報を更新しました
DefaultSource	Information	0	2017/06/22 15:27:40.010	プロセス監視情報を更新しました
DefaultSource	Information	0	2017/06/22 15:28:40.023	処理開始:更新スケジュール取得
DefaultSource	Information	0	2017/06/22 15:28:40.023	送信内容：power_plant_id=12345678901234567890123455&mac_address=000FEC003D67&schedule_kbn=0000
DefaultSource	Information	0	2017/06/22 15:28:40.023	プロセス監視情報を更新しました
DefaultSource	Critical	3	2017/06/22 15:28:40.054	リモート サーバーに接続できません。	   場所 System.Net.HttpWebRequest.GetRequestStream(TransportContext& context)
   場所 System.Net.HttpWebRequest.GetRequestStream()
   場所 PCSCntlSchedule.clsXmlBase.SendRequest(String sSendData, ResHeaderInf& objResHead, Byte[]& btResData)
DefaultSource	Error	2	2017/06/22 15:28:40.054	更新スケジュールのリクエスト送信に失敗しました。
DefaultSource	Information	0	2017/06/22 15:29:40.036	プロセス監視情報を更新しました
DefaultSource	Information	0	2017/06/22 15:30:40.050	プロセス監視情報を更新しました
DefaultSource	Information	0	2017/06/22 15:31:40.063	プロセス監視情報を更新しました
DefaultSource	Information	0	2017/06/22 15:32:40.076	プロセス監視情報を更新しました
DefaultSource	Information	0	2017/06/22 15:33:40.090	プロセス監視情報を更新しました
DefaultSource	Information	0	2017/06/22 15:34:40.103	プロセス監視情報を更新しました
DefaultSource	Information	0	2017/06/22 15:35:40.116	プロセス監視情報を更新しました
DefaultSource	Information	0	2017/06/22 15:36:40.129	プロセス監視情報を更新しました
DefaultSource	Information	0	2017/06/22 15:37:40.143	プロセス監視情報を更新しました
DefaultSource	Information	0	2017/06/22 15:38:40.156	プロセス監視情報を更新しました
DefaultSource	Information	0	2017/06/22 15:39:40.169	プロセス監視情報を更新しました
DefaultSource	Information	0	2017/06/22 15:40:40.183	プロセス監視情報を更新しました
DefaultSource	Information	0	2017/06/22 15:41:40.196	プロセス監視情報を更新しました
DefaultSource	Information	0	2017/06/22 15:42:40.209	プロセス監視情報を更新しました
DefaultSource	Information	0	2017/06/22 15:43:40.223	プロセス監視情報を更新しました
DefaultSource	Information	0	2017/06/22 15:44:40.236	プロセス監視情報を更新しました
DefaultSource	Information	0	2017/06/22 15:45:40.249	プロセス監視情報を更新しました
DefaultSource	Information	0	2017/06/22 15:46:40.263	プロセス監視情報を更新しました
DefaultSource	Information	0	2017/06/22 15:47:40.276	プロセス監視情報を更新しました
DefaultSource	Information	0	2017/06/22 15:48:40.305	プロセス監視情報を更新しました
DefaultSource	Information	0	2017/06/22 15:49:40.302	プロセス監視情報を更新しました
DefaultSource	Information	0	2017/06/22 15:50:40.316	プロセス監視情報を更新しました
DefaultSource	Information	0	2017/06/22 15:51:40.329	プロセス監視情報を更新しました
DefaultSource	Information	0	2017/06/22 15:52:40.342	プロセス監視情報を更新しました
DefaultSource	Information	0	2017/06/22 15:53:40.356	プロセス監視情報を更新しました
DefaultSource	Information	0	2017/06/22 15:54:40.369	プロセス監視情報を更新しました
DefaultSource	Information	0	2017/06/22 15:55:40.382	プロセス監視情報を更新しました
DefaultSource	Information	0	2017/06/22 15:56:40.396	プロセス監視情報を更新しました
DefaultSource	Information	0	2017/06/22 15:57:40.409	プロセス監視情報を更新しました
DefaultSource	Information	0	2017/06/22 15:58:40.438	処理開始:更新スケジュール取得
DefaultSource	Information	0	2017/06/22 15:58:40.438	送信内容：power_plant_id=12345678901234567890123455&mac_address=000FEC003D67&schedule_kbn=0000
DefaultSource	Information	0	2017/06/22 15:58:40.438	プロセス監視情報を更新しました
DefaultSource	Critical	3	2017/06/22 15:58:40.469	リモート サーバーに接続できません。	   場所 System.Net.HttpWebRequest.GetRequestStream(TransportContext& context)
   場所 System.Net.HttpWebRequest.GetRequestStream()
   場所 PCSCntlSchedule.clsXmlBase.SendRequest(String sSendData, ResHeaderInf& objResHead, Byte[]& btResData)
DefaultSource	Error	2	2017/06/22 15:58:40.469	更新スケジュールのリクエスト送信に失敗しました。
DefaultSource	Information	0	2017/06/22 15:59:40.451	プロセス監視情報を更新しました
DefaultSource	Information	0	2017/06/22 16:00:40.464	プロセス監視情報を更新しました
DefaultSource	Information	0	2017/06/22 16:01:40.478	プロセス監視情報を更新しました
DefaultSource	Information	0	2017/06/22 16:02:40.491	プロセス監視情報を更新しました
DefaultSource	Information	0	2017/06/22 16:03:40.504	プロセス監視情報を更新しました
DefaultSource	Information	0	2017/06/22 16:04:40.518	プロセス監視情報を更新しました
DefaultSource	Information	0	2017/06/22 16:05:40.531	プロセス監視情報を更新しました
DefaultSource	Information	0	2017/06/22 16:06:40.544	プロセス監視情報を更新しました
DefaultSource	Information	0	2017/06/22 16:07:40.558	プロセス監視情報を更新しました
DefaultSource	Information	0	2017/06/22 16:08:40.571	プロセス監視情報を更新しました
DefaultSource	Information	0	2017/06/22 16:09:40.584	プロセス監視情報を更新しました
DefaultSource	Information	0	2017/06/22 16:10:40.597	プロセス監視情報を更新しました
DefaultSource	Information	0	2017/06/22 16:11:40.611	プロセス監視情報を更新しました
DefaultSource	Information	0	2017/06/22 16:12:40.624	プロセス監視情報を更新しました
DefaultSource	Information	0	2017/06/22 16:13:40.637	プロセス監視情報を更新しました
DefaultSource	Information	0	2017/06/22 16:14:40.651	プロセス監視情報を更新しました
DefaultSource	Information	0	2017/06/22 16:15:40.664	プロセス監視情報を更新しました
DefaultSource	Information	0	2017/06/22 16:16:40.677	プロセス監視情報を更新しました
DefaultSource	Information	0	2017/06/22 16:17:40.691	プロセス監視情報を更新しました
DefaultSource	Information	0	2017/06/22 16:18:40.704	プロセス監視情報を更新しました
DefaultSource	Information	0	2017/06/22 16:19:40.717	プロセス監視情報を更新しました
DefaultSource	Information	0	2017/06/22 16:20:40.731	プロセス監視情報を更新しました
DefaultSource	Information	0	2017/06/22 16:21:40.744	プロセス監視情報を更新しました
DefaultSource	Information	0	2017/06/22 16:22:40.757	プロセス監視情報を更新しました
DefaultSource	Information	0	2017/06/22 16:23:40.770	プロセス監視情報を更新しました
DefaultSource	Information	0	2017/06/22 16:24:40.784	プロセス監視情報を更新しました
DefaultSource	Information	0	2017/06/22 16:25:40.797	プロセス監視情報を更新しました
DefaultSource	Information	0	2017/06/22 16:26:40.810	プロセス監視情報を更新しました
DefaultSource	Information	0	2017/06/22 16:27:40.824	プロセス監視情報を更新しました
DefaultSource	Information	0	2017/06/22 16:28:40.837	処理開始:更新スケジュール取得
DefaultSource	Information	0	2017/06/22 16:28:40.837	送信内容：power_plant_id=12345678901234567890123455&mac_address=000FEC003D67&schedule_kbn=0000
DefaultSource	Information	0	2017/06/22 16:28:40.837	プロセス監視情報を更新しました
DefaultSource	Critical	3	2017/06/22 16:28:40.868	リモート サーバーに接続できません。	   場所 System.Net.HttpWebRequest.GetRequestStream(TransportContext& context)
   場所 System.Net.HttpWebRequest.GetRequestStream()
   場所 PCSCntlSchedule.clsXmlBase.SendRequest(String sSendData, ResHeaderInf& objResHead, Byte[]& btResData)
DefaultSource	Error	2	2017/06/22 16:28:40.868	更新スケジュールのリクエスト送信に失敗しました。
DefaultSource	Information	0	2017/06/22 16:29:40.850	プロセス監視情報を更新しました
DefaultSource	Information	0	2017/06/22 16:30:40.864	プロセス監視情報を更新しました
DefaultSource	Information	0	2017/06/22 16:31:40.877	プロセス監視情報を更新しました
DefaultSource	Information	0	2017/06/22 16:32:40.890	プロセス監視情報を更新しました
DefaultSource	Information	0	2017/06/22 16:33:40.903	プロセス監視情報を更新しました
DefaultSource	Information	0	2017/06/22 16:34:40.917	プロセス監視情報を更新しました
DefaultSource	Information	0	2017/06/22 16:35:40.930	プロセス監視情報を更新しました
DefaultSource	Information	0	2017/06/22 16:36:40.943	プロセス監視情報を更新しました
DefaultSource	Information	0	2017/06/22 16:37:40.957	プロセス監視情報を更新しました
DefaultSource	Information	0	2017/06/22 16:38:40.970	プロセス監視情報を更新しました
DefaultSource	Information	0	2017/06/22 16:39:40.983	プロセス監視情報を更新しました
DefaultSource	Information	0	2017/06/22 16:40:40.997	プロセス監視情報を更新しました
DefaultSource	Information	0	2017/06/22 16:41:41.010	プロセス監視情報を更新しました
DefaultSource	Information	0	2017/06/22 16:42:41.023	プロセス監視情報を更新しました
DefaultSource	Information	0	2017/06/22 16:43:41.037	プロセス監視情報を更新しました
DefaultSource	Information	0	2017/06/22 16:44:41.050	プロセス監視情報を更新しました
DefaultSource	Information	0	2017/06/22 16:45:41.063	プロセス監視情報を更新しました
DefaultSource	Information	0	2017/06/22 16:46:41.076	プロセス監視情報を更新しました
DefaultSource	Information	0	2017/06/22 16:47:41.090	プロセス監視情報を更新しました
DefaultSource	Information	0	2017/06/22 16:48:41.103	プロセス監視情報を更新しました
DefaultSource	Information	0	2017/06/22 16:49:41.116	プロセス監視情報を更新しました
DefaultSource	Information	0	2017/06/22 16:50:41.130	プロセス監視情報を更新しました
DefaultSource	Information	0	2017/06/22 16:51:41.143	プロセス監視情報を更新しました
DefaultSource	Information	0	2017/06/22 16:52:41.156	プロセス監視情報を更新しました
DefaultSource	Information	0	2017/06/22 16:53:41.170	プロセス監視情報を更新しました
DefaultSource	Information	0	2017/06/22 16:54:41.198	プロセス監視情報を更新しました
DefaultSource	Information	0	2017/06/22 16:55:41.212	プロセス監視情報を更新しました
DefaultSource	Information	0	2017/06/22 16:56:41.225	プロセス監視情報を更新しました
DefaultSource	Information	0	2017/06/22 16:57:41.238	プロセス監視情報を更新しました
DefaultSource	Information	0	2017/06/22 16:58:41.252	処理開始:更新スケジュール取得
DefaultSource	Information	0	2017/06/22 16:58:41.252	送信内容：power_plant_id=12345678901234567890123455&mac_address=000FEC003D67&schedule_kbn=0000
DefaultSource	Information	0	2017/06/22 16:58:41.252	プロセス監視情報を更新しました
DefaultSource	Critical	3	2017/06/22 16:58:41.283	リモート サーバーに接続できません。	   場所 System.Net.HttpWebRequest.GetRequestStream(TransportContext& context)
   場所 System.Net.HttpWebRequest.GetRequestStream()
   場所 PCSCntlSchedule.clsXmlBase.SendRequest(String sSendData, ResHeaderInf& objResHead, Byte[]& btResData)
DefaultSource	Error	2	2017/06/22 16:58:41.283	更新スケジュールのリクエスト送信に失敗しました。
DefaultSource	Information	0	2017/06/22 16:59:41.265	プロセス監視情報を更新しました
DefaultSource	Information	0	2017/06/22 17:00:41.278	プロセス監視情報を更新しました
DefaultSource	Information	0	2017/06/22 17:01:41.292	プロセス監視情報を更新しました
DefaultSource	Information	0	2017/06/22 17:02:41.305	プロセス監視情報を更新しました
DefaultSource	Information	0	2017/06/22 17:03:41.318	プロセス監視情報を更新しました
DefaultSource	Information	0	2017/06/22 17:04:41.332	プロセス監視情報を更新しました
DefaultSource	Information	0	2017/06/22 17:05:41.345	プロセス監視情報を更新しました
DefaultSource	Information	0	2017/06/22 17:06:41.358	プロセス監視情報を更新しました
DefaultSource	Information	0	2017/06/22 17:07:41.371	プロセス監視情報を更新しました
DefaultSource	Information	0	2017/06/22 17:08:41.385	プロセス監視情報を更新しました
DefaultSource	Information	0	2017/06/22 17:09:41.398	プロセス監視情報を更新しました
DefaultSource	Information	0	2017/06/22 17:10:41.411	プロセス監視情報を更新しました
DefaultSource	Information	0	2017/06/22 17:11:41.425	プロセス監視情報を更新しました
DefaultSource	Information	0	2017/06/22 17:12:41.438	プロセス監視情報を更新しました
DefaultSource	Information	0	2017/06/22 17:13:41.451	プロセス監視情報を更新しました
DefaultSource	Information	0	2017/06/22 17:14:41.465	プロセス監視情報を更新しました
DefaultSource	Information	0	2017/06/22 17:15:41.478	プロセス監視情報を更新しました
DefaultSource	Information	0	2017/06/22 17:16:41.491	プロセス監視情報を更新しました
DefaultSource	Information	0	2017/06/22 17:17:41.505	プロセス監視情報を更新しました
DefaultSource	Information	0	2017/06/22 17:18:41.518	プロセス監視情報を更新しました
DefaultSource	Information	0	2017/06/22 17:19:41.531	プロセス監視情報を更新しました
DefaultSource	Information	0	2017/06/22 17:20:41.544	プロセス監視情報を更新しました
DefaultSource	Information	0	2017/06/22 17:21:41.558	プロセス監視情報を更新しました
DefaultSource	Information	0	2017/06/22 17:22:41.571	プロセス監視情報を更新しました
DefaultSource	Information	0	2017/06/22 17:23:41.584	プロセス監視情報を更新しました
DefaultSource	Information	0	2017/06/22 17:24:41.598	プロセス監視情報を更新しました
DefaultSource	Information	0	2017/06/22 17:25:41.611	プロセス監視情報を更新しました
DefaultSource	Information	0	2017/06/22 17:26:41.624	プロセス監視情報を更新しました
DefaultSource	Information	0	2017/06/22 17:27:41.638	プロセス監視情報を更新しました
DefaultSource	Information	0	2017/06/22 17:28:41.651	処理開始:更新スケジュール取得
DefaultSource	Information	0	2017/06/22 17:28:41.651	送信内容：power_plant_id=12345678901234567890123455&mac_address=000FEC003D67&schedule_kbn=0000
DefaultSource	Information	0	2017/06/22 17:28:41.651	プロセス監視情報を更新しました
DefaultSource	Critical	3	2017/06/22 17:28:41.682	リモート サーバーに接続できません。	   場所 System.Net.HttpWebRequest.GetRequestStream(TransportContext& context)
   場所 System.Net.HttpWebRequest.GetRequestStream()
   場所 PCSCntlSchedule.clsXmlBase.SendRequest(String sSendData, ResHeaderInf& objResHead, Byte[]& btResData)
DefaultSource	Error	2	2017/06/22 17:28:41.682	更新スケジュールのリクエスト送信に失敗しました。
DefaultSource	Information	0	2017/06/22 17:29:41.664	プロセス監視情報を更新しました
DefaultSource	Information	0	2017/06/22 17:30:41.677	プロセス監視情報を更新しました
DefaultSource	Information	0	2017/06/22 17:31:41.691	プロセス監視情報を更新しました
DefaultSource	Information	0	2017/06/22 17:32:41.704	プロセス監視情報を更新しました
DefaultSource	Information	0	2017/06/22 17:33:41.717	プロセス監視情報を更新しました
DefaultSource	Information	0	2017/06/22 17:34:41.731	プロセス監視情報を更新しました
DefaultSource	Information	0	2017/06/22 17:35:41.744	プロセス監視情報を更新しました
DefaultSource	Information	0	2017/06/22 17:36:41.757	プロセス監視情報を更新しました
DefaultSource	Information	0	2017/06/22 17:37:41.771	プロセス監視情報を更新しました
DefaultSource	Information	0	2017/06/22 17:38:41.784	プロセス監視情報を更新しました
DefaultSource	Information	0	2017/06/22 17:39:41.797	プロセス監視情報を更新しました
DefaultSource	Information	0	2017/06/22 17:40:41.811	プロセス監視情報を更新しました
DefaultSource	Information	0	2017/06/22 17:41:41.824	プロセス監視情報を更新しました
DefaultSource	Information	0	2017/06/22 17:42:41.837	プロセス監視情報を更新しました
DefaultSource	Information	0	2017/06/22 17:43:41.850	プロセス監視情報を更新しました
DefaultSource	Information	0	2017/06/22 17:44:41.864	プロセス監視情報を更新しました
DefaultSource	Information	0	2017/06/22 17:45:41.877	プロセス監視情報を更新しました
DefaultSource	Information	0	2017/06/22 17:46:41.890	プロセス監視情報を更新しました
DefaultSource	Information	0	2017/06/22 17:47:41.904	プロセス監視情報を更新しました
DefaultSource	Information	0	2017/06/22 17:48:41.917	プロセス監視情報を更新しました
DefaultSource	Information	0	2017/06/22 17:49:41.930	プロセス監視情報を更新しました
DefaultSource	Information	0	2017/06/22 17:50:41.959	プロセス監視情報を更新しました
DefaultSource	Information	0	2017/06/22 17:51:41.972	プロセス監視情報を更新しました
DefaultSource	Information	0	2017/06/22 17:52:41.986	プロセス監視情報を更新しました
DefaultSource	Information	0	2017/06/22 17:53:41.999	プロセス監視情報を更新しました
DefaultSource	Information	0	2017/06/22 17:54:42.012	プロセス監視情報を更新しました
DefaultSource	Information	0	2017/06/22 17:55:42.026	プロセス監視情報を更新しました
DefaultSource	Information	0	2017/06/22 17:56:42.039	プロセス監視情報を更新しました
DefaultSource	Information	0	2017/06/22 17:57:42.052	プロセス監視情報を更新しました
DefaultSource	Information	0	2017/06/22 17:58:42.066	処理開始:更新スケジュール取得
DefaultSource	Information	0	2017/06/22 17:58:42.066	送信内容：power_plant_id=12345678901234567890123455&mac_address=000FEC003D67&schedule_kbn=0000
DefaultSource	Information	0	2017/06/22 17:58:42.066	プロセス監視情報を更新しました
DefaultSource	Critical	3	2017/06/22 17:58:42.097	リモート サーバーに接続できません。	   場所 System.Net.HttpWebRequest.GetRequestStream(TransportContext& context)
   場所 System.Net.HttpWebRequest.GetRequestStream()
   場所 PCSCntlSchedule.clsXmlBase.SendRequest(String sSendData, ResHeaderInf& objResHead, Byte[]& btResData)
DefaultSource	Error	2	2017/06/22 17:58:42.097	更新スケジュールのリクエスト送信に失敗しました。
DefaultSource	Information	0	2017/06/22 17:59:42.079	プロセス監視情報を更新しました
DefaultSource	Information	0	2017/06/22 18:00:42.092	プロセス監視情報を更新しました
DefaultSource	Information	0	2017/06/22 18:01:42.106	プロセス監視情報を更新しました
DefaultSource	Information	0	2017/06/22 18:02:42.119	プロセス監視情報を更新しました
DefaultSource	Information	0	2017/06/22 18:03:42.132	プロセス監視情報を更新しました
DefaultSource	Information	0	2017/06/22 18:04:42.145	プロセス監視情報を更新しました
DefaultSource	Information	0	2017/06/22 18:05:42.159	プロセス監視情報を更新しました
DefaultSource	Information	0	2017/06/22 18:06:42.172	プロセス監視情報を更新しました
DefaultSource	Information	0	2017/06/22 18:07:42.185	プロセス監視情報を更新しました
DefaultSource	Information	0	2017/06/22 18:08:42.199	プロセス監視情報を更新しました
DefaultSource	Information	0	2017/06/22 18:09:42.212	プロセス監視情報を更新しました
DefaultSource	Information	0	2017/06/22 18:10:42.225	プロセス監視情報を更新しました
DefaultSource	Information	0	2017/06/22 18:11:42.239	プロセス監視情報を更新しました
DefaultSource	Information	0	2017/06/22 18:12:42.252	プロセス監視情報を更新しました
DefaultSource	Information	0	2017/06/22 18:13:42.265	プロセス監視情報を更新しました
DefaultSource	Information	0	2017/06/22 18:14:42.279	プロセス監視情報を更新しました
DefaultSource	Information	0	2017/06/22 18:15:42.292	プロセス監視情報を更新しました
DefaultSource	Information	0	2017/06/22 18:16:42.305	プロセス監視情報を更新しました
DefaultSource	Information	0	2017/06/22 18:17:42.318	プロセス監視情報を更新しました
DefaultSource	Information	0	2017/06/22 18:18:42.332	プロセス監視情報を更新しました
DefaultSource	Information	0	2017/06/22 18:19:42.345	プロセス監視情報を更新しました
DefaultSource	Information	0	2017/06/22 18:20:42.358	プロセス監視情報を更新しました
DefaultSource	Information	0	2017/06/22 18:21:42.372	プロセス監視情報を更新しました
DefaultSource	Information	0	2017/06/22 18:22:42.385	プロセス監視情報を更新しました
DefaultSource	Information	0	2017/06/22 18:23:42.398	プロセス監視情報を更新しました
DefaultSource	Information	0	2017/06/22 18:24:42.412	プロセス監視情報を更新しました
DefaultSource	Information	0	2017/06/22 18:25:42.425	プロセス監視情報を更新しました
DefaultSource	Information	0	2017/06/22 18:26:42.438	プロセス監視情報を更新しました
DefaultSource	Information	0	2017/06/22 18:27:42.451	プロセス監視情報を更新しました
DefaultSource	Information	0	2017/06/22 18:28:42.465	処理開始:更新スケジュール取得
DefaultSource	Information	0	2017/06/22 18:28:42.465	送信内容：power_plant_id=12345678901234567890123455&mac_address=000FEC003D67&schedule_kbn=0000
DefaultSource	Information	0	2017/06/22 18:28:42.465	プロセス監視情報を更新しました
DefaultSource	Critical	3	2017/06/22 18:28:42.496	リモート サーバーに接続できません。	   場所 System.Net.HttpWebRequest.GetRequestStream(TransportContext& context)
   場所 System.Net.HttpWebRequest.GetRequestStream()
   場所 PCSCntlSchedule.clsXmlBase.SendRequest(String sSendData, ResHeaderInf& objResHead, Byte[]& btResData)
DefaultSource	Error	2	2017/06/22 18:28:42.496	更新スケジュールのリクエスト送信に失敗しました。
DefaultSource	Information	0	2017/06/22 18:29:42.478	プロセス監視情報を更新しました
DefaultSource	Information	0	2017/06/22 18:30:42.491	プロセス監視情報を更新しました
DefaultSource	Information	0	2017/06/22 18:31:42.505	プロセス監視情報を更新しました
DefaultSource	Information	0	2017/06/22 18:32:42.518	プロセス監視情報を更新しました
DefaultSource	Information	0	2017/06/22 18:33:42.531	プロセス監視情報を更新しました
DefaultSource	Information	0	2017/06/22 18:34:42.545	プロセス監視情報を更新しました
DefaultSource	Information	0	2017/06/22 18:35:42.558	プロセス監視情報を更新しました
DefaultSource	Information	0	2017/06/22 18:36:42.571	プロセス監視情報を更新しました
DefaultSource	Information	0	2017/06/22 18:37:42.585	プロセス監視情報を更新しました
DefaultSource	Information	0	2017/06/22 18:38:42.598	プロセス監視情報を更新しました
DefaultSource	Information	0	2017/06/22 18:39:42.611	プロセス監視情報を更新しました
DefaultSource	Information	0	2017/06/22 18:40:42.624	プロセス監視情報を更新しました
DefaultSource	Information	0	2017/06/22 18:41:42.638	プロセス監視情報を更新しました
DefaultSource	Information	0	2017/06/22 18:42:42.651	プロセス監視情報を更新しました
DefaultSource	Information	0	2017/06/22 18:43:42.664	プロセス監視情報を更新しました
DefaultSource	Information	0	2017/06/22 18:44:42.678	プロセス監視情報を更新しました
DefaultSource	Information	0	2017/06/22 18:45:42.691	プロセス監視情報を更新しました
DefaultSource	Information	0	2017/06/22 18:46:42.720	プロセス監視情報を更新しました
DefaultSource	Information	0	2017/06/22 18:47:42.733	プロセス監視情報を更新しました
DefaultSource	Information	0	2017/06/22 18:48:42.747	プロセス監視情報を更新しました
DefaultSource	Information	0	2017/06/22 18:49:42.760	プロセス監視情報を更新しました
DefaultSource	Information	0	2017/06/22 18:50:42.773	プロセス監視情報を更新しました
DefaultSource	Information	0	2017/06/22 18:51:42.786	プロセス監視情報を更新しました
DefaultSource	Information	0	2017/06/22 18:52:42.800	プロセス監視情報を更新しました
DefaultSource	Information	0	2017/06/22 18:53:42.813	プロセス監視情報を更新しました
DefaultSource	Information	0	2017/06/22 18:54:42.826	プロセス監視情報を更新しました
DefaultSource	Information	0	2017/06/22 18:55:42.840	プロセス監視情報を更新しました
DefaultSource	Information	0	2017/06/22 18:56:42.853	プロセス監視情報を更新しました
DefaultSource	Information	0	2017/06/22 18:57:42.866	プロセス監視情報を更新しました
DefaultSource	Information	0	2017/06/22 18:58:42.880	処理開始:更新スケジュール取得
DefaultSource	Information	0	2017/06/22 18:58:42.880	送信内容：power_plant_id=12345678901234567890123455&mac_address=000FEC003D67&schedule_kbn=0000
DefaultSource	Information	0	2017/06/22 18:58:42.880	プロセス監視情報を更新しました
DefaultSource	Critical	3	2017/06/22 18:58:42.911	リモート サーバーに接続できません。	   場所 System.Net.HttpWebRequest.GetRequestStream(TransportContext& context)
   場所 System.Net.HttpWebRequest.GetRequestStream()
   場所 PCSCntlSchedule.clsXmlBase.SendRequest(String sSendData, ResHeaderInf& objResHead, Byte[]& btResData)
DefaultSource	Error	2	2017/06/22 18:58:42.911	更新スケジュールのリクエスト送信に失敗しました。
DefaultSource	Information	0	2017/06/22 18:59:42.893	プロセス監視情報を更新しました
DefaultSource	Information	0	2017/06/22 19:00:42.906	プロセス監視情報を更新しました
DefaultSource	Information	0	2017/06/22 19:01:42.919	プロセス監視情報を更新しました
DefaultSource	Information	0	2017/06/22 19:02:42.933	プロセス監視情報を更新しました
DefaultSource	Information	0	2017/06/22 19:03:42.962	プロセス監視情報を更新しました
DefaultSource	Information	0	2017/06/22 19:04:42.959	プロセス監視情報を更新しました
DefaultSource	Information	0	2017/06/22 19:05:42.973	プロセス監視情報を更新しました
DefaultSource	Information	0	2017/06/22 19:06:42.986	プロセス監視情報を更新しました
DefaultSource	Information	0	2017/06/22 19:07:42.999	プロセス監視情報を更新しました
DefaultSource	Information	0	2017/06/22 19:08:43.013	プロセス監視情報を更新しました
DefaultSource	Information	0	2017/06/22 19:09:43.026	プロセス監視情報を更新しました
DefaultSource	Information	0	2017/06/22 19:10:43.039	プロセス監視情報を更新しました
DefaultSource	Information	0	2017/06/22 19:11:43.053	プロセス監視情報を更新しました
DefaultSource	Information	0	2017/06/22 19:12:43.066	プロセス監視情報を更新しました
DefaultSource	Information	0	2017/06/22 19:13:43.079	プロセス監視情報を更新しました
DefaultSource	Information	0	2017/06/22 19:14:43.092	プロセス監視情報を更新しました
DefaultSource	Information	0	2017/06/22 19:15:43.106	プロセス監視情報を更新しました
DefaultSource	Information	0	2017/06/22 19:16:43.119	プロセス監視情報を更新しました
DefaultSource	Information	0	2017/06/22 19:17:43.132	プロセス監視情報を更新しました
DefaultSource	Information	0	2017/06/22 19:18:43.146	プロセス監視情報を更新しました
DefaultSource	Information	0	2017/06/22 19:19:43.159	プロセス監視情報を更新しました
DefaultSource	Information	0	2017/06/22 19:20:43.172	プロセス監視情報を更新しました
DefaultSource	Information	0	2017/06/22 19:21:43.186	プロセス監視情報を更新しました
DefaultSource	Information	0	2017/06/22 19:22:43.199	プロセス監視情報を更新しました
DefaultSource	Information	0	2017/06/22 19:23:43.212	プロセス監視情報を更新しました
DefaultSource	Information	0	2017/06/22 19:24:43.225	プロセス監視情報を更新しました
DefaultSource	Information	0	2017/06/22 19:25:43.239	プロセス監視情報を更新しました
DefaultSource	Information	0	2017/06/22 19:26:43.252	プロセス監視情報を更新しました
DefaultSource	Information	0	2017/06/22 19:27:43.265	プロセス監視情報を更新しました
DefaultSource	Information	0	2017/06/22 19:28:43.279	処理開始:更新スケジュール取得
DefaultSource	Information	0	2017/06/22 19:28:43.279	送信内容：power_plant_id=12345678901234567890123455&mac_address=000FEC003D67&schedule_kbn=0000
DefaultSource	Information	0	2017/06/22 19:28:43.279	プロセス監視情報を更新しました
DefaultSource	Critical	3	2017/06/22 19:28:43.310	リモート サーバーに接続できません。	   場所 System.Net.HttpWebRequest.GetRequestStream(TransportContext& context)
   場所 System.Net.HttpWebRequest.GetRequestStream()
   場所 PCSCntlSchedule.clsXmlBase.SendRequest(String sSendData, ResHeaderInf& objResHead, Byte[]& btResData)
DefaultSource	Error	2	2017/06/22 19:28:43.310	更新スケジュールのリクエスト送信に失敗しました。
DefaultSource	Information	0	2017/06/22 19:29:43.292	プロセス監視情報を更新しました
DefaultSource	Information	0	2017/06/22 19:30:43.305	プロセス監視情報を更新しました
DefaultSource	Information	0	2017/06/22 19:31:43.319	プロセス監視情報を更新しました
DefaultSource	Information	0	2017/06/22 19:32:43.332	プロセス監視情報を更新しました
DefaultSource	Information	0	2017/06/22 19:33:43.345	プロセス監視情報を更新しました
DefaultSource	Information	0	2017/06/22 19:34:43.359	プロセス監視情報を更新しました
DefaultSource	Information	0	2017/06/22 19:35:43.372	プロセス監視情報を更新しました
DefaultSource	Information	0	2017/06/22 19:36:43.385	プロセス監視情報を更新しました
DefaultSource	Information	0	2017/06/22 19:37:43.398	プロセス監視情報を更新しました
DefaultSource	Information	0	2017/06/22 19:38:43.412	プロセス監視情報を更新しました
DefaultSource	Information	0	2017/06/22 19:39:43.425	プロセス監視情報を更新しました
DefaultSource	Information	0	2017/06/22 19:40:43.438	プロセス監視情報を更新しました
DefaultSource	Information	0	2017/06/22 19:41:43.452	プロセス監視情報を更新しました
DefaultSource	Information	0	2017/06/22 19:42:43.481	プロセス監視情報を更新しました
DefaultSource	Information	0	2017/06/22 19:43:43.494	プロセス監視情報を更新しました
DefaultSource	Information	0	2017/06/22 19:44:43.507	プロセス監視情報を更新しました
DefaultSource	Information	0	2017/06/22 19:45:43.521	プロセス監視情報を更新しました
DefaultSource	Information	0	2017/06/22 19:46:43.534	プロセス監視情報を更新しました
DefaultSource	Information	0	2017/06/22 19:47:43.547	プロセス監視情報を更新しました
DefaultSource	Information	0	2017/06/22 19:48:43.560	プロセス監視情報を更新しました
DefaultSource	Information	0	2017/06/22 19:49:43.574	プロセス監視情報を更新しました
DefaultSource	Information	0	2017/06/22 19:50:43.587	プロセス監視情報を更新しました
DefaultSource	Information	0	2017/06/22 19:51:43.600	プロセス監視情報を更新しました
DefaultSource	Information	0	2017/06/22 19:52:43.614	プロセス監視情報を更新しました
DefaultSource	Information	0	2017/06/22 19:53:43.627	プロセス監視情報を更新しました
DefaultSource	Information	0	2017/06/22 19:54:43.640	プロセス監視情報を更新しました
DefaultSource	Information	0	2017/06/22 19:55:43.654	プロセス監視情報を更新しました
DefaultSource	Information	0	2017/06/22 19:56:43.667	プロセス監視情報を更新しました
DefaultSource	Information	0	2017/06/22 19:57:43.680	プロセス監視情報を更新しました
DefaultSource	Information	0	2017/06/22 19:58:43.693	処理開始:更新スケジュール取得
DefaultSource	Information	0	2017/06/22 19:58:43.693	送信内容：power_plant_id=12345678901234567890123455&mac_address=000FEC003D67&schedule_kbn=0000
DefaultSource	Information	0	2017/06/22 19:58:43.693	プロセス監視情報を更新しました
DefaultSource	Critical	3	2017/06/22 19:58:43.725	リモート サーバーに接続できません。	   場所 System.Net.HttpWebRequest.GetRequestStream(TransportContext& context)
   場所 System.Net.HttpWebRequest.GetRequestStream()
   場所 PCSCntlSchedule.clsXmlBase.SendRequest(String sSendData, ResHeaderInf& objResHead, Byte[]& btResData)
DefaultSource	Error	2	2017/06/22 19:58:43.725	更新スケジュールのリクエスト送信に失敗しました。
DefaultSource	Information	0	2017/06/22 19:59:43.707	プロセス監視情報を更新しました
DefaultSource	Information	0	2017/06/22 20:00:43.720	プロセス監視情報を更新しました
DefaultSource	Information	0	2017/06/22 20:01:43.733	プロセス監視情報を更新しました
DefaultSource	Information	0	2017/06/22 20:02:43.747	プロセス監視情報を更新しました
DefaultSource	Information	0	2017/06/22 20:03:43.760	プロセス監視情報を更新しました
DefaultSource	Information	0	2017/06/22 20:04:43.773	プロセス監視情報を更新しました
DefaultSource	Information	0	2017/06/22 20:05:43.787	プロセス監視情報を更新しました
DefaultSource	Information	0	2017/06/22 20:06:43.800	プロセス監視情報を更新しました
DefaultSource	Information	0	2017/06/22 20:07:43.813	プロセス監視情報を更新しました
DefaultSource	Information	0	2017/06/22 20:08:43.827	プロセス監視情報を更新しました
DefaultSource	Information	0	2017/06/22 20:09:43.840	プロセス監視情報を更新しました
DefaultSource	Information	0	2017/06/22 20:10:43.853	プロセス監視情報を更新しました
DefaultSource	Information	0	2017/06/22 20:11:43.866	プロセス監視情報を更新しました
DefaultSource	Information	0	2017/06/22 20:12:43.880	プロセス監視情報を更新しました
DefaultSource	Information	0	2017/06/22 20:13:43.893	プロセス監視情報を更新しました
DefaultSource	Information	0	2017/06/22 20:14:43.906	プロセス監視情報を更新しました
DefaultSource	Information	0	2017/06/22 20:15:43.920	プロセス監視情報を更新しました
DefaultSource	Information	0	2017/06/22 20:16:43.933	プロセス監視情報を更新しました
DefaultSource	Information	0	2017/06/22 20:17:43.946	プロセス監視情報を更新しました
DefaultSource	Information	0	2017/06/22 20:18:43.960	プロセス監視情報を更新しました
DefaultSource	Information	0	2017/06/22 20:19:43.973	プロセス監視情報を更新しました
DefaultSource	Information	0	2017/06/22 20:20:43.986	プロセス監視情報を更新しました
DefaultSource	Information	0	2017/06/22 20:21:44.000	プロセス監視情報を更新しました
DefaultSource	Information	0	2017/06/22 20:22:44.013	プロセス監視情報を更新しました
DefaultSource	Information	0	2017/06/22 20:23:44.026	プロセス監視情報を更新しました
DefaultSource	Information	0	2017/06/22 20:24:44.039	プロセス監視情報を更新しました
DefaultSource	Information	0	2017/06/22 20:25:44.053	プロセス監視情報を更新しました
DefaultSource	Information	0	2017/06/22 20:26:44.066	プロセス監視情報を更新しました
DefaultSource	Information	0	2017/06/22 20:27:44.079	プロセス監視情報を更新しました
DefaultSource	Information	0	2017/06/22 20:28:44.093	処理開始:更新スケジュール取得
DefaultSource	Information	0	2017/06/22 20:28:44.093	送信内容：power_plant_id=12345678901234567890123455&mac_address=000FEC003D67&schedule_kbn=0000
DefaultSource	Information	0	2017/06/22 20:28:44.093	プロセス監視情報を更新しました
DefaultSource	Critical	3	2017/06/22 20:28:44.124	リモート サーバーに接続できません。	   場所 System.Net.HttpWebRequest.GetRequestStream(TransportContext& context)
   場所 System.Net.HttpWebRequest.GetRequestStream()
   場所 PCSCntlSchedule.clsXmlBase.SendRequest(String sSendData, ResHeaderInf& objResHead, Byte[]& btResData)
DefaultSource	Error	2	2017/06/22 20:28:44.124	更新スケジュールのリクエスト送信に失敗しました。
DefaultSource	Information	0	2017/06/22 20:29:44.106	プロセス監視情報を更新しました
DefaultSource	Information	0	2017/06/22 20:30:44.119	プロセス監視情報を更新しました
DefaultSource	Information	0	2017/06/22 20:31:44.133	プロセス監視情報を更新しました
DefaultSource	Information	0	2017/06/22 20:32:44.146	プロセス監視情報を更新しました
DefaultSource	Information	0	2017/06/22 20:33:44.159	プロセス監視情報を更新しました
DefaultSource	Information	0	2017/06/22 20:34:44.172	プロセス監視情報を更新しました
DefaultSource	Information	0	2017/06/22 20:35:44.186	プロセス監視情報を更新しました
DefaultSource	Information	0	2017/06/22 20:36:44.199	プロセス監視情報を更新しました
DefaultSource	Information	0	2017/06/22 20:37:44.212	プロセス監視情報を更新しました
DefaultSource	Information	0	2017/06/22 20:38:44.241	プロセス監視情報を更新しました
DefaultSource	Information	0	2017/06/22 20:39:44.255	プロセス監視情報を更新しました
DefaultSource	Information	0	2017/06/22 20:40:44.268	プロセス監視情報を更新しました
DefaultSource	Information	0	2017/06/22 20:41:44.281	プロセス監視情報を更新しました
DefaultSource	Information	0	2017/06/22 20:42:44.295	プロセス監視情報を更新しました
DefaultSource	Information	0	2017/06/22 20:43:44.308	プロセス監視情報を更新しました
DefaultSource	Information	0	2017/06/22 20:44:44.321	プロセス監視情報を更新しました
DefaultSource	Information	0	2017/06/22 20:45:44.334	プロセス監視情報を更新しました
DefaultSource	Information	0	2017/06/22 20:46:44.348	プロセス監視情報を更新しました
DefaultSource	Information	0	2017/06/22 20:47:44.361	プロセス監視情報を更新しました
DefaultSource	Information	0	2017/06/22 20:48:44.374	プロセス監視情報を更新しました
DefaultSource	Information	0	2017/06/22 20:49:44.388	プロセス監視情報を更新しました
DefaultSource	Information	0	2017/06/22 20:50:44.401	プロセス監視情報を更新しました
DefaultSource	Information	0	2017/06/22 20:51:44.414	プロセス監視情報を更新しました
DefaultSource	Information	0	2017/06/22 20:52:44.428	プロセス監視情報を更新しました
DefaultSource	Information	0	2017/06/22 20:53:44.441	プロセス監視情報を更新しました
DefaultSource	Information	0	2017/06/22 20:54:44.454	プロセス監視情報を更新しました
DefaultSource	Information	0	2017/06/22 20:55:44.467	プロセス監視情報を更新しました
DefaultSource	Information	0	2017/06/22 20:56:44.481	プロセス監視情報を更新しました
DefaultSource	Information	0	2017/06/22 20:57:44.494	プロセス監視情報を更新しました
DefaultSource	Information	0	2017/06/22 20:58:44.507	処理開始:更新スケジュール取得
DefaultSource	Information	0	2017/06/22 20:58:44.507	送信内容：power_plant_id=12345678901234567890123455&mac_address=000FEC003D67&schedule_kbn=0000
DefaultSource	Information	0	2017/06/22 20:58:44.507	プロセス監視情報を更新しました
DefaultSource	Critical	3	2017/06/22 20:58:44.539	リモート サーバーに接続できません。	   場所 System.Net.HttpWebRequest.GetRequestStream(TransportContext& context)
   場所 System.Net.HttpWebRequest.GetRequestStream()
   場所 PCSCntlSchedule.clsXmlBase.SendRequest(String sSendData, ResHeaderInf& objResHead, Byte[]& btResData)
DefaultSource	Error	2	2017/06/22 20:58:44.539	更新スケジュールのリクエスト送信に失敗しました。
DefaultSource	Information	0	2017/06/22 20:59:44.521	プロセス監視情報を更新しました
DefaultSource	Information	0	2017/06/22 21:00:44.534	プロセス監視情報を更新しました
DefaultSource	Information	0	2017/06/22 21:01:44.547	プロセス監視情報を更新しました
DefaultSource	Information	0	2017/06/22 21:02:44.561	プロセス監視情報を更新しました
DefaultSource	Information	0	2017/06/22 21:03:44.574	プロセス監視情報を更新しました
DefaultSource	Information	0	2017/06/22 21:04:44.587	プロセス監視情報を更新しました
DefaultSource	Information	0	2017/06/22 21:05:44.601	プロセス監視情報を更新しました
DefaultSource	Information	0	2017/06/22 21:06:44.614	プロセス監視情報を更新しました
DefaultSource	Information	0	2017/06/22 21:07:44.627	プロセス監視情報を更新しました
DefaultSource	Information	0	2017/06/22 21:08:44.640	プロセス監視情報を更新しました
DefaultSource	Information	0	2017/06/22 21:09:44.654	プロセス監視情報を更新しました
DefaultSource	Information	0	2017/06/22 21:10:44.667	プロセス監視情報を更新しました
DefaultSource	Information	0	2017/06/22 21:11:44.680	プロセス監視情報を更新しました
DefaultSource	Information	0	2017/06/22 21:12:44.694	プロセス監視情報を更新しました
DefaultSource	Information	0	2017/06/22 21:13:44.707	プロセス監視情報を更新しました
DefaultSource	Information	0	2017/06/22 21:14:44.720	プロセス監視情報を更新しました
DefaultSource	Information	0	2017/06/22 21:15:44.734	プロセス監視情報を更新しました
DefaultSource	Information	0	2017/06/22 21:16:44.747	プロセス監視情報を更新しました
DefaultSource	Information	0	2017/06/22 21:17:44.776	プロセス監視情報を更新しました
DefaultSource	Information	0	2017/06/22 21:18:44.774	プロセス監視情報を更新しました
DefaultSource	Information	0	2017/06/22 21:19:44.787	プロセス監視情報を更新しました
DefaultSource	Information	0	2017/06/22 21:20:44.800	プロセス監視情報を更新しました
DefaultSource	Information	0	2017/06/22 21:21:44.813	プロセス監視情報を更新しました
DefaultSource	Information	0	2017/06/22 21:22:44.827	プロセス監視情報を更新しました
DefaultSource	Information	0	2017/06/22 21:23:44.840	プロセス監視情報を更新しました
DefaultSource	Information	0	2017/06/22 21:24:44.853	プロセス監視情報を更新しました
DefaultSource	Information	0	2017/06/22 21:25:44.867	プロセス監視情報を更新しました
DefaultSource	Information	0	2017/06/22 21:26:44.880	プロセス監視情報を更新しました
DefaultSource	Information	0	2017/06/22 21:27:44.893	プロセス監視情報を更新しました
DefaultSource	Information	0	2017/06/22 21:28:44.907	処理開始:更新スケジュール取得
DefaultSource	Information	0	2017/06/22 21:28:44.907	送信内容：power_plant_id=12345678901234567890123455&mac_address=000FEC003D67&schedule_kbn=0000
DefaultSource	Information	0	2017/06/22 21:28:44.907	プロセス監視情報を更新しました
DefaultSource	Critical	3	2017/06/22 21:28:44.938	リモート サーバーに接続できません。	   場所 System.Net.HttpWebRequest.GetRequestStream(TransportContext& context)
   場所 System.Net.HttpWebRequest.GetRequestStream()
   場所 PCSCntlSchedule.clsXmlBase.SendRequest(String sSendData, ResHeaderInf& objResHead, Byte[]& btResData)
DefaultSource	Error	2	2017/06/22 21:28:44.938	更新スケジュールのリクエスト送信に失敗しました。
DefaultSource	Information	0	2017/06/22 21:29:44.920	プロセス監視情報を更新しました
DefaultSource	Information	0	2017/06/22 21:30:44.933	プロセス監視情報を更新しました
DefaultSource	Information	0	2017/06/22 21:31:44.946	プロセス監視情報を更新しました
DefaultSource	Information	0	2017/06/22 21:32:44.960	プロセス監視情報を更新しました
DefaultSource	Information	0	2017/06/22 21:33:44.973	プロセス監視情報を更新しました
DefaultSource	Information	0	2017/06/22 21:34:45.002	プロセス監視情報を更新しました
DefaultSource	Information	0	2017/06/22 21:35:45.015	プロセス監視情報を更新しました
DefaultSource	Information	0	2017/06/22 21:36:45.029	プロセス監視情報を更新しました
DefaultSource	Information	0	2017/06/22 21:37:45.042	プロセス監視情報を更新しました
DefaultSource	Information	0	2017/06/22 21:38:45.055	プロセス監視情報を更新しました
DefaultSource	Information	0	2017/06/22 21:39:45.069	プロセス監視情報を更新しました
DefaultSource	Information	0	2017/06/22 21:40:45.082	プロセス監視情報を更新しました
DefaultSource	Information	0	2017/06/22 21:41:45.095	プロセス監視情報を更新しました
DefaultSource	Information	0	2017/06/22 21:42:45.108	プロセス監視情報を更新しました
DefaultSource	Information	0	2017/06/22 21:43:45.122	プロセス監視情報を更新しました
DefaultSource	Information	0	2017/06/22 21:44:45.135	プロセス監視情報を更新しました
DefaultSource	Information	0	2017/06/22 21:45:45.148	プロセス監視情報を更新しました
DefaultSource	Information	0	2017/06/22 21:46:45.162	プロセス監視情報を更新しました
DefaultSource	Information	0	2017/06/22 21:47:45.175	プロセス監視情報を更新しました
DefaultSource	Information	0	2017/06/22 21:48:45.188	プロセス監視情報を更新しました
DefaultSource	Information	0	2017/06/22 21:49:45.202	プロセス監視情報を更新しました
DefaultSource	Information	0	2017/06/22 21:50:45.215	プロセス監視情報を更新しました
DefaultSource	Information	0	2017/06/22 21:51:45.228	プロセス監視情報を更新しました
DefaultSource	Information	0	2017/06/22 21:52:45.241	プロセス監視情報を更新しました
DefaultSource	Information	0	2017/06/22 21:53:45.255	プロセス監視情報を更新しました
DefaultSource	Information	0	2017/06/22 21:54:45.268	プロセス監視情報を更新しました
DefaultSource	Information	0	2017/06/22 21:55:45.281	プロセス監視情報を更新しました
DefaultSource	Information	0	2017/06/22 21:56:45.295	プロセス監視情報を更新しました
DefaultSource	Information	0	2017/06/22 21:57:45.308	プロセス監視情報を更新しました
DefaultSource	Information	0	2017/06/22 21:58:45.321	処理開始:更新スケジュール取得
DefaultSource	Information	0	2017/06/22 21:58:45.321	送信内容：power_plant_id=12345678901234567890123455&mac_address=000FEC003D67&schedule_kbn=0000
DefaultSource	Information	0	2017/06/22 21:58:45.321	プロセス監視情報を更新しました
DefaultSource	Critical	3	2017/06/22 21:58:45.353	リモート サーバーに接続できません。	   場所 System.Net.HttpWebRequest.GetRequestStream(TransportContext& context)
   場所 System.Net.HttpWebRequest.GetRequestStream()
   場所 PCSCntlSchedule.clsXmlBase.SendRequest(String sSendData, ResHeaderInf& objResHead, Byte[]& btResData)
DefaultSource	Error	2	2017/06/22 21:58:45.353	更新スケジュールのリクエスト送信に失敗しました。
DefaultSource	Information	0	2017/06/22 21:59:45.335	プロセス監視情報を更新しました
DefaultSource	Information	0	2017/06/22 22:00:45.348	プロセス監視情報を更新しました
DefaultSource	Information	0	2017/06/22 22:01:45.361	プロセス監視情報を更新しました
DefaultSource	Information	0	2017/06/22 22:02:45.375	プロセス監視情報を更新しました
DefaultSource	Information	0	2017/06/22 22:03:45.388	プロセス監視情報を更新しました
DefaultSource	Information	0	2017/06/22 22:04:45.401	プロセス監視情報を更新しました
DefaultSource	Information	0	2017/06/22 22:05:45.414	プロセス監視情報を更新しました
DefaultSource	Information	0	2017/06/22 22:06:45.428	プロセス監視情報を更新しました
DefaultSource	Information	0	2017/06/22 22:07:45.441	プロセス監視情報を更新しました
DefaultSource	Information	0	2017/06/22 22:08:45.470	プロセス監視情報を更新しました
DefaultSource	Information	0	2017/06/22 22:09:45.468	プロセス監視情報を更新しました
DefaultSource	Information	0	2017/06/22 22:10:45.481	プロセス監視情報を更新しました
DefaultSource	Information	0	2017/06/22 22:11:45.494	プロセス監視情報を更新しました
DefaultSource	Information	0	2017/06/22 22:12:45.508	プロセス監視情報を更新しました
DefaultSource	Information	0	2017/06/22 22:13:45.521	プロセス監視情報を更新しました
DefaultSource	Information	0	2017/06/22 22:14:45.534	プロセス監視情報を更新しました
DefaultSource	Information	0	2017/06/22 22:15:45.548	プロセス監視情報を更新しました
DefaultSource	Information	0	2017/06/22 22:16:45.561	プロセス監視情報を更新しました
DefaultSource	Information	0	2017/06/22 22:17:45.574	プロセス監視情報を更新しました
DefaultSource	Information	0	2017/06/22 22:18:45.587	プロセス監視情報を更新しました
DefaultSource	Information	0	2017/06/22 22:19:45.601	プロセス監視情報を更新しました
DefaultSource	Information	0	2017/06/22 22:20:45.614	プロセス監視情報を更新しました
DefaultSource	Information	0	2017/06/22 22:21:45.627	プロセス監視情報を更新しました
DefaultSource	Information	0	2017/06/22 22:22:45.641	プロセス監視情報を更新しました
DefaultSource	Information	0	2017/06/22 22:23:45.654	プロセス監視情報を更新しました
DefaultSource	Information	0	2017/06/22 22:24:45.667	プロセス監視情報を更新しました
DefaultSource	Information	0	2017/06/22 22:25:45.681	プロセス監視情報を更新しました
DefaultSource	Information	0	2017/06/22 22:26:45.694	プロセス監視情報を更新しました
DefaultSource	Information	0	2017/06/22 22:27:45.707	プロセス監視情報を更新しました
DefaultSource	Information	0	2017/06/22 22:28:45.720	処理開始:更新スケジュール取得
DefaultSource	Information	0	2017/06/22 22:28:45.720	送信内容：power_plant_id=12345678901234567890123455&mac_address=000FEC003D67&schedule_kbn=0000
DefaultSource	Information	0	2017/06/22 22:28:45.720	プロセス監視情報を更新しました
DefaultSource	Critical	3	2017/06/22 22:28:45.752	リモート サーバーに接続できません。	   場所 System.Net.HttpWebRequest.GetRequestStream(TransportContext& context)
   場所 System.Net.HttpWebRequest.GetRequestStream()
   場所 PCSCntlSchedule.clsXmlBase.SendRequest(String sSendData, ResHeaderInf& objResHead, Byte[]& btResData)
DefaultSource	Error	2	2017/06/22 22:28:45.752	更新スケジュールのリクエスト送信に失敗しました。
DefaultSource	Information	0	2017/06/22 22:29:45.749	プロセス監視情報を更新しました
DefaultSource	Information	0	2017/06/22 22:30:45.763	プロセス監視情報を更新しました
DefaultSource	Information	0	2017/06/22 22:31:45.776	プロセス監視情報を更新しました
DefaultSource	Information	0	2017/06/22 22:32:45.789	プロセス監視情報を更新しました
DefaultSource	Information	0	2017/06/22 22:33:45.803	プロセス監視情報を更新しました
DefaultSource	Information	0	2017/06/22 22:34:45.816	プロセス監視情報を更新しました
DefaultSource	Information	0	2017/06/22 22:35:45.829	プロセス監視情報を更新しました
DefaultSource	Information	0	2017/06/22 22:36:45.843	プロセス監視情報を更新しました
DefaultSource	Information	0	2017/06/22 22:37:45.856	プロセス監視情報を更新しました
DefaultSource	Information	0	2017/06/22 22:38:45.869	プロセス監視情報を更新しました
DefaultSource	Information	0	2017/06/22 22:39:45.882	プロセス監視情報を更新しました
DefaultSource	Information	0	2017/06/22 22:40:45.896	プロセス監視情報を更新しました
DefaultSource	Information	0	2017/06/22 22:41:45.909	プロセス監視情報を更新しました
DefaultSource	Information	0	2017/06/22 22:42:45.922	プロセス監視情報を更新しました
DefaultSource	Information	0	2017/06/22 22:43:45.936	プロセス監視情報を更新しました
DefaultSource	Information	0	2017/06/22 22:44:45.949	プロセス監視情報を更新しました
DefaultSource	Information	0	2017/06/22 22:45:45.962	プロセス監視情報を更新しました
DefaultSource	Information	0	2017/06/22 22:46:45.976	プロセス監視情報を更新しました
DefaultSource	Information	0	2017/06/22 22:47:45.989	プロセス監視情報を更新しました
DefaultSource	Information	0	2017/06/22 22:48:46.002	プロセス監視情報を更新しました
DefaultSource	Information	0	2017/06/22 22:49:46.016	プロセス監視情報を更新しました
DefaultSource	Information	0	2017/06/22 22:50:46.029	プロセス監視情報を更新しました
DefaultSource	Information	0	2017/06/22 22:51:46.042	プロセス監視情報を更新しました
DefaultSource	Information	0	2017/06/22 22:52:46.055	プロセス監視情報を更新しました
DefaultSource	Information	0	2017/06/22 22:53:46.069	プロセス監視情報を更新しました
DefaultSource	Information	0	2017/06/22 22:54:46.082	プロセス監視情報を更新しました
DefaultSource	Information	0	2017/06/22 22:55:46.095	プロセス監視情報を更新しました
DefaultSource	Information	0	2017/06/22 22:56:46.109	プロセス監視情報を更新しました
DefaultSource	Information	0	2017/06/22 22:57:46.122	プロセス監視情報を更新しました
DefaultSource	Information	0	2017/06/22 22:58:46.135	処理開始:更新スケジュール取得
DefaultSource	Information	0	2017/06/22 22:58:46.135	プロセス監視情報を更新しました
DefaultSource	Information	0	2017/06/22 22:58:46.135	送信内容：power_plant_id=12345678901234567890123455&mac_address=000FEC003D67&schedule_kbn=0000
DefaultSource	Critical	3	2017/06/22 22:58:46.166	リモート サーバーに接続できません。	   場所 System.Net.HttpWebRequest.GetRequestStream(TransportContext& context)
   場所 System.Net.HttpWebRequest.GetRequestStream()
   場所 PCSCntlSchedule.clsXmlBase.SendRequest(String sSendData, ResHeaderInf& objResHead, Byte[]& btResData)
DefaultSource	Error	2	2017/06/22 22:58:46.166	更新スケジュールのリクエスト送信に失敗しました。
DefaultSource	Information	0	2017/06/22 22:59:46.149	プロセス監視情報を更新しました
DefaultSource	Information	0	2017/06/22 23:00:46.162	プロセス監視情報を更新しました
DefaultSource	Information	0	2017/06/22 23:01:46.175	プロセス監視情報を更新しました
DefaultSource	Information	0	2017/06/22 23:02:46.188	プロセス監視情報を更新しました
DefaultSource	Information	0	2017/06/22 23:03:46.202	プロセス監視情報を更新しました
DefaultSource	Information	0	2017/06/22 23:04:46.215	プロセス監視情報を更新しました
DefaultSource	Information	0	2017/06/22 23:05:46.228	プロセス監視情報を更新しました
DefaultSource	Information	0	2017/06/22 23:06:46.242	プロセス監視情報を更新しました
DefaultSource	Information	0	2017/06/22 23:07:46.255	プロセス監視情報を更新しました
DefaultSource	Information	0	2017/06/22 23:08:46.268	プロセス監視情報を更新しました
DefaultSource	Information	0	2017/06/22 23:09:46.282	プロセス監視情報を更新しました
DefaultSource	Information	0	2017/06/22 23:10:46.295	プロセス監視情報を更新しました
DefaultSource	Information	0	2017/06/22 23:11:46.308	プロセス監視情報を更新しました
DefaultSource	Information	0	2017/06/22 23:12:46.322	プロセス監視情報を更新しました
DefaultSource	Information	0	2017/06/22 23:13:46.335	プロセス監視情報を更新しました
DefaultSource	Information	0	2017/06/22 23:14:46.348	プロセス監視情報を更新しました
DefaultSource	Information	0	2017/06/22 23:15:46.361	プロセス監視情報を更新しました
DefaultSource	Information	0	2017/06/22 23:16:46.375	プロセス監視情報を更新しました
DefaultSource	Information	0	2017/06/22 23:17:46.388	プロセス監視情報を更新しました
DefaultSource	Information	0	2017/06/22 23:18:46.401	プロセス監視情報を更新しました
DefaultSource	Information	0	2017/06/22 23:19:46.415	プロセス監視情報を更新しました
DefaultSource	Information	0	2017/06/22 23:20:46.428	プロセス監視情報を更新しました
DefaultSource	Information	0	2017/06/22 23:21:46.441	プロセス監視情報を更新しました
DefaultSource	Information	0	2017/06/22 23:22:46.455	プロセス監視情報を更新しました
DefaultSource	Information	0	2017/06/22 23:23:46.468	プロセス監視情報を更新しました
DefaultSource	Information	0	2017/06/22 23:24:46.481	プロセス監視情報を更新しました
DefaultSource	Information	0	2017/06/22 23:25:46.510	プロセス監視情報を更新しました
DefaultSource	Information	0	2017/06/22 23:26:46.523	プロセス監視情報を更新しました
DefaultSource	Information	0	2017/06/22 23:27:46.537	プロセス監視情報を更新しました
DefaultSource	Information	0	2017/06/22 23:28:46.550	処理開始:更新スケジュール取得
DefaultSource	Information	0	2017/06/22 23:28:46.550	送信内容：power_plant_id=12345678901234567890123455&mac_address=000FEC003D67&schedule_kbn=0000
DefaultSource	Information	0	2017/06/22 23:28:46.550	プロセス監視情報を更新しました
DefaultSource	Critical	3	2017/06/22 23:28:46.581	リモート サーバーに接続できません。	   場所 System.Net.HttpWebRequest.GetRequestStream(TransportContext& context)
   場所 System.Net.HttpWebRequest.GetRequestStream()
   場所 PCSCntlSchedule.clsXmlBase.SendRequest(String sSendData, ResHeaderInf& objResHead, Byte[]& btResData)
DefaultSource	Error	2	2017/06/22 23:28:46.581	更新スケジュールのリクエスト送信に失敗しました。
DefaultSource	Information	0	2017/06/22 23:29:46.563	プロセス監視情報を更新しました
DefaultSource	Information	0	2017/06/22 23:30:46.577	プロセス監視情報を更新しました
DefaultSource	Information	0	2017/06/22 23:31:46.590	プロセス監視情報を更新しました
DefaultSource	Information	0	2017/06/22 23:32:46.603	プロセス監視情報を更新しました
DefaultSource	Information	0	2017/06/22 23:33:46.617	プロセス監視情報を更新しました
DefaultSource	Information	0	2017/06/22 23:34:46.630	プロセス監視情報を更新しました
DefaultSource	Information	0	2017/06/22 23:35:46.643	プロセス監視情報を更新しました
DefaultSource	Information	0	2017/06/22 23:36:46.656	プロセス監視情報を更新しました
DefaultSource	Information	0	2017/06/22 23:37:46.670	プロセス監視情報を更新しました
DefaultSource	Information	0	2017/06/22 23:38:46.683	プロセス監視情報を更新しました
DefaultSource	Information	0	2017/06/22 23:39:46.696	プロセス監視情報を更新しました
DefaultSource	Information	0	2017/06/22 23:40:46.710	プロセス監視情報を更新しました
DefaultSource	Information	0	2017/06/22 23:41:46.723	プロセス監視情報を更新しました
DefaultSource	Information	0	2017/06/22 23:42:46.736	プロセス監視情報を更新しました
DefaultSource	Information	0	2017/06/22 23:43:46.750	プロセス監視情報を更新しました
DefaultSource	Information	0	2017/06/22 23:44:46.763	プロセス監視情報を更新しました
DefaultSource	Information	0	2017/06/22 23:45:46.776	プロセス監視情報を更新しました
DefaultSource	Information	0	2017/06/22 23:46:46.790	プロセス監視情報を更新しました
DefaultSource	Information	0	2017/06/22 23:47:46.803	プロセス監視情報を更新しました
DefaultSource	Information	0	2017/06/22 23:48:46.816	プロセス監視情報を更新しました
DefaultSource	Information	0	2017/06/22 23:49:46.829	プロセス監視情報を更新しました
DefaultSource	Information	0	2017/06/22 23:50:46.843	プロセス監視情報を更新しました
DefaultSource	Information	0	2017/06/22 23:51:46.856	プロセス監視情報を更新しました
DefaultSource	Information	0	2017/06/22 23:52:46.869	プロセス監視情報を更新しました
DefaultSource	Information	0	2017/06/22 23:53:46.883	プロセス監視情報を更新しました
DefaultSource	Information	0	2017/06/22 23:54:46.896	プロセス監視情報を更新しました
DefaultSource	Information	0	2017/06/22 23:55:46.909	プロセス監視情報を更新しました
DefaultSource	Information	0	2017/06/22 23:56:46.923	プロセス監視情報を更新しました
DefaultSource	Information	0	2017/06/22 23:57:46.936	プロセス監視情報を更新しました
DefaultSource	Information	0	2017/06/22 23:58:46.949	処理開始:更新スケジュール取得
DefaultSource	Information	0	2017/06/22 23:58:46.949	送信内容：power_plant_id=12345678901234567890123455&mac_address=000FEC003D67&schedule_kbn=0000
DefaultSource	Information	0	2017/06/22 23:58:46.949	プロセス監視情報を更新しました
DefaultSource	Critical	3	2017/06/22 23:58:46.980	リモート サーバーに接続できません。	   場所 System.Net.HttpWebRequest.GetRequestStream(TransportContext& context)
   場所 System.Net.HttpWebRequest.GetRequestStream()
   場所 PCSCntlSchedule.clsXmlBase.SendRequest(String sSendData, ResHeaderInf& objResHead, Byte[]& btResData)
DefaultSource	Error	2	2017/06/22 23:58:46.980	更新スケジュールのリクエスト送信に失敗しました。
DefaultSource	Information	0	2017/06/22 23:59:46.962	プロセス監視情報を更新しました
