DefaultSource	Information	0	2017/06/22 10:35:20.133	MSSQLSERVER 実行検出
DefaultSource	Information	0	2017/06/22 10:35:20.179	【正常終了】INIファイル情報取得
DefaultSource	Information	0	2017/06/22 10:35:20.179	【正常終了】ログ画面設定
DefaultSource	Information	0	2017/06/22 10:35:20.289	【正常終了】データベース接続
DefaultSource	Information	0	2017/06/22 10:35:20.289	【正常終了】データベース接続
DefaultSource	Information	0	2017/06/22 10:35:20.304	【正常終了】システムＩＤ取得
DefaultSource	Information	0	2017/06/22 10:35:20.304	【正常終了】サブ発電所情報収集クラス生成
DefaultSource	Warning	1	2017/06/22 10:35:20.351	サブ発電所情報収集プロセス起動
DefaultSource	Information	0	2017/06/22 10:36:20.430	サブ発電所情報を登録しました
DefaultSource	Information	0	2017/06/22 10:36:20.430	【正常終了】サブ発電所情報登録 
DefaultSource	Information	0	2017/06/22 10:37:20.454	サブ発電所情報を更新しました
DefaultSource	Information	0	2017/06/22 10:37:20.454	【正常終了】サブ発電所情報更新 
DefaultSource	Information	0	2017/06/22 10:38:20.436	サブ発電所情報を更新しました
DefaultSource	Information	0	2017/06/22 10:38:20.436	【正常終了】サブ発電所情報更新 
DefaultSource	Warning	1	2017/06/22 10:39:15.684	サブ発電所情報収集プロセス終了
DefaultSource	Information	0	2017/06/22 10:41:29.898	MSSQLSERVER 実行検出
DefaultSource	Information	0	2017/06/22 10:41:29.945	【正常終了】INIファイル情報取得
DefaultSource	Information	0	2017/06/22 10:41:29.945	【正常終了】ログ画面設定
DefaultSource	Information	0	2017/06/22 10:41:30.039	【正常終了】データベース接続
DefaultSource	Information	0	2017/06/22 10:41:30.054	【正常終了】データベース接続
DefaultSource	Information	0	2017/06/22 10:41:30.054	【正常終了】システムＩＤ取得
DefaultSource	Information	0	2017/06/22 10:41:30.054	【正常終了】サブ発電所情報収集クラス生成
DefaultSource	Warning	1	2017/06/22 10:41:30.085	サブ発電所情報収集プロセス起動
DefaultSource	Information	0	2017/06/22 10:42:30.208	サブ発電所情報を更新しました
DefaultSource	Information	0	2017/06/22 10:42:30.208	【正常終了】サブ発電所情報更新 
DefaultSource	Warning	1	2017/06/22 10:43:27.756	サブ発電所情報収集プロセス終了
DefaultSource	Information	0	2017/06/22 10:53:32.405	MSSQLSERVER 実行検出
DefaultSource	Information	0	2017/06/22 10:53:32.467	【正常終了】INIファイル情報取得
DefaultSource	Information	0	2017/06/22 10:53:32.467	【正常終了】ログ画面設定
DefaultSource	Information	0	2017/06/22 10:53:32.577	【正常終了】データベース接続
DefaultSource	Information	0	2017/06/22 10:53:32.577	【正常終了】データベース接続
DefaultSource	Information	0	2017/06/22 10:53:32.592	【正常終了】システムＩＤ取得
DefaultSource	Information	0	2017/06/22 10:53:32.592	【正常終了】サブ発電所情報収集クラス生成
DefaultSource	Warning	1	2017/06/22 10:53:32.623	サブ発電所情報収集プロセス起動
DefaultSource	Information	0	2017/06/22 10:54:32.746	サブ発電所情報を登録しました
DefaultSource	Information	0	2017/06/22 10:54:32.746	【正常終了】サブ発電所情報登録 
DefaultSource	Information	0	2017/06/22 10:55:32.726	サブ発電所情報を更新しました
DefaultSource	Information	0	2017/06/22 10:55:32.726	【正常終了】サブ発電所情報更新 
DefaultSource	Information	0	2017/06/22 10:56:32.708	サブ発電所情報を更新しました
DefaultSource	Information	0	2017/06/22 10:56:32.708	【正常終了】サブ発電所情報更新 
DefaultSource	Information	0	2017/06/22 10:57:32.727	サブ発電所情報を更新しました
DefaultSource	Information	0	2017/06/22 10:57:32.727	【正常終了】サブ発電所情報更新 
DefaultSource	Information	0	2017/06/22 10:58:32.765	サブ発電所情報を更新しました
DefaultSource	Information	0	2017/06/22 10:58:32.765	【正常終了】サブ発電所情報更新 
DefaultSource	Information	0	2017/06/22 10:59:32.747	サブ発電所情報を更新しました
DefaultSource	Information	0	2017/06/22 10:59:32.747	【正常終了】サブ発電所情報更新 
DefaultSource	Information	0	2017/06/22 11:00:32.745	サブ発電所情報を更新しました
DefaultSource	Information	0	2017/06/22 11:00:32.745	【正常終了】サブ発電所情報更新 
DefaultSource	Information	0	2017/06/22 11:01:32.749	サブ発電所情報を更新しました
DefaultSource	Information	0	2017/06/22 11:01:32.749	【正常終了】サブ発電所情報更新 
DefaultSource	Information	0	2017/06/22 11:02:32.747	サブ発電所情報を更新しました
DefaultSource	Information	0	2017/06/22 11:02:32.747	【正常終了】サブ発電所情報更新 
DefaultSource	Information	0	2017/06/22 11:03:32.745	サブ発電所情報を更新しました
DefaultSource	Information	0	2017/06/22 11:03:32.745	【正常終了】サブ発電所情報更新 
DefaultSource	Information	0	2017/06/22 11:04:32.742	サブ発電所情報を更新しました
DefaultSource	Information	0	2017/06/22 11:04:32.742	【正常終了】サブ発電所情報更新 
DefaultSource	Information	0	2017/06/22 11:05:32.740	サブ発電所情報を更新しました
DefaultSource	Information	0	2017/06/22 11:05:32.740	【正常終了】サブ発電所情報更新 
DefaultSource	Information	0	2017/06/22 11:06:32.738	サブ発電所情報を更新しました
DefaultSource	Information	0	2017/06/22 11:06:32.738	【正常終了】サブ発電所情報更新 
DefaultSource	Information	0	2017/06/22 11:07:32.735	サブ発電所情報を更新しました
DefaultSource	Information	0	2017/06/22 11:07:32.735	【正常終了】サブ発電所情報更新 
DefaultSource	Information	0	2017/06/22 11:08:32.733	サブ発電所情報を更新しました
DefaultSource	Information	0	2017/06/22 11:08:32.733	【正常終了】サブ発電所情報更新 
DefaultSource	Information	0	2017/06/22 11:09:32.731	サブ発電所情報を更新しました
DefaultSource	Information	0	2017/06/22 11:09:32.731	【正常終了】サブ発電所情報更新 
DefaultSource	Information	0	2017/06/22 11:10:32.729	サブ発電所情報を更新しました
DefaultSource	Information	0	2017/06/22 11:10:32.729	【正常終了】サブ発電所情報更新 
DefaultSource	Information	0	2017/06/22 11:11:32.726	サブ発電所情報を更新しました
DefaultSource	Information	0	2017/06/22 11:11:32.726	【正常終了】サブ発電所情報更新 
DefaultSource	Information	0	2017/06/22 11:12:32.724	サブ発電所情報を更新しました
DefaultSource	Information	0	2017/06/22 11:12:32.724	【正常終了】サブ発電所情報更新 
DefaultSource	Information	0	2017/06/22 11:13:32.722	サブ発電所情報を更新しました
DefaultSource	Information	0	2017/06/22 11:13:32.722	【正常終了】サブ発電所情報更新 
DefaultSource	Information	0	2017/06/22 11:14:32.719	サブ発電所情報を更新しました
DefaultSource	Information	0	2017/06/22 11:14:32.719	【正常終了】サブ発電所情報更新 
DefaultSource	Information	0	2017/06/22 11:15:32.717	サブ発電所情報を更新しました
DefaultSource	Information	0	2017/06/22 11:15:32.717	【正常終了】サブ発電所情報更新 
DefaultSource	Information	0	2017/06/22 11:16:32.715	サブ発電所情報を更新しました
DefaultSource	Information	0	2017/06/22 11:16:32.715	【正常終了】サブ発電所情報更新 
DefaultSource	Information	0	2017/06/22 11:17:32.713	サブ発電所情報を更新しました
DefaultSource	Information	0	2017/06/22 11:17:32.713	【正常終了】サブ発電所情報更新 
DefaultSource	Information	0	2017/06/22 11:18:32.710	サブ発電所情報を更新しました
DefaultSource	Information	0	2017/06/22 11:18:32.710	【正常終了】サブ発電所情報更新 
DefaultSource	Information	0	2017/06/22 11:19:32.708	サブ発電所情報を更新しました
DefaultSource	Information	0	2017/06/22 11:19:32.708	【正常終了】サブ発電所情報更新 
DefaultSource	Information	0	2017/06/22 11:20:32.706	サブ発電所情報を更新しました
DefaultSource	Information	0	2017/06/22 11:20:32.706	【正常終了】サブ発電所情報更新 
DefaultSource	Information	0	2017/06/22 11:21:32.719	サブ発電所情報を更新しました
DefaultSource	Information	0	2017/06/22 11:21:32.719	【正常終了】サブ発電所情報更新 
DefaultSource	Information	0	2017/06/22 11:22:32.717	サブ発電所情報を更新しました
DefaultSource	Information	0	2017/06/22 11:22:32.717	【正常終了】サブ発電所情報更新 
DefaultSource	Information	0	2017/06/22 11:23:32.714	サブ発電所情報を更新しました
DefaultSource	Information	0	2017/06/22 11:23:32.714	【正常終了】サブ発電所情報更新 
DefaultSource	Information	0	2017/06/22 11:24:32.712	サブ発電所情報を更新しました
DefaultSource	Information	0	2017/06/22 11:24:32.712	【正常終了】サブ発電所情報更新 
DefaultSource	Information	0	2017/06/22 11:25:32.710	サブ発電所情報を更新しました
DefaultSource	Information	0	2017/06/22 11:25:32.710	【正常終了】サブ発電所情報更新 
DefaultSource	Information	0	2017/06/22 11:26:32.723	サブ発電所情報を更新しました
DefaultSource	Information	0	2017/06/22 11:26:32.723	【正常終了】サブ発電所情報更新 
DefaultSource	Information	0	2017/06/22 11:27:32.721	サブ発電所情報を更新しました
DefaultSource	Information	0	2017/06/22 11:27:32.721	【正常終了】サブ発電所情報更新 
DefaultSource	Information	0	2017/06/22 11:28:32.719	サブ発電所情報を更新しました
DefaultSource	Information	0	2017/06/22 11:28:32.719	【正常終了】サブ発電所情報更新 
DefaultSource	Information	0	2017/06/22 11:29:32.716	サブ発電所情報を更新しました
DefaultSource	Information	0	2017/06/22 11:29:32.716	【正常終了】サブ発電所情報更新 
DefaultSource	Information	0	2017/06/22 11:30:32.724	サブ発電所情報を更新しました
DefaultSource	Information	0	2017/06/22 11:30:32.724	【正常終了】サブ発電所情報更新 
DefaultSource	Information	0	2017/06/22 11:31:32.721	サブ発電所情報を更新しました
DefaultSource	Information	0	2017/06/22 11:31:32.721	【正常終了】サブ発電所情報更新 
DefaultSource	Information	0	2017/06/22 11:32:32.719	サブ発電所情報を更新しました
DefaultSource	Information	0	2017/06/22 11:32:32.719	【正常終了】サブ発電所情報更新 
DefaultSource	Warning	1	2017/06/22 11:33:01.470	サブ発電所情報収集プロセス終了
DefaultSource	Information	0	2017/06/22 11:34:41.618	MSSQLSERVER 実行検出
DefaultSource	Information	0	2017/06/22 11:34:41.664	【正常終了】INIファイル情報取得
DefaultSource	Information	0	2017/06/22 11:34:41.680	【正常終了】ログ画面設定
DefaultSource	Information	0	2017/06/22 11:34:41.758	【正常終了】データベース接続
DefaultSource	Information	0	2017/06/22 11:34:41.758	【正常終了】データベース接続
DefaultSource	Information	0	2017/06/22 11:34:41.758	【正常終了】システムＩＤ取得
DefaultSource	Information	0	2017/06/22 11:34:41.758	【正常終了】サブ発電所情報収集クラス生成
DefaultSource	Warning	1	2017/06/22 11:34:41.789	サブ発電所情報収集プロセス起動
DefaultSource	Information	0	2017/06/22 11:35:41.865	サブ発電所情報を更新しました
DefaultSource	Information	0	2017/06/22 11:35:41.865	【正常終了】サブ発電所情報更新 
DefaultSource	Information	0	2017/06/22 11:36:41.816	サブ発電所情報を更新しました
DefaultSource	Information	0	2017/06/22 11:36:41.816	【正常終了】サブ発電所情報更新 
DefaultSource	Warning	1	2017/06/22 11:36:46.979	サブ発電所情報収集プロセス終了
DefaultSource	Information	0	2017/06/22 11:41:03.085	MSSQLSERVER 実行検出
DefaultSource	Information	0	2017/06/22 11:41:03.132	【正常終了】INIファイル情報取得
DefaultSource	Information	0	2017/06/22 11:41:03.132	【正常終了】ログ画面設定
DefaultSource	Information	0	2017/06/22 11:41:03.210	【正常終了】データベース接続
DefaultSource	Information	0	2017/06/22 11:41:03.210	【正常終了】データベース接続
DefaultSource	Information	0	2017/06/22 11:41:03.210	【正常終了】システムＩＤ取得
DefaultSource	Information	0	2017/06/22 11:41:03.210	【正常終了】サブ発電所情報収集クラス生成
DefaultSource	Warning	1	2017/06/22 11:41:03.241	サブ発電所情報収集プロセス起動
DefaultSource	Information	0	2017/06/22 11:42:03.301	サブ発電所情報を更新しました
DefaultSource	Information	0	2017/06/22 11:42:03.301	【正常終了】サブ発電所情報更新 
DefaultSource	Information	0	2017/06/22 11:43:03.277	サブ発電所情報を更新しました
DefaultSource	Information	0	2017/06/22 11:43:03.277	【正常終了】サブ発電所情報更新 
DefaultSource	Information	0	2017/06/22 11:44:03.280	サブ発電所情報を更新しました
DefaultSource	Information	0	2017/06/22 11:44:03.280	【正常終了】サブ発電所情報更新 
DefaultSource	Warning	1	2017/06/22 11:44:25.136	サブ発電所情報収集プロセス終了
DefaultSource	Information	0	2017/06/22 13:07:32.013	MSSQLSERVER 実行検出
DefaultSource	Information	0	2017/06/22 13:07:32.059	【正常終了】INIファイル情報取得
DefaultSource	Information	0	2017/06/22 13:07:32.059	【正常終了】ログ画面設定
DefaultSource	Information	0	2017/06/22 13:07:32.137	【正常終了】データベース接続
DefaultSource	Information	0	2017/06/22 13:07:32.137	【正常終了】データベース接続
DefaultSource	Information	0	2017/06/22 13:07:32.137	【正常終了】システムＩＤ取得
DefaultSource	Information	0	2017/06/22 13:07:32.137	【正常終了】サブ発電所情報収集クラス生成
DefaultSource	Warning	1	2017/06/22 13:07:32.169	サブ発電所情報収集プロセス起動
DefaultSource	Information	0	2017/06/22 13:08:32.244	サブ発電所情報を更新しました
DefaultSource	Information	0	2017/06/22 13:08:32.244	【正常終了】サブ発電所情報更新 
DefaultSource	Warning	1	2017/06/22 13:08:58.809	サブ発電所情報収集プロセス終了
DefaultSource	Information	0	2017/06/22 13:09:28.749	MSSQLSERVER 実行検出
DefaultSource	Information	0	2017/06/22 13:09:28.796	【正常終了】INIファイル情報取得
DefaultSource	Information	0	2017/06/22 13:09:28.796	【正常終了】ログ画面設定
DefaultSource	Information	0	2017/06/22 13:09:28.874	【正常終了】データベース接続
DefaultSource	Information	0	2017/06/22 13:09:28.874	【正常終了】データベース接続
DefaultSource	Information	0	2017/06/22 13:09:28.890	【正常終了】システムＩＤ取得
DefaultSource	Information	0	2017/06/22 13:09:28.890	【正常終了】サブ発電所情報収集クラス生成
DefaultSource	Warning	1	2017/06/22 13:09:28.921	サブ発電所情報収集プロセス起動
DefaultSource	Information	0	2017/06/22 13:10:28.972	サブ発電所情報を更新しました
DefaultSource	Information	0	2017/06/22 13:10:28.972	【正常終了】サブ発電所情報更新 
DefaultSource	Information	0	2017/06/22 13:11:28.942	サブ発電所情報を更新しました
DefaultSource	Information	0	2017/06/22 13:11:28.942	【正常終了】サブ発電所情報更新 
DefaultSource	Information	0	2017/06/22 13:12:28.955	サブ発電所情報を更新しました
DefaultSource	Information	0	2017/06/22 13:12:28.955	【正常終了】サブ発電所情報更新 
DefaultSource	Information	0	2017/06/22 13:13:28.953	サブ発電所情報を更新しました
DefaultSource	Information	0	2017/06/22 13:13:28.953	【正常終了】サブ発電所情報更新 
DefaultSource	Information	0	2017/06/22 13:14:28.950	サブ発電所情報を更新しました
DefaultSource	Information	0	2017/06/22 13:14:28.950	【正常終了】サブ発電所情報更新 
DefaultSource	Information	0	2017/06/22 13:15:28.948	サブ発電所情報を更新しました
DefaultSource	Information	0	2017/06/22 13:15:28.948	【正常終了】サブ発電所情報更新 
DefaultSource	Information	0	2017/06/22 13:16:28.946	サブ発電所情報を更新しました
DefaultSource	Information	0	2017/06/22 13:16:28.946	【正常終了】サブ発電所情報更新 
DefaultSource	Information	0	2017/06/22 13:17:28.944	サブ発電所情報を更新しました
DefaultSource	Information	0	2017/06/22 13:17:28.944	【正常終了】サブ発電所情報更新 
DefaultSource	Information	0	2017/06/22 13:18:28.941	サブ発電所情報を更新しました
DefaultSource	Information	0	2017/06/22 13:18:28.941	【正常終了】サブ発電所情報更新 
DefaultSource	Information	0	2017/06/22 13:19:28.939	サブ発電所情報を更新しました
DefaultSource	Information	0	2017/06/22 13:19:28.939	【正常終了】サブ発電所情報更新 
DefaultSource	Information	0	2017/06/22 13:20:28.937	サブ発電所情報を更新しました
DefaultSource	Information	0	2017/06/22 13:20:28.937	【正常終了】サブ発電所情報更新 
DefaultSource	Information	0	2017/06/22 13:21:28.934	サブ発電所情報を更新しました
DefaultSource	Information	0	2017/06/22 13:21:28.934	【正常終了】サブ発電所情報更新 
DefaultSource	Information	0	2017/06/22 13:22:28.952	サブ発電所情報を更新しました
DefaultSource	Information	0	2017/06/22 13:22:28.952	【正常終了】サブ発電所情報更新 
DefaultSource	Information	0	2017/06/22 13:23:28.949	サブ発電所情報を更新しました
DefaultSource	Information	0	2017/06/22 13:23:28.949	【正常終了】サブ発電所情報更新 
DefaultSource	Information	0	2017/06/22 13:24:28.947	サブ発電所情報を更新しました
DefaultSource	Information	0	2017/06/22 13:24:28.947	【正常終了】サブ発電所情報更新 
DefaultSource	Information	0	2017/06/22 13:25:28.945	サブ発電所情報を更新しました
DefaultSource	Information	0	2017/06/22 13:25:28.945	【正常終了】サブ発電所情報更新 
DefaultSource	Information	0	2017/06/22 13:26:28.943	サブ発電所情報を更新しました
DefaultSource	Information	0	2017/06/22 13:26:28.943	【正常終了】サブ発電所情報更新 
DefaultSource	Warning	1	2017/06/22 13:26:34.902	サブ発電所情報収集プロセス終了
DefaultSource	Information	0	2017/06/22 13:28:27.825	MSSQLSERVER 実行検出
DefaultSource	Information	0	2017/06/22 13:28:27.872	【正常終了】INIファイル情報取得
DefaultSource	Information	0	2017/06/22 13:28:27.872	【正常終了】ログ画面設定
DefaultSource	Information	0	2017/06/22 13:28:27.950	【正常終了】データベース接続
DefaultSource	Information	0	2017/06/22 13:28:27.950	【正常終了】データベース接続
DefaultSource	Information	0	2017/06/22 13:28:27.950	【正常終了】システムＩＤ取得
DefaultSource	Information	0	2017/06/22 13:28:27.950	【正常終了】サブ発電所情報収集クラス生成
DefaultSource	Warning	1	2017/06/22 13:28:27.981	サブ発電所情報収集プロセス起動
DefaultSource	Information	0	2017/06/22 13:29:28.057	サブ発電所情報を更新しました
DefaultSource	Information	0	2017/06/22 13:29:28.057	【正常終了】サブ発電所情報更新 
DefaultSource	Information	0	2017/06/22 13:30:28.038	サブ発電所情報を更新しました
DefaultSource	Information	0	2017/06/22 13:30:28.038	【正常終了】サブ発電所情報更新 
DefaultSource	Information	0	2017/06/22 13:31:28.035	サブ発電所情報を更新しました
DefaultSource	Information	0	2017/06/22 13:31:28.035	【正常終了】サブ発電所情報更新 
DefaultSource	Information	0	2017/06/22 13:32:28.035	サブ発電所情報を更新しました
DefaultSource	Information	0	2017/06/22 13:32:28.035	【正常終了】サブ発電所情報更新 
DefaultSource	Information	0	2017/06/22 13:33:28.028	サブ発電所情報を更新しました
DefaultSource	Information	0	2017/06/22 13:33:28.028	【正常終了】サブ発電所情報更新 
DefaultSource	Information	0	2017/06/22 13:34:28.024	サブ発電所情報を更新しました
DefaultSource	Information	0	2017/06/22 13:34:28.024	【正常終了】サブ発電所情報更新 
DefaultSource	Information	0	2017/06/22 13:35:28.022	サブ発電所情報を更新しました
DefaultSource	Information	0	2017/06/22 13:35:28.022	【正常終了】サブ発電所情報更新 
DefaultSource	Information	0	2017/06/22 13:36:28.035	サブ発電所情報を更新しました
DefaultSource	Information	0	2017/06/22 13:36:28.035	【正常終了】サブ発電所情報更新 
DefaultSource	Information	0	2017/06/22 13:37:28.033	サブ発電所情報を更新しました
DefaultSource	Information	0	2017/06/22 13:37:28.033	【正常終了】サブ発電所情報更新 
DefaultSource	Information	0	2017/06/22 13:38:28.031	サブ発電所情報を更新しました
DefaultSource	Information	0	2017/06/22 13:38:28.031	【正常終了】サブ発電所情報更新 
DefaultSource	Information	0	2017/06/22 13:39:28.028	サブ発電所情報を更新しました
DefaultSource	Information	0	2017/06/22 13:39:28.028	【正常終了】サブ発電所情報更新 
DefaultSource	Information	0	2017/06/22 13:40:28.026	サブ発電所情報を更新しました
DefaultSource	Information	0	2017/06/22 13:40:28.026	【正常終了】サブ発電所情報更新 
DefaultSource	Information	0	2017/06/22 13:41:28.024	サブ発電所情報を更新しました
DefaultSource	Information	0	2017/06/22 13:41:28.024	【正常終了】サブ発電所情報更新 
DefaultSource	Information	0	2017/06/22 13:42:28.021	サブ発電所情報を更新しました
DefaultSource	Information	0	2017/06/22 13:42:28.021	【正常終了】サブ発電所情報更新 
DefaultSource	Information	0	2017/06/22 13:43:28.019	サブ発電所情報を更新しました
DefaultSource	Information	0	2017/06/22 13:43:28.019	【正常終了】サブ発電所情報更新 
DefaultSource	Information	0	2017/06/22 13:44:28.017	サブ発電所情報を更新しました
DefaultSource	Information	0	2017/06/22 13:44:28.017	【正常終了】サブ発電所情報更新 
DefaultSource	Information	0	2017/06/22 13:45:28.015	サブ発電所情報を更新しました
DefaultSource	Information	0	2017/06/22 13:45:28.015	【正常終了】サブ発電所情報更新 
DefaultSource	Information	0	2017/06/22 13:46:28.012	サブ発電所情報を更新しました
DefaultSource	Information	0	2017/06/22 13:46:28.012	【正常終了】サブ発電所情報更新 
DefaultSource	Information	0	2017/06/22 13:47:28.010	サブ発電所情報を更新しました
DefaultSource	Information	0	2017/06/22 13:47:28.010	【正常終了】サブ発電所情報更新 
DefaultSource	Information	0	2017/06/22 13:48:28.008	サブ発電所情報を更新しました
DefaultSource	Information	0	2017/06/22 13:48:28.008	【正常終了】サブ発電所情報更新 
DefaultSource	Information	0	2017/06/22 13:49:28.005	サブ発電所情報を更新しました
DefaultSource	Information	0	2017/06/22 13:49:28.005	【正常終了】サブ発電所情報更新 
DefaultSource	Information	0	2017/06/22 13:50:28.003	サブ発電所情報を更新しました
DefaultSource	Information	0	2017/06/22 13:50:28.003	【正常終了】サブ発電所情報更新 
DefaultSource	Information	0	2017/06/22 13:51:28.001	サブ発電所情報を更新しました
DefaultSource	Information	0	2017/06/22 13:51:28.001	【正常終了】サブ発電所情報更新 
DefaultSource	Information	0	2017/06/22 13:52:27.998	サブ発電所情報を更新しました
DefaultSource	Information	0	2017/06/22 13:52:27.998	【正常終了】サブ発電所情報更新 
DefaultSource	Information	0	2017/06/22 13:53:27.996	サブ発電所情報を更新しました
DefaultSource	Information	0	2017/06/22 13:53:27.996	【正常終了】サブ発電所情報更新 
DefaultSource	Information	0	2017/06/22 13:54:27.994	サブ発電所情報を更新しました
DefaultSource	Information	0	2017/06/22 13:54:27.994	【正常終了】サブ発電所情報更新 
DefaultSource	Information	0	2017/06/22 13:55:27.999	サブ発電所情報を更新しました
DefaultSource	Information	0	2017/06/22 13:55:27.999	【正常終了】サブ発電所情報更新 
DefaultSource	Information	0	2017/06/22 13:56:27.997	サブ発電所情報を更新しました
DefaultSource	Information	0	2017/06/22 13:56:27.997	【正常終了】サブ発電所情報更新 
DefaultSource	Information	0	2017/06/22 13:57:27.995	サブ発電所情報を更新しました
DefaultSource	Information	0	2017/06/22 13:57:27.995	【正常終了】サブ発電所情報更新 
DefaultSource	Information	0	2017/06/22 13:58:27.992	サブ発電所情報を更新しました
DefaultSource	Information	0	2017/06/22 13:58:27.992	【正常終了】サブ発電所情報更新 
DefaultSource	Information	0	2017/06/22 13:59:27.990	サブ発電所情報を更新しました
DefaultSource	Information	0	2017/06/22 13:59:27.990	【正常終了】サブ発電所情報更新 
DefaultSource	Information	0	2017/06/22 14:00:27.988	サブ発電所情報を更新しました
DefaultSource	Information	0	2017/06/22 14:00:27.988	【正常終了】サブ発電所情報更新 
DefaultSource	Information	0	2017/06/22 14:01:27.985	サブ発電所情報を更新しました
DefaultSource	Information	0	2017/06/22 14:01:27.985	【正常終了】サブ発電所情報更新 
DefaultSource	Information	0	2017/06/22 14:02:27.983	サブ発電所情報を更新しました
DefaultSource	Information	0	2017/06/22 14:02:27.983	【正常終了】サブ発電所情報更新 
DefaultSource	Information	0	2017/06/22 14:03:27.981	サブ発電所情報を更新しました
DefaultSource	Information	0	2017/06/22 14:03:27.981	【正常終了】サブ発電所情報更新 
DefaultSource	Information	0	2017/06/22 14:04:27.979	サブ発電所情報を更新しました
DefaultSource	Information	0	2017/06/22 14:04:27.979	【正常終了】サブ発電所情報更新 
DefaultSource	Information	0	2017/06/22 14:05:27.976	サブ発電所情報を更新しました
DefaultSource	Information	0	2017/06/22 14:05:27.976	【正常終了】サブ発電所情報更新 
DefaultSource	Information	0	2017/06/22 14:06:27.974	サブ発電所情報を更新しました
DefaultSource	Information	0	2017/06/22 14:06:27.974	【正常終了】サブ発電所情報更新 
DefaultSource	Information	0	2017/06/22 14:07:27.972	サブ発電所情報を更新しました
DefaultSource	Information	0	2017/06/22 14:07:27.972	【正常終了】サブ発電所情報更新 
DefaultSource	Information	0	2017/06/22 14:08:27.969	サブ発電所情報を更新しました
DefaultSource	Information	0	2017/06/22 14:08:27.969	【正常終了】サブ発電所情報更新 
DefaultSource	Information	0	2017/06/22 14:09:27.967	サブ発電所情報を更新しました
DefaultSource	Information	0	2017/06/22 14:09:27.967	【正常終了】サブ発電所情報更新 
DefaultSource	Information	0	2017/06/22 14:10:27.965	サブ発電所情報を更新しました
DefaultSource	Information	0	2017/06/22 14:10:27.965	【正常終了】サブ発電所情報更新 
DefaultSource	Information	0	2017/06/22 14:11:27.962	サブ発電所情報を更新しました
DefaultSource	Information	0	2017/06/22 14:11:27.962	【正常終了】サブ発電所情報更新 
DefaultSource	Information	0	2017/06/22 14:12:27.960	サブ発電所情報を更新しました
DefaultSource	Information	0	2017/06/22 14:12:27.960	【正常終了】サブ発電所情報更新 
DefaultSource	Information	0	2017/06/22 14:13:27.958	サブ発電所情報を更新しました
DefaultSource	Information	0	2017/06/22 14:13:27.958	【正常終了】サブ発電所情報更新 
DefaultSource	Information	0	2017/06/22 14:14:27.956	サブ発電所情報を更新しました
DefaultSource	Information	0	2017/06/22 14:14:27.956	【正常終了】サブ発電所情報更新 
DefaultSource	Information	0	2017/06/22 14:15:27.953	サブ発電所情報を更新しました
DefaultSource	Information	0	2017/06/22 14:15:27.953	【正常終了】サブ発電所情報更新 
DefaultSource	Information	0	2017/06/22 14:16:27.951	サブ発電所情報を更新しました
DefaultSource	Information	0	2017/06/22 14:16:27.951	【正常終了】サブ発電所情報更新 
DefaultSource	Information	0	2017/06/22 14:17:27.949	サブ発電所情報を更新しました
DefaultSource	Information	0	2017/06/22 14:17:27.949	【正常終了】サブ発電所情報更新 
DefaultSource	Information	0	2017/06/22 14:18:27.946	サブ発電所情報を更新しました
DefaultSource	Information	0	2017/06/22 14:18:27.946	【正常終了】サブ発電所情報更新 
DefaultSource	Information	0	2017/06/22 14:19:27.944	サブ発電所情報を更新しました
DefaultSource	Information	0	2017/06/22 14:19:27.944	【正常終了】サブ発電所情報更新 
DefaultSource	Information	0	2017/06/22 14:20:27.942	サブ発電所情報を更新しました
DefaultSource	Information	0	2017/06/22 14:20:27.942	【正常終了】サブ発電所情報更新 
DefaultSource	Information	0	2017/06/22 14:21:27.940	サブ発電所情報を更新しました
DefaultSource	Information	0	2017/06/22 14:21:27.940	【正常終了】サブ発電所情報更新 
DefaultSource	Information	0	2017/06/22 14:22:27.937	サブ発電所情報を更新しました
DefaultSource	Information	0	2017/06/22 14:22:27.937	【正常終了】サブ発電所情報更新 
DefaultSource	Information	0	2017/06/22 14:23:27.935	サブ発電所情報を更新しました
DefaultSource	Information	0	2017/06/22 14:23:27.935	【正常終了】サブ発電所情報更新 
DefaultSource	Information	0	2017/06/22 14:24:27.933	サブ発電所情報を更新しました
DefaultSource	Information	0	2017/06/22 14:24:27.933	【正常終了】サブ発電所情報更新 
DefaultSource	Information	0	2017/06/22 14:25:27.930	サブ発電所情報を更新しました
DefaultSource	Information	0	2017/06/22 14:25:27.930	【正常終了】サブ発電所情報更新 
DefaultSource	Information	0	2017/06/22 14:26:27.928	サブ発電所情報を更新しました
DefaultSource	Information	0	2017/06/22 14:26:27.928	【正常終了】サブ発電所情報更新 
DefaultSource	Information	0	2017/06/22 14:27:27.926	サブ発電所情報を更新しました
DefaultSource	Information	0	2017/06/22 14:27:27.926	【正常終了】サブ発電所情報更新 
DefaultSource	Information	0	2017/06/22 14:28:27.923	サブ発電所情報を更新しました
DefaultSource	Information	0	2017/06/22 14:28:27.923	【正常終了】サブ発電所情報更新 
DefaultSource	Information	0	2017/06/22 14:29:27.921	サブ発電所情報を更新しました
DefaultSource	Information	0	2017/06/22 14:29:27.921	【正常終了】サブ発電所情報更新 
DefaultSource	Information	0	2017/06/22 14:30:27.919	サブ発電所情報を更新しました
DefaultSource	Information	0	2017/06/22 14:30:27.919	【正常終了】サブ発電所情報更新 
DefaultSource	Information	0	2017/06/22 14:31:27.917	サブ発電所情報を更新しました
DefaultSource	Information	0	2017/06/22 14:31:27.917	【正常終了】サブ発電所情報更新 
DefaultSource	Information	0	2017/06/22 14:32:27.921	サブ発電所情報を更新しました
DefaultSource	Information	0	2017/06/22 14:32:27.921	【正常終了】サブ発電所情報更新 
DefaultSource	Information	0	2017/06/22 14:33:27.919	サブ発電所情報を更新しました
DefaultSource	Information	0	2017/06/22 14:33:27.919	【正常終了】サブ発電所情報更新 
DefaultSource	Information	0	2017/06/22 14:34:27.932	サブ発電所情報を更新しました
DefaultSource	Information	0	2017/06/22 14:34:27.932	【正常終了】サブ発電所情報更新 
DefaultSource	Information	0	2017/06/22 14:35:27.914	サブ発電所情報を更新しました
DefaultSource	Information	0	2017/06/22 14:35:27.914	【正常終了】サブ発電所情報更新 
DefaultSource	Information	0	2017/06/22 14:36:27.912	サブ発電所情報を更新しました
DefaultSource	Information	0	2017/06/22 14:36:27.912	【正常終了】サブ発電所情報更新 
DefaultSource	Information	0	2017/06/22 14:37:27.910	サブ発電所情報を更新しました
DefaultSource	Information	0	2017/06/22 14:37:27.910	【正常終了】サブ発電所情報更新 
DefaultSource	Information	0	2017/06/22 14:38:27.907	サブ発電所情報を更新しました
DefaultSource	Information	0	2017/06/22 14:38:27.907	【正常終了】サブ発電所情報更新 
DefaultSource	Information	0	2017/06/22 14:39:27.905	サブ発電所情報を更新しました
DefaultSource	Information	0	2017/06/22 14:39:27.905	【正常終了】サブ発電所情報更新 
DefaultSource	Information	0	2017/06/22 14:40:27.918	サブ発電所情報を更新しました
DefaultSource	Information	0	2017/06/22 14:40:27.918	【正常終了】サブ発電所情報更新 
DefaultSource	Information	0	2017/06/22 14:41:27.900	サブ発電所情報を更新しました
DefaultSource	Information	0	2017/06/22 14:41:27.900	【正常終了】サブ発電所情報更新 
DefaultSource	Information	0	2017/06/22 14:42:27.898	サブ発電所情報を更新しました
DefaultSource	Information	0	2017/06/22 14:42:27.898	【正常終了】サブ発電所情報更新 
DefaultSource	Information	0	2017/06/22 14:43:27.896	サブ発電所情報を更新しました
DefaultSource	Information	0	2017/06/22 14:43:27.896	【正常終了】サブ発電所情報更新 
DefaultSource	Information	0	2017/06/22 14:44:27.894	サブ発電所情報を更新しました
DefaultSource	Information	0	2017/06/22 14:44:27.894	【正常終了】サブ発電所情報更新 
DefaultSource	Information	0	2017/06/22 14:45:27.891	サブ発電所情報を更新しました
DefaultSource	Information	0	2017/06/22 14:45:27.891	【正常終了】サブ発電所情報更新 
DefaultSource	Information	0	2017/06/22 14:46:27.905	サブ発電所情報を更新しました
DefaultSource	Information	0	2017/06/22 14:46:27.905	【正常終了】サブ発電所情報更新 
DefaultSource	Information	0	2017/06/22 14:47:27.887	サブ発電所情報を更新しました
DefaultSource	Information	0	2017/06/22 14:47:27.887	【正常終了】サブ発電所情報更新 
DefaultSource	Information	0	2017/06/22 14:48:27.884	サブ発電所情報を更新しました
DefaultSource	Information	0	2017/06/22 14:48:27.884	【正常終了】サブ発電所情報更新 
DefaultSource	Information	0	2017/06/22 14:49:27.882	サブ発電所情報を更新しました
DefaultSource	Information	0	2017/06/22 14:49:27.882	【正常終了】サブ発電所情報更新 
DefaultSource	Information	0	2017/06/22 14:50:27.880	サブ発電所情報を更新しました
DefaultSource	Information	0	2017/06/22 14:50:27.880	【正常終了】サブ発電所情報更新 
DefaultSource	Information	0	2017/06/22 14:51:27.878	サブ発電所情報を更新しました
DefaultSource	Information	0	2017/06/22 14:51:27.878	【正常終了】サブ発電所情報更新 
DefaultSource	Information	0	2017/06/22 14:52:27.891	サブ発電所情報を更新しました
DefaultSource	Information	0	2017/06/22 14:52:27.891	【正常終了】サブ発電所情報更新 
DefaultSource	Information	0	2017/06/22 14:53:27.889	サブ発電所情報を更新しました
DefaultSource	Information	0	2017/06/22 14:53:27.889	【正常終了】サブ発電所情報更新 
DefaultSource	Information	0	2017/06/22 14:54:27.886	サブ発電所情報を更新しました
DefaultSource	Information	0	2017/06/22 14:54:27.886	【正常終了】サブ発電所情報更新 
DefaultSource	Information	0	2017/06/22 14:55:27.884	サブ発電所情報を更新しました
DefaultSource	Information	0	2017/06/22 14:55:27.884	【正常終了】サブ発電所情報更新 
DefaultSource	Information	0	2017/06/22 14:56:27.882	サブ発電所情報を更新しました
DefaultSource	Information	0	2017/06/22 14:56:27.882	【正常終了】サブ発電所情報更新 
DefaultSource	Information	0	2017/06/22 14:57:27.879	サブ発電所情報を更新しました
DefaultSource	Information	0	2017/06/22 14:57:27.879	【正常終了】サブ発電所情報更新 
DefaultSource	Information	0	2017/06/22 14:58:27.877	サブ発電所情報を更新しました
DefaultSource	Information	0	2017/06/22 14:58:27.877	【正常終了】サブ発電所情報更新 
DefaultSource	Information	0	2017/06/22 14:59:27.875	サブ発電所情報を更新しました
DefaultSource	Information	0	2017/06/22 14:59:27.875	【正常終了】サブ発電所情報更新 
DefaultSource	Information	0	2017/06/22 15:00:27.872	サブ発電所情報を更新しました
DefaultSource	Information	0	2017/06/22 15:00:27.872	【正常終了】サブ発電所情報更新 
DefaultSource	Information	0	2017/06/22 15:01:27.870	サブ発電所情報を更新しました
DefaultSource	Information	0	2017/06/22 15:01:27.870	【正常終了】サブ発電所情報更新 
DefaultSource	Information	0	2017/06/22 15:02:27.868	サブ発電所情報を更新しました
DefaultSource	Information	0	2017/06/22 15:02:27.868	【正常終了】サブ発電所情報更新 
DefaultSource	Information	0	2017/06/22 15:03:27.866	サブ発電所情報を更新しました
DefaultSource	Information	0	2017/06/22 15:03:27.866	【正常終了】サブ発電所情報更新 
DefaultSource	Information	0	2017/06/22 15:04:27.863	サブ発電所情報を更新しました
DefaultSource	Information	0	2017/06/22 15:04:27.863	【正常終了】サブ発電所情報更新 
DefaultSource	Information	0	2017/06/22 15:05:27.861	サブ発電所情報を更新しました
DefaultSource	Information	0	2017/06/22 15:05:27.861	【正常終了】サブ発電所情報更新 
DefaultSource	Information	0	2017/06/22 15:06:27.859	サブ発電所情報を更新しました
DefaultSource	Information	0	2017/06/22 15:06:27.859	【正常終了】サブ発電所情報更新 
DefaultSource	Information	0	2017/06/22 15:07:27.856	サブ発電所情報を更新しました
DefaultSource	Information	0	2017/06/22 15:07:27.856	【正常終了】サブ発電所情報更新 
DefaultSource	Information	0	2017/06/22 15:08:27.854	サブ発電所情報を更新しました
DefaultSource	Information	0	2017/06/22 15:08:27.854	【正常終了】サブ発電所情報更新 
DefaultSource	Information	0	2017/06/22 15:09:27.852	サブ発電所情報を更新しました
DefaultSource	Information	0	2017/06/22 15:09:27.852	【正常終了】サブ発電所情報更新 
DefaultSource	Information	0	2017/06/22 15:10:27.850	サブ発電所情報を更新しました
DefaultSource	Information	0	2017/06/22 15:10:27.850	【正常終了】サブ発電所情報更新 
DefaultSource	Information	0	2017/06/22 15:11:27.847	サブ発電所情報を更新しました
DefaultSource	Information	0	2017/06/22 15:11:27.847	【正常終了】サブ発電所情報更新 
DefaultSource	Information	0	2017/06/22 15:12:27.845	サブ発電所情報を更新しました
DefaultSource	Information	0	2017/06/22 15:12:27.845	【正常終了】サブ発電所情報更新 
DefaultSource	Information	0	2017/06/22 15:13:27.843	サブ発電所情報を更新しました
DefaultSource	Information	0	2017/06/22 15:13:27.843	【正常終了】サブ発電所情報更新 
DefaultSource	Information	0	2017/06/22 15:14:27.840	サブ発電所情報を更新しました
DefaultSource	Information	0	2017/06/22 15:14:27.840	【正常終了】サブ発電所情報更新 
DefaultSource	Information	0	2017/06/22 15:15:27.838	サブ発電所情報を更新しました
DefaultSource	Information	0	2017/06/22 15:15:27.838	【正常終了】サブ発電所情報更新 
DefaultSource	Information	0	2017/06/22 15:16:27.836	サブ発電所情報を更新しました
DefaultSource	Information	0	2017/06/22 15:16:27.836	【正常終了】サブ発電所情報更新 
DefaultSource	Information	0	2017/06/22 15:17:27.833	サブ発電所情報を更新しました
DefaultSource	Information	0	2017/06/22 15:17:27.833	【正常終了】サブ発電所情報更新 
DefaultSource	Information	0	2017/06/22 15:18:27.831	サブ発電所情報を更新しました
DefaultSource	Information	0	2017/06/22 15:18:27.831	【正常終了】サブ発電所情報更新 
DefaultSource	Information	0	2017/06/22 15:19:27.829	サブ発電所情報を更新しました
DefaultSource	Information	0	2017/06/22 15:19:27.829	【正常終了】サブ発電所情報更新 
DefaultSource	Information	0	2017/06/22 15:20:27.827	サブ発電所情報を更新しました
DefaultSource	Information	0	2017/06/22 15:20:27.827	【正常終了】サブ発電所情報更新 
DefaultSource	Information	0	2017/06/22 15:21:27.824	サブ発電所情報を更新しました
DefaultSource	Information	0	2017/06/22 15:21:27.824	【正常終了】サブ発電所情報更新 
DefaultSource	Information	0	2017/06/22 15:22:27.822	サブ発電所情報を更新しました
DefaultSource	Information	0	2017/06/22 15:22:27.822	【正常終了】サブ発電所情報更新 
DefaultSource	Information	0	2017/06/22 15:23:27.820	サブ発電所情報を更新しました
DefaultSource	Information	0	2017/06/22 15:23:27.820	【正常終了】サブ発電所情報更新 
DefaultSource	Information	0	2017/06/22 15:24:27.817	サブ発電所情報を更新しました
DefaultSource	Information	0	2017/06/22 15:24:27.817	【正常終了】サブ発電所情報更新 
DefaultSource	Information	0	2017/06/22 15:25:27.815	サブ発電所情報を更新しました
DefaultSource	Information	0	2017/06/22 15:25:27.815	【正常終了】サブ発電所情報更新 
DefaultSource	Information	0	2017/06/22 15:26:27.813	サブ発電所情報を更新しました
DefaultSource	Information	0	2017/06/22 15:26:27.813	【正常終了】サブ発電所情報更新 
DefaultSource	Information	0	2017/06/22 15:27:27.810	サブ発電所情報を更新しました
DefaultSource	Information	0	2017/06/22 15:27:27.810	【正常終了】サブ発電所情報更新 
DefaultSource	Information	0	2017/06/22 15:28:27.824	サブ発電所情報を更新しました
DefaultSource	Information	0	2017/06/22 15:28:27.824	【正常終了】サブ発電所情報更新 
DefaultSource	Information	0	2017/06/22 15:29:27.822	サブ発電所情報を更新しました
DefaultSource	Information	0	2017/06/22 15:29:27.822	【正常終了】サブ発電所情報更新 
DefaultSource	Information	0	2017/06/22 15:30:27.819	サブ発電所情報を更新しました
DefaultSource	Information	0	2017/06/22 15:30:27.819	【正常終了】サブ発電所情報更新 
DefaultSource	Information	0	2017/06/22 15:31:27.817	サブ発電所情報を更新しました
DefaultSource	Information	0	2017/06/22 15:31:27.817	【正常終了】サブ発電所情報更新 
DefaultSource	Information	0	2017/06/22 15:32:27.815	サブ発電所情報を更新しました
DefaultSource	Information	0	2017/06/22 15:32:27.815	【正常終了】サブ発電所情報更新 
DefaultSource	Information	0	2017/06/22 15:33:27.828	サブ発電所情報を更新しました
DefaultSource	Information	0	2017/06/22 15:33:27.828	【正常終了】サブ発電所情報更新 
DefaultSource	Information	0	2017/06/22 15:34:27.826	サブ発電所情報を更新しました
DefaultSource	Information	0	2017/06/22 15:34:27.826	【正常終了】サブ発電所情報更新 
DefaultSource	Information	0	2017/06/22 15:35:27.823	サブ発電所情報を更新しました
DefaultSource	Information	0	2017/06/22 15:35:27.823	【正常終了】サブ発電所情報更新 
DefaultSource	Information	0	2017/06/22 15:36:27.821	サブ発電所情報を更新しました
DefaultSource	Information	0	2017/06/22 15:36:27.821	【正常終了】サブ発電所情報更新 
DefaultSource	Information	0	2017/06/22 15:37:27.819	サブ発電所情報を更新しました
DefaultSource	Information	0	2017/06/22 15:37:27.819	【正常終了】サブ発電所情報更新 
DefaultSource	Information	0	2017/06/22 15:38:27.816	サブ発電所情報を更新しました
DefaultSource	Information	0	2017/06/22 15:38:27.816	【正常終了】サブ発電所情報更新 
DefaultSource	Information	0	2017/06/22 15:39:27.830	サブ発電所情報を更新しました
DefaultSource	Information	0	2017/06/22 15:39:27.830	【正常終了】サブ発電所情報更新 
DefaultSource	Information	0	2017/06/22 15:40:27.812	サブ発電所情報を更新しました
DefaultSource	Information	0	2017/06/22 15:40:27.812	【正常終了】サブ発電所情報更新 
DefaultSource	Information	0	2017/06/22 15:41:27.810	サブ発電所情報を更新しました
DefaultSource	Information	0	2017/06/22 15:41:27.810	【正常終了】サブ発電所情報更新 
DefaultSource	Information	0	2017/06/22 15:42:27.807	サブ発電所情報を更新しました
DefaultSource	Information	0	2017/06/22 15:42:27.807	【正常終了】サブ発電所情報更新 
DefaultSource	Information	0	2017/06/22 15:43:27.805	サブ発電所情報を更新しました
DefaultSource	Information	0	2017/06/22 15:43:27.805	【正常終了】サブ発電所情報更新 
DefaultSource	Information	0	2017/06/22 15:44:27.803	サブ発電所情報を更新しました
DefaultSource	Information	0	2017/06/22 15:44:27.803	【正常終了】サブ発電所情報更新 
DefaultSource	Information	0	2017/06/22 15:45:27.816	サブ発電所情報を更新しました
DefaultSource	Information	0	2017/06/22 15:45:27.816	【正常終了】サブ発電所情報更新 
DefaultSource	Information	0	2017/06/22 15:46:27.814	サブ発電所情報を更新しました
DefaultSource	Information	0	2017/06/22 15:46:27.814	【正常終了】サブ発電所情報更新 
DefaultSource	Information	0	2017/06/22 15:47:27.811	サブ発電所情報を更新しました
DefaultSource	Information	0	2017/06/22 15:47:27.811	【正常終了】サブ発電所情報更新 
DefaultSource	Information	0	2017/06/22 15:48:27.809	サブ発電所情報を更新しました
DefaultSource	Information	0	2017/06/22 15:48:27.809	【正常終了】サブ発電所情報更新 
DefaultSource	Information	0	2017/06/22 15:49:27.807	サブ発電所情報を更新しました
DefaultSource	Information	0	2017/06/22 15:49:27.807	【正常終了】サブ発電所情報更新 
DefaultSource	Information	0	2017/06/22 15:50:27.805	サブ発電所情報を更新しました
DefaultSource	Information	0	2017/06/22 15:50:27.805	【正常終了】サブ発電所情報更新 
DefaultSource	Information	0	2017/06/22 15:51:27.802	サブ発電所情報を更新しました
DefaultSource	Information	0	2017/06/22 15:51:27.802	【正常終了】サブ発電所情報更新 
DefaultSource	Information	0	2017/06/22 15:52:27.800	サブ発電所情報を更新しました
DefaultSource	Information	0	2017/06/22 15:52:27.800	【正常終了】サブ発電所情報更新 
DefaultSource	Information	0	2017/06/22 15:53:27.798	サブ発電所情報を更新しました
DefaultSource	Information	0	2017/06/22 15:53:27.798	【正常終了】サブ発電所情報更新 
DefaultSource	Information	0	2017/06/22 15:54:27.795	サブ発電所情報を更新しました
DefaultSource	Information	0	2017/06/22 15:54:27.795	【正常終了】サブ発電所情報更新 
DefaultSource	Information	0	2017/06/22 15:55:27.793	サブ発電所情報を更新しました
DefaultSource	Information	0	2017/06/22 15:55:27.793	【正常終了】サブ発電所情報更新 
DefaultSource	Information	0	2017/06/22 15:56:27.791	サブ発電所情報を更新しました
DefaultSource	Information	0	2017/06/22 15:56:27.791	【正常終了】サブ発電所情報更新 
DefaultSource	Information	0	2017/06/22 15:57:27.788	サブ発電所情報を更新しました
DefaultSource	Information	0	2017/06/22 15:57:27.788	【正常終了】サブ発電所情報更新 
DefaultSource	Information	0	2017/06/22 15:58:27.786	サブ発電所情報を更新しました
DefaultSource	Information	0	2017/06/22 15:58:27.786	【正常終了】サブ発電所情報更新 
DefaultSource	Information	0	2017/06/22 15:59:27.784	サブ発電所情報を更新しました
DefaultSource	Information	0	2017/06/22 15:59:27.784	【正常終了】サブ発電所情報更新 
DefaultSource	Information	0	2017/06/22 16:00:27.782	サブ発電所情報を更新しました
DefaultSource	Information	0	2017/06/22 16:00:27.782	【正常終了】サブ発電所情報更新 
DefaultSource	Information	0	2017/06/22 16:01:27.779	サブ発電所情報を更新しました
DefaultSource	Information	0	2017/06/22 16:01:27.779	【正常終了】サブ発電所情報更新 
DefaultSource	Information	0	2017/06/22 16:02:27.777	サブ発電所情報を更新しました
DefaultSource	Information	0	2017/06/22 16:02:27.777	【正常終了】サブ発電所情報更新 
DefaultSource	Information	0	2017/06/22 16:03:27.775	サブ発電所情報を更新しました
DefaultSource	Information	0	2017/06/22 16:03:27.775	【正常終了】サブ発電所情報更新 
DefaultSource	Information	0	2017/06/22 16:04:27.772	サブ発電所情報を更新しました
DefaultSource	Information	0	2017/06/22 16:04:27.772	【正常終了】サブ発電所情報更新 
DefaultSource	Information	0	2017/06/22 16:05:27.770	サブ発電所情報を更新しました
DefaultSource	Information	0	2017/06/22 16:05:27.770	【正常終了】サブ発電所情報更新 
DefaultSource	Information	0	2017/06/22 16:06:27.783	サブ発電所情報を更新しました
DefaultSource	Information	0	2017/06/22 16:06:27.783	【正常終了】サブ発電所情報更新 
DefaultSource	Information	0	2017/06/22 16:07:27.781	サブ発電所情報を更新しました
DefaultSource	Information	0	2017/06/22 16:07:27.781	【正常終了】サブ発電所情報更新 
DefaultSource	Information	0	2017/06/22 16:08:27.779	サブ発電所情報を更新しました
DefaultSource	Information	0	2017/06/22 16:08:27.779	【正常終了】サブ発電所情報更新 
DefaultSource	Information	0	2017/06/22 16:09:27.777	サブ発電所情報を更新しました
DefaultSource	Information	0	2017/06/22 16:09:27.777	【正常終了】サブ発電所情報更新 
DefaultSource	Information	0	2017/06/22 16:10:27.774	サブ発電所情報を更新しました
DefaultSource	Information	0	2017/06/22 16:10:27.774	【正常終了】サブ発電所情報更新 
DefaultSource	Information	0	2017/06/22 16:11:27.772	サブ発電所情報を更新しました
DefaultSource	Information	0	2017/06/22 16:11:27.772	【正常終了】サブ発電所情報更新 
DefaultSource	Information	0	2017/06/22 16:12:27.770	サブ発電所情報を更新しました
DefaultSource	Information	0	2017/06/22 16:12:27.770	【正常終了】サブ発電所情報更新 
DefaultSource	Information	0	2017/06/22 16:13:27.767	サブ発電所情報を更新しました
DefaultSource	Information	0	2017/06/22 16:13:27.767	【正常終了】サブ発電所情報更新 
DefaultSource	Information	0	2017/06/22 16:14:27.781	サブ発電所情報を更新しました
DefaultSource	Information	0	2017/06/22 16:14:27.781	【正常終了】サブ発電所情報更新 
DefaultSource	Information	0	2017/06/22 16:15:27.778	サブ発電所情報を更新しました
DefaultSource	Information	0	2017/06/22 16:15:27.778	【正常終了】サブ発電所情報更新 
DefaultSource	Information	0	2017/06/22 16:16:27.776	サブ発電所情報を更新しました
DefaultSource	Information	0	2017/06/22 16:16:27.776	【正常終了】サブ発電所情報更新 
DefaultSource	Information	0	2017/06/22 16:17:27.774	サブ発電所情報を更新しました
DefaultSource	Information	0	2017/06/22 16:17:27.774	【正常終了】サブ発電所情報更新 
DefaultSource	Information	0	2017/06/22 16:18:27.771	サブ発電所情報を更新しました
DefaultSource	Information	0	2017/06/22 16:18:27.771	【正常終了】サブ発電所情報更新 
DefaultSource	Information	0	2017/06/22 16:19:27.769	サブ発電所情報を更新しました
DefaultSource	Information	0	2017/06/22 16:19:27.769	【正常終了】サブ発電所情報更新 
DefaultSource	Information	0	2017/06/22 16:20:27.782	サブ発電所情報を更新しました
DefaultSource	Information	0	2017/06/22 16:20:27.782	【正常終了】サブ発電所情報更新 
DefaultSource	Information	0	2017/06/22 16:21:27.780	サブ発電所情報を更新しました
DefaultSource	Information	0	2017/06/22 16:21:27.780	【正常終了】サブ発電所情報更新 
DefaultSource	Information	0	2017/06/22 16:22:27.778	サブ発電所情報を更新しました
DefaultSource	Information	0	2017/06/22 16:22:27.778	【正常終了】サブ発電所情報更新 
DefaultSource	Information	0	2017/06/22 16:23:27.776	サブ発電所情報を更新しました
DefaultSource	Information	0	2017/06/22 16:23:27.776	【正常終了】サブ発電所情報更新 
DefaultSource	Information	0	2017/06/22 16:24:27.773	サブ発電所情報を更新しました
DefaultSource	Information	0	2017/06/22 16:24:27.773	【正常終了】サブ発電所情報更新 
DefaultSource	Information	0	2017/06/22 16:25:27.771	サブ発電所情報を更新しました
DefaultSource	Information	0	2017/06/22 16:25:27.771	【正常終了】サブ発電所情報更新 
DefaultSource	Information	0	2017/06/22 16:26:27.784	サブ発電所情報を更新しました
DefaultSource	Information	0	2017/06/22 16:26:27.784	【正常終了】サブ発電所情報更新 
DefaultSource	Information	0	2017/06/22 16:27:27.766	サブ発電所情報を更新しました
DefaultSource	Information	0	2017/06/22 16:27:27.766	【正常終了】サブ発電所情報更新 
DefaultSource	Information	0	2017/06/22 16:28:27.764	サブ発電所情報を更新しました
DefaultSource	Information	0	2017/06/22 16:28:27.764	【正常終了】サブ発電所情報更新 
DefaultSource	Information	0	2017/06/22 16:29:27.762	サブ発電所情報を更新しました
DefaultSource	Information	0	2017/06/22 16:29:27.762	【正常終了】サブ発電所情報更新 
DefaultSource	Information	0	2017/06/22 16:30:27.760	サブ発電所情報を更新しました
DefaultSource	Information	0	2017/06/22 16:30:27.760	【正常終了】サブ発電所情報更新 
DefaultSource	Information	0	2017/06/22 16:31:27.773	サブ発電所情報を更新しました
DefaultSource	Information	0	2017/06/22 16:31:27.773	【正常終了】サブ発電所情報更新 
DefaultSource	Information	0	2017/06/22 16:32:27.771	サブ発電所情報を更新しました
DefaultSource	Information	0	2017/06/22 16:32:27.771	【正常終了】サブ発電所情報更新 
DefaultSource	Information	0	2017/06/22 16:33:27.768	サブ発電所情報を更新しました
DefaultSource	Information	0	2017/06/22 16:33:27.768	【正常終了】サブ発電所情報更新 
DefaultSource	Information	0	2017/06/22 16:34:27.766	サブ発電所情報を更新しました
DefaultSource	Information	0	2017/06/22 16:34:27.766	【正常終了】サブ発電所情報更新 
DefaultSource	Information	0	2017/06/22 16:35:27.764	サブ発電所情報を更新しました
DefaultSource	Information	0	2017/06/22 16:35:27.764	【正常終了】サブ発電所情報更新 
DefaultSource	Information	0	2017/06/22 16:36:27.761	サブ発電所情報を更新しました
DefaultSource	Information	0	2017/06/22 16:36:27.761	【正常終了】サブ発電所情報更新 
DefaultSource	Information	0	2017/06/22 16:37:27.759	サブ発電所情報を更新しました
DefaultSource	Information	0	2017/06/22 16:37:27.759	【正常終了】サブ発電所情報更新 
DefaultSource	Information	0	2017/06/22 16:38:27.757	サブ発電所情報を更新しました
DefaultSource	Information	0	2017/06/22 16:38:27.757	【正常終了】サブ発電所情報更新 
DefaultSource	Information	0	2017/06/22 16:39:27.754	サブ発電所情報を更新しました
DefaultSource	Information	0	2017/06/22 16:39:27.754	【正常終了】サブ発電所情報更新 
DefaultSource	Information	0	2017/06/22 16:40:27.752	サブ発電所情報を更新しました
DefaultSource	Information	0	2017/06/22 16:40:27.752	【正常終了】サブ発電所情報更新 
DefaultSource	Information	0	2017/06/22 16:41:27.750	サブ発電所情報を更新しました
DefaultSource	Information	0	2017/06/22 16:41:27.750	【正常終了】サブ発電所情報更新 
DefaultSource	Information	0	2017/06/22 16:42:27.748	サブ発電所情報を更新しました
DefaultSource	Information	0	2017/06/22 16:42:27.748	【正常終了】サブ発電所情報更新 
DefaultSource	Information	0	2017/06/22 16:43:27.745	サブ発電所情報を更新しました
DefaultSource	Information	0	2017/06/22 16:43:27.745	【正常終了】サブ発電所情報更新 
DefaultSource	Information	0	2017/06/22 16:44:27.743	サブ発電所情報を更新しました
DefaultSource	Information	0	2017/06/22 16:44:27.743	【正常終了】サブ発電所情報更新 
DefaultSource	Information	0	2017/06/22 16:45:27.741	サブ発電所情報を更新しました
DefaultSource	Information	0	2017/06/22 16:45:27.741	【正常終了】サブ発電所情報更新 
DefaultSource	Information	0	2017/06/22 16:46:27.738	サブ発電所情報を更新しました
DefaultSource	Information	0	2017/06/22 16:46:27.738	【正常終了】サブ発電所情報更新 
DefaultSource	Information	0	2017/06/22 16:47:27.736	サブ発電所情報を更新しました
DefaultSource	Information	0	2017/06/22 16:47:27.736	【正常終了】サブ発電所情報更新 
DefaultSource	Information	0	2017/06/22 16:48:27.734	サブ発電所情報を更新しました
DefaultSource	Information	0	2017/06/22 16:48:27.734	【正常終了】サブ発電所情報更新 
DefaultSource	Information	0	2017/06/22 16:49:27.732	サブ発電所情報を更新しました
DefaultSource	Information	0	2017/06/22 16:49:27.732	【正常終了】サブ発電所情報更新 
DefaultSource	Information	0	2017/06/22 16:50:27.729	サブ発電所情報を更新しました
DefaultSource	Information	0	2017/06/22 16:50:27.729	【正常終了】サブ発電所情報更新 
DefaultSource	Information	0	2017/06/22 16:51:27.727	サブ発電所情報を更新しました
DefaultSource	Information	0	2017/06/22 16:51:27.727	【正常終了】サブ発電所情報更新 
DefaultSource	Information	0	2017/06/22 16:52:27.725	サブ発電所情報を更新しました
DefaultSource	Information	0	2017/06/22 16:52:27.725	【正常終了】サブ発電所情報更新 
DefaultSource	Information	0	2017/06/22 16:53:27.722	サブ発電所情報を更新しました
DefaultSource	Information	0	2017/06/22 16:53:27.722	【正常終了】サブ発電所情報更新 
DefaultSource	Information	0	2017/06/22 16:54:27.720	サブ発電所情報を更新しました
DefaultSource	Information	0	2017/06/22 16:54:27.720	【正常終了】サブ発電所情報更新 
DefaultSource	Information	0	2017/06/22 16:55:27.718	サブ発電所情報を更新しました
DefaultSource	Information	0	2017/06/22 16:55:27.718	【正常終了】サブ発電所情報更新 
DefaultSource	Information	0	2017/06/22 16:56:27.715	サブ発電所情報を更新しました
DefaultSource	Information	0	2017/06/22 16:56:27.715	【正常終了】サブ発電所情報更新 
DefaultSource	Information	0	2017/06/22 16:57:27.713	サブ発電所情報を更新しました
DefaultSource	Information	0	2017/06/22 16:57:27.713	【正常終了】サブ発電所情報更新 
DefaultSource	Information	0	2017/06/22 16:58:27.711	サブ発電所情報を更新しました
DefaultSource	Information	0	2017/06/22 16:58:27.711	【正常終了】サブ発電所情報更新 
DefaultSource	Information	0	2017/06/22 16:59:27.709	サブ発電所情報を更新しました
DefaultSource	Information	0	2017/06/22 16:59:27.709	【正常終了】サブ発電所情報更新 
DefaultSource	Information	0	2017/06/22 17:00:27.722	サブ発電所情報を更新しました
DefaultSource	Information	0	2017/06/22 17:00:27.722	【正常終了】サブ発電所情報更新 
DefaultSource	Information	0	2017/06/22 17:01:27.735	サブ発電所情報を更新しました
DefaultSource	Information	0	2017/06/22 17:01:27.735	【正常終了】サブ発電所情報更新 
DefaultSource	Information	0	2017/06/22 17:02:27.733	サブ発電所情報を更新しました
DefaultSource	Information	0	2017/06/22 17:02:27.733	【正常終了】サブ発電所情報更新 
DefaultSource	Information	0	2017/06/22 17:03:27.731	サブ発電所情報を更新しました
DefaultSource	Information	0	2017/06/22 17:03:27.731	【正常終了】サブ発電所情報更新 
DefaultSource	Information	0	2017/06/22 17:04:27.728	サブ発電所情報を更新しました
DefaultSource	Information	0	2017/06/22 17:04:27.728	【正常終了】サブ発電所情報更新 
DefaultSource	Information	0	2017/06/22 17:05:27.726	サブ発電所情報を更新しました
DefaultSource	Information	0	2017/06/22 17:05:27.726	【正常終了】サブ発電所情報更新 
DefaultSource	Information	0	2017/06/22 17:06:27.724	サブ発電所情報を更新しました
DefaultSource	Information	0	2017/06/22 17:06:27.724	【正常終了】サブ発電所情報更新 
DefaultSource	Information	0	2017/06/22 17:07:27.737	サブ発電所情報を更新しました
DefaultSource	Information	0	2017/06/22 17:07:27.737	【正常終了】サブ発電所情報更新 
DefaultSource	Information	0	2017/06/22 17:08:27.719	サブ発電所情報を更新しました
DefaultSource	Information	0	2017/06/22 17:08:27.719	【正常終了】サブ発電所情報更新 
DefaultSource	Information	0	2017/06/22 17:09:27.717	サブ発電所情報を更新しました
DefaultSource	Information	0	2017/06/22 17:09:27.717	【正常終了】サブ発電所情報更新 
DefaultSource	Information	0	2017/06/22 17:10:27.730	サブ発電所情報を更新しました
DefaultSource	Information	0	2017/06/22 17:10:27.730	【正常終了】サブ発電所情報更新 
DefaultSource	Information	0	2017/06/22 17:11:27.728	サブ発電所情報を更新しました
DefaultSource	Information	0	2017/06/22 17:11:27.728	【正常終了】サブ発電所情報更新 
DefaultSource	Information	0	2017/06/22 17:12:27.726	サブ発電所情報を更新しました
DefaultSource	Information	0	2017/06/22 17:12:27.726	【正常終了】サブ発電所情報更新 
DefaultSource	Information	0	2017/06/22 17:13:27.723	サブ発電所情報を更新しました
DefaultSource	Information	0	2017/06/22 17:13:27.723	【正常終了】サブ発電所情報更新 
DefaultSource	Information	0	2017/06/22 17:14:27.721	サブ発電所情報を更新しました
DefaultSource	Information	0	2017/06/22 17:14:27.721	【正常終了】サブ発電所情報更新 
DefaultSource	Information	0	2017/06/22 17:15:27.719	サブ発電所情報を更新しました
DefaultSource	Information	0	2017/06/22 17:15:27.719	【正常終了】サブ発電所情報更新 
DefaultSource	Information	0	2017/06/22 17:16:27.716	サブ発電所情報を更新しました
DefaultSource	Information	0	2017/06/22 17:16:27.716	【正常終了】サブ発電所情報更新 
DefaultSource	Information	0	2017/06/22 17:17:27.714	サブ発電所情報を更新しました
DefaultSource	Information	0	2017/06/22 17:17:27.714	【正常終了】サブ発電所情報更新 
DefaultSource	Information	0	2017/06/22 17:18:27.712	サブ発電所情報を更新しました
DefaultSource	Information	0	2017/06/22 17:18:27.712	【正常終了】サブ発電所情報更新 
DefaultSource	Information	0	2017/06/22 17:19:27.725	サブ発電所情報を更新しました
DefaultSource	Information	0	2017/06/22 17:19:27.725	【正常終了】サブ発電所情報更新 
DefaultSource	Information	0	2017/06/22 17:20:27.723	サブ発電所情報を更新しました
DefaultSource	Information	0	2017/06/22 17:20:27.723	【正常終了】サブ発電所情報更新 
DefaultSource	Information	0	2017/06/22 17:21:27.721	サブ発電所情報を更新しました
DefaultSource	Information	0	2017/06/22 17:21:27.721	【正常終了】サブ発電所情報更新 
DefaultSource	Information	0	2017/06/22 17:22:27.718	サブ発電所情報を更新しました
DefaultSource	Information	0	2017/06/22 17:22:27.718	【正常終了】サブ発電所情報更新 
DefaultSource	Information	0	2017/06/22 17:23:27.716	サブ発電所情報を更新しました
DefaultSource	Information	0	2017/06/22 17:23:27.716	【正常終了】サブ発電所情報更新 
DefaultSource	Information	0	2017/06/22 17:24:27.714	サブ発電所情報を更新しました
DefaultSource	Information	0	2017/06/22 17:24:27.714	【正常終了】サブ発電所情報更新 
DefaultSource	Information	0	2017/06/22 17:25:27.711	サブ発電所情報を更新しました
DefaultSource	Information	0	2017/06/22 17:25:27.711	【正常終了】サブ発電所情報更新 
DefaultSource	Information	0	2017/06/22 17:26:27.709	サブ発電所情報を更新しました
DefaultSource	Information	0	2017/06/22 17:26:27.709	【正常終了】サブ発電所情報更新 
DefaultSource	Information	0	2017/06/22 17:27:27.707	サブ発電所情報を更新しました
DefaultSource	Information	0	2017/06/22 17:27:27.707	【正常終了】サブ発電所情報更新 
DefaultSource	Information	0	2017/06/22 17:28:27.704	サブ発電所情報を更新しました
DefaultSource	Information	0	2017/06/22 17:28:27.704	【正常終了】サブ発電所情報更新 
DefaultSource	Information	0	2017/06/22 17:29:27.702	サブ発電所情報を更新しました
DefaultSource	Information	0	2017/06/22 17:29:27.702	【正常終了】サブ発電所情報更新 
DefaultSource	Information	0	2017/06/22 17:30:27.700	サブ発電所情報を更新しました
DefaultSource	Information	0	2017/06/22 17:30:27.700	【正常終了】サブ発電所情報更新 
DefaultSource	Information	0	2017/06/22 17:31:27.698	サブ発電所情報を更新しました
DefaultSource	Information	0	2017/06/22 17:31:27.698	【正常終了】サブ発電所情報更新 
DefaultSource	Information	0	2017/06/22 17:32:27.695	サブ発電所情報を更新しました
DefaultSource	Information	0	2017/06/22 17:32:27.695	【正常終了】サブ発電所情報更新 
DefaultSource	Information	0	2017/06/22 17:33:27.693	サブ発電所情報を更新しました
DefaultSource	Information	0	2017/06/22 17:33:27.693	【正常終了】サブ発電所情報更新 
DefaultSource	Information	0	2017/06/22 17:34:27.691	サブ発電所情報を更新しました
DefaultSource	Information	0	2017/06/22 17:34:27.691	【正常終了】サブ発電所情報更新 
DefaultSource	Information	0	2017/06/22 17:35:27.688	サブ発電所情報を更新しました
DefaultSource	Information	0	2017/06/22 17:35:27.688	【正常終了】サブ発電所情報更新 
DefaultSource	Information	0	2017/06/22 17:36:27.686	サブ発電所情報を更新しました
DefaultSource	Information	0	2017/06/22 17:36:27.686	【正常終了】サブ発電所情報更新 
DefaultSource	Information	0	2017/06/22 17:37:27.684	サブ発電所情報を更新しました
DefaultSource	Information	0	2017/06/22 17:37:27.684	【正常終了】サブ発電所情報更新 
DefaultSource	Information	0	2017/06/22 17:38:27.682	サブ発電所情報を更新しました
DefaultSource	Information	0	2017/06/22 17:38:27.682	【正常終了】サブ発電所情報更新 
DefaultSource	Information	0	2017/06/22 17:39:27.679	サブ発電所情報を更新しました
DefaultSource	Information	0	2017/06/22 17:39:27.679	【正常終了】サブ発電所情報更新 
DefaultSource	Information	0	2017/06/22 17:40:27.677	サブ発電所情報を更新しました
DefaultSource	Information	0	2017/06/22 17:40:27.677	【正常終了】サブ発電所情報更新 
DefaultSource	Information	0	2017/06/22 17:41:27.675	サブ発電所情報を更新しました
DefaultSource	Information	0	2017/06/22 17:41:27.675	【正常終了】サブ発電所情報更新 
DefaultSource	Information	0	2017/06/22 17:42:27.672	サブ発電所情報を更新しました
DefaultSource	Information	0	2017/06/22 17:42:27.672	【正常終了】サブ発電所情報更新 
DefaultSource	Information	0	2017/06/22 17:43:27.670	サブ発電所情報を更新しました
DefaultSource	Information	0	2017/06/22 17:43:27.670	【正常終了】サブ発電所情報更新 
DefaultSource	Information	0	2017/06/22 17:44:27.668	サブ発電所情報を更新しました
DefaultSource	Information	0	2017/06/22 17:44:27.668	【正常終了】サブ発電所情報更新 
DefaultSource	Information	0	2017/06/22 17:45:27.665	サブ発電所情報を更新しました
DefaultSource	Information	0	2017/06/22 17:45:27.665	【正常終了】サブ発電所情報更新 
DefaultSource	Information	0	2017/06/22 17:46:27.663	サブ発電所情報を更新しました
DefaultSource	Information	0	2017/06/22 17:46:27.663	【正常終了】サブ発電所情報更新 
DefaultSource	Information	0	2017/06/22 17:47:27.661	サブ発電所情報を更新しました
DefaultSource	Information	0	2017/06/22 17:47:27.661	【正常終了】サブ発電所情報更新 
DefaultSource	Information	0	2017/06/22 17:48:27.659	サブ発電所情報を更新しました
DefaultSource	Information	0	2017/06/22 17:48:27.674	【正常終了】サブ発電所情報更新 
DefaultSource	Information	0	2017/06/22 17:49:27.672	サブ発電所情報を更新しました
DefaultSource	Information	0	2017/06/22 17:49:27.672	【正常終了】サブ発電所情報更新 
DefaultSource	Information	0	2017/06/22 17:50:27.670	サブ発電所情報を更新しました
DefaultSource	Information	0	2017/06/22 17:50:27.670	【正常終了】サブ発電所情報更新 
DefaultSource	Information	0	2017/06/22 17:51:27.667	サブ発電所情報を更新しました
DefaultSource	Information	0	2017/06/22 17:51:27.667	【正常終了】サブ発電所情報更新 
DefaultSource	Information	0	2017/06/22 17:52:27.665	サブ発電所情報を更新しました
DefaultSource	Information	0	2017/06/22 17:52:27.665	【正常終了】サブ発電所情報更新 
DefaultSource	Information	0	2017/06/22 17:53:27.663	サブ発電所情報を更新しました
DefaultSource	Information	0	2017/06/22 17:53:27.663	【正常終了】サブ発電所情報更新 
DefaultSource	Information	0	2017/06/22 17:54:27.676	サブ発電所情報を更新しました
DefaultSource	Information	0	2017/06/22 17:54:27.676	【正常終了】サブ発電所情報更新 
DefaultSource	Information	0	2017/06/22 17:55:27.658	サブ発電所情報を更新しました
DefaultSource	Information	0	2017/06/22 17:55:27.658	【正常終了】サブ発電所情報更新 
DefaultSource	Information	0	2017/06/22 17:56:27.656	サブ発電所情報を更新しました
DefaultSource	Information	0	2017/06/22 17:56:27.656	【正常終了】サブ発電所情報更新 
DefaultSource	Information	0	2017/06/22 17:57:27.654	サブ発電所情報を更新しました
DefaultSource	Information	0	2017/06/22 17:57:27.654	【正常終了】サブ発電所情報更新 
DefaultSource	Information	0	2017/06/22 17:58:27.651	サブ発電所情報を更新しました
DefaultSource	Information	0	2017/06/22 17:58:27.651	【正常終了】サブ発電所情報更新 
DefaultSource	Information	0	2017/06/22 17:59:27.649	サブ発電所情報を更新しました
DefaultSource	Information	0	2017/06/22 17:59:27.649	【正常終了】サブ発電所情報更新 
DefaultSource	Information	0	2017/06/22 18:00:27.662	サブ発電所情報を更新しました
DefaultSource	Information	0	2017/06/22 18:00:27.662	【正常終了】サブ発電所情報更新 
DefaultSource	Information	0	2017/06/22 18:01:27.644	サブ発電所情報を更新しました
DefaultSource	Information	0	2017/06/22 18:01:27.644	【正常終了】サブ発電所情報更新 
DefaultSource	Information	0	2017/06/22 18:02:27.642	サブ発電所情報を更新しました
DefaultSource	Information	0	2017/06/22 18:02:27.642	【正常終了】サブ発電所情報更新 
DefaultSource	Information	0	2017/06/22 18:03:27.640	サブ発電所情報を更新しました
DefaultSource	Information	0	2017/06/22 18:03:27.640	【正常終了】サブ発電所情報更新 
DefaultSource	Information	0	2017/06/22 18:04:27.637	サブ発電所情報を更新しました
DefaultSource	Information	0	2017/06/22 18:04:27.637	【正常終了】サブ発電所情報更新 
DefaultSource	Information	0	2017/06/22 18:05:27.635	サブ発電所情報を更新しました
DefaultSource	Information	0	2017/06/22 18:05:27.635	【正常終了】サブ発電所情報更新 
DefaultSource	Information	0	2017/06/22 18:06:27.648	サブ発電所情報を更新しました
DefaultSource	Information	0	2017/06/22 18:06:27.648	【正常終了】サブ発電所情報更新 
DefaultSource	Information	0	2017/06/22 18:07:27.646	サブ発電所情報を更新しました
DefaultSource	Information	0	2017/06/22 18:07:27.646	【正常終了】サブ発電所情報更新 
DefaultSource	Information	0	2017/06/22 18:08:27.644	サブ発電所情報を更新しました
DefaultSource	Information	0	2017/06/22 18:08:27.644	【正常終了】サブ発電所情報更新 
DefaultSource	Information	0	2017/06/22 18:09:27.642	サブ発電所情報を更新しました
DefaultSource	Information	0	2017/06/22 18:09:27.642	【正常終了】サブ発電所情報更新 
DefaultSource	Information	0	2017/06/22 18:10:27.639	サブ発電所情報を更新しました
DefaultSource	Information	0	2017/06/22 18:10:27.639	【正常終了】サブ発電所情報更新 
DefaultSource	Information	0	2017/06/22 18:11:27.653	サブ発電所情報を更新しました
DefaultSource	Information	0	2017/06/22 18:11:27.653	【正常終了】サブ発電所情報更新 
DefaultSource	Information	0	2017/06/22 18:12:27.650	サブ発電所情報を更新しました
DefaultSource	Information	0	2017/06/22 18:12:27.650	【正常終了】サブ発電所情報更新 
DefaultSource	Information	0	2017/06/22 18:13:27.648	サブ発電所情報を更新しました
DefaultSource	Information	0	2017/06/22 18:13:27.648	【正常終了】サブ発電所情報更新 
DefaultSource	Information	0	2017/06/22 18:14:27.646	サブ発電所情報を更新しました
DefaultSource	Information	0	2017/06/22 18:14:27.646	【正常終了】サブ発電所情報更新 
DefaultSource	Information	0	2017/06/22 18:15:27.643	サブ発電所情報を更新しました
DefaultSource	Information	0	2017/06/22 18:15:27.643	【正常終了】サブ発電所情報更新 
DefaultSource	Information	0	2017/06/22 18:16:27.641	サブ発電所情報を更新しました
DefaultSource	Information	0	2017/06/22 18:16:27.641	【正常終了】サブ発電所情報更新 
DefaultSource	Information	0	2017/06/22 18:17:27.639	サブ発電所情報を更新しました
DefaultSource	Information	0	2017/06/22 18:17:27.639	【正常終了】サブ発電所情報更新 
DefaultSource	Information	0	2017/06/22 18:18:27.637	サブ発電所情報を更新しました
DefaultSource	Information	0	2017/06/22 18:18:27.637	【正常終了】サブ発電所情報更新 
DefaultSource	Information	0	2017/06/22 18:19:27.634	サブ発電所情報を更新しました
DefaultSource	Information	0	2017/06/22 18:19:27.634	【正常終了】サブ発電所情報更新 
DefaultSource	Information	0	2017/06/22 18:20:27.632	サブ発電所情報を更新しました
DefaultSource	Information	0	2017/06/22 18:20:27.632	【正常終了】サブ発電所情報更新 
DefaultSource	Information	0	2017/06/22 18:21:27.630	サブ発電所情報を更新しました
DefaultSource	Information	0	2017/06/22 18:21:27.630	【正常終了】サブ発電所情報更新 
DefaultSource	Information	0	2017/06/22 18:22:27.627	サブ発電所情報を更新しました
DefaultSource	Information	0	2017/06/22 18:22:27.627	【正常終了】サブ発電所情報更新 
DefaultSource	Information	0	2017/06/22 18:23:27.625	サブ発電所情報を更新しました
DefaultSource	Information	0	2017/06/22 18:23:27.625	【正常終了】サブ発電所情報更新 
DefaultSource	Information	0	2017/06/22 18:24:27.623	サブ発電所情報を更新しました
DefaultSource	Information	0	2017/06/22 18:24:27.623	【正常終了】サブ発電所情報更新 
DefaultSource	Information	0	2017/06/22 18:25:27.620	サブ発電所情報を更新しました
DefaultSource	Information	0	2017/06/22 18:25:27.620	【正常終了】サブ発電所情報更新 
DefaultSource	Information	0	2017/06/22 18:26:27.618	サブ発電所情報を更新しました
DefaultSource	Information	0	2017/06/22 18:26:27.618	【正常終了】サブ発電所情報更新 
DefaultSource	Information	0	2017/06/22 18:27:27.616	サブ発電所情報を更新しました
DefaultSource	Information	0	2017/06/22 18:27:27.616	【正常終了】サブ発電所情報更新 
DefaultSource	Information	0	2017/06/22 18:28:27.614	サブ発電所情報を更新しました
DefaultSource	Information	0	2017/06/22 18:28:27.614	【正常終了】サブ発電所情報更新 
DefaultSource	Information	0	2017/06/22 18:29:27.611	サブ発電所情報を更新しました
DefaultSource	Information	0	2017/06/22 18:29:27.611	【正常終了】サブ発電所情報更新 
DefaultSource	Information	0	2017/06/22 18:30:27.609	サブ発電所情報を更新しました
DefaultSource	Information	0	2017/06/22 18:30:27.609	【正常終了】サブ発電所情報更新 
DefaultSource	Information	0	2017/06/22 18:31:27.607	サブ発電所情報を更新しました
DefaultSource	Information	0	2017/06/22 18:31:27.607	【正常終了】サブ発電所情報更新 
DefaultSource	Information	0	2017/06/22 18:32:27.604	サブ発電所情報を更新しました
DefaultSource	Information	0	2017/06/22 18:32:27.604	【正常終了】サブ発電所情報更新 
DefaultSource	Information	0	2017/06/22 18:33:27.602	サブ発電所情報を更新しました
DefaultSource	Information	0	2017/06/22 18:33:27.602	【正常終了】サブ発電所情報更新 
DefaultSource	Information	0	2017/06/22 18:34:27.600	サブ発電所情報を更新しました
DefaultSource	Information	0	2017/06/22 18:34:27.600	【正常終了】サブ発電所情報更新 
DefaultSource	Information	0	2017/06/22 18:35:27.598	サブ発電所情報を更新しました
DefaultSource	Information	0	2017/06/22 18:35:27.598	【正常終了】サブ発電所情報更新 
DefaultSource	Information	0	2017/06/22 18:36:27.595	サブ発電所情報を更新しました
DefaultSource	Information	0	2017/06/22 18:36:27.595	【正常終了】サブ発電所情報更新 
DefaultSource	Information	0	2017/06/22 18:37:27.609	サブ発電所情報を更新しました
DefaultSource	Information	0	2017/06/22 18:37:27.609	【正常終了】サブ発電所情報更新 
DefaultSource	Information	0	2017/06/22 18:38:27.591	サブ発電所情報を更新しました
DefaultSource	Information	0	2017/06/22 18:38:27.591	【正常終了】サブ発電所情報更新 
DefaultSource	Information	0	2017/06/22 18:39:27.588	サブ発電所情報を更新しました
DefaultSource	Information	0	2017/06/22 18:39:27.588	【正常終了】サブ発電所情報更新 
DefaultSource	Information	0	2017/06/22 18:40:27.586	サブ発電所情報を更新しました
DefaultSource	Information	0	2017/06/22 18:40:27.586	【正常終了】サブ発電所情報更新 
DefaultSource	Information	0	2017/06/22 18:41:27.615	サブ発電所情報を更新しました
DefaultSource	Information	0	2017/06/22 18:41:27.615	【正常終了】サブ発電所情報更新 
DefaultSource	Information	0	2017/06/22 18:42:27.581	サブ発電所情報を更新しました
DefaultSource	Information	0	2017/06/22 18:42:27.581	【正常終了】サブ発電所情報更新 
DefaultSource	Information	0	2017/06/22 18:43:27.579	サブ発電所情報を更新しました
DefaultSource	Information	0	2017/06/22 18:43:27.579	【正常終了】サブ発電所情報更新 
DefaultSource	Information	0	2017/06/22 18:44:27.592	サブ発電所情報を更新しました
DefaultSource	Information	0	2017/06/22 18:44:27.592	【正常終了】サブ発電所情報更新 
DefaultSource	Information	0	2017/06/22 18:45:27.590	サブ発電所情報を更新しました
DefaultSource	Information	0	2017/06/22 18:45:27.590	【正常終了】サブ発電所情報更新 
DefaultSource	Information	0	2017/06/22 18:46:27.588	サブ発電所情報を更新しました
DefaultSource	Information	0	2017/06/22 18:46:27.588	【正常終了】サブ発電所情報更新 
DefaultSource	Information	0	2017/06/22 18:47:27.601	サブ発電所情報を更新しました
DefaultSource	Information	0	2017/06/22 18:47:27.601	【正常終了】サブ発電所情報更新 
DefaultSource	Information	0	2017/06/22 18:48:27.583	サブ発電所情報を更新しました
DefaultSource	Information	0	2017/06/22 18:48:27.583	【正常終了】サブ発電所情報更新 
DefaultSource	Information	0	2017/06/22 18:49:27.581	サブ発電所情報を更新しました
DefaultSource	Information	0	2017/06/22 18:49:27.581	【正常終了】サブ発電所情報更新 
DefaultSource	Information	0	2017/06/22 18:50:27.579	サブ発電所情報を更新しました
DefaultSource	Information	0	2017/06/22 18:50:27.579	【正常終了】サブ発電所情報更新 
DefaultSource	Information	0	2017/06/22 18:51:27.576	サブ発電所情報を更新しました
DefaultSource	Information	0	2017/06/22 18:51:27.576	【正常終了】サブ発電所情報更新 
DefaultSource	Information	0	2017/06/22 18:52:27.574	サブ発電所情報を更新しました
DefaultSource	Information	0	2017/06/22 18:52:27.574	【正常終了】サブ発電所情報更新 
DefaultSource	Information	0	2017/06/22 18:53:27.587	サブ発電所情報を更新しました
DefaultSource	Information	0	2017/06/22 18:53:27.587	【正常終了】サブ発電所情報更新 
DefaultSource	Information	0	2017/06/22 18:54:27.570	サブ発電所情報を更新しました
DefaultSource	Information	0	2017/06/22 18:54:27.570	【正常終了】サブ発電所情報更新 
DefaultSource	Information	0	2017/06/22 18:55:27.567	サブ発電所情報を更新しました
DefaultSource	Information	0	2017/06/22 18:55:27.567	【正常終了】サブ発電所情報更新 
DefaultSource	Information	0	2017/06/22 18:56:27.565	サブ発電所情報を更新しました
DefaultSource	Information	0	2017/06/22 18:56:27.565	【正常終了】サブ発電所情報更新 
DefaultSource	Information	0	2017/06/22 18:57:27.563	サブ発電所情報を更新しました
DefaultSource	Information	0	2017/06/22 18:57:27.563	【正常終了】サブ発電所情報更新 
DefaultSource	Information	0	2017/06/22 18:58:27.560	サブ発電所情報を更新しました
DefaultSource	Information	0	2017/06/22 18:58:27.560	【正常終了】サブ発電所情報更新 
DefaultSource	Information	0	2017/06/22 18:59:27.574	サブ発電所情報を更新しました
DefaultSource	Information	0	2017/06/22 18:59:27.574	【正常終了】サブ発電所情報更新 
DefaultSource	Information	0	2017/06/22 19:00:27.571	サブ発電所情報を更新しました
DefaultSource	Information	0	2017/06/22 19:00:27.571	【正常終了】サブ発電所情報更新 
DefaultSource	Information	0	2017/06/22 19:01:27.569	サブ発電所情報を更新しました
DefaultSource	Information	0	2017/06/22 19:01:27.569	【正常終了】サブ発電所情報更新 
DefaultSource	Information	0	2017/06/22 19:02:27.567	サブ発電所情報を更新しました
DefaultSource	Information	0	2017/06/22 19:02:27.567	【正常終了】サブ発電所情報更新 
DefaultSource	Information	0	2017/06/22 19:03:27.564	サブ発電所情報を更新しました
DefaultSource	Information	0	2017/06/22 19:03:27.564	【正常終了】サブ発電所情報更新 
DefaultSource	Information	0	2017/06/22 19:04:27.562	サブ発電所情報を更新しました
DefaultSource	Information	0	2017/06/22 19:04:27.562	【正常終了】サブ発電所情報更新 
DefaultSource	Information	0	2017/06/22 19:05:27.560	サブ発電所情報を更新しました
DefaultSource	Information	0	2017/06/22 19:05:27.560	【正常終了】サブ発電所情報更新 
DefaultSource	Information	0	2017/06/22 19:06:27.573	サブ発電所情報を更新しました
DefaultSource	Information	0	2017/06/22 19:06:27.573	【正常終了】サブ発電所情報更新 
DefaultSource	Information	0	2017/06/22 19:07:27.571	サブ発電所情報を更新しました
DefaultSource	Information	0	2017/06/22 19:07:27.571	【正常終了】サブ発電所情報更新 
DefaultSource	Information	0	2017/06/22 19:08:27.569	サブ発電所情報を更新しました
DefaultSource	Information	0	2017/06/22 19:08:27.569	【正常終了】サブ発電所情報更新 
DefaultSource	Information	0	2017/06/22 19:09:27.566	サブ発電所情報を更新しました
DefaultSource	Information	0	2017/06/22 19:09:27.566	【正常終了】サブ発電所情報更新 
DefaultSource	Information	0	2017/06/22 19:10:27.564	サブ発電所情報を更新しました
DefaultSource	Information	0	2017/06/22 19:10:27.564	【正常終了】サブ発電所情報更新 
DefaultSource	Information	0	2017/06/22 19:11:27.562	サブ発電所情報を更新しました
DefaultSource	Information	0	2017/06/22 19:11:27.562	【正常終了】サブ発電所情報更新 
DefaultSource	Information	0	2017/06/22 19:12:27.559	サブ発電所情報を更新しました
DefaultSource	Information	0	2017/06/22 19:12:27.559	【正常終了】サブ発電所情報更新 
DefaultSource	Information	0	2017/06/22 19:13:27.557	サブ発電所情報を更新しました
DefaultSource	Information	0	2017/06/22 19:13:27.557	【正常終了】サブ発電所情報更新 
DefaultSource	Information	0	2017/06/22 19:14:27.555	サブ発電所情報を更新しました
DefaultSource	Information	0	2017/06/22 19:14:27.555	【正常終了】サブ発電所情報更新 
DefaultSource	Information	0	2017/06/22 19:15:27.553	サブ発電所情報を更新しました
DefaultSource	Information	0	2017/06/22 19:15:27.553	【正常終了】サブ発電所情報更新 
DefaultSource	Information	0	2017/06/22 19:16:27.550	サブ発電所情報を更新しました
DefaultSource	Information	0	2017/06/22 19:16:27.550	【正常終了】サブ発電所情報更新 
DefaultSource	Information	0	2017/06/22 19:17:27.548	サブ発電所情報を更新しました
DefaultSource	Information	0	2017/06/22 19:17:27.548	【正常終了】サブ発電所情報更新 
DefaultSource	Information	0	2017/06/22 19:18:27.546	サブ発電所情報を更新しました
DefaultSource	Information	0	2017/06/22 19:18:27.546	【正常終了】サブ発電所情報更新 
DefaultSource	Information	0	2017/06/22 19:19:27.543	サブ発電所情報を更新しました
DefaultSource	Information	0	2017/06/22 19:19:27.543	【正常終了】サブ発電所情報更新 
DefaultSource	Information	0	2017/06/22 19:20:27.541	サブ発電所情報を更新しました
DefaultSource	Information	0	2017/06/22 19:20:27.541	【正常終了】サブ発電所情報更新 
DefaultSource	Information	0	2017/06/22 19:21:27.539	サブ発電所情報を更新しました
DefaultSource	Information	0	2017/06/22 19:21:27.539	【正常終了】サブ発電所情報更新 
DefaultSource	Information	0	2017/06/22 19:22:27.536	サブ発電所情報を更新しました
DefaultSource	Information	0	2017/06/22 19:22:27.536	【正常終了】サブ発電所情報更新 
DefaultSource	Information	0	2017/06/22 19:23:27.534	サブ発電所情報を更新しました
DefaultSource	Information	0	2017/06/22 19:23:27.534	【正常終了】サブ発電所情報更新 
DefaultSource	Information	0	2017/06/22 19:24:27.532	サブ発電所情報を更新しました
DefaultSource	Information	0	2017/06/22 19:24:27.532	【正常終了】サブ発電所情報更新 
DefaultSource	Information	0	2017/06/22 19:25:27.530	サブ発電所情報を更新しました
DefaultSource	Information	0	2017/06/22 19:25:27.530	【正常終了】サブ発電所情報更新 
DefaultSource	Information	0	2017/06/22 19:26:27.527	サブ発電所情報を更新しました
DefaultSource	Information	0	2017/06/22 19:26:27.527	【正常終了】サブ発電所情報更新 
DefaultSource	Information	0	2017/06/22 19:27:27.556	サブ発電所情報を更新しました
DefaultSource	Information	0	2017/06/22 19:27:27.556	【正常終了】サブ発電所情報更新 
DefaultSource	Information	0	2017/06/22 19:28:27.523	サブ発電所情報を更新しました
DefaultSource	Information	0	2017/06/22 19:28:27.523	【正常終了】サブ発電所情報更新 
DefaultSource	Information	0	2017/06/22 19:29:27.520	サブ発電所情報を更新しました
DefaultSource	Information	0	2017/06/22 19:29:27.520	【正常終了】サブ発電所情報更新 
DefaultSource	Information	0	2017/06/22 19:30:27.518	サブ発電所情報を更新しました
DefaultSource	Information	0	2017/06/22 19:30:27.518	【正常終了】サブ発電所情報更新 
DefaultSource	Information	0	2017/06/22 19:31:27.516	サブ発電所情報を更新しました
DefaultSource	Information	0	2017/06/22 19:31:27.516	【正常終了】サブ発電所情報更新 
DefaultSource	Information	0	2017/06/22 19:32:27.514	サブ発電所情報を更新しました
DefaultSource	Information	0	2017/06/22 19:32:27.514	【正常終了】サブ発電所情報更新 
DefaultSource	Information	0	2017/06/22 19:33:27.511	サブ発電所情報を更新しました
DefaultSource	Information	0	2017/06/22 19:33:27.511	【正常終了】サブ発電所情報更新 
DefaultSource	Information	0	2017/06/22 19:34:27.525	サブ発電所情報を更新しました
DefaultSource	Information	0	2017/06/22 19:34:27.525	【正常終了】サブ発電所情報更新 
DefaultSource	Information	0	2017/06/22 19:35:27.522	サブ発電所情報を更新しました
DefaultSource	Information	0	2017/06/22 19:35:27.522	【正常終了】サブ発電所情報更新 
DefaultSource	Information	0	2017/06/22 19:36:27.520	サブ発電所情報を更新しました
DefaultSource	Information	0	2017/06/22 19:36:27.520	【正常終了】サブ発電所情報更新 
DefaultSource	Information	0	2017/06/22 19:37:27.518	サブ発電所情報を更新しました
DefaultSource	Information	0	2017/06/22 19:37:27.518	【正常終了】サブ発電所情報更新 
DefaultSource	Information	0	2017/06/22 19:38:27.515	サブ発電所情報を更新しました
DefaultSource	Information	0	2017/06/22 19:38:27.515	【正常終了】サブ発電所情報更新 
DefaultSource	Information	0	2017/06/22 19:39:27.513	サブ発電所情報を更新しました
DefaultSource	Information	0	2017/06/22 19:39:27.513	【正常終了】サブ発電所情報更新 
DefaultSource	Information	0	2017/06/22 19:40:27.526	サブ発電所情報を更新しました
DefaultSource	Information	0	2017/06/22 19:40:27.526	【正常終了】サブ発電所情報更新 
DefaultSource	Information	0	2017/06/22 19:41:27.524	サブ発電所情報を更新しました
DefaultSource	Information	0	2017/06/22 19:41:27.524	【正常終了】サブ発電所情報更新 
DefaultSource	Information	0	2017/06/22 19:42:27.522	サブ発電所情報を更新しました
DefaultSource	Information	0	2017/06/22 19:42:27.522	【正常終了】サブ発電所情報更新 
DefaultSource	Information	0	2017/06/22 19:43:27.519	サブ発電所情報を更新しました
DefaultSource	Information	0	2017/06/22 19:43:27.519	【正常終了】サブ発電所情報更新 
DefaultSource	Information	0	2017/06/22 19:44:27.517	サブ発電所情報を更新しました
DefaultSource	Information	0	2017/06/22 19:44:27.517	【正常終了】サブ発電所情報更新 
DefaultSource	Information	0	2017/06/22 19:45:27.515	サブ発電所情報を更新しました
DefaultSource	Information	0	2017/06/22 19:45:27.515	【正常終了】サブ発電所情報更新 
DefaultSource	Information	0	2017/06/22 19:46:27.528	サブ発電所情報を更新しました
DefaultSource	Information	0	2017/06/22 19:46:27.528	【正常終了】サブ発電所情報更新 
DefaultSource	Information	0	2017/06/22 19:47:27.526	サブ発電所情報を更新しました
DefaultSource	Information	0	2017/06/22 19:47:27.526	【正常終了】サブ発電所情報更新 
DefaultSource	Information	0	2017/06/22 19:48:27.524	サブ発電所情報を更新しました
DefaultSource	Information	0	2017/06/22 19:48:27.524	【正常終了】サブ発電所情報更新 
DefaultSource	Information	0	2017/06/22 19:49:27.521	サブ発電所情報を更新しました
DefaultSource	Information	0	2017/06/22 19:49:27.521	【正常終了】サブ発電所情報更新 
DefaultSource	Information	0	2017/06/22 19:50:27.519	サブ発電所情報を更新しました
DefaultSource	Information	0	2017/06/22 19:50:27.519	【正常終了】サブ発電所情報更新 
DefaultSource	Information	0	2017/06/22 19:51:27.517	サブ発電所情報を更新しました
DefaultSource	Information	0	2017/06/22 19:51:27.517	【正常終了】サブ発電所情報更新 
DefaultSource	Information	0	2017/06/22 19:52:27.530	サブ発電所情報を更新しました
DefaultSource	Information	0	2017/06/22 19:52:27.530	【正常終了】サブ発電所情報更新 
DefaultSource	Information	0	2017/06/22 19:53:27.528	サブ発電所情報を更新しました
DefaultSource	Information	0	2017/06/22 19:53:27.528	【正常終了】サブ発電所情報更新 
DefaultSource	Information	0	2017/06/22 19:54:27.525	サブ発電所情報を更新しました
DefaultSource	Information	0	2017/06/22 19:54:27.525	【正常終了】サブ発電所情報更新 
DefaultSource	Information	0	2017/06/22 19:55:27.523	サブ発電所情報を更新しました
DefaultSource	Information	0	2017/06/22 19:55:27.523	【正常終了】サブ発電所情報更新 
DefaultSource	Information	0	2017/06/22 19:56:27.536	サブ発電所情報を更新しました
DefaultSource	Information	0	2017/06/22 19:56:27.536	【正常終了】サブ発電所情報更新 
DefaultSource	Information	0	2017/06/22 19:57:27.534	サブ発電所情報を更新しました
DefaultSource	Information	0	2017/06/22 19:57:27.534	【正常終了】サブ発電所情報更新 
DefaultSource	Information	0	2017/06/22 19:58:27.532	サブ発電所情報を更新しました
DefaultSource	Information	0	2017/06/22 19:58:27.532	【正常終了】サブ発電所情報更新 
DefaultSource	Information	0	2017/06/22 19:59:27.530	サブ発電所情報を更新しました
DefaultSource	Information	0	2017/06/22 19:59:27.530	【正常終了】サブ発電所情報更新 
DefaultSource	Information	0	2017/06/22 20:00:27.527	サブ発電所情報を更新しました
DefaultSource	Information	0	2017/06/22 20:00:27.527	【正常終了】サブ発電所情報更新 
DefaultSource	Information	0	2017/06/22 20:01:27.525	サブ発電所情報を更新しました
DefaultSource	Information	0	2017/06/22 20:01:27.525	【正常終了】サブ発電所情報更新 
DefaultSource	Information	0	2017/06/22 20:02:27.523	サブ発電所情報を更新しました
DefaultSource	Information	0	2017/06/22 20:02:27.523	【正常終了】サブ発電所情報更新 
DefaultSource	Information	0	2017/06/22 20:03:27.536	サブ発電所情報を更新しました
DefaultSource	Information	0	2017/06/22 20:03:27.536	【正常終了】サブ発電所情報更新 
DefaultSource	Information	0	2017/06/22 20:04:27.534	サブ発電所情報を更新しました
DefaultSource	Information	0	2017/06/22 20:04:27.534	【正常終了】サブ発電所情報更新 
DefaultSource	Information	0	2017/06/22 20:05:27.531	サブ発電所情報を更新しました
DefaultSource	Information	0	2017/06/22 20:05:27.531	【正常終了】サブ発電所情報更新 
DefaultSource	Information	0	2017/06/22 20:06:27.513	サブ発電所情報を更新しました
DefaultSource	Information	0	2017/06/22 20:06:27.513	【正常終了】サブ発電所情報更新 
DefaultSource	Information	0	2017/06/22 20:07:27.511	サブ発電所情報を更新しました
DefaultSource	Information	0	2017/06/22 20:07:27.511	【正常終了】サブ発電所情報更新 
DefaultSource	Information	0	2017/06/22 20:08:27.509	サブ発電所情報を更新しました
DefaultSource	Information	0	2017/06/22 20:08:27.509	【正常終了】サブ発電所情報更新 
DefaultSource	Information	0	2017/06/22 20:09:27.507	サブ発電所情報を更新しました
DefaultSource	Information	0	2017/06/22 20:09:27.507	【正常終了】サブ発電所情報更新 
DefaultSource	Information	0	2017/06/22 20:10:27.504	サブ発電所情報を更新しました
DefaultSource	Information	0	2017/06/22 20:10:27.504	【正常終了】サブ発電所情報更新 
DefaultSource	Information	0	2017/06/22 20:11:27.502	サブ発電所情報を更新しました
DefaultSource	Information	0	2017/06/22 20:11:27.502	【正常終了】サブ発電所情報更新 
DefaultSource	Information	0	2017/06/22 20:12:27.500	サブ発電所情報を更新しました
DefaultSource	Information	0	2017/06/22 20:12:27.500	【正常終了】サブ発電所情報更新 
DefaultSource	Information	0	2017/06/22 20:13:27.497	サブ発電所情報を更新しました
DefaultSource	Information	0	2017/06/22 20:13:27.497	【正常終了】サブ発電所情報更新 
DefaultSource	Information	0	2017/06/22 20:14:27.495	サブ発電所情報を更新しました
DefaultSource	Information	0	2017/06/22 20:14:27.495	【正常終了】サブ発電所情報更新 
DefaultSource	Information	0	2017/06/22 20:15:27.508	サブ発電所情報を更新しました
DefaultSource	Information	0	2017/06/22 20:15:27.508	【正常終了】サブ発電所情報更新 
DefaultSource	Information	0	2017/06/22 20:16:27.506	サブ発電所情報を更新しました
DefaultSource	Information	0	2017/06/22 20:16:27.506	【正常終了】サブ発電所情報更新 
DefaultSource	Information	0	2017/06/22 20:17:27.504	サブ発電所情報を更新しました
DefaultSource	Information	0	2017/06/22 20:17:27.504	【正常終了】サブ発電所情報更新 
DefaultSource	Information	0	2017/06/22 20:18:27.502	サブ発電所情報を更新しました
DefaultSource	Information	0	2017/06/22 20:18:27.502	【正常終了】サブ発電所情報更新 
DefaultSource	Information	0	2017/06/22 20:19:27.499	サブ発電所情報を更新しました
DefaultSource	Information	0	2017/06/22 20:19:27.499	【正常終了】サブ発電所情報更新 
DefaultSource	Information	0	2017/06/22 20:20:27.497	サブ発電所情報を更新しました
DefaultSource	Information	0	2017/06/22 20:20:27.497	【正常終了】サブ発電所情報更新 
DefaultSource	Information	0	2017/06/22 20:21:27.510	サブ発電所情報を更新しました
DefaultSource	Information	0	2017/06/22 20:21:27.510	【正常終了】サブ発電所情報更新 
DefaultSource	Information	0	2017/06/22 20:22:27.508	サブ発電所情報を更新しました
DefaultSource	Information	0	2017/06/22 20:22:27.508	【正常終了】サブ発電所情報更新 
DefaultSource	Information	0	2017/06/22 20:23:27.506	サブ発電所情報を更新しました
DefaultSource	Information	0	2017/06/22 20:23:27.506	【正常終了】サブ発電所情報更新 
DefaultSource	Information	0	2017/06/22 20:24:27.503	サブ発電所情報を更新しました
DefaultSource	Information	0	2017/06/22 20:24:27.503	【正常終了】サブ発電所情報更新 
DefaultSource	Information	0	2017/06/22 20:25:27.501	サブ発電所情報を更新しました
DefaultSource	Information	0	2017/06/22 20:25:27.501	【正常終了】サブ発電所情報更新 
DefaultSource	Information	0	2017/06/22 20:26:27.499	サブ発電所情報を更新しました
DefaultSource	Information	0	2017/06/22 20:26:27.499	【正常終了】サブ発電所情報更新 
DefaultSource	Information	0	2017/06/22 20:27:27.528	サブ発電所情報を更新しました
DefaultSource	Information	0	2017/06/22 20:27:27.528	【正常終了】サブ発電所情報更新 
DefaultSource	Information	0	2017/06/22 20:28:27.494	サブ発電所情報を更新しました
DefaultSource	Information	0	2017/06/22 20:28:27.494	【正常終了】サブ発電所情報更新 
DefaultSource	Information	0	2017/06/22 20:29:27.492	サブ発電所情報を更新しました
DefaultSource	Information	0	2017/06/22 20:29:27.492	【正常終了】サブ発電所情報更新 
DefaultSource	Information	0	2017/06/22 20:30:27.490	サブ発電所情報を更新しました
DefaultSource	Information	0	2017/06/22 20:30:27.490	【正常終了】サブ発電所情報更新 
DefaultSource	Information	0	2017/06/22 20:31:27.487	サブ発電所情報を更新しました
DefaultSource	Information	0	2017/06/22 20:31:27.487	【正常終了】サブ発電所情報更新 
DefaultSource	Information	0	2017/06/22 20:32:27.485	サブ発電所情報を更新しました
DefaultSource	Information	0	2017/06/22 20:32:27.485	【正常終了】サブ発電所情報更新 
DefaultSource	Information	0	2017/06/22 20:33:27.483	サブ発電所情報を更新しました
DefaultSource	Information	0	2017/06/22 20:33:27.483	【正常終了】サブ発電所情報更新 
DefaultSource	Information	0	2017/06/22 20:34:27.496	サブ発電所情報を更新しました
DefaultSource	Information	0	2017/06/22 20:34:27.496	【正常終了】サブ発電所情報更新 
DefaultSource	Information	0	2017/06/22 20:35:27.494	サブ発電所情報を更新しました
DefaultSource	Information	0	2017/06/22 20:35:27.494	【正常終了】サブ発電所情報更新 
DefaultSource	Information	0	2017/06/22 20:36:27.491	サブ発電所情報を更新しました
DefaultSource	Information	0	2017/06/22 20:36:27.491	【正常終了】サブ発電所情報更新 
DefaultSource	Information	0	2017/06/22 20:37:27.489	サブ発電所情報を更新しました
DefaultSource	Information	0	2017/06/22 20:37:27.489	【正常終了】サブ発電所情報更新 
DefaultSource	Information	0	2017/06/22 20:38:27.487	サブ発電所情報を更新しました
DefaultSource	Information	0	2017/06/22 20:38:27.487	【正常終了】サブ発電所情報更新 
DefaultSource	Information	0	2017/06/22 20:39:27.485	サブ発電所情報を更新しました
DefaultSource	Information	0	2017/06/22 20:39:27.485	【正常終了】サブ発電所情報更新 
DefaultSource	Information	0	2017/06/22 20:40:27.482	サブ発電所情報を更新しました
DefaultSource	Information	0	2017/06/22 20:40:27.482	【正常終了】サブ発電所情報更新 
DefaultSource	Information	0	2017/06/22 20:41:27.480	サブ発電所情報を更新しました
DefaultSource	Information	0	2017/06/22 20:41:27.480	【正常終了】サブ発電所情報更新 
DefaultSource	Information	0	2017/06/22 20:42:27.478	サブ発電所情報を更新しました
DefaultSource	Information	0	2017/06/22 20:42:27.478	【正常終了】サブ発電所情報更新 
DefaultSource	Information	0	2017/06/22 20:43:27.475	サブ発電所情報を更新しました
DefaultSource	Information	0	2017/06/22 20:43:27.475	【正常終了】サブ発電所情報更新 
DefaultSource	Information	0	2017/06/22 20:44:27.473	サブ発電所情報を更新しました
DefaultSource	Information	0	2017/06/22 20:44:27.473	【正常終了】サブ発電所情報更新 
DefaultSource	Information	0	2017/06/22 20:45:27.471	サブ発電所情報を更新しました
DefaultSource	Information	0	2017/06/22 20:45:27.471	【正常終了】サブ発電所情報更新 
DefaultSource	Information	0	2017/06/22 20:46:27.469	サブ発電所情報を更新しました
DefaultSource	Information	0	2017/06/22 20:46:27.469	【正常終了】サブ発電所情報更新 
DefaultSource	Information	0	2017/06/22 20:47:27.466	サブ発電所情報を更新しました
DefaultSource	Information	0	2017/06/22 20:47:27.466	【正常終了】サブ発電所情報更新 
DefaultSource	Information	0	2017/06/22 20:48:27.464	サブ発電所情報を更新しました
DefaultSource	Information	0	2017/06/22 20:48:27.464	【正常終了】サブ発電所情報更新 
DefaultSource	Information	0	2017/06/22 20:49:27.462	サブ発電所情報を更新しました
DefaultSource	Information	0	2017/06/22 20:49:27.462	【正常終了】サブ発電所情報更新 
DefaultSource	Information	0	2017/06/22 20:50:27.459	サブ発電所情報を更新しました
DefaultSource	Information	0	2017/06/22 20:50:27.459	【正常終了】サブ発電所情報更新 
DefaultSource	Information	0	2017/06/22 20:51:27.457	サブ発電所情報を更新しました
DefaultSource	Information	0	2017/06/22 20:51:27.457	【正常終了】サブ発電所情報更新 
DefaultSource	Information	0	2017/06/22 20:52:27.455	サブ発電所情報を更新しました
DefaultSource	Information	0	2017/06/22 20:52:27.455	【正常終了】サブ発電所情報更新 
DefaultSource	Information	0	2017/06/22 20:53:27.468	サブ発電所情報を更新しました
DefaultSource	Information	0	2017/06/22 20:53:27.468	【正常終了】サブ発電所情報更新 
DefaultSource	Information	0	2017/06/22 20:54:27.466	サブ発電所情報を更新しました
DefaultSource	Information	0	2017/06/22 20:54:27.466	【正常終了】サブ発電所情報更新 
DefaultSource	Information	0	2017/06/22 20:55:27.463	サブ発電所情報を更新しました
DefaultSource	Information	0	2017/06/22 20:55:27.463	【正常終了】サブ発電所情報更新 
DefaultSource	Information	0	2017/06/22 20:56:27.461	サブ発電所情報を更新しました
DefaultSource	Information	0	2017/06/22 20:56:27.461	【正常終了】サブ発電所情報更新 
DefaultSource	Information	0	2017/06/22 20:57:27.459	サブ発電所情報を更新しました
DefaultSource	Information	0	2017/06/22 20:57:27.459	【正常終了】サブ発電所情報更新 
DefaultSource	Information	0	2017/06/22 20:58:27.457	サブ発電所情報を更新しました
DefaultSource	Information	0	2017/06/22 20:58:27.457	【正常終了】サブ発電所情報更新 
DefaultSource	Information	0	2017/06/22 20:59:27.454	サブ発電所情報を更新しました
DefaultSource	Information	0	2017/06/22 20:59:27.454	【正常終了】サブ発電所情報更新 
DefaultSource	Information	0	2017/06/22 21:00:27.452	サブ発電所情報を更新しました
DefaultSource	Information	0	2017/06/22 21:00:27.452	【正常終了】サブ発電所情報更新 
DefaultSource	Information	0	2017/06/22 21:01:27.450	サブ発電所情報を更新しました
DefaultSource	Information	0	2017/06/22 21:01:27.450	【正常終了】サブ発電所情報更新 
DefaultSource	Information	0	2017/06/22 21:02:27.463	サブ発電所情報を更新しました
DefaultSource	Information	0	2017/06/22 21:02:27.463	【正常終了】サブ発電所情報更新 
DefaultSource	Information	0	2017/06/22 21:03:27.461	サブ発電所情報を更新しました
DefaultSource	Information	0	2017/06/22 21:03:27.461	【正常終了】サブ発電所情報更新 
DefaultSource	Information	0	2017/06/22 21:04:27.458	サブ発電所情報を更新しました
DefaultSource	Information	0	2017/06/22 21:04:27.458	【正常終了】サブ発電所情報更新 
DefaultSource	Information	0	2017/06/22 21:05:27.456	サブ発電所情報を更新しました
DefaultSource	Information	0	2017/06/22 21:05:27.456	【正常終了】サブ発電所情報更新 
DefaultSource	Information	0	2017/06/22 21:06:27.469	サブ発電所情報を更新しました
DefaultSource	Information	0	2017/06/22 21:06:27.469	【正常終了】サブ発電所情報更新 
DefaultSource	Information	0	2017/06/22 21:07:27.467	サブ発電所情報を更新しました
DefaultSource	Information	0	2017/06/22 21:07:27.467	【正常終了】サブ発電所情報更新 
DefaultSource	Information	0	2017/06/22 21:08:27.480	サブ発電所情報を更新しました
DefaultSource	Information	0	2017/06/22 21:08:27.480	【正常終了】サブ発電所情報更新 
DefaultSource	Information	0	2017/06/22 21:09:27.478	サブ発電所情報を更新しました
DefaultSource	Information	0	2017/06/22 21:09:27.494	【正常終了】サブ発電所情報更新 
DefaultSource	Information	0	2017/06/22 21:10:27.491	サブ発電所情報を更新しました
DefaultSource	Information	0	2017/06/22 21:10:27.491	【正常終了】サブ発電所情報更新 
DefaultSource	Information	0	2017/06/22 21:11:27.489	サブ発電所情報を更新しました
DefaultSource	Information	0	2017/06/22 21:11:27.489	【正常終了】サブ発電所情報更新 
DefaultSource	Information	0	2017/06/22 21:12:27.487	サブ発電所情報を更新しました
DefaultSource	Information	0	2017/06/22 21:12:27.487	【正常終了】サブ発電所情報更新 
DefaultSource	Information	0	2017/06/22 21:13:27.485	サブ発電所情報を更新しました
DefaultSource	Information	0	2017/06/22 21:13:27.485	【正常終了】サブ発電所情報更新 
DefaultSource	Information	0	2017/06/22 21:14:27.482	サブ発電所情報を更新しました
DefaultSource	Information	0	2017/06/22 21:14:27.482	【正常終了】サブ発電所情報更新 
DefaultSource	Information	0	2017/06/22 21:15:27.480	サブ発電所情報を更新しました
DefaultSource	Information	0	2017/06/22 21:15:27.480	【正常終了】サブ発電所情報更新 
DefaultSource	Information	0	2017/06/22 21:16:27.478	サブ発電所情報を更新しました
DefaultSource	Information	0	2017/06/22 21:16:27.478	【正常終了】サブ発電所情報更新 
DefaultSource	Information	0	2017/06/22 21:17:27.475	サブ発電所情報を更新しました
DefaultSource	Information	0	2017/06/22 21:17:27.475	【正常終了】サブ発電所情報更新 
DefaultSource	Information	0	2017/06/22 21:18:27.473	サブ発電所情報を更新しました
DefaultSource	Information	0	2017/06/22 21:18:27.473	【正常終了】サブ発電所情報更新 
DefaultSource	Information	0	2017/06/22 21:19:27.471	サブ発電所情報を更新しました
DefaultSource	Information	0	2017/06/22 21:19:27.471	【正常終了】サブ発電所情報更新 
DefaultSource	Information	0	2017/06/22 21:20:27.468	サブ発電所情報を更新しました
DefaultSource	Information	0	2017/06/22 21:20:27.468	【正常終了】サブ発電所情報更新 
DefaultSource	Information	0	2017/06/22 21:21:27.466	サブ発電所情報を更新しました
DefaultSource	Information	0	2017/06/22 21:21:27.466	【正常終了】サブ発電所情報更新 
DefaultSource	Information	0	2017/06/22 21:22:27.464	サブ発電所情報を更新しました
DefaultSource	Information	0	2017/06/22 21:22:27.464	【正常終了】サブ発電所情報更新 
DefaultSource	Information	0	2017/06/22 21:23:27.462	サブ発電所情報を更新しました
DefaultSource	Information	0	2017/06/22 21:23:27.462	【正常終了】サブ発電所情報更新 
DefaultSource	Information	0	2017/06/22 21:24:27.459	サブ発電所情報を更新しました
DefaultSource	Information	0	2017/06/22 21:24:27.459	【正常終了】サブ発電所情報更新 
DefaultSource	Information	0	2017/06/22 21:25:27.457	サブ発電所情報を更新しました
DefaultSource	Information	0	2017/06/22 21:25:27.457	【正常終了】サブ発電所情報更新 
DefaultSource	Information	0	2017/06/22 21:26:27.455	サブ発電所情報を更新しました
DefaultSource	Information	0	2017/06/22 21:26:27.455	【正常終了】サブ発電所情報更新 
DefaultSource	Information	0	2017/06/22 21:27:27.452	サブ発電所情報を更新しました
DefaultSource	Information	0	2017/06/22 21:27:27.452	【正常終了】サブ発電所情報更新 
DefaultSource	Information	0	2017/06/22 21:28:27.450	サブ発電所情報を更新しました
DefaultSource	Information	0	2017/06/22 21:28:27.450	【正常終了】サブ発電所情報更新 
DefaultSource	Information	0	2017/06/22 21:29:27.448	サブ発電所情報を更新しました
DefaultSource	Information	0	2017/06/22 21:29:27.448	【正常終了】サブ発電所情報更新 
DefaultSource	Information	0	2017/06/22 21:30:27.446	サブ発電所情報を更新しました
DefaultSource	Information	0	2017/06/22 21:30:27.446	【正常終了】サブ発電所情報更新 
DefaultSource	Information	0	2017/06/22 21:31:27.443	サブ発電所情報を更新しました
DefaultSource	Information	0	2017/06/22 21:31:27.443	【正常終了】サブ発電所情報更新 
DefaultSource	Information	0	2017/06/22 21:32:27.441	サブ発電所情報を更新しました
DefaultSource	Information	0	2017/06/22 21:32:27.441	【正常終了】サブ発電所情報更新 
DefaultSource	Information	0	2017/06/22 21:33:27.439	サブ発電所情報を更新しました
DefaultSource	Information	0	2017/06/22 21:33:27.439	【正常終了】サブ発電所情報更新 
DefaultSource	Information	0	2017/06/22 21:34:27.436	サブ発電所情報を更新しました
DefaultSource	Information	0	2017/06/22 21:34:27.436	【正常終了】サブ発電所情報更新 
DefaultSource	Information	0	2017/06/22 21:35:27.434	サブ発電所情報を更新しました
DefaultSource	Information	0	2017/06/22 21:35:27.434	【正常終了】サブ発電所情報更新 
DefaultSource	Information	0	2017/06/22 21:36:27.432	サブ発電所情報を更新しました
DefaultSource	Information	0	2017/06/22 21:36:27.432	【正常終了】サブ発電所情報更新 
DefaultSource	Information	0	2017/06/22 21:37:27.429	サブ発電所情報を更新しました
DefaultSource	Information	0	2017/06/22 21:37:27.429	【正常終了】サブ発電所情報更新 
DefaultSource	Information	0	2017/06/22 21:38:27.427	サブ発電所情報を更新しました
DefaultSource	Information	0	2017/06/22 21:38:27.427	【正常終了】サブ発電所情報更新 
DefaultSource	Information	0	2017/06/22 21:39:27.425	サブ発電所情報を更新しました
DefaultSource	Information	0	2017/06/22 21:39:27.425	【正常終了】サブ発電所情報更新 
DefaultSource	Information	0	2017/06/22 21:40:27.423	サブ発電所情報を更新しました
DefaultSource	Information	0	2017/06/22 21:40:27.423	【正常終了】サブ発電所情報更新 
DefaultSource	Information	0	2017/06/22 21:41:27.420	サブ発電所情報を更新しました
DefaultSource	Information	0	2017/06/22 21:41:27.420	【正常終了】サブ発電所情報更新 
DefaultSource	Information	0	2017/06/22 21:42:27.418	サブ発電所情報を更新しました
DefaultSource	Information	0	2017/06/22 21:42:27.418	【正常終了】サブ発電所情報更新 
DefaultSource	Information	0	2017/06/22 21:43:27.416	サブ発電所情報を更新しました
DefaultSource	Information	0	2017/06/22 21:43:27.416	【正常終了】サブ発電所情報更新 
DefaultSource	Information	0	2017/06/22 21:44:27.413	サブ発電所情報を更新しました
DefaultSource	Information	0	2017/06/22 21:44:27.413	【正常終了】サブ発電所情報更新 
DefaultSource	Information	0	2017/06/22 21:45:27.411	サブ発電所情報を更新しました
DefaultSource	Information	0	2017/06/22 21:45:27.411	【正常終了】サブ発電所情報更新 
DefaultSource	Information	0	2017/06/22 21:46:27.409	サブ発電所情報を更新しました
DefaultSource	Information	0	2017/06/22 21:46:27.409	【正常終了】サブ発電所情報更新 
DefaultSource	Information	0	2017/06/22 21:47:27.407	サブ発電所情報を更新しました
DefaultSource	Information	0	2017/06/22 21:47:27.407	【正常終了】サブ発電所情報更新 
DefaultSource	Information	0	2017/06/22 21:48:27.404	サブ発電所情報を更新しました
DefaultSource	Information	0	2017/06/22 21:48:27.404	【正常終了】サブ発電所情報更新 
DefaultSource	Information	0	2017/06/22 21:49:27.418	サブ発電所情報を更新しました
DefaultSource	Information	0	2017/06/22 21:49:27.418	【正常終了】サブ発電所情報更新 
DefaultSource	Information	0	2017/06/22 21:50:27.415	サブ発電所情報を更新しました
DefaultSource	Information	0	2017/06/22 21:50:27.415	【正常終了】サブ発電所情報更新 
DefaultSource	Information	0	2017/06/22 21:51:27.413	サブ発電所情報を更新しました
DefaultSource	Information	0	2017/06/22 21:51:27.413	【正常終了】サブ発電所情報更新 
DefaultSource	Information	0	2017/06/22 21:52:27.411	サブ発電所情報を更新しました
DefaultSource	Information	0	2017/06/22 21:52:27.411	【正常終了】サブ発電所情報更新 
DefaultSource	Information	0	2017/06/22 21:53:27.408	サブ発電所情報を更新しました
DefaultSource	Information	0	2017/06/22 21:53:27.408	【正常終了】サブ発電所情報更新 
DefaultSource	Information	0	2017/06/22 21:54:27.406	サブ発電所情報を更新しました
DefaultSource	Information	0	2017/06/22 21:54:27.406	【正常終了】サブ発電所情報更新 
DefaultSource	Information	0	2017/06/22 21:55:27.419	サブ発電所情報を更新しました
DefaultSource	Information	0	2017/06/22 21:55:27.419	【正常終了】サブ発電所情報更新 
DefaultSource	Information	0	2017/06/22 21:56:27.401	サブ発電所情報を更新しました
DefaultSource	Information	0	2017/06/22 21:56:27.401	【正常終了】サブ発電所情報更新 
DefaultSource	Information	0	2017/06/22 21:57:27.399	サブ発電所情報を更新しました
DefaultSource	Information	0	2017/06/22 21:57:27.399	【正常終了】サブ発電所情報更新 
DefaultSource	Information	0	2017/06/22 21:58:27.397	サブ発電所情報を更新しました
DefaultSource	Information	0	2017/06/22 21:58:27.397	【正常終了】サブ発電所情報更新 
DefaultSource	Information	0	2017/06/22 21:59:27.395	サブ発電所情報を更新しました
DefaultSource	Information	0	2017/06/22 21:59:27.395	【正常終了】サブ発電所情報更新 
DefaultSource	Information	0	2017/06/22 22:00:27.392	サブ発電所情報を更新しました
DefaultSource	Information	0	2017/06/22 22:00:27.392	【正常終了】サブ発電所情報更新 
DefaultSource	Information	0	2017/06/22 22:01:27.406	サブ発電所情報を更新しました
DefaultSource	Information	0	2017/06/22 22:01:27.406	【正常終了】サブ発電所情報更新 
DefaultSource	Information	0	2017/06/22 22:02:27.388	サブ発電所情報を更新しました
DefaultSource	Information	0	2017/06/22 22:02:27.388	【正常終了】サブ発電所情報更新 
DefaultSource	Information	0	2017/06/22 22:03:27.385	サブ発電所情報を更新しました
DefaultSource	Information	0	2017/06/22 22:03:27.385	【正常終了】サブ発電所情報更新 
DefaultSource	Information	0	2017/06/22 22:04:27.383	サブ発電所情報を更新しました
DefaultSource	Information	0	2017/06/22 22:04:27.383	【正常終了】サブ発電所情報更新 
DefaultSource	Information	0	2017/06/22 22:05:27.381	サブ発電所情報を更新しました
DefaultSource	Information	0	2017/06/22 22:05:27.381	【正常終了】サブ発電所情報更新 
DefaultSource	Information	0	2017/06/22 22:06:27.379	サブ発電所情報を更新しました
DefaultSource	Information	0	2017/06/22 22:06:27.379	【正常終了】サブ発電所情報更新 
DefaultSource	Information	0	2017/06/22 22:07:27.407	サブ発電所情報を更新しました
DefaultSource	Information	0	2017/06/22 22:07:27.407	【正常終了】サブ発電所情報更新 
DefaultSource	Information	0	2017/06/22 22:08:27.374	サブ発電所情報を更新しました
DefaultSource	Information	0	2017/06/22 22:08:27.374	【正常終了】サブ発電所情報更新 
DefaultSource	Information	0	2017/06/22 22:09:27.372	サブ発電所情報を更新しました
DefaultSource	Information	0	2017/06/22 22:09:27.372	【正常終了】サブ発電所情報更新 
DefaultSource	Information	0	2017/06/22 22:10:27.369	サブ発電所情報を更新しました
DefaultSource	Information	0	2017/06/22 22:10:27.369	【正常終了】サブ発電所情報更新 
DefaultSource	Information	0	2017/06/22 22:11:27.367	サブ発電所情報を更新しました
DefaultSource	Information	0	2017/06/22 22:11:27.367	【正常終了】サブ発電所情報更新 
DefaultSource	Information	0	2017/06/22 22:12:27.365	サブ発電所情報を更新しました
DefaultSource	Information	0	2017/06/22 22:12:27.365	【正常終了】サブ発電所情報更新 
DefaultSource	Information	0	2017/06/22 22:13:27.362	サブ発電所情報を更新しました
DefaultSource	Information	0	2017/06/22 22:13:27.378	【正常終了】サブ発電所情報更新 
DefaultSource	Information	0	2017/06/22 22:14:27.376	サブ発電所情報を更新しました
DefaultSource	Information	0	2017/06/22 22:14:27.376	【正常終了】サブ発電所情報更新 
DefaultSource	Information	0	2017/06/22 22:15:27.373	サブ発電所情報を更新しました
DefaultSource	Information	0	2017/06/22 22:15:27.373	【正常終了】サブ発電所情報更新 
DefaultSource	Information	0	2017/06/22 22:16:27.371	サブ発電所情報を更新しました
DefaultSource	Information	0	2017/06/22 22:16:27.371	【正常終了】サブ発電所情報更新 
DefaultSource	Information	0	2017/06/22 22:17:27.369	サブ発電所情報を更新しました
DefaultSource	Information	0	2017/06/22 22:17:27.369	【正常終了】サブ発電所情報更新 
DefaultSource	Information	0	2017/06/22 22:18:27.367	サブ発電所情報を更新しました
DefaultSource	Information	0	2017/06/22 22:18:27.367	【正常終了】サブ発電所情報更新 
DefaultSource	Information	0	2017/06/22 22:19:27.364	サブ発電所情報を更新しました
DefaultSource	Information	0	2017/06/22 22:19:27.364	【正常終了】サブ発電所情報更新 
DefaultSource	Information	0	2017/06/22 22:20:27.362	サブ発電所情報を更新しました
DefaultSource	Information	0	2017/06/22 22:20:27.362	【正常終了】サブ発電所情報更新 
DefaultSource	Information	0	2017/06/22 22:21:27.360	サブ発電所情報を更新しました
DefaultSource	Information	0	2017/06/22 22:21:27.360	【正常終了】サブ発電所情報更新 
DefaultSource	Information	0	2017/06/22 22:22:27.357	サブ発電所情報を更新しました
DefaultSource	Information	0	2017/06/22 22:22:27.357	【正常終了】サブ発電所情報更新 
DefaultSource	Information	0	2017/06/22 22:23:27.355	サブ発電所情報を更新しました
DefaultSource	Information	0	2017/06/22 22:23:27.355	【正常終了】サブ発電所情報更新 
DefaultSource	Information	0	2017/06/22 22:24:27.353	サブ発電所情報を更新しました
DefaultSource	Information	0	2017/06/22 22:24:27.353	【正常終了】サブ発電所情報更新 
DefaultSource	Information	0	2017/06/22 22:25:27.351	サブ発電所情報を更新しました
DefaultSource	Information	0	2017/06/22 22:25:27.351	【正常終了】サブ発電所情報更新 
DefaultSource	Information	0	2017/06/22 22:26:27.348	サブ発電所情報を更新しました
DefaultSource	Information	0	2017/06/22 22:26:27.348	【正常終了】サブ発電所情報更新 
DefaultSource	Information	0	2017/06/22 22:27:27.346	サブ発電所情報を更新しました
DefaultSource	Information	0	2017/06/22 22:27:27.346	【正常終了】サブ発電所情報更新 
DefaultSource	Information	0	2017/06/22 22:28:27.344	サブ発電所情報を更新しました
DefaultSource	Information	0	2017/06/22 22:28:27.344	【正常終了】サブ発電所情報更新 
DefaultSource	Information	0	2017/06/22 22:29:27.357	サブ発電所情報を更新しました
DefaultSource	Information	0	2017/06/22 22:29:27.357	【正常終了】サブ発電所情報更新 
DefaultSource	Information	0	2017/06/22 22:30:27.355	サブ発電所情報を更新しました
DefaultSource	Information	0	2017/06/22 22:30:27.355	【正常終了】サブ発電所情報更新 
DefaultSource	Information	0	2017/06/22 22:31:27.352	サブ発電所情報を更新しました
DefaultSource	Information	0	2017/06/22 22:31:27.352	【正常終了】サブ発電所情報更新 
DefaultSource	Information	0	2017/06/22 22:32:27.350	サブ発電所情報を更新しました
DefaultSource	Information	0	2017/06/22 22:32:27.350	【正常終了】サブ発電所情報更新 
DefaultSource	Information	0	2017/06/22 22:33:27.348	サブ発電所情報を更新しました
DefaultSource	Information	0	2017/06/22 22:33:27.348	【正常終了】サブ発電所情報更新 
DefaultSource	Information	0	2017/06/22 22:34:27.345	サブ発電所情報を更新しました
DefaultSource	Information	0	2017/06/22 22:34:27.345	【正常終了】サブ発電所情報更新 
DefaultSource	Information	0	2017/06/22 22:35:27.343	サブ発電所情報を更新しました
DefaultSource	Information	0	2017/06/22 22:35:27.343	【正常終了】サブ発電所情報更新 
DefaultSource	Information	0	2017/06/22 22:36:27.341	サブ発電所情報を更新しました
DefaultSource	Information	0	2017/06/22 22:36:27.341	【正常終了】サブ発電所情報更新 
DefaultSource	Information	0	2017/06/22 22:37:27.339	サブ発電所情報を更新しました
DefaultSource	Information	0	2017/06/22 22:37:27.339	【正常終了】サブ発電所情報更新 
DefaultSource	Information	0	2017/06/22 22:38:27.336	サブ発電所情報を更新しました
DefaultSource	Information	0	2017/06/22 22:38:27.336	【正常終了】サブ発電所情報更新 
DefaultSource	Information	0	2017/06/22 22:39:27.334	サブ発電所情報を更新しました
DefaultSource	Information	0	2017/06/22 22:39:27.334	【正常終了】サブ発電所情報更新 
DefaultSource	Information	0	2017/06/22 22:40:27.332	サブ発電所情報を更新しました
DefaultSource	Information	0	2017/06/22 22:40:27.332	【正常終了】サブ発電所情報更新 
DefaultSource	Information	0	2017/06/22 22:41:27.329	サブ発電所情報を更新しました
DefaultSource	Information	0	2017/06/22 22:41:27.329	【正常終了】サブ発電所情報更新 
DefaultSource	Information	0	2017/06/22 22:42:27.343	サブ発電所情報を更新しました
DefaultSource	Information	0	2017/06/22 22:42:27.343	【正常終了】サブ発電所情報更新 
DefaultSource	Information	0	2017/06/22 22:43:27.340	サブ発電所情報を更新しました
DefaultSource	Information	0	2017/06/22 22:43:27.340	【正常終了】サブ発電所情報更新 
DefaultSource	Information	0	2017/06/22 22:44:27.338	サブ発電所情報を更新しました
DefaultSource	Information	0	2017/06/22 22:44:27.338	【正常終了】サブ発電所情報更新 
DefaultSource	Information	0	2017/06/22 22:45:27.336	サブ発電所情報を更新しました
DefaultSource	Information	0	2017/06/22 22:45:27.336	【正常終了】サブ発電所情報更新 
DefaultSource	Information	0	2017/06/22 22:46:27.334	サブ発電所情報を更新しました
DefaultSource	Information	0	2017/06/22 22:46:27.334	【正常終了】サブ発電所情報更新 
DefaultSource	Information	0	2017/06/22 22:47:27.331	サブ発電所情報を更新しました
DefaultSource	Information	0	2017/06/22 22:47:27.331	【正常終了】サブ発電所情報更新 
DefaultSource	Information	0	2017/06/22 22:48:27.329	サブ発電所情報を更新しました
DefaultSource	Information	0	2017/06/22 22:48:27.329	【正常終了】サブ発電所情報更新 
DefaultSource	Information	0	2017/06/22 22:49:27.342	サブ発電所情報を更新しました
DefaultSource	Information	0	2017/06/22 22:49:27.342	【正常終了】サブ発電所情報更新 
DefaultSource	Information	0	2017/06/22 22:50:27.340	サブ発電所情報を更新しました
DefaultSource	Information	0	2017/06/22 22:50:27.340	【正常終了】サブ発電所情報更新 
DefaultSource	Information	0	2017/06/22 22:51:27.338	サブ発電所情報を更新しました
DefaultSource	Information	0	2017/06/22 22:51:27.338	【正常終了】サブ発電所情報更新 
DefaultSource	Information	0	2017/06/22 22:52:27.335	サブ発電所情報を更新しました
DefaultSource	Information	0	2017/06/22 22:52:27.335	【正常終了】サブ発電所情報更新 
DefaultSource	Information	0	2017/06/22 22:53:27.333	サブ発電所情報を更新しました
DefaultSource	Information	0	2017/06/22 22:53:27.333	【正常終了】サブ発電所情報更新 
DefaultSource	Information	0	2017/06/22 22:54:27.346	サブ発電所情報を更新しました
DefaultSource	Information	0	2017/06/22 22:54:27.346	【正常終了】サブ発電所情報更新 
DefaultSource	Information	0	2017/06/22 22:55:27.329	サブ発電所情報を更新しました
DefaultSource	Information	0	2017/06/22 22:55:27.329	【正常終了】サブ発電所情報更新 
DefaultSource	Information	0	2017/06/22 22:56:27.326	サブ発電所情報を更新しました
DefaultSource	Information	0	2017/06/22 22:56:27.326	【正常終了】サブ発電所情報更新 
DefaultSource	Information	0	2017/06/22 22:57:27.324	サブ発電所情報を更新しました
DefaultSource	Information	0	2017/06/22 22:57:27.324	【正常終了】サブ発電所情報更新 
DefaultSource	Information	0	2017/06/22 22:58:27.322	サブ発電所情報を更新しました
DefaultSource	Information	0	2017/06/22 22:58:27.322	【正常終了】サブ発電所情報更新 
DefaultSource	Information	0	2017/06/22 22:59:27.319	サブ発電所情報を更新しました
DefaultSource	Information	0	2017/06/22 22:59:27.319	【正常終了】サブ発電所情報更新 
DefaultSource	Information	0	2017/06/22 23:00:27.317	サブ発電所情報を更新しました
DefaultSource	Information	0	2017/06/22 23:00:27.317	【正常終了】サブ発電所情報更新 
DefaultSource	Information	0	2017/06/22 23:01:27.330	サブ発電所情報を更新しました
DefaultSource	Information	0	2017/06/22 23:01:27.330	【正常終了】サブ発電所情報更新 
DefaultSource	Information	0	2017/06/22 23:02:27.328	サブ発電所情報を更新しました
DefaultSource	Information	0	2017/06/22 23:02:27.328	【正常終了】サブ発電所情報更新 
DefaultSource	Information	0	2017/06/22 23:03:27.326	サブ発電所情報を更新しました
DefaultSource	Information	0	2017/06/22 23:03:27.326	【正常終了】サブ発電所情報更新 
DefaultSource	Information	0	2017/06/22 23:04:27.323	サブ発電所情報を更新しました
DefaultSource	Information	0	2017/06/22 23:04:27.323	【正常終了】サブ発電所情報更新 
DefaultSource	Information	0	2017/06/22 23:05:27.321	サブ発電所情報を更新しました
DefaultSource	Information	0	2017/06/22 23:05:27.321	【正常終了】サブ発電所情報更新 
DefaultSource	Information	0	2017/06/22 23:06:27.319	サブ発電所情報を更新しました
DefaultSource	Information	0	2017/06/22 23:06:27.319	【正常終了】サブ発電所情報更新 
DefaultSource	Information	0	2017/06/22 23:07:27.317	サブ発電所情報を更新しました
DefaultSource	Information	0	2017/06/22 23:07:27.317	【正常終了】サブ発電所情報更新 
DefaultSource	Information	0	2017/06/22 23:08:27.314	サブ発電所情報を更新しました
DefaultSource	Information	0	2017/06/22 23:08:27.314	【正常終了】サブ発電所情報更新 
DefaultSource	Information	0	2017/06/22 23:09:27.312	サブ発電所情報を更新しました
DefaultSource	Information	0	2017/06/22 23:09:27.312	【正常終了】サブ発電所情報更新 
DefaultSource	Information	0	2017/06/22 23:10:27.310	サブ発電所情報を更新しました
DefaultSource	Information	0	2017/06/22 23:10:27.310	【正常終了】サブ発電所情報更新 
DefaultSource	Information	0	2017/06/22 23:11:27.307	サブ発電所情報を更新しました
DefaultSource	Information	0	2017/06/22 23:11:27.307	【正常終了】サブ発電所情報更新 
DefaultSource	Information	0	2017/06/22 23:12:27.305	サブ発電所情報を更新しました
DefaultSource	Information	0	2017/06/22 23:12:27.305	【正常終了】サブ発電所情報更新 
DefaultSource	Information	0	2017/06/22 23:13:27.303	サブ発電所情報を更新しました
DefaultSource	Information	0	2017/06/22 23:13:27.303	【正常終了】サブ発電所情報更新 
DefaultSource	Information	0	2017/06/22 23:14:27.301	サブ発電所情報を更新しました
DefaultSource	Information	0	2017/06/22 23:14:27.301	【正常終了】サブ発電所情報更新 
DefaultSource	Information	0	2017/06/22 23:15:27.298	サブ発電所情報を更新しました
DefaultSource	Information	0	2017/06/22 23:15:27.298	【正常終了】サブ発電所情報更新 
DefaultSource	Information	0	2017/06/22 23:16:27.296	サブ発電所情報を更新しました
DefaultSource	Information	0	2017/06/22 23:16:27.296	【正常終了】サブ発電所情報更新 
DefaultSource	Information	0	2017/06/22 23:17:27.294	サブ発電所情報を更新しました
DefaultSource	Information	0	2017/06/22 23:17:27.294	【正常終了】サブ発電所情報更新 
DefaultSource	Information	0	2017/06/22 23:18:27.291	サブ発電所情報を更新しました
DefaultSource	Information	0	2017/06/22 23:18:27.291	【正常終了】サブ発電所情報更新 
DefaultSource	Information	0	2017/06/22 23:19:27.289	サブ発電所情報を更新しました
DefaultSource	Information	0	2017/06/22 23:19:27.289	【正常終了】サブ発電所情報更新 
DefaultSource	Information	0	2017/06/22 23:20:27.287	サブ発電所情報を更新しました
DefaultSource	Information	0	2017/06/22 23:20:27.287	【正常終了】サブ発電所情報更新 
DefaultSource	Information	0	2017/06/22 23:21:27.284	サブ発電所情報を更新しました
DefaultSource	Information	0	2017/06/22 23:21:27.284	【正常終了】サブ発電所情報更新 
DefaultSource	Information	0	2017/06/22 23:22:27.282	サブ発電所情報を更新しました
DefaultSource	Information	0	2017/06/22 23:22:27.282	【正常終了】サブ発電所情報更新 
DefaultSource	Information	0	2017/06/22 23:23:27.280	サブ発電所情報を更新しました
DefaultSource	Information	0	2017/06/22 23:23:27.280	【正常終了】サブ発電所情報更新 
DefaultSource	Information	0	2017/06/22 23:24:27.278	サブ発電所情報を更新しました
DefaultSource	Information	0	2017/06/22 23:24:27.278	【正常終了】サブ発電所情報更新 
DefaultSource	Information	0	2017/06/22 23:25:27.275	サブ発電所情報を更新しました
DefaultSource	Information	0	2017/06/22 23:25:27.275	【正常終了】サブ発電所情報更新 
DefaultSource	Information	0	2017/06/22 23:26:27.273	サブ発電所情報を更新しました
DefaultSource	Information	0	2017/06/22 23:26:27.273	【正常終了】サブ発電所情報更新 
DefaultSource	Information	0	2017/06/22 23:27:27.271	サブ発電所情報を更新しました
DefaultSource	Information	0	2017/06/22 23:27:27.271	【正常終了】サブ発電所情報更新 
DefaultSource	Information	0	2017/06/22 23:28:27.268	サブ発電所情報を更新しました
DefaultSource	Information	0	2017/06/22 23:28:27.268	【正常終了】サブ発電所情報更新 
DefaultSource	Information	0	2017/06/22 23:29:27.266	サブ発電所情報を更新しました
DefaultSource	Information	0	2017/06/22 23:29:27.266	【正常終了】サブ発電所情報更新 
DefaultSource	Information	0	2017/06/22 23:30:27.311	サブ発電所情報を更新しました
DefaultSource	Information	0	2017/06/22 23:30:27.311	【正常終了】サブ発電所情報更新 
DefaultSource	Information	0	2017/06/22 23:31:27.277	サブ発電所情報を更新しました
DefaultSource	Information	0	2017/06/22 23:31:27.277	【正常終了】サブ発電所情報更新 
DefaultSource	Information	0	2017/06/22 23:32:27.275	サブ発電所情報を更新しました
DefaultSource	Information	0	2017/06/22 23:32:27.275	【正常終了】サブ発電所情報更新 
DefaultSource	Information	0	2017/06/22 23:33:27.273	サブ発電所情報を更新しました
DefaultSource	Information	0	2017/06/22 23:33:27.273	【正常終了】サブ発電所情報更新 
DefaultSource	Information	0	2017/06/22 23:34:27.270	サブ発電所情報を更新しました
DefaultSource	Information	0	2017/06/22 23:34:27.270	【正常終了】サブ発電所情報更新 
DefaultSource	Information	0	2017/06/22 23:35:27.284	サブ発電所情報を更新しました
DefaultSource	Information	0	2017/06/22 23:35:27.284	【正常終了】サブ発電所情報更新 
DefaultSource	Information	0	2017/06/22 23:36:27.266	サブ発電所情報を更新しました
DefaultSource	Information	0	2017/06/22 23:36:27.266	【正常終了】サブ発電所情報更新 
DefaultSource	Information	0	2017/06/22 23:37:27.263	サブ発電所情報を更新しました
DefaultSource	Information	0	2017/06/22 23:37:27.263	【正常終了】サブ発電所情報更新 
DefaultSource	Information	0	2017/06/22 23:38:27.261	サブ発電所情報を更新しました
DefaultSource	Information	0	2017/06/22 23:38:27.261	【正常終了】サブ発電所情報更新 
DefaultSource	Information	0	2017/06/22 23:39:27.259	サブ発電所情報を更新しました
DefaultSource	Information	0	2017/06/22 23:39:27.259	【正常終了】サブ発電所情報更新 
DefaultSource	Information	0	2017/06/22 23:40:27.256	サブ発電所情報を更新しました
DefaultSource	Information	0	2017/06/22 23:40:27.256	【正常終了】サブ発電所情報更新 
DefaultSource	Information	0	2017/06/22 23:41:27.270	サブ発電所情報を更新しました
DefaultSource	Information	0	2017/06/22 23:41:27.270	【正常終了】サブ発電所情報更新 
DefaultSource	Information	0	2017/06/22 23:42:27.252	サブ発電所情報を更新しました
DefaultSource	Information	0	2017/06/22 23:42:27.252	【正常終了】サブ発電所情報更新 
DefaultSource	Information	0	2017/06/22 23:43:27.250	サブ発電所情報を更新しました
DefaultSource	Information	0	2017/06/22 23:43:27.250	【正常終了】サブ発電所情報更新 
DefaultSource	Information	0	2017/06/22 23:44:27.247	サブ発電所情報を更新しました
DefaultSource	Information	0	2017/06/22 23:44:27.247	【正常終了】サブ発電所情報更新 
DefaultSource	Information	0	2017/06/22 23:45:27.245	サブ発電所情報を更新しました
DefaultSource	Information	0	2017/06/22 23:45:27.245	【正常終了】サブ発電所情報更新 
DefaultSource	Information	0	2017/06/22 23:46:27.243	サブ発電所情報を更新しました
DefaultSource	Information	0	2017/06/22 23:46:27.243	【正常終了】サブ発電所情報更新 
DefaultSource	Information	0	2017/06/22 23:47:27.256	サブ発電所情報を更新しました
DefaultSource	Information	0	2017/06/22 23:47:27.256	【正常終了】サブ発電所情報更新 
DefaultSource	Information	0	2017/06/22 23:48:27.254	サブ発電所情報を更新しました
DefaultSource	Information	0	2017/06/22 23:48:27.254	【正常終了】サブ発電所情報更新 
DefaultSource	Information	0	2017/06/22 23:49:27.251	サブ発電所情報を更新しました
DefaultSource	Information	0	2017/06/22 23:49:27.251	【正常終了】サブ発電所情報更新 
DefaultSource	Information	0	2017/06/22 23:50:27.249	サブ発電所情報を更新しました
DefaultSource	Information	0	2017/06/22 23:50:27.249	【正常終了】サブ発電所情報更新 
DefaultSource	Information	0	2017/06/22 23:51:27.247	サブ発電所情報を更新しました
DefaultSource	Information	0	2017/06/22 23:51:27.247	【正常終了】サブ発電所情報更新 
DefaultSource	Information	0	2017/06/22 23:52:27.245	サブ発電所情報を更新しました
DefaultSource	Information	0	2017/06/22 23:52:27.245	【正常終了】サブ発電所情報更新 
DefaultSource	Information	0	2017/06/22 23:53:27.242	サブ発電所情報を更新しました
DefaultSource	Information	0	2017/06/22 23:53:27.258	【正常終了】サブ発電所情報更新 
DefaultSource	Information	0	2017/06/22 23:54:27.256	サブ発電所情報を更新しました
DefaultSource	Information	0	2017/06/22 23:54:27.256	【正常終了】サブ発電所情報更新 
DefaultSource	Information	0	2017/06/22 23:55:27.253	サブ発電所情報を更新しました
DefaultSource	Information	0	2017/06/22 23:55:27.253	【正常終了】サブ発電所情報更新 
DefaultSource	Information	0	2017/06/22 23:56:27.251	サブ発電所情報を更新しました
DefaultSource	Information	0	2017/06/22 23:56:27.251	【正常終了】サブ発電所情報更新 
DefaultSource	Information	0	2017/06/22 23:57:27.249	サブ発電所情報を更新しました
DefaultSource	Information	0	2017/06/22 23:57:27.249	【正常終了】サブ発電所情報更新 
DefaultSource	Information	0	2017/06/22 23:58:27.246	サブ発電所情報を更新しました
DefaultSource	Information	0	2017/06/22 23:58:27.246	【正常終了】サブ発電所情報更新 
DefaultSource	Information	0	2017/06/22 23:59:27.244	サブ発電所情報を更新しました
DefaultSource	Information	0	2017/06/22 23:59:27.244	【正常終了】サブ発電所情報更新 
