DefaultSource	Information	0	2017/06/23 00:00:46.976	プロセス監視情報を更新しました
DefaultSource	Information	0	2017/06/23 00:01:46.989	プロセス監視情報を更新しました
DefaultSource	Information	0	2017/06/23 00:02:47.002	プロセス監視情報を更新しました
DefaultSource	Information	0	2017/06/23 00:03:47.016	プロセス監視情報を更新しました
DefaultSource	Information	0	2017/06/23 00:04:47.029	プロセス監視情報を更新しました
DefaultSource	Information	0	2017/06/23 00:05:47.042	プロセス監視情報を更新しました
DefaultSource	Information	0	2017/06/23 00:06:47.056	プロセス監視情報を更新しました
DefaultSource	Information	0	2017/06/23 00:07:47.069	プロセス監視情報を更新しました
DefaultSource	Information	0	2017/06/23 00:08:47.082	プロセス監視情報を更新しました
DefaultSource	Information	0	2017/06/23 00:09:47.096	プロセス監視情報を更新しました
DefaultSource	Information	0	2017/06/23 00:10:47.109	プロセス監視情報を更新しました
DefaultSource	Information	0	2017/06/23 00:11:47.122	プロセス監視情報を更新しました
DefaultSource	Information	0	2017/06/23 00:12:47.135	プロセス監視情報を更新しました
DefaultSource	Information	0	2017/06/23 00:13:47.149	プロセス監視情報を更新しました
DefaultSource	Information	0	2017/06/23 00:14:47.162	プロセス監視情報を更新しました
DefaultSource	Information	0	2017/06/23 00:15:47.175	プロセス監視情報を更新しました
DefaultSource	Information	0	2017/06/23 00:16:47.189	プロセス監視情報を更新しました
DefaultSource	Information	0	2017/06/23 00:17:47.202	プロセス監視情報を更新しました
DefaultSource	Information	0	2017/06/23 00:18:47.215	プロセス監視情報を更新しました
DefaultSource	Information	0	2017/06/23 00:19:47.229	プロセス監視情報を更新しました
DefaultSource	Information	0	2017/06/23 00:20:47.242	プロセス監視情報を更新しました
DefaultSource	Information	0	2017/06/23 00:21:47.271	プロセス監視情報を更新しました
DefaultSource	Information	0	2017/06/23 00:22:47.284	プロセス監視情報を更新しました
DefaultSource	Information	0	2017/06/23 00:23:47.297	プロセス監視情報を更新しました
DefaultSource	Information	0	2017/06/23 00:24:47.311	プロセス監視情報を更新しました
DefaultSource	Information	0	2017/06/23 00:25:47.324	プロセス監視情報を更新しました
DefaultSource	Information	0	2017/06/23 00:26:47.337	プロセス監視情報を更新しました
DefaultSource	Information	0	2017/06/23 00:27:47.351	プロセス監視情報を更新しました
DefaultSource	Information	0	2017/06/23 00:28:47.364	処理開始:更新スケジュール取得
DefaultSource	Information	0	2017/06/23 00:28:47.364	送信内容：power_plant_id=12345678901234567890123455&mac_address=000FEC003D67&schedule_kbn=0000
DefaultSource	Information	0	2017/06/23 00:28:47.364	プロセス監視情報を更新しました
DefaultSource	Critical	3	2017/06/23 00:28:47.395	リモート サーバーに接続できません。	   場所 System.Net.HttpWebRequest.GetRequestStream(TransportContext& context)
   場所 System.Net.HttpWebRequest.GetRequestStream()
   場所 PCSCntlSchedule.clsXmlBase.SendRequest(String sSendData, ResHeaderInf& objResHead, Byte[]& btResData)
DefaultSource	Error	2	2017/06/23 00:28:47.395	更新スケジュールのリクエスト送信に失敗しました。
DefaultSource	Information	0	2017/06/23 00:29:47.377	プロセス監視情報を更新しました
DefaultSource	Information	0	2017/06/23 00:30:47.391	プロセス監視情報を更新しました
DefaultSource	Information	0	2017/06/23 00:31:47.404	プロセス監視情報を更新しました
DefaultSource	Information	0	2017/06/23 00:32:47.417	プロセス監視情報を更新しました
DefaultSource	Information	0	2017/06/23 00:33:47.430	プロセス監視情報を更新しました
DefaultSource	Information	0	2017/06/23 00:34:47.444	プロセス監視情報を更新しました
DefaultSource	Information	0	2017/06/23 00:35:47.457	プロセス監視情報を更新しました
DefaultSource	Information	0	2017/06/23 00:36:47.470	プロセス監視情報を更新しました
DefaultSource	Information	0	2017/06/23 00:37:47.484	プロセス監視情報を更新しました
DefaultSource	Information	0	2017/06/23 00:38:47.497	プロセス監視情報を更新しました
DefaultSource	Information	0	2017/06/23 00:39:47.510	プロセス監視情報を更新しました
DefaultSource	Information	0	2017/06/23 00:40:47.524	プロセス監視情報を更新しました
DefaultSource	Information	0	2017/06/23 00:41:47.537	プロセス監視情報を更新しました
DefaultSource	Information	0	2017/06/23 00:42:47.550	プロセス監視情報を更新しました
DefaultSource	Information	0	2017/06/23 00:43:47.564	プロセス監視情報を更新しました
DefaultSource	Information	0	2017/06/23 00:44:47.577	プロセス監視情報を更新しました
DefaultSource	Information	0	2017/06/23 00:45:47.590	プロセス監視情報を更新しました
DefaultSource	Information	0	2017/06/23 00:46:47.603	プロセス監視情報を更新しました
DefaultSource	Information	0	2017/06/23 00:47:47.617	プロセス監視情報を更新しました
DefaultSource	Information	0	2017/06/23 00:48:47.630	プロセス監視情報を更新しました
DefaultSource	Information	0	2017/06/23 00:49:47.643	プロセス監視情報を更新しました
DefaultSource	Information	0	2017/06/23 00:50:47.657	プロセス監視情報を更新しました
DefaultSource	Information	0	2017/06/23 00:51:47.670	プロセス監視情報を更新しました
DefaultSource	Information	0	2017/06/23 00:52:47.683	プロセス監視情報を更新しました
DefaultSource	Information	0	2017/06/23 00:53:47.697	プロセス監視情報を更新しました
DefaultSource	Information	0	2017/06/23 00:54:47.710	プロセス監視情報を更新しました
DefaultSource	Information	0	2017/06/23 00:55:47.723	プロセス監視情報を更新しました
DefaultSource	Information	0	2017/06/23 00:56:47.736	プロセス監視情報を更新しました
DefaultSource	Information	0	2017/06/23 00:57:47.750	プロセス監視情報を更新しました
DefaultSource	Information	0	2017/06/23 00:58:47.763	処理開始:更新スケジュール取得
DefaultSource	Information	0	2017/06/23 00:58:47.763	送信内容：power_plant_id=12345678901234567890123455&mac_address=000FEC003D67&schedule_kbn=0000
DefaultSource	Information	0	2017/06/23 00:58:47.763	プロセス監視情報を更新しました
DefaultSource	Critical	3	2017/06/23 00:58:47.794	リモート サーバーに接続できません。	   場所 System.Net.HttpWebRequest.GetRequestStream(TransportContext& context)
   場所 System.Net.HttpWebRequest.GetRequestStream()
   場所 PCSCntlSchedule.clsXmlBase.SendRequest(String sSendData, ResHeaderInf& objResHead, Byte[]& btResData)
DefaultSource	Error	2	2017/06/23 00:58:47.794	更新スケジュールのリクエスト送信に失敗しました。
DefaultSource	Information	0	2017/06/23 00:59:47.776	プロセス監視情報を更新しました
DefaultSource	Information	0	2017/06/23 01:00:47.790	プロセス監視情報を更新しました
DefaultSource	Information	0	2017/06/23 01:01:47.803	プロセス監視情報を更新しました
DefaultSource	Information	0	2017/06/23 01:02:47.816	プロセス監視情報を更新しました
DefaultSource	Information	0	2017/06/23 01:03:47.830	プロセス監視情報を更新しました
DefaultSource	Information	0	2017/06/23 01:04:47.843	プロセス監視情報を更新しました
DefaultSource	Information	0	2017/06/23 01:05:47.856	プロセス監視情報を更新しました
DefaultSource	Information	0	2017/06/23 01:06:47.870	プロセス監視情報を更新しました
DefaultSource	Information	0	2017/06/23 01:07:47.883	プロセス監視情報を更新しました
DefaultSource	Information	0	2017/06/23 01:08:47.896	プロセス監視情報を更新しました
DefaultSource	Information	0	2017/06/23 01:09:47.909	プロセス監視情報を更新しました
DefaultSource	Information	0	2017/06/23 01:10:47.923	プロセス監視情報を更新しました
DefaultSource	Information	0	2017/06/23 01:11:47.936	プロセス監視情報を更新しました
DefaultSource	Information	0	2017/06/23 01:12:47.949	プロセス監視情報を更新しました
DefaultSource	Information	0	2017/06/23 01:13:47.963	プロセス監視情報を更新しました
DefaultSource	Information	0	2017/06/23 01:14:47.976	プロセス監視情報を更新しました
DefaultSource	Information	0	2017/06/23 01:15:47.989	プロセス監視情報を更新しました
DefaultSource	Information	0	2017/06/23 01:16:48.003	プロセス監視情報を更新しました
DefaultSource	Information	0	2017/06/23 01:17:48.032	プロセス監視情報を更新しました
DefaultSource	Information	0	2017/06/23 01:18:48.045	プロセス監視情報を更新しました
DefaultSource	Information	0	2017/06/23 01:19:48.058	プロセス監視情報を更新しました
DefaultSource	Information	0	2017/06/23 01:20:48.071	プロセス監視情報を更新しました
DefaultSource	Information	0	2017/06/23 01:21:48.085	プロセス監視情報を更新しました
DefaultSource	Information	0	2017/06/23 01:22:48.098	プロセス監視情報を更新しました
DefaultSource	Information	0	2017/06/23 01:23:48.111	プロセス監視情報を更新しました
DefaultSource	Information	0	2017/06/23 01:24:48.125	プロセス監視情報を更新しました
DefaultSource	Information	0	2017/06/23 01:25:48.138	プロセス監視情報を更新しました
DefaultSource	Information	0	2017/06/23 01:26:48.151	プロセス監視情報を更新しました
DefaultSource	Information	0	2017/06/23 01:27:48.165	プロセス監視情報を更新しました
DefaultSource	Information	0	2017/06/23 01:28:48.178	処理開始:更新スケジュール取得
DefaultSource	Information	0	2017/06/23 01:28:48.178	送信内容：power_plant_id=12345678901234567890123455&mac_address=000FEC003D67&schedule_kbn=0000
DefaultSource	Information	0	2017/06/23 01:28:48.178	プロセス監視情報を更新しました
DefaultSource	Critical	3	2017/06/23 01:28:48.209	リモート サーバーに接続できません。	   場所 System.Net.HttpWebRequest.GetRequestStream(TransportContext& context)
   場所 System.Net.HttpWebRequest.GetRequestStream()
   場所 PCSCntlSchedule.clsXmlBase.SendRequest(String sSendData, ResHeaderInf& objResHead, Byte[]& btResData)
DefaultSource	Error	2	2017/06/23 01:28:48.209	更新スケジュールのリクエスト送信に失敗しました。
DefaultSource	Information	0	2017/06/23 01:29:48.191	プロセス監視情報を更新しました
DefaultSource	Information	0	2017/06/23 01:30:48.204	プロセス監視情報を更新しました
DefaultSource	Information	0	2017/06/23 01:31:48.218	プロセス監視情報を更新しました
DefaultSource	Information	0	2017/06/23 01:32:48.231	プロセス監視情報を更新しました
DefaultSource	Information	0	2017/06/23 01:33:48.244	プロセス監視情報を更新しました
DefaultSource	Information	0	2017/06/23 01:34:48.258	プロセス監視情報を更新しました
DefaultSource	Information	0	2017/06/23 01:35:48.271	プロセス監視情報を更新しました
DefaultSource	Information	0	2017/06/23 01:36:48.284	プロセス監視情報を更新しました
DefaultSource	Information	0	2017/06/23 01:37:48.298	プロセス監視情報を更新しました
DefaultSource	Information	0	2017/06/23 01:38:48.311	プロセス監視情報を更新しました
DefaultSource	Information	0	2017/06/23 01:39:48.324	プロセス監視情報を更新しました
DefaultSource	Information	0	2017/06/23 01:40:48.338	プロセス監視情報を更新しました
DefaultSource	Information	0	2017/06/23 01:41:48.351	プロセス監視情報を更新しました
DefaultSource	Information	0	2017/06/23 01:42:48.364	プロセス監視情報を更新しました
DefaultSource	Information	0	2017/06/23 01:43:48.377	プロセス監視情報を更新しました
DefaultSource	Information	0	2017/06/23 01:44:48.391	プロセス監視情報を更新しました
DefaultSource	Information	0	2017/06/23 01:45:48.404	プロセス監視情報を更新しました
DefaultSource	Information	0	2017/06/23 01:46:48.417	プロセス監視情報を更新しました
DefaultSource	Information	0	2017/06/23 01:47:48.431	プロセス監視情報を更新しました
DefaultSource	Information	0	2017/06/23 01:48:48.444	プロセス監視情報を更新しました
DefaultSource	Information	0	2017/06/23 01:49:48.457	プロセス監視情報を更新しました
DefaultSource	Information	0	2017/06/23 01:50:48.471	プロセス監視情報を更新しました
DefaultSource	Information	0	2017/06/23 01:51:48.484	プロセス監視情報を更新しました
DefaultSource	Information	0	2017/06/23 01:52:48.497	プロセス監視情報を更新しました
DefaultSource	Information	0	2017/06/23 01:53:48.511	プロセス監視情報を更新しました
DefaultSource	Information	0	2017/06/23 01:54:48.524	プロセス監視情報を更新しました
DefaultSource	Information	0	2017/06/23 01:55:48.537	プロセス監視情報を更新しました
DefaultSource	Information	0	2017/06/23 01:56:48.550	プロセス監視情報を更新しました
DefaultSource	Information	0	2017/06/23 01:57:48.564	プロセス監視情報を更新しました
DefaultSource	Information	0	2017/06/23 01:58:48.577	処理開始:更新スケジュール取得
DefaultSource	Information	0	2017/06/23 01:58:48.577	送信内容：power_plant_id=12345678901234567890123455&mac_address=000FEC003D67&schedule_kbn=0000
DefaultSource	Information	0	2017/06/23 01:58:48.577	プロセス監視情報を更新しました
DefaultSource	Critical	3	2017/06/23 01:58:48.608	リモート サーバーに接続できません。	   場所 System.Net.HttpWebRequest.GetRequestStream(TransportContext& context)
   場所 System.Net.HttpWebRequest.GetRequestStream()
   場所 PCSCntlSchedule.clsXmlBase.SendRequest(String sSendData, ResHeaderInf& objResHead, Byte[]& btResData)
DefaultSource	Error	2	2017/06/23 01:58:48.608	更新スケジュールのリクエスト送信に失敗しました。
DefaultSource	Information	0	2017/06/23 01:59:48.590	プロセス監視情報を更新しました
DefaultSource	Information	0	2017/06/23 02:00:48.604	プロセス監視情報を更新しました
DefaultSource	Information	0	2017/06/23 02:01:48.617	プロセス監視情報を更新しました
DefaultSource	Information	0	2017/06/23 02:02:48.630	プロセス監視情報を更新しました
DefaultSource	Information	0	2017/06/23 02:03:48.644	プロセス監視情報を更新しました
DefaultSource	Information	0	2017/06/23 02:04:48.657	プロセス監視情報を更新しました
DefaultSource	Information	0	2017/06/23 02:05:48.670	プロセス監視情報を更新しました
DefaultSource	Information	0	2017/06/23 02:06:48.683	プロセス監視情報を更新しました
DefaultSource	Information	0	2017/06/23 02:07:48.697	プロセス監視情報を更新しました
DefaultSource	Information	0	2017/06/23 02:08:48.710	プロセス監視情報を更新しました
DefaultSource	Information	0	2017/06/23 02:09:48.723	プロセス監視情報を更新しました
DefaultSource	Information	0	2017/06/23 02:10:48.737	プロセス監視情報を更新しました
DefaultSource	Information	0	2017/06/23 02:11:48.750	プロセス監視情報を更新しました
DefaultSource	Information	0	2017/06/23 02:12:48.763	プロセス監視情報を更新しました
DefaultSource	Information	0	2017/06/23 02:13:48.792	プロセス監視情報を更新しました
DefaultSource	Information	0	2017/06/23 02:14:48.806	プロセス監視情報を更新しました
DefaultSource	Information	0	2017/06/23 02:15:48.819	プロセス監視情報を更新しました
DefaultSource	Information	0	2017/06/23 02:16:48.832	プロセス監視情報を更新しました
DefaultSource	Information	0	2017/06/23 02:17:48.845	プロセス監視情報を更新しました
DefaultSource	Information	0	2017/06/23 02:18:48.859	プロセス監視情報を更新しました
DefaultSource	Information	0	2017/06/23 02:19:48.872	プロセス監視情報を更新しました
DefaultSource	Information	0	2017/06/23 02:20:48.885	プロセス監視情報を更新しました
DefaultSource	Information	0	2017/06/23 02:21:48.899	プロセス監視情報を更新しました
DefaultSource	Information	0	2017/06/23 02:22:48.912	プロセス監視情報を更新しました
DefaultSource	Information	0	2017/06/23 02:23:48.925	プロセス監視情報を更新しました
DefaultSource	Information	0	2017/06/23 02:24:48.939	プロセス監視情報を更新しました
DefaultSource	Information	0	2017/06/23 02:25:48.952	プロセス監視情報を更新しました
DefaultSource	Information	0	2017/06/23 02:26:48.965	プロセス監視情報を更新しました
DefaultSource	Information	0	2017/06/23 02:27:48.978	プロセス監視情報を更新しました
DefaultSource	Information	0	2017/06/23 02:28:48.992	処理開始:更新スケジュール取得
DefaultSource	Information	0	2017/06/23 02:28:48.992	送信内容：power_plant_id=12345678901234567890123455&mac_address=000FEC003D67&schedule_kbn=0000
DefaultSource	Information	0	2017/06/23 02:28:48.992	プロセス監視情報を更新しました
DefaultSource	Critical	3	2017/06/23 02:28:49.023	リモート サーバーに接続できません。	   場所 System.Net.HttpWebRequest.GetRequestStream(TransportContext& context)
   場所 System.Net.HttpWebRequest.GetRequestStream()
   場所 PCSCntlSchedule.clsXmlBase.SendRequest(String sSendData, ResHeaderInf& objResHead, Byte[]& btResData)
DefaultSource	Error	2	2017/06/23 02:28:49.023	更新スケジュールのリクエスト送信に失敗しました。
DefaultSource	Information	0	2017/06/23 02:29:49.005	プロセス監視情報を更新しました
DefaultSource	Information	0	2017/06/23 02:30:49.018	プロセス監視情報を更新しました
DefaultSource	Information	0	2017/06/23 02:31:49.032	プロセス監視情報を更新しました
DefaultSource	Information	0	2017/06/23 02:32:49.045	プロセス監視情報を更新しました
DefaultSource	Information	0	2017/06/23 02:33:49.058	プロセス監視情報を更新しました
DefaultSource	Information	0	2017/06/23 02:34:49.072	プロセス監視情報を更新しました
DefaultSource	Information	0	2017/06/23 02:35:49.085	プロセス監視情報を更新しました
DefaultSource	Information	0	2017/06/23 02:36:49.098	プロセス監視情報を更新しました
DefaultSource	Information	0	2017/06/23 02:37:49.112	プロセス監視情報を更新しました
DefaultSource	Information	0	2017/06/23 02:38:49.125	プロセス監視情報を更新しました
DefaultSource	Information	0	2017/06/23 02:39:49.138	プロセス監視情報を更新しました
DefaultSource	Information	0	2017/06/23 02:40:49.151	プロセス監視情報を更新しました
DefaultSource	Information	0	2017/06/23 02:41:49.165	プロセス監視情報を更新しました
DefaultSource	Information	0	2017/06/23 02:42:49.178	プロセス監視情報を更新しました
DefaultSource	Information	0	2017/06/23 02:43:49.191	プロセス監視情報を更新しました
DefaultSource	Information	0	2017/06/23 02:44:49.205	プロセス監視情報を更新しました
DefaultSource	Information	0	2017/06/23 02:45:49.218	プロセス監視情報を更新しました
DefaultSource	Information	0	2017/06/23 02:46:49.231	プロセス監視情報を更新しました
DefaultSource	Information	0	2017/06/23 02:47:49.245	プロセス監視情報を更新しました
DefaultSource	Information	0	2017/06/23 02:48:49.258	プロセス監視情報を更新しました
DefaultSource	Information	0	2017/06/23 02:49:49.271	プロセス監視情報を更新しました
DefaultSource	Information	0	2017/06/23 02:50:49.285	プロセス監視情報を更新しました
DefaultSource	Information	0	2017/06/23 02:51:49.298	プロセス監視情報を更新しました
DefaultSource	Information	0	2017/06/23 02:52:49.311	プロセス監視情報を更新しました
DefaultSource	Information	0	2017/06/23 02:53:49.324	プロセス監視情報を更新しました
DefaultSource	Information	0	2017/06/23 02:54:49.338	プロセス監視情報を更新しました
DefaultSource	Information	0	2017/06/23 02:55:49.351	プロセス監視情報を更新しました
DefaultSource	Information	0	2017/06/23 02:56:49.364	プロセス監視情報を更新しました
DefaultSource	Information	0	2017/06/23 02:57:49.378	プロセス監視情報を更新しました
DefaultSource	Information	0	2017/06/23 02:58:49.391	処理開始:更新スケジュール取得
DefaultSource	Information	0	2017/06/23 02:58:49.391	送信内容：power_plant_id=12345678901234567890123455&mac_address=000FEC003D67&schedule_kbn=0000
DefaultSource	Information	0	2017/06/23 02:58:49.391	プロセス監視情報を更新しました
DefaultSource	Critical	3	2017/06/23 02:58:49.422	リモート サーバーに接続できません。	   場所 System.Net.HttpWebRequest.GetRequestStream(TransportContext& context)
   場所 System.Net.HttpWebRequest.GetRequestStream()
   場所 PCSCntlSchedule.clsXmlBase.SendRequest(String sSendData, ResHeaderInf& objResHead, Byte[]& btResData)
DefaultSource	Error	2	2017/06/23 02:58:49.422	更新スケジュールのリクエスト送信に失敗しました。
DefaultSource	Information	0	2017/06/23 02:59:49.404	プロセス監視情報を更新しました
DefaultSource	Information	0	2017/06/23 03:00:49.418	プロセス監視情報を更新しました
DefaultSource	Information	0	2017/06/23 03:01:49.431	プロセス監視情報を更新しました
DefaultSource	Information	0	2017/06/23 03:02:49.444	プロセス監視情報を更新しました
DefaultSource	Information	0	2017/06/23 03:03:49.457	プロセス監視情報を更新しました
DefaultSource	Information	0	2017/06/23 03:04:49.471	プロセス監視情報を更新しました
DefaultSource	Information	0	2017/06/23 03:05:49.484	プロセス監視情報を更新しました
DefaultSource	Information	0	2017/06/23 03:06:49.497	プロセス監視情報を更新しました
DefaultSource	Information	0	2017/06/23 03:07:49.511	プロセス監視情報を更新しました
DefaultSource	Information	0	2017/06/23 03:08:49.524	プロセス監視情報を更新しました
DefaultSource	Information	0	2017/06/23 03:09:49.553	プロセス監視情報を更新しました
DefaultSource	Information	0	2017/06/23 03:10:49.566	プロセス監視情報を更新しました
DefaultSource	Information	0	2017/06/23 03:11:49.580	プロセス監視情報を更新しました
DefaultSource	Information	0	2017/06/23 03:12:49.593	プロセス監視情報を更新しました
DefaultSource	Information	0	2017/06/23 03:13:49.606	プロセス監視情報を更新しました
DefaultSource	Information	0	2017/06/23 03:14:49.619	プロセス監視情報を更新しました
DefaultSource	Information	0	2017/06/23 03:15:49.633	プロセス監視情報を更新しました
DefaultSource	Information	0	2017/06/23 03:16:49.646	プロセス監視情報を更新しました
DefaultSource	Information	0	2017/06/23 03:17:49.659	プロセス監視情報を更新しました
DefaultSource	Information	0	2017/06/23 03:18:49.673	プロセス監視情報を更新しました
DefaultSource	Information	0	2017/06/23 03:19:49.686	プロセス監視情報を更新しました
DefaultSource	Information	0	2017/06/23 03:20:49.699	プロセス監視情報を更新しました
DefaultSource	Information	0	2017/06/23 03:21:49.713	プロセス監視情報を更新しました
DefaultSource	Information	0	2017/06/23 03:22:49.726	プロセス監視情報を更新しました
DefaultSource	Information	0	2017/06/23 03:23:49.739	プロセス監視情報を更新しました
DefaultSource	Information	0	2017/06/23 03:24:49.752	プロセス監視情報を更新しました
DefaultSource	Information	0	2017/06/23 03:25:49.766	プロセス監視情報を更新しました
DefaultSource	Information	0	2017/06/23 03:26:49.779	プロセス監視情報を更新しました
DefaultSource	Information	0	2017/06/23 03:27:49.792	プロセス監視情報を更新しました
DefaultSource	Information	0	2017/06/23 03:28:49.806	処理開始:更新スケジュール取得
DefaultSource	Information	0	2017/06/23 03:28:49.806	送信内容：power_plant_id=12345678901234567890123455&mac_address=000FEC003D67&schedule_kbn=0000
DefaultSource	Information	0	2017/06/23 03:28:49.806	プロセス監視情報を更新しました
DefaultSource	Critical	3	2017/06/23 03:28:49.837	リモート サーバーに接続できません。	   場所 System.Net.HttpWebRequest.GetRequestStream(TransportContext& context)
   場所 System.Net.HttpWebRequest.GetRequestStream()
   場所 PCSCntlSchedule.clsXmlBase.SendRequest(String sSendData, ResHeaderInf& objResHead, Byte[]& btResData)
DefaultSource	Error	2	2017/06/23 03:28:49.837	更新スケジュールのリクエスト送信に失敗しました。
DefaultSource	Information	0	2017/06/23 03:29:49.819	プロセス監視情報を更新しました
DefaultSource	Information	0	2017/06/23 03:30:49.832	プロセス監視情報を更新しました
DefaultSource	Information	0	2017/06/23 03:31:49.846	プロセス監視情報を更新しました
DefaultSource	Information	0	2017/06/23 03:32:49.859	プロセス監視情報を更新しました
DefaultSource	Information	0	2017/06/23 03:33:49.872	プロセス監視情報を更新しました
DefaultSource	Information	0	2017/06/23 03:34:49.886	プロセス監視情報を更新しました
DefaultSource	Information	0	2017/06/23 03:35:49.899	プロセス監視情報を更新しました
DefaultSource	Information	0	2017/06/23 03:36:49.912	プロセス監視情報を更新しました
DefaultSource	Information	0	2017/06/23 03:37:49.925	プロセス監視情報を更新しました
DefaultSource	Information	0	2017/06/23 03:38:49.939	プロセス監視情報を更新しました
DefaultSource	Information	0	2017/06/23 03:39:49.952	プロセス監視情報を更新しました
DefaultSource	Information	0	2017/06/23 03:40:49.965	プロセス監視情報を更新しました
DefaultSource	Information	0	2017/06/23 03:41:49.979	プロセス監視情報を更新しました
DefaultSource	Information	0	2017/06/23 03:42:49.992	プロセス監視情報を更新しました
DefaultSource	Information	0	2017/06/23 03:43:50.005	プロセス監視情報を更新しました
DefaultSource	Information	0	2017/06/23 03:44:50.019	プロセス監視情報を更新しました
DefaultSource	Information	0	2017/06/23 03:45:50.032	プロセス監視情報を更新しました
DefaultSource	Information	0	2017/06/23 03:46:50.045	プロセス監視情報を更新しました
DefaultSource	Information	0	2017/06/23 03:47:50.059	プロセス監視情報を更新しました
DefaultSource	Information	0	2017/06/23 03:48:50.072	プロセス監視情報を更新しました
DefaultSource	Information	0	2017/06/23 03:49:50.085	プロセス監視情報を更新しました
DefaultSource	Information	0	2017/06/23 03:50:50.098	プロセス監視情報を更新しました
DefaultSource	Information	0	2017/06/23 03:51:50.112	プロセス監視情報を更新しました
DefaultSource	Information	0	2017/06/23 03:52:50.125	プロセス監視情報を更新しました
DefaultSource	Information	0	2017/06/23 03:53:50.138	プロセス監視情報を更新しました
DefaultSource	Information	0	2017/06/23 03:54:50.152	プロセス監視情報を更新しました
DefaultSource	Information	0	2017/06/23 03:55:50.165	プロセス監視情報を更新しました
DefaultSource	Information	0	2017/06/23 03:56:50.178	プロセス監視情報を更新しました
DefaultSource	Information	0	2017/06/23 03:57:50.192	プロセス監視情報を更新しました
DefaultSource	Information	0	2017/06/23 03:58:50.205	処理開始:更新スケジュール取得
DefaultSource	Information	0	2017/06/23 03:58:50.205	送信内容：power_plant_id=12345678901234567890123455&mac_address=000FEC003D67&schedule_kbn=0000
DefaultSource	Information	0	2017/06/23 03:58:50.205	プロセス監視情報を更新しました
DefaultSource	Critical	3	2017/06/23 03:58:50.236	リモート サーバーに接続できません。	   場所 System.Net.HttpWebRequest.GetRequestStream(TransportContext& context)
   場所 System.Net.HttpWebRequest.GetRequestStream()
   場所 PCSCntlSchedule.clsXmlBase.SendRequest(String sSendData, ResHeaderInf& objResHead, Byte[]& btResData)
DefaultSource	Error	2	2017/06/23 03:58:50.236	更新スケジュールのリクエスト送信に失敗しました。
DefaultSource	Information	0	2017/06/23 03:59:50.218	プロセス監視情報を更新しました
DefaultSource	Information	0	2017/06/23 04:00:50.231	プロセス監視情報を更新しました
DefaultSource	Information	0	2017/06/23 04:01:50.245	プロセス監視情報を更新しました
DefaultSource	Information	0	2017/06/23 04:02:50.258	プロセス監視情報を更新しました
DefaultSource	Information	0	2017/06/23 04:03:50.271	プロセス監視情報を更新しました
DefaultSource	Information	0	2017/06/23 04:04:50.285	プロセス監視情報を更新しました
DefaultSource	Information	0	2017/06/23 04:05:50.314	プロセス監視情報を更新しました
DefaultSource	Information	0	2017/06/23 04:06:50.327	プロセス監視情報を更新しました
DefaultSource	Information	0	2017/06/23 04:07:50.340	プロセス監視情報を更新しました
DefaultSource	Information	0	2017/06/23 04:08:50.354	プロセス監視情報を更新しました
DefaultSource	Information	0	2017/06/23 04:09:50.367	プロセス監視情報を更新しました
DefaultSource	Information	0	2017/06/23 04:10:50.380	プロセス監視情報を更新しました
DefaultSource	Information	0	2017/06/23 04:11:50.393	プロセス監視情報を更新しました
DefaultSource	Information	0	2017/06/23 04:12:50.407	プロセス監視情報を更新しました
DefaultSource	Information	0	2017/06/23 04:13:50.420	プロセス監視情報を更新しました
DefaultSource	Information	0	2017/06/23 04:14:50.433	プロセス監視情報を更新しました
DefaultSource	Information	0	2017/06/23 04:15:50.447	プロセス監視情報を更新しました
DefaultSource	Information	0	2017/06/23 04:16:50.460	プロセス監視情報を更新しました
DefaultSource	Information	0	2017/06/23 04:17:50.473	プロセス監視情報を更新しました
DefaultSource	Information	0	2017/06/23 04:18:50.487	プロセス監視情報を更新しました
DefaultSource	Information	0	2017/06/23 04:19:50.500	プロセス監視情報を更新しました
DefaultSource	Information	0	2017/06/23 04:20:50.513	プロセス監視情報を更新しました
DefaultSource	Information	0	2017/06/23 04:21:50.527	プロセス監視情報を更新しました
DefaultSource	Information	0	2017/06/23 04:22:50.540	プロセス監視情報を更新しました
DefaultSource	Information	0	2017/06/23 04:23:50.553	プロセス監視情報を更新しました
DefaultSource	Information	0	2017/06/23 04:24:50.566	プロセス監視情報を更新しました
DefaultSource	Information	0	2017/06/23 04:25:50.580	プロセス監視情報を更新しました
DefaultSource	Information	0	2017/06/23 04:26:50.593	プロセス監視情報を更新しました
DefaultSource	Information	0	2017/06/23 04:27:50.606	プロセス監視情報を更新しました
DefaultSource	Information	0	2017/06/23 04:28:50.620	処理開始:更新スケジュール取得
DefaultSource	Information	0	2017/06/23 04:28:50.620	送信内容：power_plant_id=12345678901234567890123455&mac_address=000FEC003D67&schedule_kbn=0000
DefaultSource	Information	0	2017/06/23 04:28:50.620	プロセス監視情報を更新しました
DefaultSource	Critical	3	2017/06/23 04:28:50.651	リモート サーバーに接続できません。	   場所 System.Net.HttpWebRequest.GetRequestStream(TransportContext& context)
   場所 System.Net.HttpWebRequest.GetRequestStream()
   場所 PCSCntlSchedule.clsXmlBase.SendRequest(String sSendData, ResHeaderInf& objResHead, Byte[]& btResData)
DefaultSource	Error	2	2017/06/23 04:28:50.651	更新スケジュールのリクエスト送信に失敗しました。
DefaultSource	Information	0	2017/06/23 04:29:50.633	プロセス監視情報を更新しました
DefaultSource	Information	0	2017/06/23 04:30:50.646	プロセス監視情報を更新しました
DefaultSource	Information	0	2017/06/23 04:31:50.660	プロセス監視情報を更新しました
DefaultSource	Information	0	2017/06/23 04:32:50.673	プロセス監視情報を更新しました
DefaultSource	Information	0	2017/06/23 04:33:50.686	プロセス監視情報を更新しました
DefaultSource	Information	0	2017/06/23 04:34:50.699	プロセス監視情報を更新しました
DefaultSource	Information	0	2017/06/23 04:35:50.713	プロセス監視情報を更新しました
DefaultSource	Information	0	2017/06/23 04:36:50.726	プロセス監視情報を更新しました
DefaultSource	Information	0	2017/06/23 04:37:50.739	プロセス監視情報を更新しました
DefaultSource	Information	0	2017/06/23 04:38:50.753	プロセス監視情報を更新しました
DefaultSource	Information	0	2017/06/23 04:39:50.766	プロセス監視情報を更新しました
DefaultSource	Information	0	2017/06/23 04:40:50.779	プロセス監視情報を更新しました
DefaultSource	Information	0	2017/06/23 04:41:50.793	プロセス監視情報を更新しました
DefaultSource	Information	0	2017/06/23 04:42:50.806	プロセス監視情報を更新しました
DefaultSource	Information	0	2017/06/23 04:43:50.819	プロセス監視情報を更新しました
DefaultSource	Information	0	2017/06/23 04:44:50.833	プロセス監視情報を更新しました
DefaultSource	Information	0	2017/06/23 04:45:50.846	プロセス監視情報を更新しました
DefaultSource	Information	0	2017/06/23 04:46:50.859	プロセス監視情報を更新しました
DefaultSource	Information	0	2017/06/23 04:47:50.872	プロセス監視情報を更新しました
DefaultSource	Information	0	2017/06/23 04:48:50.886	プロセス監視情報を更新しました
DefaultSource	Information	0	2017/06/23 04:49:50.899	プロセス監視情報を更新しました
DefaultSource	Information	0	2017/06/23 04:50:50.912	プロセス監視情報を更新しました
DefaultSource	Information	0	2017/06/23 04:51:50.926	プロセス監視情報を更新しました
DefaultSource	Information	0	2017/06/23 04:52:50.939	プロセス監視情報を更新しました
DefaultSource	Information	0	2017/06/23 04:53:50.952	プロセス監視情報を更新しました
DefaultSource	Information	0	2017/06/23 04:54:50.966	プロセス監視情報を更新しました
DefaultSource	Information	0	2017/06/23 04:55:50.979	プロセス監視情報を更新しました
DefaultSource	Information	0	2017/06/23 04:56:50.992	プロセス監視情報を更新しました
DefaultSource	Information	0	2017/06/23 04:57:51.005	プロセス監視情報を更新しました
DefaultSource	Information	0	2017/06/23 04:58:51.019	処理開始:更新スケジュール取得
DefaultSource	Information	0	2017/06/23 04:58:51.019	送信内容：power_plant_id=12345678901234567890123455&mac_address=000FEC003D67&schedule_kbn=0000
DefaultSource	Information	0	2017/06/23 04:58:51.019	プロセス監視情報を更新しました
DefaultSource	Critical	3	2017/06/23 04:58:51.050	リモート サーバーに接続できません。	   場所 System.Net.HttpWebRequest.GetRequestStream(TransportContext& context)
   場所 System.Net.HttpWebRequest.GetRequestStream()
   場所 PCSCntlSchedule.clsXmlBase.SendRequest(String sSendData, ResHeaderInf& objResHead, Byte[]& btResData)
DefaultSource	Error	2	2017/06/23 04:58:51.050	更新スケジュールのリクエスト送信に失敗しました。
DefaultSource	Information	0	2017/06/23 04:59:51.032	プロセス監視情報を更新しました
DefaultSource	Information	0	2017/06/23 05:00:51.061	プロセス監視情報を更新しました
DefaultSource	Information	0	2017/06/23 05:01:51.074	プロセス監視情報を更新しました
DefaultSource	Information	0	2017/06/23 05:02:51.088	プロセス監視情報を更新しました
DefaultSource	Information	0	2017/06/23 05:03:51.101	プロセス監視情報を更新しました
DefaultSource	Information	0	2017/06/23 05:04:51.114	プロセス監視情報を更新しました
DefaultSource	Information	0	2017/06/23 05:05:51.128	プロセス監視情報を更新しました
DefaultSource	Information	0	2017/06/23 05:06:51.141	プロセス監視情報を更新しました
DefaultSource	Information	0	2017/06/23 05:07:51.154	プロセス監視情報を更新しました
DefaultSource	Information	0	2017/06/23 05:08:51.167	プロセス監視情報を更新しました
DefaultSource	Information	0	2017/06/23 05:09:51.181	プロセス監視情報を更新しました
DefaultSource	Information	0	2017/06/23 05:10:51.194	プロセス監視情報を更新しました
DefaultSource	Information	0	2017/06/23 05:11:51.207	プロセス監視情報を更新しました
DefaultSource	Information	0	2017/06/23 05:12:51.221	プロセス監視情報を更新しました
DefaultSource	Information	0	2017/06/23 05:13:51.234	プロセス監視情報を更新しました
DefaultSource	Information	0	2017/06/23 05:14:51.247	プロセス監視情報を更新しました
DefaultSource	Information	0	2017/06/23 05:15:51.261	プロセス監視情報を更新しました
DefaultSource	Information	0	2017/06/23 05:16:51.274	プロセス監視情報を更新しました
DefaultSource	Information	0	2017/06/23 05:17:51.287	プロセス監視情報を更新しました
DefaultSource	Information	0	2017/06/23 05:18:51.301	プロセス監視情報を更新しました
DefaultSource	Information	0	2017/06/23 05:19:51.314	プロセス監視情報を更新しました
DefaultSource	Information	0	2017/06/23 05:20:51.327	プロセス監視情報を更新しました
DefaultSource	Information	0	2017/06/23 05:21:51.340	プロセス監視情報を更新しました
DefaultSource	Information	0	2017/06/23 05:22:51.354	プロセス監視情報を更新しました
DefaultSource	Information	0	2017/06/23 05:23:51.367	プロセス監視情報を更新しました
DefaultSource	Information	0	2017/06/23 05:24:51.380	プロセス監視情報を更新しました
DefaultSource	Information	0	2017/06/23 05:25:51.394	プロセス監視情報を更新しました
DefaultSource	Information	0	2017/06/23 05:26:51.407	プロセス監視情報を更新しました
DefaultSource	Information	0	2017/06/23 05:27:51.420	プロセス監視情報を更新しました
DefaultSource	Information	0	2017/06/23 05:28:51.434	処理開始:更新スケジュール取得
DefaultSource	Information	0	2017/06/23 05:28:51.434	送信内容：power_plant_id=12345678901234567890123455&mac_address=000FEC003D67&schedule_kbn=0000
DefaultSource	Information	0	2017/06/23 05:28:51.434	プロセス監視情報を更新しました
DefaultSource	Critical	3	2017/06/23 05:28:51.465	リモート サーバーに接続できません。	   場所 System.Net.HttpWebRequest.GetRequestStream(TransportContext& context)
   場所 System.Net.HttpWebRequest.GetRequestStream()
   場所 PCSCntlSchedule.clsXmlBase.SendRequest(String sSendData, ResHeaderInf& objResHead, Byte[]& btResData)
DefaultSource	Error	2	2017/06/23 05:28:51.465	更新スケジュールのリクエスト送信に失敗しました。
DefaultSource	Information	0	2017/06/23 05:29:51.447	プロセス監視情報を更新しました
DefaultSource	Information	0	2017/06/23 05:30:51.460	プロセス監視情報を更新しました
DefaultSource	Information	0	2017/06/23 05:31:51.473	プロセス監視情報を更新しました
DefaultSource	Information	0	2017/06/23 05:32:51.487	プロセス監視情報を更新しました
DefaultSource	Information	0	2017/06/23 05:33:51.500	プロセス監視情報を更新しました
DefaultSource	Information	0	2017/06/23 05:34:51.513	プロセス監視情報を更新しました
DefaultSource	Information	0	2017/06/23 05:35:51.527	プロセス監視情報を更新しました
DefaultSource	Information	0	2017/06/23 05:36:51.540	プロセス監視情報を更新しました
DefaultSource	Information	0	2017/06/23 05:37:51.553	プロセス監視情報を更新しました
DefaultSource	Information	0	2017/06/23 05:38:51.567	プロセス監視情報を更新しました
DefaultSource	Information	0	2017/06/23 05:39:51.580	プロセス監視情報を更新しました
DefaultSource	Information	0	2017/06/23 05:40:51.593	プロセス監視情報を更新しました
DefaultSource	Information	0	2017/06/23 05:41:51.607	プロセス監視情報を更新しました
DefaultSource	Information	0	2017/06/23 05:42:51.620	プロセス監視情報を更新しました
DefaultSource	Information	0	2017/06/23 05:43:51.633	プロセス監視情報を更新しました
DefaultSource	Information	0	2017/06/23 05:44:51.646	プロセス監視情報を更新しました
DefaultSource	Information	0	2017/06/23 05:45:51.660	プロセス監視情報を更新しました
DefaultSource	Information	0	2017/06/23 05:46:51.673	プロセス監視情報を更新しました
DefaultSource	Information	0	2017/06/23 05:47:51.686	プロセス監視情報を更新しました
DefaultSource	Information	0	2017/06/23 05:48:51.700	プロセス監視情報を更新しました
DefaultSource	Information	0	2017/06/23 05:49:51.713	プロセス監視情報を更新しました
DefaultSource	Information	0	2017/06/23 05:50:51.726	プロセス監視情報を更新しました
DefaultSource	Information	0	2017/06/23 05:51:51.740	プロセス監視情報を更新しました
DefaultSource	Information	0	2017/06/23 05:52:51.753	プロセス監視情報を更新しました
DefaultSource	Information	0	2017/06/23 05:53:51.766	プロセス監視情報を更新しました
DefaultSource	Information	0	2017/06/23 05:54:51.780	プロセス監視情報を更新しました
DefaultSource	Information	0	2017/06/23 05:55:51.793	プロセス監視情報を更新しました
DefaultSource	Information	0	2017/06/23 05:56:51.822	プロセス監視情報を更新しました
DefaultSource	Information	0	2017/06/23 05:57:51.835	プロセス監視情報を更新しました
DefaultSource	Information	0	2017/06/23 05:58:51.848	処理開始:更新スケジュール取得
DefaultSource	Information	0	2017/06/23 05:58:51.848	送信内容：power_plant_id=12345678901234567890123455&mac_address=000FEC003D67&schedule_kbn=0000
DefaultSource	Information	0	2017/06/23 05:58:51.848	プロセス監視情報を更新しました
DefaultSource	Critical	3	2017/06/23 05:58:51.880	リモート サーバーに接続できません。	   場所 System.Net.HttpWebRequest.GetRequestStream(TransportContext& context)
   場所 System.Net.HttpWebRequest.GetRequestStream()
   場所 PCSCntlSchedule.clsXmlBase.SendRequest(String sSendData, ResHeaderInf& objResHead, Byte[]& btResData)
DefaultSource	Error	2	2017/06/23 05:58:51.880	更新スケジュールのリクエスト送信に失敗しました。
DefaultSource	Information	0	2017/06/23 05:59:51.862	プロセス監視情報を更新しました
DefaultSource	Information	0	2017/06/23 06:00:51.875	プロセス監視情報を更新しました
DefaultSource	Information	0	2017/06/23 06:01:51.888	プロセス監視情報を更新しました
DefaultSource	Information	0	2017/06/23 06:02:51.902	プロセス監視情報を更新しました
DefaultSource	Information	0	2017/06/23 06:03:51.915	プロセス監視情報を更新しました
DefaultSource	Information	0	2017/06/23 06:04:51.928	プロセス監視情報を更新しました
DefaultSource	Information	0	2017/06/23 06:05:51.941	プロセス監視情報を更新しました
DefaultSource	Information	0	2017/06/23 06:06:51.955	プロセス監視情報を更新しました
DefaultSource	Information	0	2017/06/23 06:07:51.968	プロセス監視情報を更新しました
DefaultSource	Information	0	2017/06/23 06:08:51.981	プロセス監視情報を更新しました
DefaultSource	Information	0	2017/06/23 06:09:51.995	プロセス監視情報を更新しました
DefaultSource	Information	0	2017/06/23 06:10:52.008	プロセス監視情報を更新しました
DefaultSource	Information	0	2017/06/23 06:11:52.021	プロセス監視情報を更新しました
DefaultSource	Information	0	2017/06/23 06:12:52.035	プロセス監視情報を更新しました
DefaultSource	Information	0	2017/06/23 06:13:52.048	プロセス監視情報を更新しました
DefaultSource	Information	0	2017/06/23 06:14:52.061	プロセス監視情報を更新しました
DefaultSource	Information	0	2017/06/23 06:15:52.075	プロセス監視情報を更新しました
DefaultSource	Information	0	2017/06/23 06:16:52.088	プロセス監視情報を更新しました
DefaultSource	Information	0	2017/06/23 06:17:52.101	プロセス監視情報を更新しました
DefaultSource	Information	0	2017/06/23 06:18:52.114	プロセス監視情報を更新しました
DefaultSource	Information	0	2017/06/23 06:19:52.128	プロセス監視情報を更新しました
DefaultSource	Information	0	2017/06/23 06:20:52.141	プロセス監視情報を更新しました
DefaultSource	Information	0	2017/06/23 06:21:52.154	プロセス監視情報を更新しました
DefaultSource	Information	0	2017/06/23 06:22:52.168	プロセス監視情報を更新しました
DefaultSource	Information	0	2017/06/23 06:23:52.181	プロセス監視情報を更新しました
DefaultSource	Information	0	2017/06/23 06:24:52.194	プロセス監視情報を更新しました
DefaultSource	Information	0	2017/06/23 06:25:52.208	プロセス監視情報を更新しました
DefaultSource	Information	0	2017/06/23 06:26:52.221	プロセス監視情報を更新しました
DefaultSource	Information	0	2017/06/23 06:27:52.234	プロセス監視情報を更新しました
DefaultSource	Information	0	2017/06/23 06:28:52.247	処理開始:更新スケジュール取得
DefaultSource	Information	0	2017/06/23 06:28:52.247	送信内容：power_plant_id=12345678901234567890123455&mac_address=000FEC003D67&schedule_kbn=0000
DefaultSource	Information	0	2017/06/23 06:28:52.247	プロセス監視情報を更新しました
DefaultSource	Critical	3	2017/06/23 06:28:52.279	リモート サーバーに接続できません。	   場所 System.Net.HttpWebRequest.GetRequestStream(TransportContext& context)
   場所 System.Net.HttpWebRequest.GetRequestStream()
   場所 PCSCntlSchedule.clsXmlBase.SendRequest(String sSendData, ResHeaderInf& objResHead, Byte[]& btResData)
DefaultSource	Error	2	2017/06/23 06:28:52.279	更新スケジュールのリクエスト送信に失敗しました。
DefaultSource	Information	0	2017/06/23 06:29:52.261	プロセス監視情報を更新しました
DefaultSource	Information	0	2017/06/23 06:30:52.274	プロセス監視情報を更新しました
DefaultSource	Information	0	2017/06/23 06:31:52.287	プロセス監視情報を更新しました
DefaultSource	Information	0	2017/06/23 06:32:52.301	プロセス監視情報を更新しました
DefaultSource	Information	0	2017/06/23 06:33:52.314	プロセス監視情報を更新しました
DefaultSource	Information	0	2017/06/23 06:34:52.327	プロセス監視情報を更新しました
DefaultSource	Information	0	2017/06/23 06:35:52.341	プロセス監視情報を更新しました
DefaultSource	Information	0	2017/06/23 06:36:52.354	プロセス監視情報を更新しました
DefaultSource	Information	0	2017/06/23 06:37:52.367	プロセス監視情報を更新しました
DefaultSource	Information	0	2017/06/23 06:38:52.381	プロセス監視情報を更新しました
DefaultSource	Information	0	2017/06/23 06:39:52.394	プロセス監視情報を更新しました
DefaultSource	Information	0	2017/06/23 06:40:52.407	プロセス監視情報を更新しました
DefaultSource	Information	0	2017/06/23 06:41:52.420	プロセス監視情報を更新しました
DefaultSource	Information	0	2017/06/23 06:42:52.434	プロセス監視情報を更新しました
DefaultSource	Information	0	2017/06/23 06:43:52.447	プロセス監視情報を更新しました
DefaultSource	Information	0	2017/06/23 06:44:52.460	プロセス監視情報を更新しました
DefaultSource	Information	0	2017/06/23 06:45:52.474	プロセス監視情報を更新しました
DefaultSource	Information	0	2017/06/23 06:46:52.487	プロセス監視情報を更新しました
DefaultSource	Information	0	2017/06/23 06:47:52.500	プロセス監視情報を更新しました
DefaultSource	Information	0	2017/06/23 06:48:52.514	プロセス監視情報を更新しました
DefaultSource	Information	0	2017/06/23 06:49:52.527	プロセス監視情報を更新しました
DefaultSource	Information	0	2017/06/23 06:50:52.540	プロセス監視情報を更新しました
DefaultSource	Information	0	2017/06/23 06:51:52.554	プロセス監視情報を更新しました
DefaultSource	Information	0	2017/06/23 06:52:52.582	プロセス監視情報を更新しました
DefaultSource	Information	0	2017/06/23 06:53:52.596	プロセス監視情報を更新しました
DefaultSource	Information	0	2017/06/23 06:54:52.609	プロセス監視情報を更新しました
DefaultSource	Information	0	2017/06/23 06:55:52.622	プロセス監視情報を更新しました
DefaultSource	Information	0	2017/06/23 06:56:52.636	プロセス監視情報を更新しました
DefaultSource	Information	0	2017/06/23 06:57:52.649	プロセス監視情報を更新しました
DefaultSource	Information	0	2017/06/23 06:58:52.662	処理開始:更新スケジュール取得
DefaultSource	Information	0	2017/06/23 06:58:52.662	送信内容：power_plant_id=12345678901234567890123455&mac_address=000FEC003D67&schedule_kbn=0000
DefaultSource	Information	0	2017/06/23 06:58:52.662	プロセス監視情報を更新しました
DefaultSource	Critical	3	2017/06/23 06:58:52.693	リモート サーバーに接続できません。	   場所 System.Net.HttpWebRequest.GetRequestStream(TransportContext& context)
   場所 System.Net.HttpWebRequest.GetRequestStream()
   場所 PCSCntlSchedule.clsXmlBase.SendRequest(String sSendData, ResHeaderInf& objResHead, Byte[]& btResData)
DefaultSource	Error	2	2017/06/23 06:58:52.693	更新スケジュールのリクエスト送信に失敗しました。
DefaultSource	Information	0	2017/06/23 06:59:52.676	プロセス監視情報を更新しました
DefaultSource	Information	0	2017/06/23 07:00:52.689	プロセス監視情報を更新しました
DefaultSource	Information	0	2017/06/23 07:01:52.702	プロセス監視情報を更新しました
DefaultSource	Information	0	2017/06/23 07:02:52.715	プロセス監視情報を更新しました
DefaultSource	Information	0	2017/06/23 07:03:52.729	プロセス監視情報を更新しました
DefaultSource	Information	0	2017/06/23 07:04:52.742	プロセス監視情報を更新しました
DefaultSource	Information	0	2017/06/23 07:05:52.755	プロセス監視情報を更新しました
DefaultSource	Information	0	2017/06/23 07:06:52.769	プロセス監視情報を更新しました
DefaultSource	Information	0	2017/06/23 07:07:52.782	プロセス監視情報を更新しました
DefaultSource	Information	0	2017/06/23 07:08:52.795	プロセス監視情報を更新しました
DefaultSource	Information	0	2017/06/23 07:09:52.809	プロセス監視情報を更新しました
DefaultSource	Information	0	2017/06/23 07:10:52.822	プロセス監視情報を更新しました
DefaultSource	Information	0	2017/06/23 07:11:52.835	プロセス監視情報を更新しました
DefaultSource	Information	0	2017/06/23 07:12:52.849	プロセス監視情報を更新しました
DefaultSource	Information	0	2017/06/23 07:13:52.862	プロセス監視情報を更新しました
DefaultSource	Information	0	2017/06/23 07:14:52.875	プロセス監視情報を更新しました
DefaultSource	Information	0	2017/06/23 07:15:52.888	プロセス監視情報を更新しました
DefaultSource	Information	0	2017/06/23 07:16:52.902	プロセス監視情報を更新しました
DefaultSource	Information	0	2017/06/23 07:17:52.915	プロセス監視情報を更新しました
DefaultSource	Information	0	2017/06/23 07:18:52.928	プロセス監視情報を更新しました
DefaultSource	Information	0	2017/06/23 07:19:52.942	プロセス監視情報を更新しました
DefaultSource	Information	0	2017/06/23 07:20:52.955	プロセス監視情報を更新しました
DefaultSource	Information	0	2017/06/23 07:21:52.968	プロセス監視情報を更新しました
DefaultSource	Information	0	2017/06/23 07:22:52.982	プロセス監視情報を更新しました
DefaultSource	Information	0	2017/06/23 07:23:52.995	プロセス監視情報を更新しました
DefaultSource	Information	0	2017/06/23 07:24:53.008	プロセス監視情報を更新しました
DefaultSource	Information	0	2017/06/23 07:25:53.021	プロセス監視情報を更新しました
DefaultSource	Information	0	2017/06/23 07:26:53.035	プロセス監視情報を更新しました
DefaultSource	Information	0	2017/06/23 07:27:53.048	プロセス監視情報を更新しました
DefaultSource	Information	0	2017/06/23 07:28:53.061	処理開始:更新スケジュール取得
DefaultSource	Information	0	2017/06/23 07:28:53.061	送信内容：power_plant_id=12345678901234567890123455&mac_address=000FEC003D67&schedule_kbn=0000
DefaultSource	Information	0	2017/06/23 07:28:53.061	プロセス監視情報を更新しました
DefaultSource	Critical	3	2017/06/23 07:28:53.093	リモート サーバーに接続できません。	   場所 System.Net.HttpWebRequest.GetRequestStream(TransportContext& context)
   場所 System.Net.HttpWebRequest.GetRequestStream()
   場所 PCSCntlSchedule.clsXmlBase.SendRequest(String sSendData, ResHeaderInf& objResHead, Byte[]& btResData)
DefaultSource	Error	2	2017/06/23 07:28:53.093	更新スケジュールのリクエスト送信に失敗しました。
DefaultSource	Information	0	2017/06/23 07:29:53.075	プロセス監視情報を更新しました
DefaultSource	Information	0	2017/06/23 07:30:53.088	プロセス監視情報を更新しました
DefaultSource	Information	0	2017/06/23 07:31:53.101	プロセス監視情報を更新しました
DefaultSource	Information	0	2017/06/23 07:32:53.115	プロセス監視情報を更新しました
DefaultSource	Information	0	2017/06/23 07:33:53.128	プロセス監視情報を更新しました
DefaultSource	Information	0	2017/06/23 07:34:53.141	プロセス監視情報を更新しました
DefaultSource	Information	0	2017/06/23 07:35:53.155	プロセス監視情報を更新しました
DefaultSource	Information	0	2017/06/23 07:36:53.168	プロセス監視情報を更新しました
DefaultSource	Information	0	2017/06/23 07:37:53.181	プロセス監視情報を更新しました
DefaultSource	Information	0	2017/06/23 07:38:53.194	プロセス監視情報を更新しました
DefaultSource	Information	0	2017/06/23 07:39:53.208	プロセス監視情報を更新しました
DefaultSource	Information	0	2017/06/23 07:40:53.221	プロセス監視情報を更新しました
DefaultSource	Information	0	2017/06/23 07:41:53.234	プロセス監視情報を更新しました
DefaultSource	Information	0	2017/06/23 07:42:53.248	プロセス監視情報を更新しました
DefaultSource	Information	0	2017/06/23 07:43:53.261	プロセス監視情報を更新しました
DefaultSource	Information	0	2017/06/23 07:44:53.274	プロセス監視情報を更新しました
DefaultSource	Information	0	2017/06/23 07:45:53.288	プロセス監視情報を更新しました
DefaultSource	Information	0	2017/06/23 07:46:53.301	プロセス監視情報を更新しました
DefaultSource	Information	0	2017/06/23 07:47:53.314	プロセス監視情報を更新しました
DefaultSource	Information	0	2017/06/23 07:48:53.343	プロセス監視情報を更新しました
DefaultSource	Information	0	2017/06/23 07:49:53.356	プロセス監視情報を更新しました
DefaultSource	Information	0	2017/06/23 07:50:53.370	プロセス監視情報を更新しました
DefaultSource	Information	0	2017/06/23 07:51:53.383	プロセス監視情報を更新しました
DefaultSource	Information	0	2017/06/23 07:52:53.396	プロセス監視情報を更新しました
DefaultSource	Information	0	2017/06/23 07:53:53.410	プロセス監視情報を更新しました
DefaultSource	Information	0	2017/06/23 07:54:53.423	プロセス監視情報を更新しました
DefaultSource	Information	0	2017/06/23 07:55:53.436	プロセス監視情報を更新しました
DefaultSource	Information	0	2017/06/23 07:56:53.450	プロセス監視情報を更新しました
DefaultSource	Information	0	2017/06/23 07:57:53.463	プロセス監視情報を更新しました
DefaultSource	Information	0	2017/06/23 07:58:53.476	プロセス監視情報を更新しました
DefaultSource	Information	0	2017/06/23 07:58:53.476	処理開始:更新スケジュール取得
DefaultSource	Information	0	2017/06/23 07:58:53.476	送信内容：power_plant_id=12345678901234567890123455&mac_address=000FEC003D67&schedule_kbn=0000
DefaultSource	Critical	3	2017/06/23 07:58:53.507	リモート サーバーに接続できません。	   場所 System.Net.HttpWebRequest.GetRequestStream(TransportContext& context)
   場所 System.Net.HttpWebRequest.GetRequestStream()
   場所 PCSCntlSchedule.clsXmlBase.SendRequest(String sSendData, ResHeaderInf& objResHead, Byte[]& btResData)
DefaultSource	Error	2	2017/06/23 07:58:53.507	更新スケジュールのリクエスト送信に失敗しました。
DefaultSource	Information	0	2017/06/23 07:59:53.489	プロセス監視情報を更新しました
DefaultSource	Information	0	2017/06/23 08:00:53.503	プロセス監視情報を更新しました
DefaultSource	Information	0	2017/06/23 08:01:53.516	プロセス監視情報を更新しました
DefaultSource	Information	0	2017/06/23 08:02:53.529	プロセス監視情報を更新しました
DefaultSource	Information	0	2017/06/23 08:03:53.543	プロセス監視情報を更新しました
DefaultSource	Information	0	2017/06/23 08:04:53.556	プロセス監視情報を更新しました
DefaultSource	Information	0	2017/06/23 08:05:53.569	プロセス監視情報を更新しました
DefaultSource	Information	0	2017/06/23 08:06:53.583	プロセス監視情報を更新しました
DefaultSource	Information	0	2017/06/23 08:07:53.596	プロセス監視情報を更新しました
DefaultSource	Information	0	2017/06/23 08:08:53.609	プロセス監視情報を更新しました
DefaultSource	Information	0	2017/06/23 08:09:53.623	プロセス監視情報を更新しました
DefaultSource	Information	0	2017/06/23 08:10:53.636	プロセス監視情報を更新しました
DefaultSource	Information	0	2017/06/23 08:11:53.649	プロセス監視情報を更新しました
DefaultSource	Information	0	2017/06/23 08:12:53.662	プロセス監視情報を更新しました
DefaultSource	Information	0	2017/06/23 08:13:53.676	プロセス監視情報を更新しました
DefaultSource	Information	0	2017/06/23 08:14:53.689	プロセス監視情報を更新しました
DefaultSource	Information	0	2017/06/23 08:15:53.702	プロセス監視情報を更新しました
DefaultSource	Information	0	2017/06/23 08:16:53.716	プロセス監視情報を更新しました
DefaultSource	Information	0	2017/06/23 08:17:53.729	プロセス監視情報を更新しました
DefaultSource	Information	0	2017/06/23 08:18:53.742	プロセス監視情報を更新しました
DefaultSource	Information	0	2017/06/23 08:19:53.756	プロセス監視情報を更新しました
DefaultSource	Information	0	2017/06/23 08:20:53.769	プロセス監視情報を更新しました
DefaultSource	Information	0	2017/06/23 08:21:53.782	プロセス監視情報を更新しました
DefaultSource	Information	0	2017/06/23 08:22:53.796	プロセス監視情報を更新しました
DefaultSource	Information	0	2017/06/23 08:23:53.809	プロセス監視情報を更新しました
DefaultSource	Information	0	2017/06/23 08:24:53.822	プロセス監視情報を更新しました
DefaultSource	Information	0	2017/06/23 08:25:53.835	プロセス監視情報を更新しました
DefaultSource	Information	0	2017/06/23 08:26:53.849	プロセス監視情報を更新しました
DefaultSource	Information	0	2017/06/23 08:27:53.862	プロセス監視情報を更新しました
DefaultSource	Information	0	2017/06/23 08:28:53.875	処理開始:更新スケジュール取得
DefaultSource	Information	0	2017/06/23 08:28:53.875	送信内容：power_plant_id=12345678901234567890123455&mac_address=000FEC003D67&schedule_kbn=0000
DefaultSource	Information	0	2017/06/23 08:28:53.875	プロセス監視情報を更新しました
DefaultSource	Critical	3	2017/06/23 08:28:53.907	リモート サーバーに接続できません。	   場所 System.Net.HttpWebRequest.GetRequestStream(TransportContext& context)
   場所 System.Net.HttpWebRequest.GetRequestStream()
   場所 PCSCntlSchedule.clsXmlBase.SendRequest(String sSendData, ResHeaderInf& objResHead, Byte[]& btResData)
DefaultSource	Error	2	2017/06/23 08:28:53.907	更新スケジュールのリクエスト送信に失敗しました。
DefaultSource	Information	0	2017/06/23 08:29:53.889	プロセス監視情報を更新しました
DefaultSource	Information	0	2017/06/23 08:30:53.902	プロセス監視情報を更新しました
DefaultSource	Information	0	2017/06/23 08:31:53.915	プロセス監視情報を更新しました
DefaultSource	Information	0	2017/06/23 08:32:53.929	プロセス監視情報を更新しました
DefaultSource	Information	0	2017/06/23 08:33:53.942	プロセス監視情報を更新しました
DefaultSource	Information	0	2017/06/23 08:34:53.955	プロセス監視情報を更新しました
DefaultSource	Information	0	2017/06/23 08:35:53.968	プロセス監視情報を更新しました
DefaultSource	Information	0	2017/06/23 08:36:53.982	プロセス監視情報を更新しました
DefaultSource	Information	0	2017/06/23 08:37:53.995	プロセス監視情報を更新しました
DefaultSource	Information	0	2017/06/23 08:38:54.008	プロセス監視情報を更新しました
DefaultSource	Information	0	2017/06/23 08:39:54.022	プロセス監視情報を更新しました
DefaultSource	Information	0	2017/06/23 08:40:54.035	プロセス監視情報を更新しました
DefaultSource	Information	0	2017/06/23 08:41:54.048	プロセス監視情報を更新しました
DefaultSource	Information	0	2017/06/23 08:42:54.062	プロセス監視情報を更新しました
DefaultSource	Information	0	2017/06/23 08:43:54.075	プロセス監視情報を更新しました
DefaultSource	Information	0	2017/06/23 08:44:54.104	プロセス監視情報を更新しました
DefaultSource	Information	0	2017/06/23 08:45:54.117	プロセス監視情報を更新しました
DefaultSource	Information	0	2017/06/23 08:46:54.130	プロセス監視情報を更新しました
DefaultSource	Information	0	2017/06/23 08:47:54.144	プロセス監視情報を更新しました
DefaultSource	Information	0	2017/06/23 08:48:54.157	プロセス監視情報を更新しました
DefaultSource	Information	0	2017/06/23 08:49:54.170	プロセス監視情報を更新しました
DefaultSource	Information	0	2017/06/23 08:50:54.184	プロセス監視情報を更新しました
DefaultSource	Information	0	2017/06/23 08:51:54.197	プロセス監視情報を更新しました
DefaultSource	Information	0	2017/06/23 08:52:54.210	プロセス監視情報を更新しました
DefaultSource	Information	0	2017/06/23 08:53:54.224	プロセス監視情報を更新しました
DefaultSource	Information	0	2017/06/23 08:54:54.237	プロセス監視情報を更新しました
DefaultSource	Information	0	2017/06/23 08:55:54.250	プロセス監視情報を更新しました
DefaultSource	Information	0	2017/06/23 08:56:54.263	プロセス監視情報を更新しました
DefaultSource	Information	0	2017/06/23 08:57:54.277	プロセス監視情報を更新しました
DefaultSource	Information	0	2017/06/23 08:58:54.290	処理開始:更新スケジュール取得
DefaultSource	Information	0	2017/06/23 08:58:54.290	プロセス監視情報を更新しました
DefaultSource	Information	0	2017/06/23 08:58:54.290	送信内容：power_plant_id=12345678901234567890123455&mac_address=000FEC003D67&schedule_kbn=0000
DefaultSource	Critical	3	2017/06/23 08:58:54.321	リモート サーバーに接続できません。	   場所 System.Net.HttpWebRequest.GetRequestStream(TransportContext& context)
   場所 System.Net.HttpWebRequest.GetRequestStream()
   場所 PCSCntlSchedule.clsXmlBase.SendRequest(String sSendData, ResHeaderInf& objResHead, Byte[]& btResData)
DefaultSource	Error	2	2017/06/23 08:58:54.321	更新スケジュールのリクエスト送信に失敗しました。
DefaultSource	Information	0	2017/06/23 08:59:54.303	プロセス監視情報を更新しました
DefaultSource	Information	0	2017/06/23 09:00:54.317	プロセス監視情報を更新しました
DefaultSource	Information	0	2017/06/23 09:01:54.330	プロセス監視情報を更新しました
DefaultSource	Information	0	2017/06/23 09:02:54.343	プロセス監視情報を更新しました
DefaultSource	Information	0	2017/06/23 09:03:54.357	プロセス監視情報を更新しました
DefaultSource	Information	0	2017/06/23 09:04:54.370	プロセス監視情報を更新しました
DefaultSource	Information	0	2017/06/23 09:05:54.383	プロセス監視情報を更新しました
DefaultSource	Information	0	2017/06/23 09:06:54.397	プロセス監視情報を更新しました
DefaultSource	Information	0	2017/06/23 09:07:54.410	プロセス監視情報を更新しました
DefaultSource	Information	0	2017/06/23 09:08:54.423	プロセス監視情報を更新しました
DefaultSource	Information	0	2017/06/23 09:09:54.436	プロセス監視情報を更新しました
DefaultSource	Information	0	2017/06/23 09:10:54.450	プロセス監視情報を更新しました
DefaultSource	Information	0	2017/06/23 09:11:54.463	プロセス監視情報を更新しました
DefaultSource	Information	0	2017/06/23 09:12:54.476	プロセス監視情報を更新しました
DefaultSource	Information	0	2017/06/23 09:13:54.490	プロセス監視情報を更新しました
DefaultSource	Information	0	2017/06/23 09:14:54.503	プロセス監視情報を更新しました
DefaultSource	Information	0	2017/06/23 09:15:54.516	プロセス監視情報を更新しました
DefaultSource	Information	0	2017/06/23 09:16:54.530	プロセス監視情報を更新しました
DefaultSource	Information	0	2017/06/23 09:17:54.543	プロセス監視情報を更新しました
DefaultSource	Information	0	2017/06/23 09:18:54.556	プロセス監視情報を更新しました
DefaultSource	Information	0	2017/06/23 09:19:54.570	プロセス監視情報を更新しました
DefaultSource	Information	0	2017/06/23 09:20:54.598	プロセス監視情報を更新しました
DefaultSource	Information	0	2017/06/23 09:21:54.596	プロセス監視情報を更新しました
DefaultSource	Information	0	2017/06/23 09:22:54.609	プロセス監視情報を更新しました
DefaultSource	Information	0	2017/06/23 09:23:54.623	プロセス監視情報を更新しました
DefaultSource	Information	0	2017/06/23 09:24:54.636	プロセス監視情報を更新しました
DefaultSource	Information	0	2017/06/23 09:25:54.649	プロセス監視情報を更新しました
DefaultSource	Information	0	2017/06/23 09:26:54.663	プロセス監視情報を更新しました
DefaultSource	Information	0	2017/06/23 09:27:54.676	プロセス監視情報を更新しました
DefaultSource	Information	0	2017/06/23 09:28:54.689	処理開始:更新スケジュール取得
DefaultSource	Information	0	2017/06/23 09:28:54.689	送信内容：power_plant_id=12345678901234567890123455&mac_address=000FEC003D67&schedule_kbn=0000
DefaultSource	Information	0	2017/06/23 09:28:54.689	プロセス監視情報を更新しました
DefaultSource	Critical	3	2017/06/23 09:28:54.720	リモート サーバーに接続できません。	   場所 System.Net.HttpWebRequest.GetRequestStream(TransportContext& context)
   場所 System.Net.HttpWebRequest.GetRequestStream()
   場所 PCSCntlSchedule.clsXmlBase.SendRequest(String sSendData, ResHeaderInf& objResHead, Byte[]& btResData)
DefaultSource	Error	2	2017/06/23 09:28:54.720	更新スケジュールのリクエスト送信に失敗しました。
DefaultSource	Information	0	2017/06/23 09:29:54.703	プロセス監視情報を更新しました
DefaultSource	Information	0	2017/06/23 09:30:54.716	プロセス監視情報を更新しました
DefaultSource	Information	0	2017/06/23 09:31:54.729	プロセス監視情報を更新しました
DefaultSource	Information	0	2017/06/23 09:32:54.742	プロセス監視情報を更新しました
DefaultSource	Information	0	2017/06/23 09:33:54.756	プロセス監視情報を更新しました
DefaultSource	Information	0	2017/06/23 09:34:54.769	プロセス監視情報を更新しました
DefaultSource	Information	0	2017/06/23 09:35:54.782	プロセス監視情報を更新しました
DefaultSource	Information	0	2017/06/23 09:36:54.796	プロセス監視情報を更新しました
DefaultSource	Information	0	2017/06/23 09:37:54.809	プロセス監視情報を更新しました
DefaultSource	Information	0	2017/06/23 09:38:54.822	プロセス監視情報を更新しました
DefaultSource	Information	0	2017/06/23 09:39:54.836	プロセス監視情報を更新しました
DefaultSource	Information	0	2017/06/23 09:40:54.865	プロセス監視情報を更新しました
DefaultSource	Information	0	2017/06/23 09:41:54.878	プロセス監視情報を更新しました
DefaultSource	Information	0	2017/06/23 09:42:54.891	プロセス監視情報を更新しました
DefaultSource	Information	0	2017/06/23 09:43:54.904	プロセス監視情報を更新しました
DefaultSource	Information	0	2017/06/23 09:44:54.918	プロセス監視情報を更新しました
DefaultSource	Information	0	2017/06/23 09:45:54.931	プロセス監視情報を更新しました
DefaultSource	Information	0	2017/06/23 09:46:54.944	プロセス監視情報を更新しました
DefaultSource	Information	0	2017/06/23 09:47:54.958	プロセス監視情報を更新しました
DefaultSource	Information	0	2017/06/23 09:48:54.971	プロセス監視情報を更新しました
DefaultSource	Information	0	2017/06/23 09:49:54.984	プロセス監視情報を更新しました
DefaultSource	Information	0	2017/06/23 09:50:54.998	プロセス監視情報を更新しました
DefaultSource	Information	0	2017/06/23 09:51:55.011	プロセス監視情報を更新しました
DefaultSource	Information	0	2017/06/23 09:52:55.024	プロセス監視情報を更新しました
DefaultSource	Information	0	2017/06/23 09:53:55.037	プロセス監視情報を更新しました
DefaultSource	Information	0	2017/06/23 09:54:55.051	プロセス監視情報を更新しました
DefaultSource	Information	0	2017/06/23 09:55:55.064	プロセス監視情報を更新しました
DefaultSource	Information	0	2017/06/23 09:56:55.077	プロセス監視情報を更新しました
DefaultSource	Information	0	2017/06/23 09:57:55.091	プロセス監視情報を更新しました
DefaultSource	Information	0	2017/06/23 09:58:55.104	処理開始:更新スケジュール取得
DefaultSource	Information	0	2017/06/23 09:58:55.104	送信内容：power_plant_id=12345678901234567890123455&mac_address=000FEC003D67&schedule_kbn=0000
DefaultSource	Information	0	2017/06/23 09:58:55.104	プロセス監視情報を更新しました
DefaultSource	Critical	3	2017/06/23 09:58:55.135	リモート サーバーに接続できません。	   場所 System.Net.HttpWebRequest.GetRequestStream(TransportContext& context)
   場所 System.Net.HttpWebRequest.GetRequestStream()
   場所 PCSCntlSchedule.clsXmlBase.SendRequest(String sSendData, ResHeaderInf& objResHead, Byte[]& btResData)
DefaultSource	Error	2	2017/06/23 09:58:55.135	更新スケジュールのリクエスト送信に失敗しました。
DefaultSource	Information	0	2017/06/23 09:59:55.117	プロセス監視情報を更新しました
DefaultSource	Information	0	2017/06/23 10:00:55.131	プロセス監視情報を更新しました
DefaultSource	Information	0	2017/06/23 10:01:55.144	プロセス監視情報を更新しました
DefaultSource	Information	0	2017/06/23 10:02:55.157	プロセス監視情報を更新しました
DefaultSource	Information	0	2017/06/23 10:03:55.171	プロセス監視情報を更新しました
DefaultSource	Information	0	2017/06/23 10:04:55.184	プロセス監視情報を更新しました
DefaultSource	Information	0	2017/06/23 10:05:55.197	プロセス監視情報を更新しました
DefaultSource	Information	0	2017/06/23 10:06:55.210	プロセス監視情報を更新しました
DefaultSource	Information	0	2017/06/23 10:07:55.224	プロセス監視情報を更新しました
DefaultSource	Information	0	2017/06/23 10:08:55.237	プロセス監視情報を更新しました
DefaultSource	Information	0	2017/06/23 10:09:55.250	プロセス監視情報を更新しました
DefaultSource	Information	0	2017/06/23 10:10:55.264	プロセス監視情報を更新しました
DefaultSource	Information	0	2017/06/23 10:11:55.277	プロセス監視情報を更新しました
DefaultSource	Information	0	2017/06/23 10:12:55.290	プロセス監視情報を更新しました
DefaultSource	Information	0	2017/06/23 10:13:55.304	プロセス監視情報を更新しました
DefaultSource	Information	0	2017/06/23 10:14:55.317	プロセス監視情報を更新しました
DefaultSource	Information	0	2017/06/23 10:15:55.330	プロセス監視情報を更新しました
DefaultSource	Information	0	2017/06/23 10:16:55.344	プロセス監視情報を更新しました
DefaultSource	Information	0	2017/06/23 10:17:55.357	プロセス監視情報を更新しました
DefaultSource	Information	0	2017/06/23 10:18:55.370	プロセス監視情報を更新しました
DefaultSource	Information	0	2017/06/23 10:19:55.383	プロセス監視情報を更新しました
DefaultSource	Information	0	2017/06/23 10:20:55.397	プロセス監視情報を更新しました
DefaultSource	Information	0	2017/06/23 10:21:55.410	プロセス監視情報を更新しました
DefaultSource	Information	0	2017/06/23 10:22:55.423	プロセス監視情報を更新しました
DefaultSource	Information	0	2017/06/23 10:23:55.437	プロセス監視情報を更新しました
DefaultSource	Information	0	2017/06/23 10:24:55.450	プロセス監視情報を更新しました
DefaultSource	Information	0	2017/06/23 10:25:55.463	プロセス監視情報を更新しました
DefaultSource	Information	0	2017/06/23 10:26:55.477	プロセス監視情報を更新しました
DefaultSource	Information	0	2017/06/23 10:27:55.490	プロセス監視情報を更新しました
DefaultSource	Information	0	2017/06/23 10:28:55.503	処理開始:更新スケジュール取得
DefaultSource	Information	0	2017/06/23 10:28:55.503	送信内容：power_plant_id=12345678901234567890123455&mac_address=000FEC003D67&schedule_kbn=0000
DefaultSource	Information	0	2017/06/23 10:28:55.503	プロセス監視情報を更新しました
DefaultSource	Critical	3	2017/06/23 10:28:55.534	リモート サーバーに接続できません。	   場所 System.Net.HttpWebRequest.GetRequestStream(TransportContext& context)
   場所 System.Net.HttpWebRequest.GetRequestStream()
   場所 PCSCntlSchedule.clsXmlBase.SendRequest(String sSendData, ResHeaderInf& objResHead, Byte[]& btResData)
DefaultSource	Error	2	2017/06/23 10:28:55.534	更新スケジュールのリクエスト送信に失敗しました。
DefaultSource	Information	0	2017/06/23 10:29:55.516	プロセス監視情報を更新しました
DefaultSource	Information	0	2017/06/23 10:30:55.530	プロセス監視情報を更新しました
DefaultSource	Information	0	2017/06/23 10:31:55.543	プロセス監視情報を更新しました
DefaultSource	Information	0	2017/06/23 10:32:55.556	プロセス監視情報を更新しました
DefaultSource	Information	0	2017/06/23 10:33:55.570	プロセス監視情報を更新しました
DefaultSource	Information	0	2017/06/23 10:34:55.583	プロセス監視情報を更新しました
DefaultSource	Information	0	2017/06/23 10:35:55.596	プロセス監視情報を更新しました
DefaultSource	Information	0	2017/06/23 10:36:55.625	プロセス監視情報を更新しました
DefaultSource	Information	0	2017/06/23 10:37:55.639	プロセス監視情報を更新しました
DefaultSource	Information	0	2017/06/23 10:38:55.652	プロセス監視情報を更新しました
DefaultSource	Information	0	2017/06/23 10:39:55.665	プロセス監視情報を更新しました
DefaultSource	Information	0	2017/06/23 10:40:55.678	プロセス監視情報を更新しました
DefaultSource	Information	0	2017/06/23 10:41:55.692	プロセス監視情報を更新しました
DefaultSource	Information	0	2017/06/23 10:42:55.705	プロセス監視情報を更新しました
DefaultSource	Information	0	2017/06/23 10:43:55.718	プロセス監視情報を更新しました
DefaultSource	Information	0	2017/06/23 10:44:55.732	プロセス監視情報を更新しました
DefaultSource	Information	0	2017/06/23 10:45:55.745	プロセス監視情報を更新しました
DefaultSource	Information	0	2017/06/23 10:46:55.758	プロセス監視情報を更新しました
DefaultSource	Information	0	2017/06/23 10:47:55.768	プロセス監視情報を更新しました
DefaultSource	Information	0	2017/06/23 10:48:55.781	プロセス監視情報を更新しました
DefaultSource	Information	0	2017/06/23 10:49:55.794	プロセス監視情報を更新しました
DefaultSource	Information	0	2017/06/23 10:50:55.808	プロセス監視情報を更新しました
DefaultSource	Information	0	2017/06/23 10:51:55.821	プロセス監視情報を更新しました
DefaultSource	Information	0	2017/06/23 10:52:55.834	プロセス監視情報を更新しました
DefaultSource	Information	0	2017/06/23 10:53:55.847	プロセス監視情報を更新しました
DefaultSource	Information	0	2017/06/23 10:54:55.861	プロセス監視情報を更新しました
DefaultSource	Information	0	2017/06/23 10:55:55.874	プロセス監視情報を更新しました
DefaultSource	Information	0	2017/06/23 10:56:55.887	プロセス監視情報を更新しました
DefaultSource	Information	0	2017/06/23 10:57:55.901	プロセス監視情報を更新しました
DefaultSource	Information	0	2017/06/23 10:58:55.914	処理開始:更新スケジュール取得
DefaultSource	Information	0	2017/06/23 10:58:55.914	送信内容：power_plant_id=12345678901234567890123455&mac_address=000FEC003D67&schedule_kbn=0000
DefaultSource	Information	0	2017/06/23 10:58:55.914	プロセス監視情報を更新しました
DefaultSource	Critical	3	2017/06/23 10:58:55.945	リモート サーバーに接続できません。	   場所 System.Net.HttpWebRequest.GetRequestStream(TransportContext& context)
   場所 System.Net.HttpWebRequest.GetRequestStream()
   場所 PCSCntlSchedule.clsXmlBase.SendRequest(String sSendData, ResHeaderInf& objResHead, Byte[]& btResData)
DefaultSource	Error	2	2017/06/23 10:58:55.945	更新スケジュールのリクエスト送信に失敗しました。
DefaultSource	Information	0	2017/06/23 10:59:55.927	プロセス監視情報を更新しました
DefaultSource	Information	0	2017/06/23 11:00:55.941	プロセス監視情報を更新しました
DefaultSource	Information	0	2017/06/23 11:01:55.954	プロセス監視情報を更新しました
DefaultSource	Information	0	2017/06/23 11:02:55.967	プロセス監視情報を更新しました
DefaultSource	Information	0	2017/06/23 11:03:55.980	プロセス監視情報を更新しました
DefaultSource	Information	0	2017/06/23 11:04:55.994	プロセス監視情報を更新しました
DefaultSource	Information	0	2017/06/23 11:05:56.007	プロセス監視情報を更新しました
DefaultSource	Information	0	2017/06/23 11:06:56.020	プロセス監視情報を更新しました
DefaultSource	Information	0	2017/06/23 11:07:56.034	プロセス監視情報を更新しました
DefaultSource	Information	0	2017/06/23 11:08:56.047	プロセス監視情報を更新しました
DefaultSource	Information	0	2017/06/23 11:09:56.060	プロセス監視情報を更新しました
DefaultSource	Information	0	2017/06/23 11:10:56.074	プロセス監視情報を更新しました
DefaultSource	Information	0	2017/06/23 11:11:56.087	プロセス監視情報を更新しました
DefaultSource	Information	0	2017/06/23 11:12:56.100	プロセス監視情報を更新しました
DefaultSource	Information	0	2017/06/23 11:13:56.114	プロセス監視情報を更新しました
DefaultSource	Information	0	2017/06/23 11:14:56.127	プロセス監視情報を更新しました
DefaultSource	Information	0	2017/06/23 11:17:25.075	MSSQLSERVER 実行検出
DefaultSource	Information	0	2017/06/23 11:17:25.168	【正常終了】データベース接続
DefaultSource	Information	0	2017/06/23 11:17:25.168	【正常終了】データベース接続
DefaultSource	Information	0	2017/06/23 11:17:25.184	プロセス監視情報を更新しました
DefaultSource	Warning	1	2017/06/23 11:17:25.231	CntlSchedule起動完了
DefaultSource	Information	0	2017/06/23 11:18:25.306	プロセス監視情報を更新しました
DefaultSource	Information	0	2017/06/23 11:18:25.322	処理開始:更新スケジュール取得
DefaultSource	Information	0	2017/06/23 11:18:25.338	送信内容：power_plant_id=12345678901234567890123455&mac_address=000FEC003D67&schedule_kbn=0000
DefaultSource	Critical	3	2017/06/23 11:18:28.021	リモート サーバーに接続できません。	   場所 System.Net.HttpWebRequest.GetRequestStream(TransportContext& context)
   場所 System.Net.HttpWebRequest.GetRequestStream()
   場所 PCSCntlSchedule.clsXmlBase.SendRequest(String sSendData, ResHeaderInf& objResHead, Byte[]& btResData)
DefaultSource	Error	2	2017/06/23 11:18:28.036	更新スケジュールのリクエスト送信に失敗しました。
