2017/06/20 14:41:08.842	GetTableData: table=[T_AvgUnitData] dataymd=[2017-06-20 14:37:00 Å` ] datacnt=[0]
2017/06/20 14:41:08.873	GetTableData: table=[T_DayUnitData] dataymd=[2017-06-20 14:37:00 Å` ] datacnt=[0]
2017/06/20 14:41:08.888	GetTableData: table=[T_DayGroupData] dataymd=[2017-06-20 14:37:00 Å` ] datacnt=[0]
2017/06/20 14:41:08.920	GetTableData: table=[T_DataPCS] dataymd=[2017-06-20 14:37:00 Å` ] datacnt=[0]
2017/06/20 14:41:08.935	GetTableData: table=[T_HourPCS] dataymd=[2017-06-20 14:37:00 Å` ] datacnt=[0]
2017/06/20 14:41:08.966	GetTableData: table=[T_SumPCS] dataymd=[2017-06-20 14:37:00 Å` ] datacnt=[0]
2017/06/20 14:41:08.998	GetTableData: table=[T_DataCAT] dataymd=[2017-06-20 14:37:00 Å` ] datacnt=[0]
2017/06/20 14:41:09.013	GetTableData: table=[T_SumCAT] dataymd=[2017-06-20 14:37:00 Å` ] datacnt=[0]
2017/06/20 14:41:09.076	GetTableData: table=[T_AlarmHis] dataymd=[2017-06-20 14:37:00 Å` ] datacnt=[0]
2017/06/20 14:41:09.091	GetTableData: table=[T_AlarmSts] dataymd=[2017-06-20 14:37:00 Å` ] datacnt=[0]
2017/06/20 14:42:00.892	GetTableData: table=[T_AvgUnitData] dataymd=[2017-06-20 14:40:00 Å` ] datacnt=[0]
2017/06/20 14:42:00.907	GetTableData: table=[T_DayUnitData] dataymd=[2017-06-20 14:40:00 Å` ] datacnt=[0]
2017/06/20 14:42:00.923	GetTableData: table=[T_DayGroupData] dataymd=[2017-06-20 14:40:00 Å` ] datacnt=[0]
2017/06/20 14:42:00.954	GetTableData: table=[T_DataPCS] dataymd=[2017-06-20 14:40:00 Å` ] datacnt=[0]
2017/06/20 14:42:00.970	GetTableData: table=[T_HourPCS] dataymd=[2017-06-20 14:40:00 Å` ] datacnt=[0]
2017/06/20 14:42:00.985	GetTableData: table=[T_SumPCS] dataymd=[2017-06-20 14:40:00 Å` ] datacnt=[0]
2017/06/20 14:42:01.032	GetTableData: table=[T_DataCAT] dataymd=[2017-06-20 14:40:00 Å` ] datacnt=[0]
2017/06/20 14:42:01.063	GetTableData: table=[T_SumCAT] dataymd=[2017-06-20 14:40:00 Å` ] datacnt=[0]
2017/06/20 14:42:01.079	GetTableData: table=[T_AlarmHis] dataymd=[2017-06-20 14:40:00 Å` ] datacnt=[3]
2017/06/20 14:42:01.094	GetTableData: table=[T_AlarmSts] dataymd=[2017-06-20 14:40:00 Å` ] datacnt=[0]
2017/06/20 14:42:01.188	CsvOutFixAppend: table=[T_AlarmHis] dataymd=[2017-06-20 14:40:00 Å` ] datacnt=[3] 
2017/06/20 14:43:00.022	GetTableData: table=[T_AvgUnitData] dataymd=[2017-06-20 14:41:00 Å` ] datacnt=[0]
2017/06/20 14:43:00.053	GetTableData: table=[T_DayUnitData] dataymd=[2017-06-20 14:41:00 Å` ] datacnt=[0]
2017/06/20 14:43:00.069	GetTableData: table=[T_DayGroupData] dataymd=[2017-06-20 14:41:00 Å` ] datacnt=[0]
2017/06/20 14:43:00.100	GetTableData: table=[T_DataPCS] dataymd=[2017-06-20 14:41:00 Å` ] datacnt=[0]
2017/06/20 14:43:00.115	GetTableData: table=[T_HourPCS] dataymd=[2017-06-20 14:41:00 Å` ] datacnt=[0]
2017/06/20 14:43:00.131	GetTableData: table=[T_SumPCS] dataymd=[2017-06-20 14:41:00 Å` ] datacnt=[0]
2017/06/20 14:43:00.178	GetTableData: table=[T_DataCAT] dataymd=[2017-06-20 14:41:00 Å` ] datacnt=[0]
2017/06/20 14:43:00.193	GetTableData: table=[T_SumCAT] dataymd=[2017-06-20 14:41:00 Å` ] datacnt=[0]
2017/06/20 14:43:00.240	GetTableData: table=[T_AlarmHis] dataymd=[2017-06-20 14:41:00 Å` ] datacnt=[3]
2017/06/20 14:43:00.256	GetTableData: table=[T_AlarmSts] dataymd=[2017-06-20 14:41:00 Å` ] datacnt=[0]
2017/06/20 14:43:00.303	CsvOutFixAppend: table=[T_AlarmHis] dataymd=[2017-06-20 14:41:00 Å` ] datacnt=[3] 
2017/06/20 14:44:00.170	GetTableData: table=[T_AvgUnitData] dataymd=[2017-06-20 14:42:00 Å` ] datacnt=[0]
2017/06/20 14:44:00.170	GetTableData: table=[T_DayUnitData] dataymd=[2017-06-20 14:42:00 Å` ] datacnt=[0]
2017/06/20 14:44:00.186	GetTableData: table=[T_DayGroupData] dataymd=[2017-06-20 14:42:00 Å` ] datacnt=[0]
2017/06/20 14:44:00.201	GetTableData: table=[T_DataPCS] dataymd=[2017-06-20 14:42:00 Å` ] datacnt=[0]
2017/06/20 14:44:00.217	GetTableData: table=[T_HourPCS] dataymd=[2017-06-20 14:42:00 Å` ] datacnt=[0]
2017/06/20 14:44:00.232	GetTableData: table=[T_SumPCS] dataymd=[2017-06-20 14:42:00 Å` ] datacnt=[0]
2017/06/20 14:44:00.248	GetTableData: table=[T_DataCAT] dataymd=[2017-06-20 14:42:00 Å` ] datacnt=[0]
2017/06/20 14:44:00.264	GetTableData: table=[T_SumCAT] dataymd=[2017-06-20 14:42:00 Å` ] datacnt=[0]
2017/06/20 14:44:00.279	GetTableData: table=[T_AlarmHis] dataymd=[2017-06-20 14:42:00 Å` ] datacnt=[2]
2017/06/20 14:44:00.295	GetTableData: table=[T_AlarmSts] dataymd=[2017-06-20 14:42:00 Å` ] datacnt=[0]
2017/06/20 14:44:00.326	CsvOutFixAppend: table=[T_AlarmHis] dataymd=[2017-06-20 14:42:00 Å` ] datacnt=[2] 
2017/06/20 14:45:00.278	GetTableData: table=[T_AvgUnitData] dataymd=[2017-06-20 14:43:00 Å` ] datacnt=[0]
2017/06/20 14:45:00.294	GetTableData: table=[T_DayUnitData] dataymd=[2017-06-20 14:43:00 Å` ] datacnt=[0]
2017/06/20 14:45:00.325	GetTableData: table=[T_DayGroupData] dataymd=[2017-06-20 14:43:00 Å` ] datacnt=[0]
2017/06/20 14:45:00.341	GetTableData: table=[T_DataPCS] dataymd=[2017-06-20 14:43:00 Å` ] datacnt=[0]
2017/06/20 14:45:00.356	GetTableData: table=[T_HourPCS] dataymd=[2017-06-20 14:43:00 Å` ] datacnt=[0]
2017/06/20 14:45:00.372	GetTableData: table=[T_SumPCS] dataymd=[2017-06-20 14:43:00 Å` ] datacnt=[0]
2017/06/20 14:45:00.419	GetTableData: table=[T_DataCAT] dataymd=[2017-06-20 14:43:00 Å` ] datacnt=[0]
2017/06/20 14:45:00.450	GetTableData: table=[T_SumCAT] dataymd=[2017-06-20 14:43:00 Å` ] datacnt=[0]
2017/06/20 14:45:00.466	GetTableData: table=[T_AlarmHis] dataymd=[2017-06-20 14:43:00 Å` ] datacnt=[10]
2017/06/20 14:45:00.481	GetTableData: table=[T_AlarmSts] dataymd=[2017-06-20 14:43:00 Å` ] datacnt=[0]
2017/06/20 14:45:00.544	CsvOutFixAppend: table=[T_AlarmHis] dataymd=[2017-06-20 14:43:00 Å` ] datacnt=[10] 
2017/06/20 14:46:00.403	GetTableData: table=[T_AvgUnitData] dataymd=[2017-06-20 14:44:00 Å` ] datacnt=[0]
2017/06/20 14:46:00.413	GetTableData: table=[T_DayUnitData] dataymd=[2017-06-20 14:44:00 Å` ] datacnt=[0]
2017/06/20 14:46:00.413	GetTableData: table=[T_DayGroupData] dataymd=[2017-06-20 14:44:00 Å` ] datacnt=[0]
2017/06/20 14:46:00.433	GetTableData: table=[T_DataPCS] dataymd=[2017-06-20 14:44:00 Å` ] datacnt=[0]
2017/06/20 14:46:00.443	GetTableData: table=[T_HourPCS] dataymd=[2017-06-20 14:44:00 Å` ] datacnt=[0]
2017/06/20 14:46:00.443	GetTableData: table=[T_SumPCS] dataymd=[2017-06-20 14:44:00 Å` ] datacnt=[0]
2017/06/20 14:46:00.463	GetTableData: table=[T_DataCAT] dataymd=[2017-06-20 14:44:00 Å` ] datacnt=[0]
2017/06/20 14:46:00.473	GetTableData: table=[T_SumCAT] dataymd=[2017-06-20 14:44:00 Å` ] datacnt=[0]
2017/06/20 14:46:00.483	GetTableData: table=[T_AlarmHis] dataymd=[2017-06-20 14:44:00 Å` ] datacnt=[9]
2017/06/20 14:46:00.493	GetTableData: table=[T_AlarmSts] dataymd=[2017-06-20 14:44:00 Å` ] datacnt=[0]
2017/06/20 14:46:00.523	CsvOutFixAppend: table=[T_AlarmHis] dataymd=[2017-06-20 14:44:00 Å` ] datacnt=[9] 
2017/06/20 14:47:00.343	GetTableData: table=[T_AvgUnitData] dataymd=[2017-06-20 14:45:00 Å` ] datacnt=[0]
2017/06/20 14:47:00.358	GetTableData: table=[T_DayUnitData] dataymd=[2017-06-20 14:45:00 Å` ] datacnt=[0]
2017/06/20 14:47:00.358	GetTableData: table=[T_DayGroupData] dataymd=[2017-06-20 14:45:00 Å` ] datacnt=[0]
2017/06/20 14:47:00.374	GetTableData: table=[T_DataPCS] dataymd=[2017-06-20 14:45:00 Å` ] datacnt=[0]
2017/06/20 14:47:00.374	GetTableData: table=[T_HourPCS] dataymd=[2017-06-20 14:45:00 Å` ] datacnt=[0]
2017/06/20 14:47:00.390	GetTableData: table=[T_SumPCS] dataymd=[2017-06-20 14:45:00 Å` ] datacnt=[0]
2017/06/20 14:47:00.405	GetTableData: table=[T_DataCAT] dataymd=[2017-06-20 14:45:00 Å` ] datacnt=[0]
2017/06/20 14:47:00.405	GetTableData: table=[T_SumCAT] dataymd=[2017-06-20 14:45:00 Å` ] datacnt=[0]
2017/06/20 14:47:00.421	GetTableData: table=[T_AlarmHis] dataymd=[2017-06-20 14:45:00 Å` ] datacnt=[1]
2017/06/20 14:47:00.421	GetTableData: table=[T_AlarmSts] dataymd=[2017-06-20 14:45:00 Å` ] datacnt=[0]
2017/06/20 14:47:00.452	CsvOutFixAppend: table=[T_AlarmHis] dataymd=[2017-06-20 14:45:00 Å` ] datacnt=[1] 
2017/06/20 14:50:21.735	GetTableData: table=[T_AvgUnitData] dataymd=[2017-06-20 14:46:00 Å` ] datacnt=[0]
2017/06/20 14:50:21.735	GetTableData: table=[T_DayUnitData] dataymd=[2017-06-20 14:46:00 Å` ] datacnt=[0]
2017/06/20 14:50:21.735	GetTableData: table=[T_DayGroupData] dataymd=[2017-06-20 14:46:00 Å` ] datacnt=[0]
2017/06/20 14:50:21.750	GetTableData: table=[T_DataPCS] dataymd=[2017-06-20 14:46:00 Å` ] datacnt=[0]
2017/06/20 14:50:21.766	GetTableData: table=[T_HourPCS] dataymd=[2017-06-20 14:46:00 Å` ] datacnt=[0]
2017/06/20 14:50:21.766	GetTableData: table=[T_SumPCS] dataymd=[2017-06-20 14:46:00 Å` ] datacnt=[0]
2017/06/20 14:50:21.782	GetTableData: table=[T_DataCAT] dataymd=[2017-06-20 14:46:00 Å` ] datacnt=[0]
2017/06/20 14:50:21.797	GetTableData: table=[T_SumCAT] dataymd=[2017-06-20 14:46:00 Å` ] datacnt=[0]
2017/06/20 14:50:21.813	GetTableData: table=[T_AlarmHis] dataymd=[2017-06-20 14:46:00 Å` ] datacnt=[0]
2017/06/20 14:50:21.813	GetTableData: table=[T_AlarmSts] dataymd=[2017-06-20 14:46:00 Å` ] datacnt=[0]
2017/06/20 14:52:01.203	GetTableData: table=[T_AvgUnitData] dataymd=[2017-06-20 14:49:00 Å` ] datacnt=[0]
2017/06/20 14:52:01.203	GetTableData: table=[T_DayUnitData] dataymd=[2017-06-20 14:49:00 Å` ] datacnt=[0]
2017/06/20 14:52:01.219	GetTableData: table=[T_DayGroupData] dataymd=[2017-06-20 14:49:00 Å` ] datacnt=[0]
2017/06/20 14:52:01.234	GetTableData: table=[T_DataPCS] dataymd=[2017-06-20 14:49:00 Å` ] datacnt=[0]
2017/06/20 14:52:01.234	GetTableData: table=[T_HourPCS] dataymd=[2017-06-20 14:49:00 Å` ] datacnt=[0]
2017/06/20 14:52:01.250	GetTableData: table=[T_SumPCS] dataymd=[2017-06-20 14:49:00 Å` ] datacnt=[0]
2017/06/20 14:52:01.265	GetTableData: table=[T_DataCAT] dataymd=[2017-06-20 14:49:00 Å` ] datacnt=[0]
2017/06/20 14:52:01.281	GetTableData: table=[T_SumCAT] dataymd=[2017-06-20 14:49:00 Å` ] datacnt=[0]
2017/06/20 14:52:01.297	GetTableData: table=[T_AlarmHis] dataymd=[2017-06-20 14:49:00 Å` ] datacnt=[0]
2017/06/20 14:52:01.297	GetTableData: table=[T_AlarmSts] dataymd=[2017-06-20 14:49:00 Å` ] datacnt=[0]
2017/06/20 14:53:00.163	GetTableData: table=[T_AvgUnitData] dataymd=[2017-06-20 14:51:00 Å` ] datacnt=[0]
2017/06/20 14:53:00.179	GetTableData: table=[T_DayUnitData] dataymd=[2017-06-20 14:51:00 Å` ] datacnt=[0]
2017/06/20 14:53:00.179	GetTableData: table=[T_DayGroupData] dataymd=[2017-06-20 14:51:00 Å` ] datacnt=[0]
2017/06/20 14:53:00.195	GetTableData: table=[T_DataPCS] dataymd=[2017-06-20 14:51:00 Å` ] datacnt=[0]
2017/06/20 14:53:00.195	GetTableData: table=[T_HourPCS] dataymd=[2017-06-20 14:51:00 Å` ] datacnt=[0]
2017/06/20 14:53:00.210	GetTableData: table=[T_SumPCS] dataymd=[2017-06-20 14:51:00 Å` ] datacnt=[0]
2017/06/20 14:53:00.226	GetTableData: table=[T_DataCAT] dataymd=[2017-06-20 14:51:00 Å` ] datacnt=[0]
2017/06/20 14:53:00.226	GetTableData: table=[T_SumCAT] dataymd=[2017-06-20 14:51:00 Å` ] datacnt=[0]
2017/06/20 14:53:00.241	GetTableData: table=[T_AlarmHis] dataymd=[2017-06-20 14:51:00 Å` ] datacnt=[0]
2017/06/20 14:53:00.241	GetTableData: table=[T_AlarmSts] dataymd=[2017-06-20 14:51:00 Å` ] datacnt=[0]
2017/06/20 14:54:00.092	GetTableData: table=[T_AvgUnitData] dataymd=[2017-06-20 14:52:00 Å` ] datacnt=[0]
2017/06/20 14:54:00.107	GetTableData: table=[T_DayUnitData] dataymd=[2017-06-20 14:52:00 Å` ] datacnt=[0]
2017/06/20 14:54:00.107	GetTableData: table=[T_DayGroupData] dataymd=[2017-06-20 14:52:00 Å` ] datacnt=[0]
2017/06/20 14:54:00.123	GetTableData: table=[T_DataPCS] dataymd=[2017-06-20 14:52:00 Å` ] datacnt=[0]
2017/06/20 14:54:00.123	GetTableData: table=[T_HourPCS] dataymd=[2017-06-20 14:52:00 Å` ] datacnt=[0]
2017/06/20 14:54:00.138	GetTableData: table=[T_SumPCS] dataymd=[2017-06-20 14:52:00 Å` ] datacnt=[0]
2017/06/20 14:54:00.154	GetTableData: table=[T_DataCAT] dataymd=[2017-06-20 14:52:00 Å` ] datacnt=[0]
2017/06/20 14:54:00.154	GetTableData: table=[T_SumCAT] dataymd=[2017-06-20 14:52:00 Å` ] datacnt=[0]
2017/06/20 14:54:00.170	GetTableData: table=[T_AlarmHis] dataymd=[2017-06-20 14:52:00 Å` ] datacnt=[1]
2017/06/20 14:54:00.170	GetTableData: table=[T_AlarmSts] dataymd=[2017-06-20 14:52:00 Å` ] datacnt=[0]
2017/06/20 14:54:00.216	CsvOutFixAppend: table=[T_AlarmHis] dataymd=[2017-06-20 14:52:00 Å` ] datacnt=[1] 
2017/06/20 14:56:56.089	GetTableData: table=[T_AvgUnitData] dataymd=[2017-06-20 14:53:00 Å` ] datacnt=[0]
2017/06/20 14:56:56.089	GetTableData: table=[T_DayUnitData] dataymd=[2017-06-20 14:53:00 Å` ] datacnt=[0]
2017/06/20 14:56:56.104	GetTableData: table=[T_DayGroupData] dataymd=[2017-06-20 14:53:00 Å` ] datacnt=[0]
2017/06/20 14:56:56.104	GetTableData: table=[T_DataPCS] dataymd=[2017-06-20 14:53:00 Å` ] datacnt=[0]
2017/06/20 14:56:56.120	GetTableData: table=[T_HourPCS] dataymd=[2017-06-20 14:53:00 Å` ] datacnt=[0]
2017/06/20 14:56:56.120	GetTableData: table=[T_SumPCS] dataymd=[2017-06-20 14:53:00 Å` ] datacnt=[0]
2017/06/20 14:56:56.151	GetTableData: table=[T_DataCAT] dataymd=[2017-06-20 14:53:00 Å` ] datacnt=[0]
2017/06/20 14:56:56.151	GetTableData: table=[T_SumCAT] dataymd=[2017-06-20 14:53:00 Å` ] datacnt=[0]
2017/06/20 14:56:56.167	GetTableData: table=[T_AlarmHis] dataymd=[2017-06-20 14:53:00 Å` ] datacnt=[6]
2017/06/20 14:56:56.167	GetTableData: table=[T_AlarmSts] dataymd=[2017-06-20 14:53:00 Å` ] datacnt=[0]
2017/06/20 14:56:56.213	CsvOutFixAppend: table=[T_AlarmHis] dataymd=[2017-06-20 14:53:00 Å` ] datacnt=[6] 
2017/06/20 14:57:00.285	GetTableData: table=[T_AvgUnitData] dataymd=[2017-06-20 14:55:00 Å` ] datacnt=[0]
2017/06/20 14:57:00.301	GetTableData: table=[T_DayUnitData] dataymd=[2017-06-20 14:55:00 Å` ] datacnt=[0]
2017/06/20 14:57:00.301	GetTableData: table=[T_DayGroupData] dataymd=[2017-06-20 14:55:00 Å` ] datacnt=[0]
2017/06/20 14:57:00.316	GetTableData: table=[T_DataPCS] dataymd=[2017-06-20 14:55:00 Å` ] datacnt=[0]
2017/06/20 14:57:00.316	GetTableData: table=[T_HourPCS] dataymd=[2017-06-20 14:55:00 Å` ] datacnt=[0]
2017/06/20 14:57:00.332	GetTableData: table=[T_SumPCS] dataymd=[2017-06-20 14:55:00 Å` ] datacnt=[0]
2017/06/20 14:57:00.347	GetTableData: table=[T_DataCAT] dataymd=[2017-06-20 14:55:00 Å` ] datacnt=[0]
2017/06/20 14:57:00.347	GetTableData: table=[T_SumCAT] dataymd=[2017-06-20 14:55:00 Å` ] datacnt=[0]
2017/06/20 14:57:00.363	GetTableData: table=[T_AlarmHis] dataymd=[2017-06-20 14:55:00 Å` ] datacnt=[0]
2017/06/20 14:57:00.363	GetTableData: table=[T_AlarmSts] dataymd=[2017-06-20 14:55:00 Å` ] datacnt=[0]
2017/06/20 14:58:00.235	GetTableData: table=[T_AvgUnitData] dataymd=[2017-06-20 14:56:00 Å` ] datacnt=[0]
2017/06/20 14:58:00.250	GetTableData: table=[T_DayUnitData] dataymd=[2017-06-20 14:56:00 Å` ] datacnt=[0]
2017/06/20 14:58:00.250	GetTableData: table=[T_DayGroupData] dataymd=[2017-06-20 14:56:00 Å` ] datacnt=[0]
2017/06/20 14:58:00.266	GetTableData: table=[T_DataPCS] dataymd=[2017-06-20 14:56:00 Å` ] datacnt=[0]
2017/06/20 14:58:00.266	GetTableData: table=[T_HourPCS] dataymd=[2017-06-20 14:56:00 Å` ] datacnt=[0]
2017/06/20 14:58:00.282	GetTableData: table=[T_SumPCS] dataymd=[2017-06-20 14:56:00 Å` ] datacnt=[0]
2017/06/20 14:58:00.297	GetTableData: table=[T_DataCAT] dataymd=[2017-06-20 14:56:00 Å` ] datacnt=[0]
2017/06/20 14:58:00.297	GetTableData: table=[T_SumCAT] dataymd=[2017-06-20 14:56:00 Å` ] datacnt=[0]
2017/06/20 14:58:00.313	GetTableData: table=[T_AlarmHis] dataymd=[2017-06-20 14:56:00 Å` ] datacnt=[0]
2017/06/20 14:58:00.313	GetTableData: table=[T_AlarmSts] dataymd=[2017-06-20 14:56:00 Å` ] datacnt=[0]
2017/06/20 14:59:00.315	GetTableData: table=[T_AvgUnitData] dataymd=[2017-06-20 14:57:00 Å` ] datacnt=[0]
2017/06/20 14:59:00.331	GetTableData: table=[T_DayUnitData] dataymd=[2017-06-20 14:57:00 Å` ] datacnt=[0]
2017/06/20 14:59:00.331	GetTableData: table=[T_DayGroupData] dataymd=[2017-06-20 14:57:00 Å` ] datacnt=[0]
2017/06/20 14:59:00.596	GetTableData: table=[T_DataPCS] dataymd=[2017-06-20 14:57:00 Å` ] datacnt=[0]
2017/06/20 14:59:00.596	GetTableData: table=[T_HourPCS] dataymd=[2017-06-20 14:57:00 Å` ] datacnt=[0]
2017/06/20 14:59:00.612	GetTableData: table=[T_SumPCS] dataymd=[2017-06-20 14:57:00 Å` ] datacnt=[0]
2017/06/20 14:59:00.643	GetTableData: table=[T_DataCAT] dataymd=[2017-06-20 14:57:00 Å` ] datacnt=[0]
2017/06/20 14:59:00.658	GetTableData: table=[T_SumCAT] dataymd=[2017-06-20 14:57:00 Å` ] datacnt=[0]
2017/06/20 14:59:00.674	GetTableData: table=[T_AlarmHis] dataymd=[2017-06-20 14:57:00 Å` ] datacnt=[1]
2017/06/20 14:59:00.690	GetTableData: table=[T_AlarmSts] dataymd=[2017-06-20 14:57:00 Å` ] datacnt=[0]
2017/06/20 14:59:00.721	CsvOutFixAppend: table=[T_AlarmHis] dataymd=[2017-06-20 14:57:00 Å` ] datacnt=[1] 
2017/06/20 15:00:48.018	GetTableData: table=[T_AvgUnitData] dataymd=[2017-06-20 14:58:00 Å` ] datacnt=[0]
2017/06/20 15:00:48.018	GetTableData: table=[T_DayUnitData] dataymd=[2017-06-20 14:58:00 Å` ] datacnt=[0]
2017/06/20 15:00:48.033	GetTableData: table=[T_DayGroupData] dataymd=[2017-06-20 14:58:00 Å` ] datacnt=[0]
2017/06/20 15:00:48.049	GetTableData: table=[T_DataPCS] dataymd=[2017-06-20 14:58:00 Å` ] datacnt=[0]
2017/06/20 15:00:48.049	GetTableData: table=[T_HourPCS] dataymd=[2017-06-20 14:58:00 Å` ] datacnt=[0]
2017/06/20 15:00:48.065	GetTableData: table=[T_SumPCS] dataymd=[2017-06-20 14:58:00 Å` ] datacnt=[0]
2017/06/20 15:00:48.080	GetTableData: table=[T_DataCAT] dataymd=[2017-06-20 14:58:00 Å` ] datacnt=[0]
2017/06/20 15:00:48.080	GetTableData: table=[T_SumCAT] dataymd=[2017-06-20 14:58:00 Å` ] datacnt=[0]
2017/06/20 15:00:48.096	GetTableData: table=[T_AlarmHis] dataymd=[2017-06-20 14:58:00 Å` ] datacnt=[1]
2017/06/20 15:00:48.096	GetTableData: table=[T_AlarmSts] dataymd=[2017-06-20 14:58:00 Å` ] datacnt=[0]
2017/06/20 15:00:48.143	CsvOutFixAppend: table=[T_AlarmHis] dataymd=[2017-06-20 14:58:00 Å` ] datacnt=[1] 
2017/06/20 15:01:00.326	GetTableData: table=[T_AvgUnitData] dataymd=[2017-06-20 14:59:00 Å` ] datacnt=[0]
2017/06/20 15:01:00.342	GetTableData: table=[T_DayUnitData] dataymd=[2017-06-20 14:59:00 Å` ] datacnt=[0]
2017/06/20 15:01:00.342	GetTableData: table=[T_DayGroupData] dataymd=[2017-06-20 14:59:00 Å` ] datacnt=[0]
2017/06/20 15:01:00.358	GetTableData: table=[T_DataPCS] dataymd=[2017-06-20 14:59:00 Å` ] datacnt=[0]
2017/06/20 15:01:00.358	GetTableData: table=[T_HourPCS] dataymd=[2017-06-20 14:59:00 Å` ] datacnt=[0]
2017/06/20 15:01:00.373	GetTableData: table=[T_SumPCS] dataymd=[2017-06-20 14:59:00 Å` ] datacnt=[0]
2017/06/20 15:01:00.389	GetTableData: table=[T_DataCAT] dataymd=[2017-06-20 14:59:00 Å` ] datacnt=[0]
2017/06/20 15:01:00.389	GetTableData: table=[T_SumCAT] dataymd=[2017-06-20 14:59:00 Å` ] datacnt=[0]
2017/06/20 15:01:00.404	GetTableData: table=[T_AlarmHis] dataymd=[2017-06-20 14:59:00 Å` ] datacnt=[0]
2017/06/20 15:01:00.404	GetTableData: table=[T_AlarmSts] dataymd=[2017-06-20 14:59:00 Å` ] datacnt=[0]
2017/06/20 15:02:27.030	GetTableData: table=[T_AvgUnitData] dataymd=[2017-06-20 15:00:00 Å` ] datacnt=[0]
2017/06/20 15:02:27.046	GetTableData: table=[T_DayUnitData] dataymd=[2017-06-20 15:00:00 Å` ] datacnt=[0]
2017/06/20 15:02:27.046	GetTableData: table=[T_DayGroupData] dataymd=[2017-06-20 15:00:00 Å` ] datacnt=[0]
2017/06/20 15:02:27.062	GetTableData: table=[T_DataPCS] dataymd=[2017-06-20 15:00:00 Å` ] datacnt=[0]
2017/06/20 15:02:27.062	GetTableData: table=[T_HourPCS] dataymd=[2017-06-20 15:00:00 Å` ] datacnt=[0]
2017/06/20 15:02:27.077	GetTableData: table=[T_SumPCS] dataymd=[2017-06-20 15:00:00 Å` ] datacnt=[0]
2017/06/20 15:02:27.093	GetTableData: table=[T_DataCAT] dataymd=[2017-06-20 15:00:00 Å` ] datacnt=[0]
2017/06/20 15:02:27.108	GetTableData: table=[T_SumCAT] dataymd=[2017-06-20 15:00:00 Å` ] datacnt=[0]
2017/06/20 15:02:27.108	GetTableData: table=[T_AlarmHis] dataymd=[2017-06-20 15:00:00 Å` ] datacnt=[0]
2017/06/20 15:02:27.124	GetTableData: table=[T_AlarmSts] dataymd=[2017-06-20 15:00:00 Å` ] datacnt=[0]
2017/06/20 15:03:00.617	GetTableData: table=[T_AvgUnitData] dataymd=[2017-06-20 15:01:00 Å` ] datacnt=[0]
2017/06/20 15:03:00.633	GetTableData: table=[T_DayUnitData] dataymd=[2017-06-20 15:01:00 Å` ] datacnt=[0]
2017/06/20 15:03:00.633	GetTableData: table=[T_DayGroupData] dataymd=[2017-06-20 15:01:00 Å` ] datacnt=[0]
2017/06/20 15:03:00.649	GetTableData: table=[T_DataPCS] dataymd=[2017-06-20 15:01:00 Å` ] datacnt=[0]
2017/06/20 15:03:00.649	GetTableData: table=[T_HourPCS] dataymd=[2017-06-20 15:01:00 Å` ] datacnt=[0]
2017/06/20 15:03:00.664	GetTableData: table=[T_SumPCS] dataymd=[2017-06-20 15:01:00 Å` ] datacnt=[0]
2017/06/20 15:03:00.680	GetTableData: table=[T_DataCAT] dataymd=[2017-06-20 15:01:00 Å` ] datacnt=[0]
2017/06/20 15:03:00.680	GetTableData: table=[T_SumCAT] dataymd=[2017-06-20 15:01:00 Å` ] datacnt=[0]
2017/06/20 15:03:00.695	GetTableData: table=[T_AlarmHis] dataymd=[2017-06-20 15:01:00 Å` ] datacnt=[0]
2017/06/20 15:03:00.695	GetTableData: table=[T_AlarmSts] dataymd=[2017-06-20 15:01:00 Å` ] datacnt=[0]
2017/06/20 15:04:00.568	GetTableData: table=[T_AvgUnitData] dataymd=[2017-06-20 15:02:00 Å` ] datacnt=[0]
2017/06/20 15:04:00.584	GetTableData: table=[T_DayUnitData] dataymd=[2017-06-20 15:02:00 Å` ] datacnt=[0]
2017/06/20 15:04:00.599	GetTableData: table=[T_DayGroupData] dataymd=[2017-06-20 15:02:00 Å` ] datacnt=[0]
2017/06/20 15:04:00.615	GetTableData: table=[T_DataPCS] dataymd=[2017-06-20 15:02:00 Å` ] datacnt=[0]
2017/06/20 15:04:00.631	GetTableData: table=[T_HourPCS] dataymd=[2017-06-20 15:02:00 Å` ] datacnt=[0]
2017/06/20 15:04:00.646	GetTableData: table=[T_SumPCS] dataymd=[2017-06-20 15:02:00 Å` ] datacnt=[0]
2017/06/20 15:04:00.677	GetTableData: table=[T_DataCAT] dataymd=[2017-06-20 15:02:00 Å` ] datacnt=[0]
2017/06/20 15:04:00.693	GetTableData: table=[T_SumCAT] dataymd=[2017-06-20 15:02:00 Å` ] datacnt=[0]
2017/06/20 15:04:00.709	GetTableData: table=[T_AlarmHis] dataymd=[2017-06-20 15:02:00 Å` ] datacnt=[0]
2017/06/20 15:04:00.724	GetTableData: table=[T_AlarmSts] dataymd=[2017-06-20 15:02:00 Å` ] datacnt=[0]
2017/06/20 15:05:00.550	GetTableData: table=[T_AvgUnitData] dataymd=[2017-06-20 15:03:00 Å` ] datacnt=[0]
2017/06/20 15:05:00.550	GetTableData: table=[T_DayUnitData] dataymd=[2017-06-20 15:03:00 Å` ] datacnt=[0]
2017/06/20 15:05:00.550	GetTableData: table=[T_DayGroupData] dataymd=[2017-06-20 15:03:00 Å` ] datacnt=[0]
2017/06/20 15:05:00.566	GetTableData: table=[T_DataPCS] dataymd=[2017-06-20 15:03:00 Å` ] datacnt=[0]
2017/06/20 15:05:00.566	GetTableData: table=[T_HourPCS] dataymd=[2017-06-20 15:03:00 Å` ] datacnt=[0]
2017/06/20 15:05:00.582	GetTableData: table=[T_SumPCS] dataymd=[2017-06-20 15:03:00 Å` ] datacnt=[0]
2017/06/20 15:05:00.597	GetTableData: table=[T_DataCAT] dataymd=[2017-06-20 15:03:00 Å` ] datacnt=[0]
2017/06/20 15:05:00.597	GetTableData: table=[T_SumCAT] dataymd=[2017-06-20 15:03:00 Å` ] datacnt=[0]
2017/06/20 15:05:00.613	GetTableData: table=[T_AlarmHis] dataymd=[2017-06-20 15:03:00 Å` ] datacnt=[1]
2017/06/20 15:05:00.613	GetTableData: table=[T_AlarmSts] dataymd=[2017-06-20 15:03:00 Å` ] datacnt=[0]
2017/06/20 15:05:00.660	CsvOutFixAppend: table=[T_AlarmHis] dataymd=[2017-06-20 15:03:00 Å` ] datacnt=[1] 
2017/06/20 15:06:00.500	GetTableData: table=[T_AvgUnitData] dataymd=[2017-06-20 15:04:00 Å` ] datacnt=[0]
2017/06/20 15:06:00.515	GetTableData: table=[T_DayUnitData] dataymd=[2017-06-20 15:04:00 Å` ] datacnt=[0]
2017/06/20 15:06:00.515	GetTableData: table=[T_DayGroupData] dataymd=[2017-06-20 15:04:00 Å` ] datacnt=[0]
2017/06/20 15:06:00.531	GetTableData: table=[T_DataPCS] dataymd=[2017-06-20 15:04:00 Å` ] datacnt=[0]
2017/06/20 15:06:00.531	GetTableData: table=[T_HourPCS] dataymd=[2017-06-20 15:04:00 Å` ] datacnt=[0]
2017/06/20 15:06:00.546	GetTableData: table=[T_SumPCS] dataymd=[2017-06-20 15:04:00 Å` ] datacnt=[0]
2017/06/20 15:06:00.562	GetTableData: table=[T_DataCAT] dataymd=[2017-06-20 15:04:00 Å` ] datacnt=[0]
2017/06/20 15:06:00.562	GetTableData: table=[T_SumCAT] dataymd=[2017-06-20 15:04:00 Å` ] datacnt=[0]
2017/06/20 15:06:00.578	GetTableData: table=[T_AlarmHis] dataymd=[2017-06-20 15:04:00 Å` ] datacnt=[1]
2017/06/20 15:06:00.578	GetTableData: table=[T_AlarmSts] dataymd=[2017-06-20 15:04:00 Å` ] datacnt=[0]
2017/06/20 15:06:00.609	CsvOutFixAppend: table=[T_AlarmHis] dataymd=[2017-06-20 15:04:00 Å` ] datacnt=[1] 
2017/06/20 15:11:56.017	GetTableData: table=[T_AvgUnitData] dataymd=[2017-06-20 15:05:00 Å` ] datacnt=[0]
2017/06/20 15:11:56.017	GetTableData: table=[T_DayUnitData] dataymd=[2017-06-20 15:05:00 Å` ] datacnt=[0]
2017/06/20 15:11:56.033	GetTableData: table=[T_DayGroupData] dataymd=[2017-06-20 15:05:00 Å` ] datacnt=[0]
2017/06/20 15:11:56.033	GetTableData: table=[T_DataPCS] dataymd=[2017-06-20 15:05:00 Å` ] datacnt=[0]
2017/06/20 15:11:56.048	GetTableData: table=[T_HourPCS] dataymd=[2017-06-20 15:05:00 Å` ] datacnt=[0]
2017/06/20 15:11:56.048	GetTableData: table=[T_SumPCS] dataymd=[2017-06-20 15:05:00 Å` ] datacnt=[0]
2017/06/20 15:11:56.079	GetTableData: table=[T_DataCAT] dataymd=[2017-06-20 15:05:00 Å` ] datacnt=[0]
2017/06/20 15:11:56.079	GetTableData: table=[T_SumCAT] dataymd=[2017-06-20 15:05:00 Å` ] datacnt=[0]
2017/06/20 15:11:56.095	GetTableData: table=[T_AlarmHis] dataymd=[2017-06-20 15:05:00 Å` ] datacnt=[0]
2017/06/20 15:11:56.111	GetTableData: table=[T_AlarmSts] dataymd=[2017-06-20 15:05:00 Å` ] datacnt=[0]
2017/06/20 15:12:00.198	GetTableData: table=[T_AvgUnitData] dataymd=[2017-06-20 15:10:00 Å` ] datacnt=[0]
2017/06/20 15:12:00.213	GetTableData: table=[T_DayUnitData] dataymd=[2017-06-20 15:10:00 Å` ] datacnt=[0]
2017/06/20 15:12:00.213	GetTableData: table=[T_DayGroupData] dataymd=[2017-06-20 15:10:00 Å` ] datacnt=[0]
2017/06/20 15:12:00.229	GetTableData: table=[T_DataPCS] dataymd=[2017-06-20 15:10:00 Å` ] datacnt=[0]
2017/06/20 15:12:00.229	GetTableData: table=[T_HourPCS] dataymd=[2017-06-20 15:10:00 Å` ] datacnt=[0]
2017/06/20 15:12:00.245	GetTableData: table=[T_SumPCS] dataymd=[2017-06-20 15:10:00 Å` ] datacnt=[0]
2017/06/20 15:12:00.260	GetTableData: table=[T_DataCAT] dataymd=[2017-06-20 15:10:00 Å` ] datacnt=[0]
2017/06/20 15:12:00.260	GetTableData: table=[T_SumCAT] dataymd=[2017-06-20 15:10:00 Å` ] datacnt=[0]
2017/06/20 15:12:00.276	GetTableData: table=[T_AlarmHis] dataymd=[2017-06-20 15:10:00 Å` ] datacnt=[0]
2017/06/20 15:12:00.276	GetTableData: table=[T_AlarmSts] dataymd=[2017-06-20 15:10:00 Å` ] datacnt=[0]
2017/06/20 15:13:00.118	GetTableData: table=[T_AvgUnitData] dataymd=[2017-06-20 15:11:00 Å` ] datacnt=[0]
2017/06/20 15:13:00.133	GetTableData: table=[T_DayUnitData] dataymd=[2017-06-20 15:11:00 Å` ] datacnt=[0]
2017/06/20 15:13:00.133	GetTableData: table=[T_DayGroupData] dataymd=[2017-06-20 15:11:00 Å` ] datacnt=[0]
2017/06/20 15:13:00.149	GetTableData: table=[T_DataPCS] dataymd=[2017-06-20 15:11:00 Å` ] datacnt=[0]
2017/06/20 15:13:00.149	GetTableData: table=[T_HourPCS] dataymd=[2017-06-20 15:11:00 Å` ] datacnt=[0]
2017/06/20 15:13:00.164	GetTableData: table=[T_SumPCS] dataymd=[2017-06-20 15:11:00 Å` ] datacnt=[0]
2017/06/20 15:13:00.180	GetTableData: table=[T_DataCAT] dataymd=[2017-06-20 15:11:00 Å` ] datacnt=[0]
2017/06/20 15:13:00.180	GetTableData: table=[T_SumCAT] dataymd=[2017-06-20 15:11:00 Å` ] datacnt=[0]
2017/06/20 15:13:00.196	GetTableData: table=[T_AlarmHis] dataymd=[2017-06-20 15:11:00 Å` ] datacnt=[0]
2017/06/20 15:13:00.196	GetTableData: table=[T_AlarmSts] dataymd=[2017-06-20 15:11:00 Å` ] datacnt=[0]
2017/06/20 15:14:00.043	GetTableData: table=[T_AvgUnitData] dataymd=[2017-06-20 15:12:00 Å` ] datacnt=[0]
2017/06/20 15:14:00.058	GetTableData: table=[T_DayUnitData] dataymd=[2017-06-20 15:12:00 Å` ] datacnt=[0]
2017/06/20 15:14:00.058	GetTableData: table=[T_DayGroupData] dataymd=[2017-06-20 15:12:00 Å` ] datacnt=[0]
2017/06/20 15:14:00.074	GetTableData: table=[T_DataPCS] dataymd=[2017-06-20 15:12:00 Å` ] datacnt=[0]
2017/06/20 15:14:00.074	GetTableData: table=[T_HourPCS] dataymd=[2017-06-20 15:12:00 Å` ] datacnt=[0]
2017/06/20 15:14:00.090	GetTableData: table=[T_SumPCS] dataymd=[2017-06-20 15:12:00 Å` ] datacnt=[0]
2017/06/20 15:14:00.105	GetTableData: table=[T_DataCAT] dataymd=[2017-06-20 15:12:00 Å` ] datacnt=[0]
2017/06/20 15:14:00.105	GetTableData: table=[T_SumCAT] dataymd=[2017-06-20 15:12:00 Å` ] datacnt=[0]
2017/06/20 15:14:00.121	GetTableData: table=[T_AlarmHis] dataymd=[2017-06-20 15:12:00 Å` ] datacnt=[0]
2017/06/20 15:14:00.121	GetTableData: table=[T_AlarmSts] dataymd=[2017-06-20 15:12:00 Å` ] datacnt=[0]
2017/06/20 15:16:43.473	GetTableData: table=[T_AvgUnitData] dataymd=[2017-06-20 15:13:00 Å` ] datacnt=[0]
2017/06/20 15:16:43.488	GetTableData: table=[T_DayUnitData] dataymd=[2017-06-20 15:13:00 Å` ] datacnt=[0]
2017/06/20 15:16:43.488	GetTableData: table=[T_DayGroupData] dataymd=[2017-06-20 15:13:00 Å` ] datacnt=[0]
2017/06/20 15:16:43.504	GetTableData: table=[T_DataPCS] dataymd=[2017-06-20 15:13:00 Å` ] datacnt=[0]
2017/06/20 15:16:43.520	GetTableData: table=[T_HourPCS] dataymd=[2017-06-20 15:13:00 Å` ] datacnt=[0]
2017/06/20 15:16:43.520	GetTableData: table=[T_SumPCS] dataymd=[2017-06-20 15:13:00 Å` ] datacnt=[0]
2017/06/20 15:16:43.551	GetTableData: table=[T_DataCAT] dataymd=[2017-06-20 15:13:00 Å` ] datacnt=[0]
2017/06/20 15:16:43.551	GetTableData: table=[T_SumCAT] dataymd=[2017-06-20 15:13:00 Å` ] datacnt=[0]
2017/06/20 15:16:43.566	GetTableData: table=[T_AlarmHis] dataymd=[2017-06-20 15:13:00 Å` ] datacnt=[0]
2017/06/20 15:16:43.566	GetTableData: table=[T_AlarmSts] dataymd=[2017-06-20 15:13:00 Å` ] datacnt=[0]
2017/06/20 15:17:00.851	GetTableData: table=[T_AvgUnitData] dataymd=[2017-06-20 15:15:00 Å` ] datacnt=[0]
2017/06/20 15:17:00.867	GetTableData: table=[T_DayUnitData] dataymd=[2017-06-20 15:15:00 Å` ] datacnt=[0]
2017/06/20 15:17:00.867	GetTableData: table=[T_DayGroupData] dataymd=[2017-06-20 15:15:00 Å` ] datacnt=[0]
2017/06/20 15:17:00.882	GetTableData: table=[T_DataPCS] dataymd=[2017-06-20 15:15:00 Å` ] datacnt=[0]
2017/06/20 15:17:00.882	GetTableData: table=[T_HourPCS] dataymd=[2017-06-20 15:15:00 Å` ] datacnt=[0]
2017/06/20 15:17:00.898	GetTableData: table=[T_SumPCS] dataymd=[2017-06-20 15:15:00 Å` ] datacnt=[0]
2017/06/20 15:17:00.914	GetTableData: table=[T_DataCAT] dataymd=[2017-06-20 15:15:00 Å` ] datacnt=[0]
2017/06/20 15:17:00.914	GetTableData: table=[T_SumCAT] dataymd=[2017-06-20 15:15:00 Å` ] datacnt=[0]
2017/06/20 15:17:00.929	GetTableData: table=[T_AlarmHis] dataymd=[2017-06-20 15:15:00 Å` ] datacnt=[0]
2017/06/20 15:17:00.929	GetTableData: table=[T_AlarmSts] dataymd=[2017-06-20 15:15:00 Å` ] datacnt=[0]
2017/06/20 15:18:00.771	GetTableData: table=[T_AvgUnitData] dataymd=[2017-06-20 15:16:00 Å` ] datacnt=[0]
2017/06/20 15:18:00.786	GetTableData: table=[T_DayUnitData] dataymd=[2017-06-20 15:16:00 Å` ] datacnt=[0]
2017/06/20 15:18:00.786	GetTableData: table=[T_DayGroupData] dataymd=[2017-06-20 15:16:00 Å` ] datacnt=[0]
2017/06/20 15:18:00.802	GetTableData: table=[T_DataPCS] dataymd=[2017-06-20 15:16:00 Å` ] datacnt=[0]
2017/06/20 15:18:00.818	GetTableData: table=[T_HourPCS] dataymd=[2017-06-20 15:16:00 Å` ] datacnt=[0]
2017/06/20 15:18:00.818	GetTableData: table=[T_SumPCS] dataymd=[2017-06-20 15:16:00 Å` ] datacnt=[0]
2017/06/20 15:18:00.833	GetTableData: table=[T_DataCAT] dataymd=[2017-06-20 15:16:00 Å` ] datacnt=[0]
2017/06/20 15:18:00.849	GetTableData: table=[T_SumCAT] dataymd=[2017-06-20 15:16:00 Å` ] datacnt=[0]
2017/06/20 15:18:00.864	GetTableData: table=[T_AlarmHis] dataymd=[2017-06-20 15:16:00 Å` ] datacnt=[0]
2017/06/20 15:18:00.864	GetTableData: table=[T_AlarmSts] dataymd=[2017-06-20 15:16:00 Å` ] datacnt=[0]
2017/06/20 15:19:00.704	GetTableData: table=[T_AvgUnitData] dataymd=[2017-06-20 15:17:00 Å` ] datacnt=[0]
2017/06/20 15:19:00.719	GetTableData: table=[T_DayUnitData] dataymd=[2017-06-20 15:17:00 Å` ] datacnt=[0]
2017/06/20 15:19:00.719	GetTableData: table=[T_DayGroupData] dataymd=[2017-06-20 15:17:00 Å` ] datacnt=[0]
2017/06/20 15:19:00.735	GetTableData: table=[T_DataPCS] dataymd=[2017-06-20 15:17:00 Å` ] datacnt=[0]
2017/06/20 15:19:00.735	GetTableData: table=[T_HourPCS] dataymd=[2017-06-20 15:17:00 Å` ] datacnt=[0]
2017/06/20 15:19:00.751	GetTableData: table=[T_SumPCS] dataymd=[2017-06-20 15:17:00 Å` ] datacnt=[0]
2017/06/20 15:19:00.766	GetTableData: table=[T_DataCAT] dataymd=[2017-06-20 15:17:00 Å` ] datacnt=[0]
2017/06/20 15:19:00.766	GetTableData: table=[T_SumCAT] dataymd=[2017-06-20 15:17:00 Å` ] datacnt=[0]
2017/06/20 15:19:00.782	GetTableData: table=[T_AlarmHis] dataymd=[2017-06-20 15:17:00 Å` ] datacnt=[0]
2017/06/20 15:19:00.782	GetTableData: table=[T_AlarmSts] dataymd=[2017-06-20 15:17:00 Å` ] datacnt=[0]
2017/06/20 15:24:38.526	GetTableData: table=[T_AvgUnitData] dataymd=[2017-06-20 15:18:00 Å` ] datacnt=[0]
2017/06/20 15:24:38.526	GetTableData: table=[T_DayUnitData] dataymd=[2017-06-20 15:18:00 Å` ] datacnt=[0]
2017/06/20 15:24:38.541	GetTableData: table=[T_DayGroupData] dataymd=[2017-06-20 15:18:00 Å` ] datacnt=[0]
2017/06/20 15:24:38.557	GetTableData: table=[T_DataPCS] dataymd=[2017-06-20 15:18:00 Å` ] datacnt=[0]
2017/06/20 15:24:38.557	GetTableData: table=[T_HourPCS] dataymd=[2017-06-20 15:18:00 Å` ] datacnt=[0]
2017/06/20 15:24:38.572	GetTableData: table=[T_SumPCS] dataymd=[2017-06-20 15:18:00 Å` ] datacnt=[0]
2017/06/20 15:24:38.588	GetTableData: table=[T_DataCAT] dataymd=[2017-06-20 15:18:00 Å` ] datacnt=[0]
2017/06/20 15:24:38.588	GetTableData: table=[T_SumCAT] dataymd=[2017-06-20 15:18:00 Å` ] datacnt=[0]
2017/06/20 15:24:38.604	GetTableData: table=[T_AlarmHis] dataymd=[2017-06-20 15:18:00 Å` ] datacnt=[1]
2017/06/20 15:24:38.604	GetTableData: table=[T_AlarmSts] dataymd=[2017-06-20 15:18:00 Å` ] datacnt=[0]
2017/06/20 15:24:38.666	CsvOutFixAppend: table=[T_AlarmHis] dataymd=[2017-06-20 15:18:00 Å` ] datacnt=[1] 
2017/06/20 15:25:00.990	GetTableData: table=[T_AvgUnitData] dataymd=[2017-06-20 15:23:00 Å` ] datacnt=[0]
2017/06/20 15:25:01.005	GetTableData: table=[T_DayUnitData] dataymd=[2017-06-20 15:23:00 Å` ] datacnt=[0]
2017/06/20 15:25:01.005	GetTableData: table=[T_DayGroupData] dataymd=[2017-06-20 15:23:00 Å` ] datacnt=[0]
2017/06/20 15:25:01.021	GetTableData: table=[T_DataPCS] dataymd=[2017-06-20 15:23:00 Å` ] datacnt=[0]
2017/06/20 15:25:01.021	GetTableData: table=[T_HourPCS] dataymd=[2017-06-20 15:23:00 Å` ] datacnt=[0]
2017/06/20 15:25:01.036	GetTableData: table=[T_SumPCS] dataymd=[2017-06-20 15:23:00 Å` ] datacnt=[0]
2017/06/20 15:25:01.068	GetTableData: table=[T_DataCAT] dataymd=[2017-06-20 15:23:00 Å` ] datacnt=[0]
2017/06/20 15:25:01.068	GetTableData: table=[T_SumCAT] dataymd=[2017-06-20 15:23:00 Å` ] datacnt=[0]
2017/06/20 15:25:01.083	GetTableData: table=[T_AlarmHis] dataymd=[2017-06-20 15:23:00 Å` ] datacnt=[0]
2017/06/20 15:25:01.083	GetTableData: table=[T_AlarmSts] dataymd=[2017-06-20 15:23:00 Å` ] datacnt=[0]
2017/06/20 15:26:00.941	GetTableData: table=[T_AvgUnitData] dataymd=[2017-06-20 15:24:00 Å` ] datacnt=[0]
2017/06/20 15:26:00.956	GetTableData: table=[T_DayUnitData] dataymd=[2017-06-20 15:24:00 Å` ] datacnt=[0]
2017/06/20 15:26:00.956	GetTableData: table=[T_DayGroupData] dataymd=[2017-06-20 15:24:00 Å` ] datacnt=[0]
2017/06/20 15:26:00.972	GetTableData: table=[T_DataPCS] dataymd=[2017-06-20 15:24:00 Å` ] datacnt=[0]
2017/06/20 15:26:00.972	GetTableData: table=[T_HourPCS] dataymd=[2017-06-20 15:24:00 Å` ] datacnt=[0]
2017/06/20 15:26:00.987	GetTableData: table=[T_SumPCS] dataymd=[2017-06-20 15:24:00 Å` ] datacnt=[0]
2017/06/20 15:26:01.003	GetTableData: table=[T_DataCAT] dataymd=[2017-06-20 15:24:00 Å` ] datacnt=[0]
2017/06/20 15:26:01.003	GetTableData: table=[T_SumCAT] dataymd=[2017-06-20 15:24:00 Å` ] datacnt=[0]
2017/06/20 15:26:01.019	GetTableData: table=[T_AlarmHis] dataymd=[2017-06-20 15:24:00 Å` ] datacnt=[0]
2017/06/20 15:26:01.019	GetTableData: table=[T_AlarmSts] dataymd=[2017-06-20 15:24:00 Å` ] datacnt=[0]
2017/06/20 15:27:00.915	GetTableData: table=[T_AvgUnitData] dataymd=[2017-06-20 15:25:00 Å` ] datacnt=[0]
2017/06/20 15:27:00.931	GetTableData: table=[T_DayUnitData] dataymd=[2017-06-20 15:25:00 Å` ] datacnt=[0]
2017/06/20 15:27:00.931	GetTableData: table=[T_DayGroupData] dataymd=[2017-06-20 15:25:00 Å` ] datacnt=[0]
2017/06/20 15:27:00.947	GetTableData: table=[T_DataPCS] dataymd=[2017-06-20 15:25:00 Å` ] datacnt=[0]
2017/06/20 15:27:00.947	GetTableData: table=[T_HourPCS] dataymd=[2017-06-20 15:25:00 Å` ] datacnt=[0]
2017/06/20 15:27:00.962	GetTableData: table=[T_SumPCS] dataymd=[2017-06-20 15:25:00 Å` ] datacnt=[0]
2017/06/20 15:27:00.978	GetTableData: table=[T_DataCAT] dataymd=[2017-06-20 15:25:00 Å` ] datacnt=[0]
2017/06/20 15:27:00.978	GetTableData: table=[T_SumCAT] dataymd=[2017-06-20 15:25:00 Å` ] datacnt=[0]
2017/06/20 15:27:00.993	GetTableData: table=[T_AlarmHis] dataymd=[2017-06-20 15:25:00 Å` ] datacnt=[0]
2017/06/20 15:27:00.993	GetTableData: table=[T_AlarmSts] dataymd=[2017-06-20 15:25:00 Å` ] datacnt=[0]
2017/06/20 15:28:00.845	GetTableData: table=[T_AvgUnitData] dataymd=[2017-06-20 15:26:00 Å` ] datacnt=[0]
2017/06/20 15:28:00.860	GetTableData: table=[T_DayUnitData] dataymd=[2017-06-20 15:26:00 Å` ] datacnt=[0]
2017/06/20 15:28:00.860	GetTableData: table=[T_DayGroupData] dataymd=[2017-06-20 15:26:00 Å` ] datacnt=[0]
2017/06/20 15:28:00.876	GetTableData: table=[T_DataPCS] dataymd=[2017-06-20 15:26:00 Å` ] datacnt=[0]
2017/06/20 15:28:00.876	GetTableData: table=[T_HourPCS] dataymd=[2017-06-20 15:26:00 Å` ] datacnt=[0]
2017/06/20 15:28:00.892	GetTableData: table=[T_SumPCS] dataymd=[2017-06-20 15:26:00 Å` ] datacnt=[0]
2017/06/20 15:28:00.907	GetTableData: table=[T_DataCAT] dataymd=[2017-06-20 15:26:00 Å` ] datacnt=[0]
2017/06/20 15:28:00.907	GetTableData: table=[T_SumCAT] dataymd=[2017-06-20 15:26:00 Å` ] datacnt=[0]
2017/06/20 15:28:00.923	GetTableData: table=[T_AlarmHis] dataymd=[2017-06-20 15:26:00 Å` ] datacnt=[0]
2017/06/20 15:28:00.923	GetTableData: table=[T_AlarmSts] dataymd=[2017-06-20 15:26:00 Å` ] datacnt=[0]
2017/06/20 15:29:00.769	GetTableData: table=[T_AvgUnitData] dataymd=[2017-06-20 15:27:00 Å` ] datacnt=[0]
2017/06/20 15:29:00.785	GetTableData: table=[T_DayUnitData] dataymd=[2017-06-20 15:27:00 Å` ] datacnt=[0]
2017/06/20 15:29:00.785	GetTableData: table=[T_DayGroupData] dataymd=[2017-06-20 15:27:00 Å` ] datacnt=[0]
2017/06/20 15:29:00.800	GetTableData: table=[T_DataPCS] dataymd=[2017-06-20 15:27:00 Å` ] datacnt=[0]
2017/06/20 15:29:00.800	GetTableData: table=[T_HourPCS] dataymd=[2017-06-20 15:27:00 Å` ] datacnt=[0]
2017/06/20 15:29:00.816	GetTableData: table=[T_SumPCS] dataymd=[2017-06-20 15:27:00 Å` ] datacnt=[0]
2017/06/20 15:29:00.832	GetTableData: table=[T_DataCAT] dataymd=[2017-06-20 15:27:00 Å` ] datacnt=[0]
2017/06/20 15:29:00.832	GetTableData: table=[T_SumCAT] dataymd=[2017-06-20 15:27:00 Å` ] datacnt=[0]
2017/06/20 15:29:00.847	GetTableData: table=[T_AlarmHis] dataymd=[2017-06-20 15:27:00 Å` ] datacnt=[0]
2017/06/20 15:29:00.863	GetTableData: table=[T_AlarmSts] dataymd=[2017-06-20 15:27:00 Å` ] datacnt=[0]
2017/06/20 15:31:32.012	GetTableData: table=[T_AvgUnitData] dataymd=[2017-06-20 15:28:00 Å` ] datacnt=[0]
2017/06/20 15:31:32.012	GetTableData: table=[T_DayUnitData] dataymd=[2017-06-20 15:28:00 Å` ] datacnt=[0]
2017/06/20 15:31:32.028	GetTableData: table=[T_DayGroupData] dataymd=[2017-06-20 15:28:00 Å` ] datacnt=[0]
2017/06/20 15:31:32.043	GetTableData: table=[T_DataPCS] dataymd=[2017-06-20 15:28:00 Å` ] datacnt=[0]
2017/06/20 15:31:32.043	GetTableData: table=[T_HourPCS] dataymd=[2017-06-20 15:28:00 Å` ] datacnt=[0]
2017/06/20 15:31:32.059	GetTableData: table=[T_SumPCS] dataymd=[2017-06-20 15:28:00 Å` ] datacnt=[0]
2017/06/20 15:31:32.074	GetTableData: table=[T_DataCAT] dataymd=[2017-06-20 15:28:00 Å` ] datacnt=[0]
2017/06/20 15:31:32.090	GetTableData: table=[T_SumCAT] dataymd=[2017-06-20 15:28:00 Å` ] datacnt=[0]
2017/06/20 15:31:32.090	GetTableData: table=[T_AlarmHis] dataymd=[2017-06-20 15:28:00 Å` ] datacnt=[0]
2017/06/20 15:31:32.106	GetTableData: table=[T_AlarmSts] dataymd=[2017-06-20 15:28:00 Å` ] datacnt=[0]
2017/06/20 15:32:00.529	GetTableData: table=[T_AvgUnitData] dataymd=[2017-06-20 15:30:00 Å` ] datacnt=[0]
2017/06/20 15:32:00.544	GetTableData: table=[T_DayUnitData] dataymd=[2017-06-20 15:30:00 Å` ] datacnt=[0]
2017/06/20 15:32:00.544	GetTableData: table=[T_DayGroupData] dataymd=[2017-06-20 15:30:00 Å` ] datacnt=[0]
2017/06/20 15:32:00.560	GetTableData: table=[T_DataPCS] dataymd=[2017-06-20 15:30:00 Å` ] datacnt=[0]
2017/06/20 15:32:00.560	GetTableData: table=[T_HourPCS] dataymd=[2017-06-20 15:30:00 Å` ] datacnt=[0]
2017/06/20 15:32:00.576	GetTableData: table=[T_SumPCS] dataymd=[2017-06-20 15:30:00 Å` ] datacnt=[0]
2017/06/20 15:32:00.591	GetTableData: table=[T_DataCAT] dataymd=[2017-06-20 15:30:00 Å` ] datacnt=[0]
2017/06/20 15:32:00.591	GetTableData: table=[T_SumCAT] dataymd=[2017-06-20 15:30:00 Å` ] datacnt=[0]
2017/06/20 15:32:00.607	GetTableData: table=[T_AlarmHis] dataymd=[2017-06-20 15:30:00 Å` ] datacnt=[0]
2017/06/20 15:32:00.607	GetTableData: table=[T_AlarmSts] dataymd=[2017-06-20 15:30:00 Å` ] datacnt=[0]
2017/06/20 15:33:00.448	GetTableData: table=[T_AvgUnitData] dataymd=[2017-06-20 15:31:00 Å` ] datacnt=[0]
2017/06/20 15:33:00.464	GetTableData: table=[T_DayUnitData] dataymd=[2017-06-20 15:31:00 Å` ] datacnt=[0]
2017/06/20 15:33:00.464	GetTableData: table=[T_DayGroupData] dataymd=[2017-06-20 15:31:00 Å` ] datacnt=[0]
2017/06/20 15:33:00.480	GetTableData: table=[T_DataPCS] dataymd=[2017-06-20 15:31:00 Å` ] datacnt=[0]
2017/06/20 15:33:00.480	GetTableData: table=[T_HourPCS] dataymd=[2017-06-20 15:31:00 Å` ] datacnt=[0]
2017/06/20 15:33:00.495	GetTableData: table=[T_SumPCS] dataymd=[2017-06-20 15:31:00 Å` ] datacnt=[0]
2017/06/20 15:33:00.511	GetTableData: table=[T_DataCAT] dataymd=[2017-06-20 15:31:00 Å` ] datacnt=[0]
2017/06/20 15:33:00.511	GetTableData: table=[T_SumCAT] dataymd=[2017-06-20 15:31:00 Å` ] datacnt=[0]
2017/06/20 15:33:00.526	GetTableData: table=[T_AlarmHis] dataymd=[2017-06-20 15:31:00 Å` ] datacnt=[0]
2017/06/20 15:33:00.526	GetTableData: table=[T_AlarmSts] dataymd=[2017-06-20 15:31:00 Å` ] datacnt=[0]
2017/06/20 15:34:00.384	GetTableData: table=[T_AvgUnitData] dataymd=[2017-06-20 15:32:00 Å` ] datacnt=[0]
2017/06/20 15:34:00.384	GetTableData: table=[T_DayUnitData] dataymd=[2017-06-20 15:32:00 Å` ] datacnt=[0]
2017/06/20 15:34:00.399	GetTableData: table=[T_DayGroupData] dataymd=[2017-06-20 15:32:00 Å` ] datacnt=[0]
2017/06/20 15:34:00.415	GetTableData: table=[T_DataPCS] dataymd=[2017-06-20 15:32:00 Å` ] datacnt=[0]
2017/06/20 15:34:00.431	GetTableData: table=[T_HourPCS] dataymd=[2017-06-20 15:32:00 Å` ] datacnt=[0]
2017/06/20 15:34:00.431	GetTableData: table=[T_SumPCS] dataymd=[2017-06-20 15:32:00 Å` ] datacnt=[0]
2017/06/20 15:34:00.462	GetTableData: table=[T_DataCAT] dataymd=[2017-06-20 15:32:00 Å` ] datacnt=[0]
2017/06/20 15:34:00.477	GetTableData: table=[T_SumCAT] dataymd=[2017-06-20 15:32:00 Å` ] datacnt=[0]
2017/06/20 15:34:00.493	GetTableData: table=[T_AlarmHis] dataymd=[2017-06-20 15:32:00 Å` ] datacnt=[0]
2017/06/20 15:34:00.509	GetTableData: table=[T_AlarmSts] dataymd=[2017-06-20 15:32:00 Å` ] datacnt=[0]
2017/06/20 15:35:00.381	GetTableData: table=[T_AvgUnitData] dataymd=[2017-06-20 15:33:00 Å` ] datacnt=[0]
2017/06/20 15:35:00.397	GetTableData: table=[T_DayUnitData] dataymd=[2017-06-20 15:33:00 Å` ] datacnt=[0]
2017/06/20 15:35:00.397	GetTableData: table=[T_DayGroupData] dataymd=[2017-06-20 15:33:00 Å` ] datacnt=[0]
2017/06/20 15:35:00.413	GetTableData: table=[T_DataPCS] dataymd=[2017-06-20 15:33:00 Å` ] datacnt=[0]
2017/06/20 15:35:00.413	GetTableData: table=[T_HourPCS] dataymd=[2017-06-20 15:33:00 Å` ] datacnt=[0]
2017/06/20 15:35:00.428	GetTableData: table=[T_SumPCS] dataymd=[2017-06-20 15:33:00 Å` ] datacnt=[0]
2017/06/20 15:35:00.444	GetTableData: table=[T_DataCAT] dataymd=[2017-06-20 15:33:00 Å` ] datacnt=[0]
2017/06/20 15:35:00.444	GetTableData: table=[T_SumCAT] dataymd=[2017-06-20 15:33:00 Å` ] datacnt=[0]
2017/06/20 15:35:00.459	GetTableData: table=[T_AlarmHis] dataymd=[2017-06-20 15:33:00 Å` ] datacnt=[3]
2017/06/20 15:35:00.459	GetTableData: table=[T_AlarmSts] dataymd=[2017-06-20 15:33:00 Å` ] datacnt=[0]
2017/06/20 15:35:00.491	CsvOutFixAppend: table=[T_AlarmHis] dataymd=[2017-06-20 15:33:00 Å` ] datacnt=[3] 
2017/06/20 15:37:49.986	GetTableData: table=[T_AvgUnitData] dataymd=[2017-06-20 15:34:00 Å` ] datacnt=[0]
2017/06/20 15:37:49.986	GetTableData: table=[T_DayUnitData] dataymd=[2017-06-20 15:34:00 Å` ] datacnt=[0]
2017/06/20 15:37:49.986	GetTableData: table=[T_DayGroupData] dataymd=[2017-06-20 15:34:00 Å` ] datacnt=[0]
2017/06/20 15:37:50.002	GetTableData: table=[T_DataPCS] dataymd=[2017-06-20 15:34:00 Å` ] datacnt=[0]
2017/06/20 15:37:50.017	GetTableData: table=[T_HourPCS] dataymd=[2017-06-20 15:34:00 Å` ] datacnt=[0]
2017/06/20 15:37:50.017	GetTableData: table=[T_SumPCS] dataymd=[2017-06-20 15:34:00 Å` ] datacnt=[0]
2017/06/20 15:37:50.033	GetTableData: table=[T_DataCAT] dataymd=[2017-06-20 15:34:00 Å` ] datacnt=[0]
2017/06/20 15:37:50.049	GetTableData: table=[T_SumCAT] dataymd=[2017-06-20 15:34:00 Å` ] datacnt=[0]
2017/06/20 15:37:50.049	GetTableData: table=[T_AlarmHis] dataymd=[2017-06-20 15:34:00 Å` ] datacnt=[3]
2017/06/20 15:37:50.064	GetTableData: table=[T_AlarmSts] dataymd=[2017-06-20 15:34:00 Å` ] datacnt=[0]
2017/06/20 15:37:50.095	CsvOutFixAppend: table=[T_AlarmHis] dataymd=[2017-06-20 15:34:00 Å` ] datacnt=[3] 
2017/06/20 15:38:00.251	GetTableData: table=[T_AvgUnitData] dataymd=[2017-06-20 15:36:00 Å` ] datacnt=[0]
2017/06/20 15:38:00.267	GetTableData: table=[T_DayUnitData] dataymd=[2017-06-20 15:36:00 Å` ] datacnt=[0]
2017/06/20 15:38:00.282	GetTableData: table=[T_DayGroupData] dataymd=[2017-06-20 15:36:00 Å` ] datacnt=[0]
2017/06/20 15:38:00.282	GetTableData: table=[T_DataPCS] dataymd=[2017-06-20 15:36:00 Å` ] datacnt=[0]
2017/06/20 15:38:00.298	GetTableData: table=[T_HourPCS] dataymd=[2017-06-20 15:36:00 Å` ] datacnt=[0]
2017/06/20 15:38:00.313	GetTableData: table=[T_SumPCS] dataymd=[2017-06-20 15:36:00 Å` ] datacnt=[0]
2017/06/20 15:38:00.329	GetTableData: table=[T_DataCAT] dataymd=[2017-06-20 15:36:00 Å` ] datacnt=[0]
2017/06/20 15:38:00.345	GetTableData: table=[T_SumCAT] dataymd=[2017-06-20 15:36:00 Å` ] datacnt=[0]
2017/06/20 15:38:00.345	GetTableData: table=[T_AlarmHis] dataymd=[2017-06-20 15:36:00 Å` ] datacnt=[0]
2017/06/20 15:38:00.360	GetTableData: table=[T_AlarmSts] dataymd=[2017-06-20 15:36:00 Å` ] datacnt=[0]
2017/06/20 15:39:00.202	GetTableData: table=[T_AvgUnitData] dataymd=[2017-06-20 15:37:00 Å` ] datacnt=[0]
2017/06/20 15:39:00.218	GetTableData: table=[T_DayUnitData] dataymd=[2017-06-20 15:37:00 Å` ] datacnt=[0]
2017/06/20 15:39:00.218	GetTableData: table=[T_DayGroupData] dataymd=[2017-06-20 15:37:00 Å` ] datacnt=[0]
2017/06/20 15:39:00.233	GetTableData: table=[T_DataPCS] dataymd=[2017-06-20 15:37:00 Å` ] datacnt=[0]
2017/06/20 15:39:00.233	GetTableData: table=[T_HourPCS] dataymd=[2017-06-20 15:37:00 Å` ] datacnt=[0]
2017/06/20 15:39:00.249	GetTableData: table=[T_SumPCS] dataymd=[2017-06-20 15:37:00 Å` ] datacnt=[0]
2017/06/20 15:39:00.264	GetTableData: table=[T_DataCAT] dataymd=[2017-06-20 15:37:00 Å` ] datacnt=[0]
2017/06/20 15:39:00.264	GetTableData: table=[T_SumCAT] dataymd=[2017-06-20 15:37:00 Å` ] datacnt=[0]
2017/06/20 15:39:00.280	GetTableData: table=[T_AlarmHis] dataymd=[2017-06-20 15:37:00 Å` ] datacnt=[0]
2017/06/20 15:39:00.280	GetTableData: table=[T_AlarmSts] dataymd=[2017-06-20 15:37:00 Å` ] datacnt=[0]
2017/06/20 15:40:00.122	GetTableData: table=[T_AvgUnitData] dataymd=[2017-06-20 15:38:00 Å` ] datacnt=[0]
2017/06/20 15:40:00.137	GetTableData: table=[T_DayUnitData] dataymd=[2017-06-20 15:38:00 Å` ] datacnt=[0]
2017/06/20 15:40:00.137	GetTableData: table=[T_DayGroupData] dataymd=[2017-06-20 15:38:00 Å` ] datacnt=[0]
2017/06/20 15:40:00.153	GetTableData: table=[T_DataPCS] dataymd=[2017-06-20 15:38:00 Å` ] datacnt=[0]
2017/06/20 15:40:00.153	GetTableData: table=[T_HourPCS] dataymd=[2017-06-20 15:38:00 Å` ] datacnt=[0]
2017/06/20 15:40:00.168	GetTableData: table=[T_SumPCS] dataymd=[2017-06-20 15:38:00 Å` ] datacnt=[0]
2017/06/20 15:40:00.184	GetTableData: table=[T_DataCAT] dataymd=[2017-06-20 15:38:00 Å` ] datacnt=[0]
2017/06/20 15:40:00.200	GetTableData: table=[T_SumCAT] dataymd=[2017-06-20 15:38:00 Å` ] datacnt=[0]
2017/06/20 15:40:00.200	GetTableData: table=[T_AlarmHis] dataymd=[2017-06-20 15:38:00 Å` ] datacnt=[0]
2017/06/20 15:40:00.200	GetTableData: table=[T_AlarmSts] dataymd=[2017-06-20 15:38:00 Å` ] datacnt=[0]
2017/06/20 15:41:00.057	GetTableData: table=[T_AvgUnitData] dataymd=[2017-06-20 15:39:00 Å` ] datacnt=[0]
2017/06/20 15:41:00.073	GetTableData: table=[T_DayUnitData] dataymd=[2017-06-20 15:39:00 Å` ] datacnt=[0]
2017/06/20 15:41:00.073	GetTableData: table=[T_DayGroupData] dataymd=[2017-06-20 15:39:00 Å` ] datacnt=[0]
2017/06/20 15:41:00.088	GetTableData: table=[T_DataPCS] dataymd=[2017-06-20 15:39:00 Å` ] datacnt=[0]
2017/06/20 15:41:00.088	GetTableData: table=[T_HourPCS] dataymd=[2017-06-20 15:39:00 Å` ] datacnt=[0]
2017/06/20 15:41:00.104	GetTableData: table=[T_SumPCS] dataymd=[2017-06-20 15:39:00 Å` ] datacnt=[0]
2017/06/20 15:41:00.119	GetTableData: table=[T_DataCAT] dataymd=[2017-06-20 15:39:00 Å` ] datacnt=[0]
2017/06/20 15:41:00.119	GetTableData: table=[T_SumCAT] dataymd=[2017-06-20 15:39:00 Å` ] datacnt=[0]
2017/06/20 15:41:00.135	GetTableData: table=[T_AlarmHis] dataymd=[2017-06-20 15:39:00 Å` ] datacnt=[0]
2017/06/20 15:41:00.135	GetTableData: table=[T_AlarmSts] dataymd=[2017-06-20 15:39:00 Å` ] datacnt=[0]
2017/06/20 15:42:00.991	GetTableData: table=[T_AvgUnitData] dataymd=[2017-06-20 15:40:00 Å` ] datacnt=[0]
2017/06/20 15:42:01.006	GetTableData: table=[T_DayUnitData] dataymd=[2017-06-20 15:40:00 Å` ] datacnt=[0]
2017/06/20 15:42:01.006	GetTableData: table=[T_DayGroupData] dataymd=[2017-06-20 15:40:00 Å` ] datacnt=[0]
2017/06/20 15:42:01.022	GetTableData: table=[T_DataPCS] dataymd=[2017-06-20 15:40:00 Å` ] datacnt=[0]
2017/06/20 15:42:01.022	GetTableData: table=[T_HourPCS] dataymd=[2017-06-20 15:40:00 Å` ] datacnt=[0]
2017/06/20 15:42:01.037	GetTableData: table=[T_SumPCS] dataymd=[2017-06-20 15:40:00 Å` ] datacnt=[0]
2017/06/20 15:42:01.053	GetTableData: table=[T_DataCAT] dataymd=[2017-06-20 15:40:00 Å` ] datacnt=[0]
2017/06/20 15:42:01.053	GetTableData: table=[T_SumCAT] dataymd=[2017-06-20 15:40:00 Å` ] datacnt=[0]
2017/06/20 15:42:01.069	GetTableData: table=[T_AlarmHis] dataymd=[2017-06-20 15:40:00 Å` ] datacnt=[0]
2017/06/20 15:42:01.069	GetTableData: table=[T_AlarmSts] dataymd=[2017-06-20 15:40:00 Å` ] datacnt=[0]
2017/06/20 15:43:00.948	GetTableData: table=[T_AvgUnitData] dataymd=[2017-06-20 15:41:00 Å` ] datacnt=[0]
2017/06/20 15:43:00.948	GetTableData: table=[T_DayUnitData] dataymd=[2017-06-20 15:41:00 Å` ] datacnt=[0]
2017/06/20 15:43:00.963	GetTableData: table=[T_DayGroupData] dataymd=[2017-06-20 15:41:00 Å` ] datacnt=[0]
2017/06/20 15:43:00.963	GetTableData: table=[T_DataPCS] dataymd=[2017-06-20 15:41:00 Å` ] datacnt=[0]
2017/06/20 15:43:00.979	GetTableData: table=[T_HourPCS] dataymd=[2017-06-20 15:41:00 Å` ] datacnt=[0]
2017/06/20 15:43:00.994	GetTableData: table=[T_SumPCS] dataymd=[2017-06-20 15:41:00 Å` ] datacnt=[0]
2017/06/20 15:43:01.010	GetTableData: table=[T_DataCAT] dataymd=[2017-06-20 15:41:00 Å` ] datacnt=[0]
2017/06/20 15:43:01.026	GetTableData: table=[T_SumCAT] dataymd=[2017-06-20 15:41:00 Å` ] datacnt=[0]
2017/06/20 15:43:01.026	GetTableData: table=[T_AlarmHis] dataymd=[2017-06-20 15:41:00 Å` ] datacnt=[0]
2017/06/20 15:43:01.041	GetTableData: table=[T_AlarmSts] dataymd=[2017-06-20 15:41:00 Å` ] datacnt=[0]
2017/06/20 15:46:01.234	GetTableData: table=[T_AvgUnitData] dataymd=[2017-06-20 15:42:00 Å` ] datacnt=[0]
2017/06/20 15:46:01.250	GetTableData: table=[T_DayUnitData] dataymd=[2017-06-20 15:42:00 Å` ] datacnt=[0]
2017/06/20 15:46:01.250	GetTableData: table=[T_DayGroupData] dataymd=[2017-06-20 15:42:00 Å` ] datacnt=[0]
2017/06/20 15:46:01.265	GetTableData: table=[T_DataPCS] dataymd=[2017-06-20 15:42:00 Å` ] datacnt=[0]
2017/06/20 15:46:01.265	GetTableData: table=[T_HourPCS] dataymd=[2017-06-20 15:42:00 Å` ] datacnt=[0]
2017/06/20 15:46:01.281	GetTableData: table=[T_SumPCS] dataymd=[2017-06-20 15:42:00 Å` ] datacnt=[0]
2017/06/20 15:46:01.297	GetTableData: table=[T_DataCAT] dataymd=[2017-06-20 15:42:00 Å` ] datacnt=[0]
2017/06/20 15:46:01.297	GetTableData: table=[T_SumCAT] dataymd=[2017-06-20 15:42:00 Å` ] datacnt=[0]
2017/06/20 15:46:01.312	GetTableData: table=[T_AlarmHis] dataymd=[2017-06-20 15:42:00 Å` ] datacnt=[0]
2017/06/20 15:46:01.312	GetTableData: table=[T_AlarmSts] dataymd=[2017-06-20 15:42:00 Å` ] datacnt=[0]
2017/06/20 15:47:00.171	GetTableData: table=[T_AvgUnitData] dataymd=[2017-06-20 15:45:00 Å` ] datacnt=[0]
2017/06/20 15:47:00.187	GetTableData: table=[T_DayUnitData] dataymd=[2017-06-20 15:45:00 Å` ] datacnt=[0]
2017/06/20 15:47:00.187	GetTableData: table=[T_DayGroupData] dataymd=[2017-06-20 15:45:00 Å` ] datacnt=[0]
2017/06/20 15:47:00.202	GetTableData: table=[T_DataPCS] dataymd=[2017-06-20 15:45:00 Å` ] datacnt=[0]
2017/06/20 15:47:00.202	GetTableData: table=[T_HourPCS] dataymd=[2017-06-20 15:45:00 Å` ] datacnt=[0]
2017/06/20 15:47:00.218	GetTableData: table=[T_SumPCS] dataymd=[2017-06-20 15:45:00 Å` ] datacnt=[0]
2017/06/20 15:47:00.234	GetTableData: table=[T_DataCAT] dataymd=[2017-06-20 15:45:00 Å` ] datacnt=[0]
2017/06/20 15:47:00.234	GetTableData: table=[T_SumCAT] dataymd=[2017-06-20 15:45:00 Å` ] datacnt=[0]
2017/06/20 15:47:00.249	GetTableData: table=[T_AlarmHis] dataymd=[2017-06-20 15:45:00 Å` ] datacnt=[0]
2017/06/20 15:47:00.249	GetTableData: table=[T_AlarmSts] dataymd=[2017-06-20 15:45:00 Å` ] datacnt=[0]
2017/06/20 15:48:00.091	GetTableData: table=[T_AvgUnitData] dataymd=[2017-06-20 15:46:00 Å` ] datacnt=[0]
2017/06/20 15:48:00.106	GetTableData: table=[T_DayUnitData] dataymd=[2017-06-20 15:46:00 Å` ] datacnt=[0]
2017/06/20 15:48:00.106	GetTableData: table=[T_DayGroupData] dataymd=[2017-06-20 15:46:00 Å` ] datacnt=[0]
2017/06/20 15:48:00.122	GetTableData: table=[T_DataPCS] dataymd=[2017-06-20 15:46:00 Å` ] datacnt=[0]
2017/06/20 15:48:00.122	GetTableData: table=[T_HourPCS] dataymd=[2017-06-20 15:46:00 Å` ] datacnt=[0]
2017/06/20 15:48:00.138	GetTableData: table=[T_SumPCS] dataymd=[2017-06-20 15:46:00 Å` ] datacnt=[0]
2017/06/20 15:48:00.153	GetTableData: table=[T_DataCAT] dataymd=[2017-06-20 15:46:00 Å` ] datacnt=[0]
2017/06/20 15:48:00.153	GetTableData: table=[T_SumCAT] dataymd=[2017-06-20 15:46:00 Å` ] datacnt=[0]
2017/06/20 15:48:00.169	GetTableData: table=[T_AlarmHis] dataymd=[2017-06-20 15:46:00 Å` ] datacnt=[0]
2017/06/20 15:48:00.169	GetTableData: table=[T_AlarmSts] dataymd=[2017-06-20 15:46:00 Å` ] datacnt=[0]
2017/06/20 15:49:00.026	GetTableData: table=[T_AvgUnitData] dataymd=[2017-06-20 15:47:00 Å` ] datacnt=[0]
2017/06/20 15:49:00.042	GetTableData: table=[T_DayUnitData] dataymd=[2017-06-20 15:47:00 Å` ] datacnt=[0]
2017/06/20 15:49:00.042	GetTableData: table=[T_DayGroupData] dataymd=[2017-06-20 15:47:00 Å` ] datacnt=[0]
2017/06/20 15:49:00.057	GetTableData: table=[T_DataPCS] dataymd=[2017-06-20 15:47:00 Å` ] datacnt=[0]
2017/06/20 15:49:00.057	GetTableData: table=[T_HourPCS] dataymd=[2017-06-20 15:47:00 Å` ] datacnt=[0]
2017/06/20 15:49:00.073	GetTableData: table=[T_SumPCS] dataymd=[2017-06-20 15:47:00 Å` ] datacnt=[0]
2017/06/20 15:49:00.089	GetTableData: table=[T_DataCAT] dataymd=[2017-06-20 15:47:00 Å` ] datacnt=[0]
2017/06/20 15:49:00.089	GetTableData: table=[T_SumCAT] dataymd=[2017-06-20 15:47:00 Å` ] datacnt=[0]
2017/06/20 15:49:00.104	GetTableData: table=[T_AlarmHis] dataymd=[2017-06-20 15:47:00 Å` ] datacnt=[0]
2017/06/20 15:49:00.104	GetTableData: table=[T_AlarmSts] dataymd=[2017-06-20 15:47:00 Å` ] datacnt=[0]
2017/06/20 15:50:00.975	GetTableData: table=[T_AvgUnitData] dataymd=[2017-06-20 15:48:00 Å` ] datacnt=[0]
2017/06/20 15:50:00.991	GetTableData: table=[T_DayUnitData] dataymd=[2017-06-20 15:48:00 Å` ] datacnt=[0]
2017/06/20 15:50:00.991	GetTableData: table=[T_DayGroupData] dataymd=[2017-06-20 15:48:00 Å` ] datacnt=[0]
2017/06/20 15:50:01.007	GetTableData: table=[T_DataPCS] dataymd=[2017-06-20 15:48:00 Å` ] datacnt=[0]
2017/06/20 15:50:01.007	GetTableData: table=[T_HourPCS] dataymd=[2017-06-20 15:48:00 Å` ] datacnt=[0]
2017/06/20 15:50:01.022	GetTableData: table=[T_SumPCS] dataymd=[2017-06-20 15:48:00 Å` ] datacnt=[0]
2017/06/20 15:50:01.038	GetTableData: table=[T_DataCAT] dataymd=[2017-06-20 15:48:00 Å` ] datacnt=[0]
2017/06/20 15:50:01.038	GetTableData: table=[T_SumCAT] dataymd=[2017-06-20 15:48:00 Å` ] datacnt=[0]
2017/06/20 15:50:01.053	GetTableData: table=[T_AlarmHis] dataymd=[2017-06-20 15:48:00 Å` ] datacnt=[0]
2017/06/20 15:50:01.053	GetTableData: table=[T_AlarmSts] dataymd=[2017-06-20 15:48:00 Å` ] datacnt=[0]
2017/06/20 15:51:00.895	GetTableData: table=[T_AvgUnitData] dataymd=[2017-06-20 15:49:00 Å` ] datacnt=[0]
2017/06/20 15:51:00.911	GetTableData: table=[T_DayUnitData] dataymd=[2017-06-20 15:49:00 Å` ] datacnt=[0]
2017/06/20 15:51:00.911	GetTableData: table=[T_DayGroupData] dataymd=[2017-06-20 15:49:00 Å` ] datacnt=[0]
2017/06/20 15:51:00.926	GetTableData: table=[T_DataPCS] dataymd=[2017-06-20 15:49:00 Å` ] datacnt=[0]
2017/06/20 15:51:00.926	GetTableData: table=[T_HourPCS] dataymd=[2017-06-20 15:49:00 Å` ] datacnt=[0]
2017/06/20 15:51:00.942	GetTableData: table=[T_SumPCS] dataymd=[2017-06-20 15:49:00 Å` ] datacnt=[0]
2017/06/20 15:51:00.958	GetTableData: table=[T_DataCAT] dataymd=[2017-06-20 15:49:00 Å` ] datacnt=[0]
2017/06/20 15:51:00.958	GetTableData: table=[T_SumCAT] dataymd=[2017-06-20 15:49:00 Å` ] datacnt=[0]
2017/06/20 15:51:00.973	GetTableData: table=[T_AlarmHis] dataymd=[2017-06-20 15:49:00 Å` ] datacnt=[0]
2017/06/20 15:51:00.973	GetTableData: table=[T_AlarmSts] dataymd=[2017-06-20 15:49:00 Å` ] datacnt=[0]
2017/06/20 15:52:00.830	GetTableData: table=[T_AvgUnitData] dataymd=[2017-06-20 15:50:00 Å` ] datacnt=[0]
2017/06/20 15:52:00.830	GetTableData: table=[T_DayUnitData] dataymd=[2017-06-20 15:50:00 Å` ] datacnt=[0]
2017/06/20 15:52:00.846	GetTableData: table=[T_DayGroupData] dataymd=[2017-06-20 15:50:00 Å` ] datacnt=[0]
2017/06/20 15:52:00.862	GetTableData: table=[T_DataPCS] dataymd=[2017-06-20 15:50:00 Å` ] datacnt=[0]
2017/06/20 15:52:00.862	GetTableData: table=[T_HourPCS] dataymd=[2017-06-20 15:50:00 Å` ] datacnt=[0]
2017/06/20 15:52:00.877	GetTableData: table=[T_SumPCS] dataymd=[2017-06-20 15:50:00 Å` ] datacnt=[0]
2017/06/20 15:52:00.893	GetTableData: table=[T_DataCAT] dataymd=[2017-06-20 15:50:00 Å` ] datacnt=[0]
2017/06/20 15:52:00.908	GetTableData: table=[T_SumCAT] dataymd=[2017-06-20 15:50:00 Å` ] datacnt=[0]
2017/06/20 15:52:00.908	GetTableData: table=[T_AlarmHis] dataymd=[2017-06-20 15:50:00 Å` ] datacnt=[0]
2017/06/20 15:52:00.924	GetTableData: table=[T_AlarmSts] dataymd=[2017-06-20 15:50:00 Å` ] datacnt=[0]
